{"contracts\\Context.sol":{"l":{"7":1504,"11":0,"12":0},"path":"D:\\Fiverr\\onPlanetToken\\contracts\\Context.sol","s":{"1":1504,"2":0},"b":{},"f":{"1":1504,"2":0},"fnMap":{"1":{"name":"_msgSender","line":6,"loc":{"start":{"line":6,"column":4},"end":{"line":8,"column":4}}},"2":{"name":"_msgData","line":10,"loc":{"start":{"line":10,"column":4},"end":{"line":13,"column":4}}}},"statementMap":{"1":{"start":{"line":7,"column":8},"end":{"line":7,"column":34}},"2":{"start":{"line":12,"column":8},"end":{"line":12,"column":23}}},"branchMap":{}},"contracts\\IERC20.sol":{"l":{},"path":"D:\\Fiverr\\onPlanetToken\\contracts\\IERC20.sol","s":{},"b":{},"f":{},"fnMap":{},"statementMap":{},"branchMap":{}},"contracts\\onPlanet.sol":{"l":{"191":3,"192":3,"193":3,"196":3,"200":8,"201":8,"202":8,"205":8,"214":312,"215":312,"216":312,"217":312,"218":312,"220":312,"221":312,"223":312,"224":312,"236":312,"239":312,"241":312,"242":312,"244":312,"245":312,"247":312,"248":312,"250":312,"251":312,"253":312,"254":312,"256":312,"260":2,"264":1,"268":1,"272":1,"276":3,"280":17,"281":16,"285":12,"286":12,"287":12,"291":1,"292":1,"296":1,"297":1,"301":31,"302":31,"304":30,"305":30,"312":6,"314":5,"316":5,"317":2,"323":3,"333":1,"334":1,"343":2,"344":2,"346":2,"347":1,"348":1,"353":1,"355":1,"356":1,"357":1,"360":1,"361":1,"367":1,"369":1,"370":1,"371":1,"380":4,"381":3,"383":2,"385":2,"386":2,"393":2,"394":2,"395":2,"405":3,"407":3,"408":2,"409":2,"413":26,"414":26,"418":28,"419":27,"420":26,"423":25,"426":24,"427":24,"428":24,"430":24,"432":24,"433":24,"436":24,"437":24,"440":24,"445":49,"453":47,"457":10,"461":49,"465":177,"469":1,"473":4,"474":3,"475":2,"476":1,"480":41,"481":34,"489":53,"490":51,"491":51,"492":50,"493":49,"495":49,"496":49,"499":49,"501":48,"502":48,"504":46,"505":46,"506":8,"509":46,"510":46,"513":46,"514":13,"515":2,"516":2,"519":13,"522":4,"523":0,"526":4,"527":1,"528":1,"529":1,"530":1,"536":46,"537":16,"538":16,"539":5,"540":5,"541":5,"544":16,"545":16,"546":16,"548":16,"549":16,"550":10,"553":16,"554":10,"557":16,"559":16,"560":2,"566":46,"567":6,"569":6,"570":6,"571":6,"574":46,"577":46,"578":37,"584":46,"586":35,"589":8,"592":46,"598":8,"599":8,"600":8,"602":0,"605":8,"606":8,"608":8,"610":0,"613":8,"624":35,"626":0,"642":1,"643":1,"644":1,"646":1,"649":1,"657":1,"666":3,"667":3,"668":3,"671":3,"680":3,"690":4,"691":4,"692":4,"693":4,"695":4,"698":4,"706":4,"710":8,"711":8,"714":8,"715":5,"716":5,"717":5,"719":0,"720":0,"721":0,"724":8,"726":8,"736":3,"737":3,"739":3,"741":3,"743":0,"747":3,"749":0,"751":0,"754":0,"760":5,"764":1,"768":2,"772":3,"773":2,"774":1,"775":1,"777":1,"778":1,"783":89,"784":89,"785":89,"789":8,"790":7,"791":1,"793":7,"794":7,"798":2,"799":1,"800":2,"801":1,"802":1,"803":1,"804":1,"805":1,"806":1,"812":46,"813":37,"815":46,"816":6,"818":16,"820":1,"822":23,"825":46,"826":27,"827":27,"829":46,"833":23,"834":23,"835":23,"836":23,"837":23,"838":23,"842":16,"843":16,"844":16,"845":16,"846":16,"847":16,"848":16,"852":6,"853":6,"854":6,"855":6,"856":6,"857":6,"858":6,"862":1,"863":1,"864":1,"865":1,"866":1,"867":1,"868":1,"869":1,"873":46,"874":46,"878":48,"879":48,"880":48,"884":48,"885":48,"886":48,"887":48,"891":48,"892":48,"893":48,"894":48,"895":48,"899":184,"900":184,"904":184,"905":184,"906":184,"907":193,"908":193,"909":193,"911":184,"912":184,"916":46,"917":46,"918":46,"919":46,"920":0,"924":48,"930":48,"936":37,"938":24,"939":24,"940":24,"944":46,"945":46,"947":0,"949":46,"950":46,"954":2,"955":2,"956":2,"960":3,"964":6,"968":7,"972":1,"976":1,"977":1,"978":1,"982":1,"983":1,"984":1,"996":1,"1000":1,"1004":1,"1008":2,"1009":1,"1013":3,"1014":2,"1016":1,"1020":3,"1021":2,"1023":1,"1027":28,"1028":28,"1032":6,"1033":6,"1037":3,"1039":3,"1041":1,"1042":3,"1043":3,"1044":3,"1047":2,"1048":6,"1049":2,"1051":6,"1052":6,"1058":3,"1059":2,"1060":1,"1064":2,"1065":2,"1069":5,"1070":5,"1072":5,"1073":5,"1077":3,"1082":2,"1084":2,"1085":2,"1086":2,"1087":2,"1088":2,"1092":2,"1096":2,"1100":85,"1101":85,"1103":85,"1110":3,"1113":85,"1114":65,"1116":20,"1120":85},"path":"D:\\Fiverr\\onPlanetToken\\contracts\\onPlanet.sol","s":{"1":3,"2":3,"3":3,"4":8,"5":8,"6":8,"7":312,"8":312,"9":312,"10":312,"11":312,"12":312,"13":312,"14":312,"15":312,"16":312,"17":312,"18":312,"19":312,"20":312,"21":312,"22":312,"23":312,"24":312,"25":312,"26":312,"27":312,"28":312,"29":2,"30":1,"31":1,"32":1,"33":3,"34":17,"35":16,"36":12,"37":12,"38":12,"39":1,"40":1,"41":1,"42":1,"43":31,"44":31,"45":30,"46":30,"47":6,"48":5,"49":5,"50":2,"51":3,"52":1,"53":1,"54":2,"55":2,"56":2,"57":1,"58":1,"59":1,"60":1,"61":1,"62":1,"63":1,"64":1,"65":1,"66":1,"67":1,"68":1,"69":4,"70":3,"71":2,"72":2,"73":2,"74":2,"75":2,"76":2,"77":3,"78":3,"79":2,"80":2,"81":26,"82":26,"83":28,"84":27,"85":26,"86":25,"87":24,"88":24,"89":24,"90":24,"91":24,"92":24,"93":24,"94":24,"95":24,"96":49,"97":47,"98":10,"99":49,"100":177,"101":1,"102":4,"103":3,"104":2,"105":1,"106":41,"107":34,"108":53,"109":51,"110":51,"111":50,"112":49,"113":49,"114":49,"115":49,"116":48,"117":48,"118":46,"119":46,"120":8,"121":46,"122":46,"123":46,"124":13,"125":2,"126":2,"127":13,"128":4,"129":0,"130":4,"131":1,"132":1,"133":1,"134":1,"135":46,"136":16,"137":16,"138":5,"139":5,"140":4,"141":5,"142":16,"143":16,"144":16,"145":16,"146":16,"147":10,"148":16,"149":10,"150":16,"151":16,"152":2,"153":46,"154":6,"155":6,"156":6,"157":6,"158":46,"159":46,"160":37,"161":46,"162":35,"163":11,"164":8,"165":46,"166":8,"167":8,"168":8,"169":0,"170":8,"171":8,"172":8,"173":0,"174":8,"175":35,"176":0,"177":1,"178":1,"179":1,"180":1,"181":1,"182":1,"183":3,"184":3,"185":3,"186":3,"187":3,"188":4,"189":4,"190":4,"191":4,"192":4,"193":4,"194":4,"195":8,"196":8,"197":8,"198":5,"199":5,"200":5,"201":3,"202":0,"203":0,"204":0,"205":8,"206":8,"207":3,"208":3,"209":3,"210":3,"211":0,"212":3,"213":3,"214":0,"215":0,"216":0,"217":5,"218":1,"219":2,"220":3,"221":2,"222":1,"223":1,"224":1,"225":1,"226":89,"227":89,"228":89,"229":8,"230":7,"231":1,"232":7,"233":7,"234":2,"235":1,"236":2,"237":1,"238":1,"239":1,"240":1,"241":1,"242":46,"243":37,"244":46,"245":6,"246":40,"247":16,"248":24,"249":1,"250":23,"251":46,"252":27,"253":27,"254":46,"255":23,"256":23,"257":23,"258":23,"259":23,"260":23,"261":16,"262":16,"263":16,"264":16,"265":16,"266":16,"267":16,"268":6,"269":6,"270":6,"271":6,"272":6,"273":6,"274":6,"275":1,"276":1,"277":1,"278":1,"279":1,"280":1,"281":1,"282":1,"283":46,"284":46,"285":48,"286":48,"287":48,"288":48,"289":48,"290":48,"291":48,"292":48,"293":48,"294":48,"295":48,"296":48,"297":184,"298":184,"299":184,"300":184,"301":184,"302":193,"303":0,"304":193,"305":193,"306":184,"307":0,"308":184,"309":46,"310":46,"311":46,"312":46,"313":0,"314":48,"315":48,"316":37,"317":13,"318":24,"319":24,"320":24,"321":46,"322":46,"323":0,"324":46,"325":46,"326":2,"327":2,"328":2,"329":3,"330":6,"331":7,"332":1,"333":1,"334":1,"335":1,"336":1,"337":1,"338":1,"339":1,"340":1,"341":1,"342":2,"343":1,"344":3,"345":2,"346":1,"347":3,"348":2,"349":1,"350":28,"351":28,"352":6,"353":6,"354":3,"355":3,"356":1,"357":3,"358":3,"359":3,"360":2,"361":6,"362":2,"363":6,"364":6,"365":3,"366":2,"367":1,"368":2,"369":2,"370":5,"371":5,"372":5,"373":5,"374":3,"375":2,"376":2,"377":2,"378":2,"379":2,"380":2,"381":2,"382":85,"383":85,"384":85,"385":3,"386":85,"387":65,"388":20,"389":85},"b":{"1":[3,0],"2":[8,0],"3":[31,0],"4":[30,1],"5":[5,1],"6":[2,3],"7":[1,0],"8":[1,1],"9":[1,0],"10":[1,0],"11":[3,1],"12":[2,1],"13":[2,1],"14":[27,1],"15":[26,1],"16":[25,1],"17":[24,1],"18":[3,1],"19":[2,1],"20":[1,1],"21":[51,2],"22":[51,0],"23":[50,1],"24":[49,1],"25":[49,0],"26":[48,1],"27":[46,2],"28":[8,38],"29":[13,33],"30":[2,11],"31":[4,9],"32":[0,4],"33":[1,3],"34":[16,30],"35":[5,11],"36":[4,1],"37":[16,0],"38":[10,6],"39":[10,6],"40":[2,14],"41":[6,40],"42":[37,9],"43":[35,11],"44":[8,3],"45":[0,8],"46":[8,0],"47":[0,35],"48":[5,3],"49":[0,3],"50":[8,0],"51":[8,0],"52":[3,0],"53":[0,3],"54":[3,0],"55":[0,0],"56":[0,0],"57":[2,1],"58":[1,1],"59":[89,0],"60":[7,1],"61":[1,6],"62":[1,1],"63":[1,1],"64":[37,9],"65":[6,40],"66":[16,24],"67":[1,23],"68":[27,19],"69":[0,193],"70":[0,184],"71":[0,46],"72":[13,24],"73":[46,0],"74":[1,1],"75":[2,1],"76":[1,1],"77":[2,1],"78":[1,1],"79":[1,2],"80":[2,4],"81":[2,1],"82":[1,1],"83":[2,1],"84":[2,0],"85":[3,82],"86":[65,20]},"f":{"1":3,"2":8,"3":312,"4":2,"5":1,"6":1,"7":1,"8":3,"9":17,"10":12,"11":1,"12":1,"13":31,"14":6,"15":1,"16":2,"17":4,"18":2,"19":3,"20":26,"21":28,"22":49,"23":47,"24":10,"25":49,"26":177,"27":1,"28":4,"29":41,"30":53,"31":8,"32":35,"33":1,"34":3,"35":4,"36":8,"37":3,"38":5,"39":1,"40":2,"41":3,"42":89,"43":8,"44":2,"45":46,"46":23,"47":16,"48":6,"49":1,"50":46,"51":48,"52":48,"53":48,"54":184,"55":184,"56":46,"57":48,"58":48,"59":37,"60":46,"61":2,"62":3,"63":6,"64":7,"65":1,"66":1,"67":1,"68":1,"69":1,"70":1,"71":2,"72":3,"73":3,"74":28,"75":6,"76":3,"77":3,"78":2,"79":5,"80":3,"81":2,"82":85,"83":85},"fnMap":{"1":{"name":"lockTheSwap","line":190,"loc":{"start":{"line":190,"column":4},"end":{"line":197,"column":4}}},"2":{"name":"tokenCheck","line":199,"loc":{"start":{"line":199,"column":4},"end":{"line":206,"column":4}}},"3":{"name":"constructor","line":208,"loc":{"start":{"line":208,"column":4},"end":{"line":257,"column":4}}},"4":{"name":"totalSupply","line":259,"loc":{"start":{"line":259,"column":4},"end":{"line":261,"column":4}}},"5":{"name":"name","line":263,"loc":{"start":{"line":263,"column":4},"end":{"line":265,"column":4}}},"6":{"name":"symbol","line":267,"loc":{"start":{"line":267,"column":4},"end":{"line":269,"column":4}}},"7":{"name":"decimals","line":271,"loc":{"start":{"line":271,"column":4},"end":{"line":273,"column":4}}},"8":{"name":"allowance","line":275,"loc":{"start":{"line":275,"column":4},"end":{"line":277,"column":4}}},"9":{"name":"approve","line":279,"loc":{"start":{"line":279,"column":4},"end":{"line":282,"column":4}}},"10":{"name":"transferFrom","line":284,"loc":{"start":{"line":284,"column":4},"end":{"line":288,"column":4}}},"11":{"name":"increaseAllowance","line":290,"loc":{"start":{"line":290,"column":4},"end":{"line":293,"column":4}}},"12":{"name":"decreaseAllowance","line":295,"loc":{"start":{"line":295,"column":4},"end":{"line":298,"column":4}}},"13":{"name":"_approve","line":300,"loc":{"start":{"line":300,"column":4},"end":{"line":306,"column":4}}},"14":{"name":"manualBuyback","line":310,"loc":{"start":{"line":308,"column":4},"end":{"line":330,"column":4}}},"15":{"name":"buyBackTokens","line":332,"loc":{"start":{"line":332,"column":4},"end":{"line":340,"column":4}}},"16":{"name":"swapTokens","line":342,"loc":{"start":{"line":342,"column":4},"end":{"line":374,"column":4}}},"17":{"name":"setBuybackUpperLimit","line":378,"loc":{"start":{"line":376,"column":4},"end":{"line":387,"column":4}}},"18":{"name":"setBuybackTriggerTokenLimit","line":391,"loc":{"start":{"line":389,"column":4},"end":{"line":399,"column":4}}},"19":{"name":"setBuybackMinAvailability","line":403,"loc":{"start":{"line":401,"column":4},"end":{"line":410,"column":4}}},"20":{"name":"setBuyBackEnabled","line":412,"loc":{"start":{"line":412,"column":4},"end":{"line":415,"column":4}}},"21":{"name":"setTradingEnabled","line":417,"loc":{"start":{"line":417,"column":4},"end":{"line":441,"column":4}}},"22":{"name":"isTradingEnabled","line":443,"loc":{"start":{"line":443,"column":4},"end":{"line":447,"column":4}}},"23":{"name":"inTradingStartCoolDown","line":449,"loc":{"start":{"line":449,"column":4},"end":{"line":454,"column":4}}},"24":{"name":"maxTxCooldownAmount","line":456,"loc":{"start":{"line":456,"column":4},"end":{"line":458,"column":4}}},"25":{"name":"inTokenCheck","line":460,"loc":{"start":{"line":460,"column":4},"end":{"line":462,"column":4}}},"26":{"name":"inSwapAndLiquify","line":464,"loc":{"start":{"line":464,"column":4},"end":{"line":466,"column":4}}},"27":{"name":"setReflectionOn","line":468,"loc":{"start":{"line":468,"column":4},"end":{"line":470,"column":4}}},"28":{"name":"transferBalance","line":472,"loc":{"start":{"line":472,"column":4},"end":{"line":477,"column":4}}},"29":{"name":"transfer","line":479,"loc":{"start":{"line":479,"column":4},"end":{"line":482,"column":4}}},"30":{"name":"_transfer","line":484,"loc":{"start":{"line":484,"column":4},"end":{"line":593,"column":4}}},"31":{"name":"_recordPotentialLiquidityAddTransaction","line":597,"loc":{"start":{"line":595,"column":4},"end":{"line":620,"column":4}}},"32":{"name":"_clearTransferIfNeeded","line":622,"loc":{"start":{"line":622,"column":4},"end":{"line":634,"column":4}}},"33":{"name":"swapTokensForEth","line":636,"loc":{"start":{"line":636,"column":4},"end":{"line":658,"column":4}}},"34":{"name":"swapETHForTokensNoFee","line":660,"loc":{"start":{"line":660,"column":4},"end":{"line":681,"column":4}}},"35":{"name":"swapTokensForTokens","line":683,"loc":{"start":{"line":683,"column":4},"end":{"line":707,"column":4}}},"36":{"name":"validateDuringTradingCoolDown","line":709,"loc":{"start":{"line":709,"column":4},"end":{"line":727,"column":4}}},"37":{"name":"_validateIfLiquidityAdd","line":730,"loc":{"start":{"line":730,"column":4},"end":{"line":757,"column":4}}},"38":{"name":"isExcludedFromReward","line":759,"loc":{"start":{"line":759,"column":4},"end":{"line":761,"column":4}}},"39":{"name":"totalFees","line":763,"loc":{"start":{"line":763,"column":4},"end":{"line":765,"column":4}}},"40":{"name":"buyBackUpperLimitAmount","line":767,"loc":{"start":{"line":767,"column":4},"end":{"line":769,"column":4}}},"41":{"name":"reflectionFromToken","line":771,"loc":{"start":{"line":771,"column":4},"end":{"line":780,"column":4}}},"42":{"name":"tokenFromReflection","line":782,"loc":{"start":{"line":782,"column":4},"end":{"line":786,"column":4}}},"43":{"name":"excludeFromReward","line":788,"loc":{"start":{"line":788,"column":4},"end":{"line":795,"column":4}}},"44":{"name":"includeInReward","line":797,"loc":{"start":{"line":797,"column":4},"end":{"line":809,"column":4}}},"45":{"name":"_tokenTransfer","line":811,"loc":{"start":{"line":811,"column":4},"end":{"line":830,"column":4}}},"46":{"name":"_transferStandard","line":832,"loc":{"start":{"line":832,"column":4},"end":{"line":839,"column":4}}},"47":{"name":"_transferToExcluded","line":841,"loc":{"start":{"line":841,"column":4},"end":{"line":849,"column":4}}},"48":{"name":"_transferFromExcluded","line":851,"loc":{"start":{"line":851,"column":4},"end":{"line":859,"column":4}}},"49":{"name":"_transferBothExcluded","line":861,"loc":{"start":{"line":861,"column":4},"end":{"line":870,"column":4}}},"50":{"name":"_reflectFee","line":872,"loc":{"start":{"line":872,"column":4},"end":{"line":875,"column":4}}},"51":{"name":"_getValues","line":877,"loc":{"start":{"line":877,"column":4},"end":{"line":881,"column":4}}},"52":{"name":"_getTValues","line":883,"loc":{"start":{"line":883,"column":4},"end":{"line":888,"column":4}}},"53":{"name":"_getRValues","line":890,"loc":{"start":{"line":890,"column":4},"end":{"line":896,"column":4}}},"54":{"name":"_getRate","line":898,"loc":{"start":{"line":898,"column":4},"end":{"line":901,"column":4}}},"55":{"name":"_getCurrentSupply","line":903,"loc":{"start":{"line":903,"column":4},"end":{"line":913,"column":4}}},"56":{"name":"_takeLiquidity","line":915,"loc":{"start":{"line":915,"column":4},"end":{"line":921,"column":4}}},"57":{"name":"calculateTaxFee","line":923,"loc":{"start":{"line":923,"column":4},"end":{"line":927,"column":4}}},"58":{"name":"calculateLiquidityFee","line":929,"loc":{"start":{"line":929,"column":4},"end":{"line":933,"column":4}}},"59":{"name":"removeAllFee","line":935,"loc":{"start":{"line":935,"column":4},"end":{"line":941,"column":4}}},"60":{"name":"restoreAllFee","line":943,"loc":{"start":{"line":943,"column":4},"end":{"line":951,"column":4}}},"61":{"name":"setMultiFee","line":953,"loc":{"start":{"line":953,"column":4},"end":{"line":957,"column":4}}},"62":{"name":"setBotAddress","line":959,"loc":{"start":{"line":959,"column":4},"end":{"line":961,"column":4}}},"63":{"name":"isExcludedFromFee","line":963,"loc":{"start":{"line":963,"column":4},"end":{"line":965,"column":4}}},"64":{"name":"excludeFromFee","line":967,"loc":{"start":{"line":967,"column":4},"end":{"line":969,"column":4}}},"65":{"name":"includeInFee","line":971,"loc":{"start":{"line":971,"column":4},"end":{"line":973,"column":4}}},"66":{"name":"setDefaultInFeePercent","line":975,"loc":{"start":{"line":975,"column":4},"end":{"line":979,"column":4}}},"67":{"name":"setDefaultOutFeePercent","line":981,"loc":{"start":{"line":981,"column":4},"end":{"line":985,"column":4}}},"68":{"name":"setMultiFeeOn","line":995,"loc":{"start":{"line":995,"column":4},"end":{"line":997,"column":4}}},"69":{"name":"setMaxSellCount","line":999,"loc":{"start":{"line":999,"column":4},"end":{"line":1001,"column":4}}},"70":{"name":"setMaxTxAmount","line":1003,"loc":{"start":{"line":1003,"column":4},"end":{"line":1005,"column":4}}},"71":{"name":"setNumTokensSellToAddToLiquidity","line":1007,"loc":{"start":{"line":1007,"column":4},"end":{"line":1010,"column":4}}},"72":{"name":"setMarketingAddress","line":1012,"loc":{"start":{"line":1012,"column":4},"end":{"line":1017,"column":4}}},"73":{"name":"setDeveloperAddress","line":1019,"loc":{"start":{"line":1019,"column":4},"end":{"line":1024,"column":4}}},"74":{"name":"setSwapAndLiquifyEnabled","line":1026,"loc":{"start":{"line":1026,"column":4},"end":{"line":1029,"column":4}}},"75":{"name":"setEthBuyback","line":1031,"loc":{"start":{"line":1031,"column":4},"end":{"line":1034,"column":4}}},"76":{"name":"setReflectionEnabled","line":1036,"loc":{"start":{"line":1036,"column":4},"end":{"line":1055,"column":4}}},"77":{"name":"setBuyBackTokenAddress","line":1057,"loc":{"start":{"line":1057,"column":4},"end":{"line":1061,"column":4}}},"78":{"name":"updateStakingAddress","line":1063,"loc":{"start":{"line":1063,"column":4},"end":{"line":1066,"column":4}}},"79":{"name":"_onPlanetEcosystemContractAdd","line":1068,"loc":{"start":{"line":1068,"column":4},"end":{"line":1074,"column":4}}},"80":{"name":"onPlanetEcosystemContractRemove","line":1076,"loc":{"start":{"line":1076,"column":4},"end":{"line":1093,"column":4}}},"81":{"name":"transferToAddressETH","line":1095,"loc":{"start":{"line":1095,"column":4},"end":{"line":1097,"column":4}}},"82":{"name":"balanceOf","line":1099,"loc":{"start":{"line":1099,"column":4},"end":{"line":1117,"column":4}}},"83":{"name":"_balanceOf","line":1119,"loc":{"start":{"line":1119,"column":4},"end":{"line":1121,"column":4}}}},"statementMap":{"1":{"start":{"line":191,"column":8},"end":{"line":191,"column":64}},"2":{"start":{"line":192,"column":8},"end":{"line":192,"column":32}},"3":{"start":{"line":196,"column":8},"end":{"line":196,"column":33}},"4":{"start":{"line":200,"column":8},"end":{"line":200,"column":62}},"5":{"start":{"line":201,"column":8},"end":{"line":201,"column":30}},"6":{"start":{"line":205,"column":8},"end":{"line":205,"column":31}},"7":{"start":{"line":214,"column":8},"end":{"line":214,"column":40}},"8":{"start":{"line":215,"column":8},"end":{"line":215,"column":52}},"9":{"start":{"line":216,"column":8},"end":{"line":216,"column":88}},"10":{"start":{"line":217,"column":8},"end":{"line":217,"column":47}},"11":{"start":{"line":218,"column":8},"end":{"line":218,"column":53}},"12":{"start":{"line":220,"column":8},"end":{"line":220,"column":38}},"13":{"start":{"line":221,"column":8},"end":{"line":221,"column":38}},"14":{"start":{"line":223,"column":8},"end":{"line":223,"column":31}},"15":{"start":{"line":224,"column":8},"end":{"line":224,"column":33}},"16":{"start":{"line":236,"column":8},"end":{"line":236,"column":9390}},"17":{"start":{"line":239,"column":8},"end":{"line":239,"column":41}},"18":{"start":{"line":241,"column":8},"end":{"line":241,"column":41}},"19":{"start":{"line":242,"column":8},"end":{"line":242,"column":47}},"20":{"start":{"line":244,"column":8},"end":{"line":244,"column":40}},"21":{"start":{"line":245,"column":8},"end":{"line":245,"column":36}},"22":{"start":{"line":247,"column":8},"end":{"line":247,"column":32}},"23":{"start":{"line":248,"column":8},"end":{"line":248,"column":27}},"24":{"start":{"line":250,"column":8},"end":{"line":250,"column":38}},"25":{"start":{"line":251,"column":8},"end":{"line":251,"column":33}},"26":{"start":{"line":253,"column":8},"end":{"line":253,"column":38}},"27":{"start":{"line":254,"column":8},"end":{"line":254,"column":33}},"28":{"start":{"line":256,"column":8},"end":{"line":256,"column":56}},"29":{"start":{"line":260,"column":8},"end":{"line":260,"column":22}},"30":{"start":{"line":264,"column":8},"end":{"line":264,"column":20}},"31":{"start":{"line":268,"column":8},"end":{"line":268,"column":22}},"32":{"start":{"line":272,"column":8},"end":{"line":272,"column":29}},"33":{"start":{"line":276,"column":8},"end":{"line":276,"column":42}},"34":{"start":{"line":280,"column":8},"end":{"line":280,"column":46}},"35":{"start":{"line":281,"column":8},"end":{"line":281,"column":19}},"36":{"start":{"line":285,"column":8},"end":{"line":285,"column":43}},"37":{"start":{"line":286,"column":8},"end":{"line":286,"column":128}},"38":{"start":{"line":287,"column":8},"end":{"line":287,"column":19}},"39":{"start":{"line":291,"column":8},"end":{"line":291,"column":90}},"40":{"start":{"line":292,"column":8},"end":{"line":292,"column":19}},"41":{"start":{"line":296,"column":8},"end":{"line":296,"column":136}},"42":{"start":{"line":297,"column":8},"end":{"line":297,"column":19}},"43":{"start":{"line":301,"column":8},"end":{"line":301,"column":75}},"44":{"start":{"line":302,"column":8},"end":{"line":302,"column":75}},"45":{"start":{"line":304,"column":8},"end":{"line":304,"column":43}},"46":{"start":{"line":305,"column":8},"end":{"line":305,"column":45}},"47":{"start":{"line":312,"column":8},"end":{"line":312,"column":65}},"48":{"start":{"line":314,"column":8},"end":{"line":314,"column":65}},"49":{"start":{"line":316,"column":8},"end":{"line":316,"column":12155}},"50":{"start":{"line":317,"column":12},"end":{"line":317,"column":12188}},"51":{"start":{"line":323,"column":12},"end":{"line":323,"column":12344}},"52":{"start":{"line":333,"column":8},"end":{"line":333,"column":12598}},"53":{"start":{"line":334,"column":12},"end":{"line":334,"column":12633}},"54":{"start":{"line":343,"column":8},"end":{"line":343,"column":30}},"55":{"start":{"line":344,"column":8},"end":{"line":344,"column":34}},"56":{"start":{"line":346,"column":8},"end":{"line":346,"column":12934}},"57":{"start":{"line":347,"column":12},"end":{"line":347,"column":49}},"58":{"start":{"line":348,"column":12},"end":{"line":348,"column":13022}},"59":{"start":{"line":353,"column":12},"end":{"line":353,"column":73}},"60":{"start":{"line":355,"column":12},"end":{"line":355,"column":13262}},"61":{"start":{"line":356,"column":16},"end":{"line":356,"column":122}},"62":{"start":{"line":357,"column":16},"end":{"line":357,"column":116}},"63":{"start":{"line":360,"column":12},"end":{"line":360,"column":80}},"64":{"start":{"line":361,"column":12},"end":{"line":361,"column":13707}},"65":{"start":{"line":367,"column":12},"end":{"line":367,"column":104}},"66":{"start":{"line":369,"column":12},"end":{"line":369,"column":14007}},"67":{"start":{"line":370,"column":16},"end":{"line":370,"column":138}},"68":{"start":{"line":371,"column":16},"end":{"line":371,"column":132}},"69":{"start":{"line":380,"column":8},"end":{"line":380,"column":84}},"70":{"start":{"line":381,"column":8},"end":{"line":381,"column":83}},"71":{"start":{"line":383,"column":8},"end":{"line":383,"column":45}},"72":{"start":{"line":385,"column":8},"end":{"line":385,"column":74}},"73":{"start":{"line":386,"column":8},"end":{"line":386,"column":67}},"74":{"start":{"line":393,"column":8},"end":{"line":393,"column":52}},"75":{"start":{"line":394,"column":8},"end":{"line":394,"column":53}},"76":{"start":{"line":395,"column":8},"end":{"line":395,"column":15152}},"77":{"start":{"line":405,"column":8},"end":{"line":405,"column":50}},"78":{"start":{"line":407,"column":8},"end":{"line":407,"column":74}},"79":{"start":{"line":408,"column":8},"end":{"line":408,"column":73}},"80":{"start":{"line":409,"column":8},"end":{"line":409,"column":77}},"81":{"start":{"line":413,"column":8},"end":{"line":413,"column":32}},"82":{"start":{"line":414,"column":8},"end":{"line":414,"column":44}},"83":{"start":{"line":418,"column":8},"end":{"line":418,"column":87}},"84":{"start":{"line":419,"column":8},"end":{"line":419,"column":95}},"85":{"start":{"line":420,"column":8},"end":{"line":420,"column":110}},"86":{"start":{"line":423,"column":8},"end":{"line":423,"column":97}},"87":{"start":{"line":426,"column":8},"end":{"line":426,"column":61}},"88":{"start":{"line":427,"column":8},"end":{"line":427,"column":76}},"89":{"start":{"line":428,"column":8},"end":{"line":428,"column":63}},"90":{"start":{"line":430,"column":8},"end":{"line":430,"column":44}},"91":{"start":{"line":432,"column":8},"end":{"line":432,"column":30}},"92":{"start":{"line":433,"column":8},"end":{"line":433,"column":37}},"93":{"start":{"line":436,"column":8},"end":{"line":436,"column":68}},"94":{"start":{"line":437,"column":8},"end":{"line":437,"column":76}},"95":{"start":{"line":440,"column":8},"end":{"line":440,"column":29}},"96":{"start":{"line":445,"column":8},"end":{"line":445,"column":45}},"97":{"start":{"line":453,"column":8},"end":{"line":453,"column":54}},"98":{"start":{"line":457,"column":8},"end":{"line":457,"column":32}},"99":{"start":{"line":461,"column":8},"end":{"line":461,"column":39}},"100":{"start":{"line":465,"column":8},"end":{"line":465,"column":41}},"101":{"start":{"line":469,"column":8},"end":{"line":469,"column":29}},"102":{"start":{"line":473,"column":8},"end":{"line":473,"column":88}},"103":{"start":{"line":474,"column":8},"end":{"line":474,"column":88}},"104":{"start":{"line":475,"column":8},"end":{"line":475,"column":80}},"105":{"start":{"line":476,"column":8},"end":{"line":476,"column":54}},"106":{"start":{"line":480,"column":8},"end":{"line":480,"column":49}},"107":{"start":{"line":481,"column":8},"end":{"line":481,"column":19}},"108":{"start":{"line":489,"column":8},"end":{"line":489,"column":64}},"109":{"start":{"line":490,"column":8},"end":{"line":490,"column":75}},"110":{"start":{"line":491,"column":8},"end":{"line":491,"column":71}},"111":{"start":{"line":492,"column":8},"end":{"line":492,"column":71}},"112":{"start":{"line":493,"column":8},"end":{"line":493,"column":88}},"113":{"start":{"line":495,"column":8},"end":{"line":495,"column":32}},"114":{"start":{"line":496,"column":8},"end":{"line":496,"column":19423}},"115":{"start":{"line":499,"column":8},"end":{"line":499,"column":101}},"116":{"start":{"line":501,"column":8},"end":{"line":501,"column":51}},"117":{"start":{"line":502,"column":8},"end":{"line":502,"column":79}},"118":{"start":{"line":504,"column":8},"end":{"line":504,"column":54}},"119":{"start":{"line":505,"column":8},"end":{"line":505,"column":19806}},"120":{"start":{"line":506,"column":12},"end":{"line":506,"column":58}},"121":{"start":{"line":509,"column":8},"end":{"line":509,"column":63}},"122":{"start":{"line":510,"column":8},"end":{"line":510,"column":86}},"123":{"start":{"line":513,"column":8},"end":{"line":513,"column":20220}},"124":{"start":{"line":514,"column":12},"end":{"line":514,"column":20312}},"125":{"start":{"line":515,"column":16},"end":{"line":515,"column":61}},"126":{"start":{"line":516,"column":16},"end":{"line":516,"column":47}},"127":{"start":{"line":519,"column":12},"end":{"line":519,"column":20489}},"128":{"start":{"line":522,"column":16},"end":{"line":522,"column":20666}},"129":{"start":{"line":523,"column":20},"end":{"line":523,"column":60}},"130":{"start":{"line":526,"column":16},"end":{"line":526,"column":20817}},"131":{"start":{"line":527,"column":20},"end":{"line":527,"column":51}},"132":{"start":{"line":528,"column":20},"end":{"line":528,"column":40}},"133":{"start":{"line":529,"column":20},"end":{"line":529,"column":32}},"134":{"start":{"line":530,"column":20},"end":{"line":530,"column":33}},"135":{"start":{"line":536,"column":8},"end":{"line":536,"column":21210}},"136":{"start":{"line":537,"column":12},"end":{"line":537,"column":46}},"137":{"start":{"line":538,"column":12},"end":{"line":538,"column":21304}},"138":{"start":{"line":539,"column":16},"end":{"line":539,"column":55}},"139":{"start":{"line":540,"column":16},"end":{"line":540,"column":76}},"140":{"start":{"line":540,"column":49},"end":{"line":540,"column":75}},"141":{"start":{"line":541,"column":16},"end":{"line":541,"column":74}},"142":{"start":{"line":544,"column":12},"end":{"line":544,"column":30}},"143":{"start":{"line":545,"column":12},"end":{"line":545,"column":38}},"144":{"start":{"line":546,"column":12},"end":{"line":546,"column":32}},"145":{"start":{"line":548,"column":12},"end":{"line":548,"column":21716}},"146":{"start":{"line":549,"column":16},"end":{"line":549,"column":21753}},"147":{"start":{"line":550,"column":20},"end":{"line":550,"column":40}},"148":{"start":{"line":553,"column":16},"end":{"line":553,"column":21889}},"149":{"start":{"line":554,"column":20},"end":{"line":554,"column":56}},"150":{"start":{"line":557,"column":16},"end":{"line":557,"column":56}},"151":{"start":{"line":559,"column":16},"end":{"line":559,"column":22095}},"152":{"start":{"line":560,"column":20},"end":{"line":560,"column":32}},"153":{"start":{"line":566,"column":8},"end":{"line":566,"column":22254}},"154":{"start":{"line":567,"column":12},"end":{"line":567,"column":44}},"155":{"start":{"line":569,"column":12},"end":{"line":569,"column":31}},"156":{"start":{"line":570,"column":12},"end":{"line":570,"column":39}},"157":{"start":{"line":571,"column":12},"end":{"line":571,"column":33}},"158":{"start":{"line":574,"column":8},"end":{"line":574,"column":27}},"159":{"start":{"line":577,"column":8},"end":{"line":577,"column":22595}},"160":{"start":{"line":578,"column":12},"end":{"line":578,"column":26}},"161":{"start":{"line":584,"column":8},"end":{"line":584,"column":22891}},"162":{"start":{"line":586,"column":12},"end":{"line":586,"column":35}},"163":{"start":{"line":587,"column":15},"end":{"line":587,"column":23040}},"164":{"start":{"line":589,"column":12},"end":{"line":589,"column":54}},"165":{"start":{"line":592,"column":8},"end":{"line":592,"column":48}},"166":{"start":{"line":598,"column":8},"end":{"line":598,"column":49}},"167":{"start":{"line":599,"column":8},"end":{"line":599,"column":36}},"168":{"start":{"line":600,"column":8},"end":{"line":600,"column":23482}},"169":{"start":{"line":602,"column":12},"end":{"line":602,"column":31}},"170":{"start":{"line":605,"column":8},"end":{"line":605,"column":24}},"171":{"start":{"line":606,"column":8},"end":{"line":606,"column":23665}},"172":{"start":{"line":608,"column":12},"end":{"line":608,"column":23}},"173":{"start":{"line":610,"column":12},"end":{"line":610,"column":59}},"174":{"start":{"line":613,"column":8},"end":{"line":613,"column":23891}},"175":{"start":{"line":624,"column":8},"end":{"line":624,"column":24258}},"176":{"start":{"line":626,"column":12},"end":{"line":626,"column":24387}},"177":{"start":{"line":642,"column":8},"end":{"line":642,"column":48}},"178":{"start":{"line":643,"column":8},"end":{"line":643,"column":29}},"179":{"start":{"line":644,"column":8},"end":{"line":644,"column":39}},"180":{"start":{"line":646,"column":8},"end":{"line":646,"column":74}},"181":{"start":{"line":649,"column":8},"end":{"line":649,"column":25055}},"182":{"start":{"line":657,"column":8},"end":{"line":657,"column":48}},"183":{"start":{"line":666,"column":8},"end":{"line":666,"column":48}},"184":{"start":{"line":667,"column":8},"end":{"line":667,"column":39}},"185":{"start":{"line":668,"column":8},"end":{"line":668,"column":29}},"186":{"start":{"line":671,"column":8},"end":{"line":671,"column":25716}},"187":{"start":{"line":680,"column":8},"end":{"line":680,"column":43}},"188":{"start":{"line":690,"column":8},"end":{"line":690,"column":48}},"189":{"start":{"line":691,"column":8},"end":{"line":691,"column":33}},"190":{"start":{"line":692,"column":8},"end":{"line":692,"column":39}},"191":{"start":{"line":693,"column":8},"end":{"line":693,"column":31}},"192":{"start":{"line":695,"column":8},"end":{"line":695,"column":78}},"193":{"start":{"line":698,"column":8},"end":{"line":698,"column":26531}},"194":{"start":{"line":706,"column":8},"end":{"line":706,"column":51}},"195":{"start":{"line":710,"column":8},"end":{"line":710,"column":36}},"196":{"start":{"line":711,"column":8},"end":{"line":711,"column":21}},"197":{"start":{"line":714,"column":8},"end":{"line":714,"column":27082}},"198":{"start":{"line":715,"column":12},"end":{"line":715,"column":107}},"199":{"start":{"line":716,"column":12},"end":{"line":716,"column":47}},"200":{"start":{"line":717,"column":12},"end":{"line":717,"column":54}},"201":{"start":{"line":718,"column":15},"end":{"line":718,"column":27338}},"202":{"start":{"line":719,"column":12},"end":{"line":719,"column":109}},"203":{"start":{"line":720,"column":12},"end":{"line":720,"column":49}},"204":{"start":{"line":721,"column":12},"end":{"line":721,"column":54}},"205":{"start":{"line":724,"column":8},"end":{"line":724,"column":121}},"206":{"start":{"line":726,"column":8},"end":{"line":726,"column":121}},"207":{"start":{"line":736,"column":8},"end":{"line":736,"column":59}},"208":{"start":{"line":737,"column":8},"end":{"line":737,"column":28208}},"209":{"start":{"line":739,"column":12},"end":{"line":739,"column":45}},"210":{"start":{"line":741,"column":12},"end":{"line":741,"column":28388}},"211":{"start":{"line":743,"column":16},"end":{"line":743,"column":40}},"212":{"start":{"line":747,"column":12},"end":{"line":747,"column":44}},"213":{"start":{"line":747,"column":38},"end":{"line":747,"column":44}},"214":{"start":{"line":749,"column":12},"end":{"line":749,"column":73}},"215":{"start":{"line":751,"column":12},"end":{"line":751,"column":28720}},"216":{"start":{"line":754,"column":16},"end":{"line":754,"column":73}},"217":{"start":{"line":760,"column":8},"end":{"line":760,"column":35}},"218":{"start":{"line":764,"column":8},"end":{"line":764,"column":25}},"219":{"start":{"line":768,"column":8},"end":{"line":768,"column":32}},"220":{"start":{"line":772,"column":8},"end":{"line":772,"column":69}},"221":{"start":{"line":773,"column":8},"end":{"line":773,"column":29536}},"222":{"start":{"line":774,"column":12},"end":{"line":774,"column":56}},"223":{"start":{"line":775,"column":12},"end":{"line":775,"column":26}},"224":{"start":{"line":777,"column":12},"end":{"line":777,"column":64}},"225":{"start":{"line":778,"column":12},"end":{"line":778,"column":34}},"226":{"start":{"line":783,"column":8},"end":{"line":783,"column":80}},"227":{"start":{"line":784,"column":8},"end":{"line":784,"column":41}},"228":{"start":{"line":785,"column":8},"end":{"line":785,"column":39}},"229":{"start":{"line":789,"column":8},"end":{"line":789,"column":68}},"230":{"start":{"line":790,"column":8},"end":{"line":790,"column":30204}},"231":{"start":{"line":791,"column":12},"end":{"line":791,"column":67}},"232":{"start":{"line":793,"column":8},"end":{"line":793,"column":34}},"233":{"start":{"line":794,"column":8},"end":{"line":794,"column":30}},"234":{"start":{"line":798,"column":8},"end":{"line":798,"column":67}},"235":{"start":{"line":799,"column":8},"end":{"line":799,"column":30544}},"236":{"start":{"line":800,"column":12},"end":{"line":800,"column":30610}},"237":{"start":{"line":801,"column":16},"end":{"line":801,"column":61}},"238":{"start":{"line":802,"column":16},"end":{"line":802,"column":66}},"239":{"start":{"line":803,"column":16},"end":{"line":803,"column":35}},"240":{"start":{"line":804,"column":16},"end":{"line":804,"column":43}},"241":{"start":{"line":805,"column":16},"end":{"line":805,"column":30}},"242":{"start":{"line":812,"column":8},"end":{"line":812,"column":31081}},"243":{"start":{"line":813,"column":12},"end":{"line":813,"column":25}},"244":{"start":{"line":815,"column":8},"end":{"line":815,"column":31124}},"245":{"start":{"line":816,"column":12},"end":{"line":816,"column":59}},"246":{"start":{"line":817,"column":15},"end":{"line":817,"column":31257}},"247":{"start":{"line":818,"column":12},"end":{"line":818,"column":57}},"248":{"start":{"line":819,"column":15},"end":{"line":819,"column":31388}},"249":{"start":{"line":820,"column":12},"end":{"line":820,"column":59}},"250":{"start":{"line":822,"column":12},"end":{"line":822,"column":55}},"251":{"start":{"line":825,"column":8},"end":{"line":825,"column":31611}},"252":{"start":{"line":826,"column":12},"end":{"line":826,"column":38}},"253":{"start":{"line":827,"column":12},"end":{"line":827,"column":33}},"254":{"start":{"line":829,"column":8},"end":{"line":829,"column":22}},"255":{"start":{"line":833,"column":8},"end":{"line":833,"column":145}},"256":{"start":{"line":834,"column":8},"end":{"line":834,"column":53}},"257":{"start":{"line":835,"column":8},"end":{"line":835,"column":67}},"258":{"start":{"line":836,"column":8},"end":{"line":836,"column":33}},"259":{"start":{"line":837,"column":8},"end":{"line":837,"column":30}},"260":{"start":{"line":838,"column":8},"end":{"line":838,"column":57}},"261":{"start":{"line":842,"column":8},"end":{"line":842,"column":145}},"262":{"start":{"line":843,"column":5},"end":{"line":843,"column":50}},"263":{"start":{"line":844,"column":8},"end":{"line":844,"column":67}},"264":{"start":{"line":845,"column":8},"end":{"line":845,"column":67}},"265":{"start":{"line":846,"column":8},"end":{"line":846,"column":33}},"266":{"start":{"line":847,"column":8},"end":{"line":847,"column":30}},"267":{"start":{"line":848,"column":8},"end":{"line":848,"column":57}},"268":{"start":{"line":852,"column":8},"end":{"line":852,"column":145}},"269":{"start":{"line":853,"column":5},"end":{"line":853,"column":50}},"270":{"start":{"line":854,"column":8},"end":{"line":854,"column":53}},"271":{"start":{"line":855,"column":8},"end":{"line":855,"column":67}},"272":{"start":{"line":856,"column":8},"end":{"line":856,"column":33}},"273":{"start":{"line":857,"column":8},"end":{"line":857,"column":30}},"274":{"start":{"line":858,"column":8},"end":{"line":858,"column":57}},"275":{"start":{"line":862,"column":8},"end":{"line":862,"column":145}},"276":{"start":{"line":863,"column":5},"end":{"line":863,"column":50}},"277":{"start":{"line":864,"column":8},"end":{"line":864,"column":53}},"278":{"start":{"line":865,"column":8},"end":{"line":865,"column":67}},"279":{"start":{"line":866,"column":8},"end":{"line":866,"column":67}},"280":{"start":{"line":867,"column":8},"end":{"line":867,"column":33}},"281":{"start":{"line":868,"column":8},"end":{"line":868,"column":30}},"282":{"start":{"line":869,"column":8},"end":{"line":869,"column":57}},"283":{"start":{"line":873,"column":8},"end":{"line":873,"column":34}},"284":{"start":{"line":874,"column":8},"end":{"line":874,"column":40}},"285":{"start":{"line":878,"column":8},"end":{"line":878,"column":90}},"286":{"start":{"line":879,"column":8},"end":{"line":879,"column":117}},"287":{"start":{"line":880,"column":8},"end":{"line":880,"column":82}},"288":{"start":{"line":884,"column":8},"end":{"line":884,"column":47}},"289":{"start":{"line":885,"column":8},"end":{"line":885,"column":59}},"290":{"start":{"line":886,"column":8},"end":{"line":886,"column":67}},"291":{"start":{"line":887,"column":8},"end":{"line":887,"column":50}},"292":{"start":{"line":891,"column":8},"end":{"line":891,"column":50}},"293":{"start":{"line":892,"column":8},"end":{"line":892,"column":44}},"294":{"start":{"line":893,"column":8},"end":{"line":893,"column":56}},"295":{"start":{"line":894,"column":8},"end":{"line":894,"column":67}},"296":{"start":{"line":895,"column":8},"end":{"line":895,"column":47}},"297":{"start":{"line":899,"column":8},"end":{"line":899,"column":64}},"298":{"start":{"line":900,"column":8},"end":{"line":900,"column":35}},"299":{"start":{"line":904,"column":8},"end":{"line":904,"column":33}},"300":{"start":{"line":905,"column":8},"end":{"line":905,"column":33}},"301":{"start":{"line":906,"column":8},"end":{"line":906,"column":35786}},"302":{"start":{"line":907,"column":12},"end":{"line":907,"column":109}},"303":{"start":{"line":907,"column":84},"end":{"line":907,"column":109}},"304":{"start":{"line":908,"column":12},"end":{"line":908,"column":55}},"305":{"start":{"line":909,"column":12},"end":{"line":909,"column":55}},"306":{"start":{"line":911,"column":8},"end":{"line":911,"column":69}},"307":{"start":{"line":911,"column":44},"end":{"line":911,"column":69}},"308":{"start":{"line":912,"column":8},"end":{"line":912,"column":33}},"309":{"start":{"line":916,"column":8},"end":{"line":916,"column":41}},"310":{"start":{"line":917,"column":8},"end":{"line":917,"column":56}},"311":{"start":{"line":918,"column":8},"end":{"line":918,"column":70}},"312":{"start":{"line":919,"column":8},"end":{"line":919,"column":36509}},"313":{"start":{"line":920,"column":12},"end":{"line":920,"column":74}},"314":{"start":{"line":924,"column":8},"end":{"line":924,"column":36654}},"315":{"start":{"line":930,"column":8},"end":{"line":930,"column":36826}},"316":{"start":{"line":936,"column":8},"end":{"line":936,"column":68}},"317":{"start":{"line":936,"column":62},"end":{"line":936,"column":68}},"318":{"start":{"line":938,"column":8},"end":{"line":938,"column":18}},"319":{"start":{"line":939,"column":8},"end":{"line":939,"column":22}},"320":{"start":{"line":940,"column":8},"end":{"line":940,"column":19}},"321":{"start":{"line":944,"column":8},"end":{"line":944,"column":37181}},"322":{"start":{"line":945,"column":12},"end":{"line":945,"column":35}},"323":{"start":{"line":947,"column":12},"end":{"line":947,"column":22}},"324":{"start":{"line":949,"column":8},"end":{"line":949,"column":39}},"325":{"start":{"line":950,"column":8},"end":{"line":950,"column":33}},"326":{"start":{"line":954,"column":8},"end":{"line":954,"column":18}},"327":{"start":{"line":955,"column":8},"end":{"line":955,"column":22}},"328":{"start":{"line":956,"column":8},"end":{"line":956,"column":20}},"329":{"start":{"line":960,"column":8},"end":{"line":960,"column":34}},"330":{"start":{"line":964,"column":8},"end":{"line":964,"column":42}},"331":{"start":{"line":968,"column":8},"end":{"line":968,"column":41}},"332":{"start":{"line":972,"column":8},"end":{"line":972,"column":42}},"333":{"start":{"line":976,"column":8},"end":{"line":976,"column":22}},"334":{"start":{"line":977,"column":8},"end":{"line":977,"column":30}},"335":{"start":{"line":978,"column":8},"end":{"line":978,"column":24}},"336":{"start":{"line":982,"column":8},"end":{"line":982,"column":23}},"337":{"start":{"line":983,"column":8},"end":{"line":983,"column":31}},"338":{"start":{"line":984,"column":8},"end":{"line":984,"column":25}},"339":{"start":{"line":996,"column":8},"end":{"line":996,"column":30}},"340":{"start":{"line":1000,"column":8},"end":{"line":1000,"column":31}},"341":{"start":{"line":1004,"column":8},"end":{"line":1004,"column":33}},"342":{"start":{"line":1008,"column":8},"end":{"line":1008,"column":103}},"343":{"start":{"line":1009,"column":8},"end":{"line":1009,"column":57}},"344":{"start":{"line":1013,"column":8},"end":{"line":1013,"column":91}},"345":{"start":{"line":1014,"column":8},"end":{"line":1014,"column":91}},"346":{"start":{"line":1016,"column":8},"end":{"line":1016,"column":52}},"347":{"start":{"line":1020,"column":8},"end":{"line":1020,"column":84}},"348":{"start":{"line":1021,"column":8},"end":{"line":1021,"column":84}},"349":{"start":{"line":1023,"column":8},"end":{"line":1023,"column":40}},"350":{"start":{"line":1027,"column":8},"end":{"line":1027,"column":39}},"351":{"start":{"line":1028,"column":8},"end":{"line":1028,"column":51}},"352":{"start":{"line":1032,"column":8},"end":{"line":1032,"column":28}},"353":{"start":{"line":1033,"column":8},"end":{"line":1033,"column":33}},"354":{"start":{"line":1037,"column":8},"end":{"line":1037,"column":30}},"355":{"start":{"line":1039,"column":8},"end":{"line":1039,"column":40407}},"356":{"start":{"line":1041,"column":12},"end":{"line":1041,"column":40508}},"357":{"start":{"line":1042,"column":16},"end":{"line":1042,"column":40}},"358":{"start":{"line":1043,"column":16},"end":{"line":1043,"column":48}},"359":{"start":{"line":1044,"column":16},"end":{"line":1044,"column":30}},"360":{"start":{"line":1047,"column":12},"end":{"line":1047,"column":40731}},"361":{"start":{"line":1048,"column":16},"end":{"line":1048,"column":40796}},"362":{"start":{"line":1049,"column":20},"end":{"line":1049,"column":79}},"363":{"start":{"line":1051,"column":16},"end":{"line":1051,"column":44}},"364":{"start":{"line":1052,"column":16},"end":{"line":1052,"column":40}},"365":{"start":{"line":1058,"column":8},"end":{"line":1058,"column":84}},"366":{"start":{"line":1059,"column":8},"end":{"line":1059,"column":84}},"367":{"start":{"line":1060,"column":8},"end":{"line":1060,"column":34}},"368":{"start":{"line":1064,"column":8},"end":{"line":1064,"column":29}},"369":{"start":{"line":1065,"column":8},"end":{"line":1065,"column":41}},"370":{"start":{"line":1069,"column":8},"end":{"line":1069,"column":59}},"371":{"start":{"line":1070,"column":8},"end":{"line":1070,"column":50}},"372":{"start":{"line":1072,"column":8},"end":{"line":1072,"column":60}},"373":{"start":{"line":1073,"column":8},"end":{"line":1073,"column":38}},"374":{"start":{"line":1077,"column":8},"end":{"line":1077,"column":41919}},"375":{"start":{"line":1082,"column":8},"end":{"line":1082,"column":60}},"376":{"start":{"line":1084,"column":8},"end":{"line":1084,"column":42155}},"377":{"start":{"line":1085,"column":12},"end":{"line":1085,"column":42233}},"378":{"start":{"line":1086,"column":16},"end":{"line":1086,"column":97}},"379":{"start":{"line":1087,"column":16},"end":{"line":1087,"column":42}},"380":{"start":{"line":1092,"column":8},"end":{"line":1092,"column":62}},"381":{"start":{"line":1096,"column":8},"end":{"line":1096,"column":33}},"382":{"start":{"line":1100,"column":8},"end":{"line":1100,"column":46}},"383":{"start":{"line":1101,"column":8},"end":{"line":1101,"column":64}},"384":{"start":{"line":1103,"column":8},"end":{"line":1103,"column":42907}},"385":{"start":{"line":1110,"column":12},"end":{"line":1110,"column":62}},"386":{"start":{"line":1113,"column":8},"end":{"line":1113,"column":43312}},"387":{"start":{"line":1114,"column":12},"end":{"line":1114,"column":27}},"388":{"start":{"line":1116,"column":8},"end":{"line":1116,"column":23}},"389":{"start":{"line":1120,"column":8},"end":{"line":1120,"column":31}}},"branchMap":{"1":{"line":191,"type":"if","locations":[{"start":{"line":191,"column":8},"end":{"line":191,"column":8}},{"start":{"line":191,"column":8},"end":{"line":191,"column":8}}]},"2":{"line":200,"type":"if","locations":[{"start":{"line":200,"column":8},"end":{"line":200,"column":8}},{"start":{"line":200,"column":8},"end":{"line":200,"column":8}}]},"3":{"line":301,"type":"if","locations":[{"start":{"line":301,"column":8},"end":{"line":301,"column":8}},{"start":{"line":301,"column":8},"end":{"line":301,"column":8}}]},"4":{"line":302,"type":"if","locations":[{"start":{"line":302,"column":8},"end":{"line":302,"column":8}},{"start":{"line":302,"column":8},"end":{"line":302,"column":8}}]},"5":{"line":312,"type":"if","locations":[{"start":{"line":312,"column":8},"end":{"line":312,"column":8}},{"start":{"line":312,"column":8},"end":{"line":312,"column":8}}]},"6":{"line":316,"type":"if","locations":[{"start":{"line":316,"column":8},"end":{"line":316,"column":8}},{"start":{"line":316,"column":8},"end":{"line":316,"column":8}}]},"7":{"line":333,"type":"if","locations":[{"start":{"line":333,"column":8},"end":{"line":333,"column":8}},{"start":{"line":333,"column":8},"end":{"line":333,"column":8}}]},"8":{"line":346,"type":"if","locations":[{"start":{"line":346,"column":8},"end":{"line":346,"column":8}},{"start":{"line":346,"column":8},"end":{"line":346,"column":8}}]},"9":{"line":355,"type":"if","locations":[{"start":{"line":355,"column":12},"end":{"line":355,"column":12}},{"start":{"line":355,"column":12},"end":{"line":355,"column":12}}]},"10":{"line":369,"type":"if","locations":[{"start":{"line":369,"column":12},"end":{"line":369,"column":12}},{"start":{"line":369,"column":12},"end":{"line":369,"column":12}}]},"11":{"line":380,"type":"if","locations":[{"start":{"line":380,"column":8},"end":{"line":380,"column":8}},{"start":{"line":380,"column":8},"end":{"line":380,"column":8}}]},"12":{"line":381,"type":"if","locations":[{"start":{"line":381,"column":8},"end":{"line":381,"column":8}},{"start":{"line":381,"column":8},"end":{"line":381,"column":8}}]},"13":{"line":407,"type":"if","locations":[{"start":{"line":407,"column":8},"end":{"line":407,"column":8}},{"start":{"line":407,"column":8},"end":{"line":407,"column":8}}]},"14":{"line":418,"type":"if","locations":[{"start":{"line":418,"column":8},"end":{"line":418,"column":8}},{"start":{"line":418,"column":8},"end":{"line":418,"column":8}}]},"15":{"line":419,"type":"if","locations":[{"start":{"line":419,"column":8},"end":{"line":419,"column":8}},{"start":{"line":419,"column":8},"end":{"line":419,"column":8}}]},"16":{"line":420,"type":"if","locations":[{"start":{"line":420,"column":8},"end":{"line":420,"column":8}},{"start":{"line":420,"column":8},"end":{"line":420,"column":8}}]},"17":{"line":423,"type":"if","locations":[{"start":{"line":423,"column":8},"end":{"line":423,"column":8}},{"start":{"line":423,"column":8},"end":{"line":423,"column":8}}]},"18":{"line":473,"type":"if","locations":[{"start":{"line":473,"column":8},"end":{"line":473,"column":8}},{"start":{"line":473,"column":8},"end":{"line":473,"column":8}}]},"19":{"line":474,"type":"if","locations":[{"start":{"line":474,"column":8},"end":{"line":474,"column":8}},{"start":{"line":474,"column":8},"end":{"line":474,"column":8}}]},"20":{"line":475,"type":"if","locations":[{"start":{"line":475,"column":8},"end":{"line":475,"column":8}},{"start":{"line":475,"column":8},"end":{"line":475,"column":8}}]},"21":{"line":489,"type":"if","locations":[{"start":{"line":489,"column":8},"end":{"line":489,"column":8}},{"start":{"line":489,"column":8},"end":{"line":489,"column":8}}]},"22":{"line":490,"type":"if","locations":[{"start":{"line":490,"column":8},"end":{"line":490,"column":8}},{"start":{"line":490,"column":8},"end":{"line":490,"column":8}}]},"23":{"line":491,"type":"if","locations":[{"start":{"line":491,"column":8},"end":{"line":491,"column":8}},{"start":{"line":491,"column":8},"end":{"line":491,"column":8}}]},"24":{"line":492,"type":"if","locations":[{"start":{"line":492,"column":8},"end":{"line":492,"column":8}},{"start":{"line":492,"column":8},"end":{"line":492,"column":8}}]},"25":{"line":493,"type":"if","locations":[{"start":{"line":493,"column":8},"end":{"line":493,"column":8}},{"start":{"line":493,"column":8},"end":{"line":493,"column":8}}]},"26":{"line":499,"type":"if","locations":[{"start":{"line":499,"column":8},"end":{"line":499,"column":8}},{"start":{"line":499,"column":8},"end":{"line":499,"column":8}}]},"27":{"line":502,"type":"if","locations":[{"start":{"line":502,"column":8},"end":{"line":502,"column":8}},{"start":{"line":502,"column":8},"end":{"line":502,"column":8}}]},"28":{"line":505,"type":"if","locations":[{"start":{"line":505,"column":8},"end":{"line":505,"column":8}},{"start":{"line":505,"column":8},"end":{"line":505,"column":8}}]},"29":{"line":513,"type":"if","locations":[{"start":{"line":513,"column":8},"end":{"line":513,"column":8}},{"start":{"line":513,"column":8},"end":{"line":513,"column":8}}]},"30":{"line":514,"type":"if","locations":[{"start":{"line":514,"column":12},"end":{"line":514,"column":12}},{"start":{"line":514,"column":12},"end":{"line":514,"column":12}}]},"31":{"line":519,"type":"if","locations":[{"start":{"line":519,"column":12},"end":{"line":519,"column":12}},{"start":{"line":519,"column":12},"end":{"line":519,"column":12}}]},"32":{"line":522,"type":"if","locations":[{"start":{"line":522,"column":16},"end":{"line":522,"column":16}},{"start":{"line":522,"column":16},"end":{"line":522,"column":16}}]},"33":{"line":526,"type":"if","locations":[{"start":{"line":526,"column":16},"end":{"line":526,"column":16}},{"start":{"line":526,"column":16},"end":{"line":526,"column":16}}]},"34":{"line":536,"type":"if","locations":[{"start":{"line":536,"column":8},"end":{"line":536,"column":8}},{"start":{"line":536,"column":8},"end":{"line":536,"column":8}}]},"35":{"line":538,"type":"if","locations":[{"start":{"line":538,"column":12},"end":{"line":538,"column":12}},{"start":{"line":538,"column":12},"end":{"line":538,"column":12}}]},"36":{"line":540,"type":"if","locations":[{"start":{"line":540,"column":16},"end":{"line":540,"column":16}},{"start":{"line":540,"column":16},"end":{"line":540,"column":16}}]},"37":{"line":548,"type":"if","locations":[{"start":{"line":548,"column":12},"end":{"line":548,"column":12}},{"start":{"line":548,"column":12},"end":{"line":548,"column":12}}]},"38":{"line":549,"type":"if","locations":[{"start":{"line":549,"column":16},"end":{"line":549,"column":16}},{"start":{"line":549,"column":16},"end":{"line":549,"column":16}}]},"39":{"line":553,"type":"if","locations":[{"start":{"line":553,"column":16},"end":{"line":553,"column":16}},{"start":{"line":553,"column":16},"end":{"line":553,"column":16}}]},"40":{"line":559,"type":"if","locations":[{"start":{"line":559,"column":16},"end":{"line":559,"column":16}},{"start":{"line":559,"column":16},"end":{"line":559,"column":16}}]},"41":{"line":566,"type":"if","locations":[{"start":{"line":566,"column":8},"end":{"line":566,"column":8}},{"start":{"line":566,"column":8},"end":{"line":566,"column":8}}]},"42":{"line":577,"type":"if","locations":[{"start":{"line":577,"column":8},"end":{"line":577,"column":8}},{"start":{"line":577,"column":8},"end":{"line":577,"column":8}}]},"43":{"line":584,"type":"if","locations":[{"start":{"line":584,"column":8},"end":{"line":584,"column":8}},{"start":{"line":584,"column":8},"end":{"line":584,"column":8}}]},"44":{"line":587,"type":"if","locations":[{"start":{"line":587,"column":15},"end":{"line":587,"column":15}},{"start":{"line":587,"column":15},"end":{"line":587,"column":15}}]},"45":{"line":600,"type":"if","locations":[{"start":{"line":600,"column":8},"end":{"line":600,"column":8}},{"start":{"line":600,"column":8},"end":{"line":600,"column":8}}]},"46":{"line":606,"type":"if","locations":[{"start":{"line":606,"column":8},"end":{"line":606,"column":8}},{"start":{"line":606,"column":8},"end":{"line":606,"column":8}}]},"47":{"line":624,"type":"if","locations":[{"start":{"line":624,"column":8},"end":{"line":624,"column":8}},{"start":{"line":624,"column":8},"end":{"line":624,"column":8}}]},"48":{"line":714,"type":"if","locations":[{"start":{"line":714,"column":8},"end":{"line":714,"column":8}},{"start":{"line":714,"column":8},"end":{"line":714,"column":8}}]},"49":{"line":718,"type":"if","locations":[{"start":{"line":718,"column":15},"end":{"line":718,"column":15}},{"start":{"line":718,"column":15},"end":{"line":718,"column":15}}]},"50":{"line":724,"type":"if","locations":[{"start":{"line":724,"column":8},"end":{"line":724,"column":8}},{"start":{"line":724,"column":8},"end":{"line":724,"column":8}}]},"51":{"line":726,"type":"if","locations":[{"start":{"line":726,"column":8},"end":{"line":726,"column":8}},{"start":{"line":726,"column":8},"end":{"line":726,"column":8}}]},"52":{"line":737,"type":"if","locations":[{"start":{"line":737,"column":8},"end":{"line":737,"column":8}},{"start":{"line":737,"column":8},"end":{"line":737,"column":8}}]},"53":{"line":741,"type":"if","locations":[{"start":{"line":741,"column":12},"end":{"line":741,"column":12}},{"start":{"line":741,"column":12},"end":{"line":741,"column":12}}]},"54":{"line":747,"type":"if","locations":[{"start":{"line":747,"column":12},"end":{"line":747,"column":12}},{"start":{"line":747,"column":12},"end":{"line":747,"column":12}}]},"55":{"line":751,"type":"if","locations":[{"start":{"line":751,"column":12},"end":{"line":751,"column":12}},{"start":{"line":751,"column":12},"end":{"line":751,"column":12}}]},"56":{"line":754,"type":"if","locations":[{"start":{"line":754,"column":16},"end":{"line":754,"column":16}},{"start":{"line":754,"column":16},"end":{"line":754,"column":16}}]},"57":{"line":772,"type":"if","locations":[{"start":{"line":772,"column":8},"end":{"line":772,"column":8}},{"start":{"line":772,"column":8},"end":{"line":772,"column":8}}]},"58":{"line":773,"type":"if","locations":[{"start":{"line":773,"column":8},"end":{"line":773,"column":8}},{"start":{"line":773,"column":8},"end":{"line":773,"column":8}}]},"59":{"line":783,"type":"if","locations":[{"start":{"line":783,"column":8},"end":{"line":783,"column":8}},{"start":{"line":783,"column":8},"end":{"line":783,"column":8}}]},"60":{"line":789,"type":"if","locations":[{"start":{"line":789,"column":8},"end":{"line":789,"column":8}},{"start":{"line":789,"column":8},"end":{"line":789,"column":8}}]},"61":{"line":790,"type":"if","locations":[{"start":{"line":790,"column":8},"end":{"line":790,"column":8}},{"start":{"line":790,"column":8},"end":{"line":790,"column":8}}]},"62":{"line":798,"type":"if","locations":[{"start":{"line":798,"column":8},"end":{"line":798,"column":8}},{"start":{"line":798,"column":8},"end":{"line":798,"column":8}}]},"63":{"line":800,"type":"if","locations":[{"start":{"line":800,"column":12},"end":{"line":800,"column":12}},{"start":{"line":800,"column":12},"end":{"line":800,"column":12}}]},"64":{"line":812,"type":"if","locations":[{"start":{"line":812,"column":8},"end":{"line":812,"column":8}},{"start":{"line":812,"column":8},"end":{"line":812,"column":8}}]},"65":{"line":815,"type":"if","locations":[{"start":{"line":815,"column":8},"end":{"line":815,"column":8}},{"start":{"line":815,"column":8},"end":{"line":815,"column":8}}]},"66":{"line":817,"type":"if","locations":[{"start":{"line":817,"column":15},"end":{"line":817,"column":15}},{"start":{"line":817,"column":15},"end":{"line":817,"column":15}}]},"67":{"line":819,"type":"if","locations":[{"start":{"line":819,"column":15},"end":{"line":819,"column":15}},{"start":{"line":819,"column":15},"end":{"line":819,"column":15}}]},"68":{"line":825,"type":"if","locations":[{"start":{"line":825,"column":8},"end":{"line":825,"column":8}},{"start":{"line":825,"column":8},"end":{"line":825,"column":8}}]},"69":{"line":907,"type":"if","locations":[{"start":{"line":907,"column":12},"end":{"line":907,"column":12}},{"start":{"line":907,"column":12},"end":{"line":907,"column":12}}]},"70":{"line":911,"type":"if","locations":[{"start":{"line":911,"column":8},"end":{"line":911,"column":8}},{"start":{"line":911,"column":8},"end":{"line":911,"column":8}}]},"71":{"line":919,"type":"if","locations":[{"start":{"line":919,"column":8},"end":{"line":919,"column":8}},{"start":{"line":919,"column":8},"end":{"line":919,"column":8}}]},"72":{"line":936,"type":"if","locations":[{"start":{"line":936,"column":8},"end":{"line":936,"column":8}},{"start":{"line":936,"column":8},"end":{"line":936,"column":8}}]},"73":{"line":944,"type":"if","locations":[{"start":{"line":944,"column":8},"end":{"line":944,"column":8}},{"start":{"line":944,"column":8},"end":{"line":944,"column":8}}]},"74":{"line":1008,"type":"if","locations":[{"start":{"line":1008,"column":8},"end":{"line":1008,"column":8}},{"start":{"line":1008,"column":8},"end":{"line":1008,"column":8}}]},"75":{"line":1013,"type":"if","locations":[{"start":{"line":1013,"column":8},"end":{"line":1013,"column":8}},{"start":{"line":1013,"column":8},"end":{"line":1013,"column":8}}]},"76":{"line":1014,"type":"if","locations":[{"start":{"line":1014,"column":8},"end":{"line":1014,"column":8}},{"start":{"line":1014,"column":8},"end":{"line":1014,"column":8}}]},"77":{"line":1020,"type":"if","locations":[{"start":{"line":1020,"column":8},"end":{"line":1020,"column":8}},{"start":{"line":1020,"column":8},"end":{"line":1020,"column":8}}]},"78":{"line":1021,"type":"if","locations":[{"start":{"line":1021,"column":8},"end":{"line":1021,"column":8}},{"start":{"line":1021,"column":8},"end":{"line":1021,"column":8}}]},"79":{"line":1039,"type":"if","locations":[{"start":{"line":1039,"column":8},"end":{"line":1039,"column":8}},{"start":{"line":1039,"column":8},"end":{"line":1039,"column":8}}]},"80":{"line":1048,"type":"if","locations":[{"start":{"line":1048,"column":16},"end":{"line":1048,"column":16}},{"start":{"line":1048,"column":16},"end":{"line":1048,"column":16}}]},"81":{"line":1058,"type":"if","locations":[{"start":{"line":1058,"column":8},"end":{"line":1058,"column":8}},{"start":{"line":1058,"column":8},"end":{"line":1058,"column":8}}]},"82":{"line":1059,"type":"if","locations":[{"start":{"line":1059,"column":8},"end":{"line":1059,"column":8}},{"start":{"line":1059,"column":8},"end":{"line":1059,"column":8}}]},"83":{"line":1077,"type":"if","locations":[{"start":{"line":1077,"column":8},"end":{"line":1077,"column":8}},{"start":{"line":1077,"column":8},"end":{"line":1077,"column":8}}]},"84":{"line":1085,"type":"if","locations":[{"start":{"line":1085,"column":12},"end":{"line":1085,"column":12}},{"start":{"line":1085,"column":12},"end":{"line":1085,"column":12}}]},"85":{"line":1103,"type":"if","locations":[{"start":{"line":1103,"column":8},"end":{"line":1103,"column":8}},{"start":{"line":1103,"column":8},"end":{"line":1103,"column":8}}]},"86":{"line":1113,"type":"if","locations":[{"start":{"line":1113,"column":8},"end":{"line":1113,"column":8}},{"start":{"line":1113,"column":8},"end":{"line":1113,"column":8}}]}}},"contracts\\Ownable.sol":{"l":{"17":118,"18":117,"22":41,"26":41,"30":312,"31":312,"32":312,"33":312,"37":0,"42":0,"43":0,"51":0,"56":0,"57":0,"61":986,"65":11},"path":"D:\\Fiverr\\onPlanetToken\\contracts\\Ownable.sol","s":{"1":118,"2":41,"3":312,"4":312,"5":312,"6":312,"7":0,"8":0,"9":0,"10":0,"11":0,"12":0,"13":986,"14":11},"b":{"1":[117,1],"2":[41,0],"3":[0,0],"4":[0,0]},"f":{"1":118,"2":41,"3":312,"4":0,"5":0,"6":986,"7":11},"fnMap":{"1":{"name":"onlyOwner","line":16,"loc":{"start":{"line":16,"column":4},"end":{"line":19,"column":4}}},"2":{"name":"onlyBuybackOwner","line":21,"loc":{"start":{"line":21,"column":4},"end":{"line":27,"column":4}}},"3":{"name":"constructor","line":29,"loc":{"start":{"line":29,"column":4},"end":{"line":34,"column":4}}},"4":{"name":"transferOwnership","line":36,"loc":{"start":{"line":36,"column":4},"end":{"line":44,"column":4}}},"5":{"name":"transferBuybackOwnership","line":49,"loc":{"start":{"line":46,"column":4},"end":{"line":58,"column":4}}},"6":{"name":"owner","line":60,"loc":{"start":{"line":60,"column":4},"end":{"line":62,"column":4}}},"7":{"name":"buybackOwner","line":64,"loc":{"start":{"line":64,"column":4},"end":{"line":66,"column":4}}}},"statementMap":{"1":{"start":{"line":17,"column":8},"end":{"line":17,"column":74}},"2":{"start":{"line":22,"column":8},"end":{"line":22,"column":490}},"3":{"start":{"line":30,"column":8},"end":{"line":30,"column":40}},"4":{"start":{"line":31,"column":8},"end":{"line":31,"column":25}},"5":{"start":{"line":32,"column":8},"end":{"line":32,"column":32}},"6":{"start":{"line":33,"column":8},"end":{"line":33,"column":56}},"7":{"start":{"line":37,"column":8},"end":{"line":37,"column":917}},"8":{"start":{"line":42,"column":8},"end":{"line":42,"column":51}},"9":{"start":{"line":43,"column":8},"end":{"line":43,"column":24}},"10":{"start":{"line":51,"column":8},"end":{"line":51,"column":1249}},"11":{"start":{"line":56,"column":8},"end":{"line":56,"column":58}},"12":{"start":{"line":57,"column":8},"end":{"line":57,"column":31}},"13":{"start":{"line":61,"column":8},"end":{"line":61,"column":21}},"14":{"start":{"line":65,"column":8},"end":{"line":65,"column":28}}},"branchMap":{"1":{"line":17,"type":"if","locations":[{"start":{"line":17,"column":8},"end":{"line":17,"column":8}},{"start":{"line":17,"column":8},"end":{"line":17,"column":8}}]},"2":{"line":22,"type":"if","locations":[{"start":{"line":22,"column":8},"end":{"line":22,"column":8}},{"start":{"line":22,"column":8},"end":{"line":22,"column":8}}]},"3":{"line":37,"type":"if","locations":[{"start":{"line":37,"column":8},"end":{"line":37,"column":8}},{"start":{"line":37,"column":8},"end":{"line":37,"column":8}}]},"4":{"line":51,"type":"if","locations":[{"start":{"line":51,"column":8},"end":{"line":51,"column":8}},{"start":{"line":51,"column":8},"end":{"line":51,"column":8}}]}}},"contracts\\PairHelper.sol":{"l":{"14":0,"18":11,"27":11,"29":0,"31":0,"32":0,"35":0,"42":11,"43":11,"45":11,"49":11},"path":"D:\\Fiverr\\onPlanetToken\\contracts\\PairHelper.sol","s":{"1":0,"2":11,"3":11,"4":11,"5":0,"6":0,"7":0,"8":0,"9":11,"10":11,"11":11},"b":{"1":[11,0],"2":[0,0]},"f":{"1":0,"2":11,"3":11,"4":11},"fnMap":{"1":{"name":"token0","line":13,"loc":{"start":{"line":13,"column":4},"end":{"line":15,"column":4}}},"2":{"name":"token1","line":17,"loc":{"start":{"line":17,"column":4},"end":{"line":19,"column":4}}},"3":{"name":"token","line":21,"loc":{"start":{"line":21,"column":4},"end":{"line":36,"column":4}}},"4":{"name":"isContract","line":38,"loc":{"start":{"line":38,"column":4},"end":{"line":50,"column":4}}}},"statementMap":{"1":{"start":{"line":14,"column":8},"end":{"line":14,"column":42}},"2":{"start":{"line":18,"column":8},"end":{"line":18,"column":42}},"3":{"start":{"line":27,"column":8},"end":{"line":27,"column":48}},"4":{"start":{"line":27,"column":31},"end":{"line":27,"column":48}},"5":{"start":{"line":29,"column":8},"end":{"line":29,"column":69}},"6":{"start":{"line":31,"column":8},"end":{"line":31,"column":983}},"7":{"start":{"line":32,"column":12},"end":{"line":32,"column":46}},"8":{"start":{"line":35,"column":8},"end":{"line":35,"column":25}},"9":{"start":{"line":42,"column":8},"end":{"line":42,"column":24}},"10":{"start":{"line":43,"column":8},"end":{"line":43,"column":96}},"11":{"start":{"line":49,"column":8},"end":{"line":49,"column":59}}},"branchMap":{"1":{"line":27,"type":"if","locations":[{"start":{"line":27,"column":8},"end":{"line":27,"column":8}},{"start":{"line":27,"column":8},"end":{"line":27,"column":8}}]},"2":{"line":31,"type":"if","locations":[{"start":{"line":31,"column":8},"end":{"line":31,"column":8}},{"start":{"line":31,"column":8},"end":{"line":31,"column":8}}]}}},"contracts\\SafeMath.sol":{"l":{"8":194,"9":194,"11":194,"15":679,"19":692,"20":692,"22":692,"26":300,"27":116,"30":184,"31":184,"33":184,"38":897,"42":897,"43":897,"46":897,"50":0,"54":0,"55":0},"path":"D:\\Fiverr\\onPlanetToken\\contracts\\SafeMath.sol","s":{"1":194,"2":194,"3":194,"4":679,"5":692,"6":692,"7":692,"8":300,"9":116,"10":184,"11":184,"12":184,"13":897,"14":897,"15":897,"16":897,"17":0,"18":0,"19":0},"b":{"1":[194,0],"2":[692,0],"3":[116,184],"4":[184,0],"5":[897,0],"6":[0,0]},"f":{"1":194,"2":679,"3":692,"4":300,"5":897,"6":897,"7":0,"8":0},"fnMap":{"1":{"name":"add","line":7,"loc":{"start":{"line":7,"column":4},"end":{"line":12,"column":4}}},"2":{"name":"sub","line":14,"loc":{"start":{"line":14,"column":4},"end":{"line":16,"column":4}}},"3":{"name":"sub","line":18,"loc":{"start":{"line":18,"column":4},"end":{"line":23,"column":4}}},"4":{"name":"mul","line":25,"loc":{"start":{"line":25,"column":4},"end":{"line":34,"column":4}}},"5":{"name":"div","line":37,"loc":{"start":{"line":37,"column":4},"end":{"line":39,"column":4}}},"6":{"name":"div","line":41,"loc":{"start":{"line":41,"column":4},"end":{"line":47,"column":4}}},"7":{"name":"mod","line":49,"loc":{"start":{"line":49,"column":4},"end":{"line":51,"column":4}}},"8":{"name":"mod","line":53,"loc":{"start":{"line":53,"column":4},"end":{"line":56,"column":4}}}},"statementMap":{"1":{"start":{"line":8,"column":8},"end":{"line":8,"column":25}},"2":{"start":{"line":9,"column":8},"end":{"line":9,"column":53}},"3":{"start":{"line":11,"column":8},"end":{"line":11,"column":16}},"4":{"start":{"line":15,"column":8},"end":{"line":15,"column":58}},"5":{"start":{"line":19,"column":8},"end":{"line":19,"column":36}},"6":{"start":{"line":20,"column":8},"end":{"line":20,"column":25}},"7":{"start":{"line":22,"column":8},"end":{"line":22,"column":16}},"8":{"start":{"line":26,"column":8},"end":{"line":26,"column":715}},"9":{"start":{"line":27,"column":12},"end":{"line":27,"column":20}},"10":{"start":{"line":30,"column":8},"end":{"line":30,"column":25}},"11":{"start":{"line":31,"column":8},"end":{"line":31,"column":63}},"12":{"start":{"line":33,"column":8},"end":{"line":33,"column":16}},"13":{"start":{"line":38,"column":8},"end":{"line":38,"column":54}},"14":{"start":{"line":42,"column":8},"end":{"line":42,"column":35}},"15":{"start":{"line":43,"column":8},"end":{"line":43,"column":25}},"16":{"start":{"line":46,"column":8},"end":{"line":46,"column":16}},"17":{"start":{"line":50,"column":8},"end":{"line":50,"column":52}},"18":{"start":{"line":54,"column":8},"end":{"line":54,"column":36}},"19":{"start":{"line":55,"column":8},"end":{"line":55,"column":20}}},"branchMap":{"1":{"line":9,"type":"if","locations":[{"start":{"line":9,"column":8},"end":{"line":9,"column":8}},{"start":{"line":9,"column":8},"end":{"line":9,"column":8}}]},"2":{"line":19,"type":"if","locations":[{"start":{"line":19,"column":8},"end":{"line":19,"column":8}},{"start":{"line":19,"column":8},"end":{"line":19,"column":8}}]},"3":{"line":26,"type":"if","locations":[{"start":{"line":26,"column":8},"end":{"line":26,"column":8}},{"start":{"line":26,"column":8},"end":{"line":26,"column":8}}]},"4":{"line":31,"type":"if","locations":[{"start":{"line":31,"column":8},"end":{"line":31,"column":8}},{"start":{"line":31,"column":8},"end":{"line":31,"column":8}}]},"5":{"line":42,"type":"if","locations":[{"start":{"line":42,"column":8},"end":{"line":42,"column":8}},{"start":{"line":42,"column":8},"end":{"line":42,"column":8}}]},"6":{"line":54,"type":"if","locations":[{"start":{"line":54,"column":8},"end":{"line":54,"column":8}},{"start":{"line":54,"column":8},"end":{"line":54,"column":8}}]}}},"contracts\\Uniswap.sol":{"l":{},"path":"D:\\Fiverr\\onPlanetToken\\contracts\\Uniswap.sol","s":{},"b":{},"f":{},"fnMap":{},"statementMap":{},"branchMap":{}},"contracts\\Uniswap\\BEP20.sol":{"l":{},"path":"D:\\Fiverr\\onPlanetToken\\contracts\\Uniswap\\BEP20.sol","s":{},"b":{},"f":{"1":0},"fnMap":{"1":{"name":"constructor","line":8,"loc":{"start":{"line":8,"column":0},"end":{"line":8,"column":56}}}},"statementMap":{},"branchMap":{}},"contracts\\Uniswap\\SafeMath.sol":{"l":{"7":0,"11":0,"15":0},"path":"D:\\Fiverr\\onPlanetToken\\contracts\\Uniswap\\SafeMath.sol","s":{"1":0,"2":0,"3":0},"b":{"1":[0,0],"2":[0,0],"3":[0,0]},"f":{"1":0,"2":0,"3":0},"fnMap":{"1":{"name":"add","line":6,"loc":{"start":{"line":6,"column":4},"end":{"line":8,"column":4}}},"2":{"name":"sub","line":10,"loc":{"start":{"line":10,"column":4},"end":{"line":12,"column":4}}},"3":{"name":"mul","line":14,"loc":{"start":{"line":14,"column":4},"end":{"line":16,"column":4}}}},"statementMap":{"1":{"start":{"line":7,"column":8},"end":{"line":7,"column":56}},"2":{"start":{"line":11,"column":8},"end":{"line":11,"column":57}},"3":{"start":{"line":15,"column":8},"end":{"line":15,"column":70}}},"branchMap":{"1":{"line":7,"type":"if","locations":[{"start":{"line":7,"column":8},"end":{"line":7,"column":8}},{"start":{"line":7,"column":8},"end":{"line":7,"column":8}}]},"2":{"line":11,"type":"if","locations":[{"start":{"line":11,"column":8},"end":{"line":11,"column":8}},{"start":{"line":11,"column":8},"end":{"line":11,"column":8}}]},"3":{"line":15,"type":"if","locations":[{"start":{"line":15,"column":8},"end":{"line":15,"column":8}},{"start":{"line":15,"column":8},"end":{"line":15,"column":8}}]}}},"contracts\\Uniswap\\UniswapV2FactoryClone.sol":{"l":{},"path":"D:\\Fiverr\\onPlanetToken\\contracts\\Uniswap\\UniswapV2FactoryClone.sol","s":{},"b":{},"f":{"1":0},"fnMap":{"1":{"name":"constructor","line":9,"loc":{"start":{"line":9,"column":4},"end":{"line":9,"column":77}}}},"statementMap":{},"branchMap":{}},"contracts\\Uniswap\\UniswapV2PairClone.sol":{"l":{},"path":"D:\\Fiverr\\onPlanetToken\\contracts\\Uniswap\\UniswapV2PairClone.sol","s":{},"b":{},"f":{},"fnMap":{},"statementMap":{},"branchMap":{}},"contracts\\Uniswap\\UniswapV2Router02Clone.sol":{"l":{},"path":"D:\\Fiverr\\onPlanetToken\\contracts\\Uniswap\\UniswapV2Router02Clone.sol","s":{},"b":{},"f":{"1":0},"fnMap":{"1":{"name":"constructor","line":10,"loc":{"start":{"line":9,"column":4},"end":{"line":10,"column":47}}}},"statementMap":{},"branchMap":{}},"contracts\\Uniswap\\WETH9.sol":{"l":{"35":0,"36":16,"39":16,"40":1,"41":1,"42":1,"46":1,"50":0,"51":0,"52":0,"56":0,"63":21,"65":21,"66":21,"67":0,"70":0,"71":21,"73":21,"75":21},"path":"D:\\Fiverr\\onPlanetToken\\contracts\\Uniswap\\WETH9.sol","s":{"1":16,"2":16,"3":1,"4":1,"5":1,"6":1,"7":0,"8":0,"9":0,"10":0,"11":21,"12":21,"13":21,"14":0,"15":0,"16":21,"17":21,"18":21,"19":21},"b":{"1":[1,0],"2":[21,0],"3":[21,0],"4":[0,0]},"f":{"1":0,"2":16,"3":1,"4":0,"5":0,"6":21},"fnMap":{"1":{"name":"deposit","line":34,"loc":{"start":{"line":34,"column":4},"end":{"line":37,"column":4}}},"2":{"name":"withdraw","line":38,"loc":{"start":{"line":38,"column":4},"end":{"line":43,"column":4}}},"3":{"name":"totalSupply","line":45,"loc":{"start":{"line":45,"column":4},"end":{"line":47,"column":4}}},"4":{"name":"approve","line":49,"loc":{"start":{"line":49,"column":4},"end":{"line":53,"column":4}}},"5":{"name":"transfer","line":55,"loc":{"start":{"line":55,"column":4},"end":{"line":57,"column":4}}},"6":{"name":"transferFrom","line":59,"loc":{"start":{"line":59,"column":4},"end":{"line":76,"column":4}}}},"statementMap":{"1":{"start":{"line":35,"column":8},"end":{"line":35,"column":41}},"2":{"start":{"line":36,"column":8},"end":{"line":36,"column":43}},"3":{"start":{"line":39,"column":8},"end":{"line":39,"column":48}},"4":{"start":{"line":40,"column":8},"end":{"line":40,"column":35}},"5":{"start":{"line":41,"column":8},"end":{"line":41,"column":31}},"6":{"start":{"line":42,"column":8},"end":{"line":42,"column":40}},"7":{"start":{"line":46,"column":8},"end":{"line":46,"column":36}},"8":{"start":{"line":50,"column":8},"end":{"line":50,"column":39}},"9":{"start":{"line":51,"column":8},"end":{"line":51,"column":43}},"10":{"start":{"line":52,"column":8},"end":{"line":52,"column":19}},"11":{"start":{"line":56,"column":8},"end":{"line":56,"column":49}},"12":{"start":{"line":63,"column":8},"end":{"line":63,"column":41}},"13":{"start":{"line":65,"column":8},"end":{"line":65,"column":2297}},"14":{"start":{"line":66,"column":12},"end":{"line":66,"column":57}},"15":{"start":{"line":67,"column":12},"end":{"line":67,"column":44}},"16":{"start":{"line":70,"column":8},"end":{"line":70,"column":28}},"17":{"start":{"line":71,"column":8},"end":{"line":71,"column":28}},"18":{"start":{"line":73,"column":8},"end":{"line":73,"column":36}},"19":{"start":{"line":75,"column":8},"end":{"line":75,"column":19}}},"branchMap":{"1":{"line":39,"type":"if","locations":[{"start":{"line":39,"column":8},"end":{"line":39,"column":8}},{"start":{"line":39,"column":8},"end":{"line":39,"column":8}}]},"2":{"line":63,"type":"if","locations":[{"start":{"line":63,"column":8},"end":{"line":63,"column":8}},{"start":{"line":63,"column":8},"end":{"line":63,"column":8}}]},"3":{"line":65,"type":"if","locations":[{"start":{"line":65,"column":8},"end":{"line":65,"column":8}},{"start":{"line":65,"column":8},"end":{"line":65,"column":8}}]},"4":{"line":66,"type":"if","locations":[{"start":{"line":66,"column":12},"end":{"line":66,"column":12}},{"start":{"line":66,"column":12},"end":{"line":66,"column":12}}]}}}}