{"contracts\\Context.sol":{"l":{"7":0,"11":0,"12":0},"path":"D:\\Fiverr\\onPlanetToken\\contracts\\Context.sol","s":{"1":0,"2":0},"b":{},"f":{"1":0,"2":0},"fnMap":{"1":{"name":"_msgSender","line":6,"loc":{"start":{"line":6,"column":4},"end":{"line":8,"column":4}}},"2":{"name":"_msgData","line":10,"loc":{"start":{"line":10,"column":4},"end":{"line":13,"column":4}}}},"statementMap":{"1":{"start":{"line":7,"column":8},"end":{"line":7,"column":34}},"2":{"start":{"line":12,"column":8},"end":{"line":12,"column":23}}},"branchMap":{}},"contracts\\IERC20.sol":{"l":{},"path":"D:\\Fiverr\\onPlanetToken\\contracts\\IERC20.sol","s":{},"b":{},"f":{},"fnMap":{},"statementMap":{},"branchMap":{}},"contracts\\onPlanet.sol":{"l":{"192":0,"193":0,"194":0,"197":0,"201":0,"202":0,"203":0,"206":0,"214":0,"217":0,"218":0,"220":0,"221":0,"230":0,"232":0,"234":0,"235":0,"237":0,"238":0,"240":0,"241":0,"243":0,"244":0,"246":0,"247":0,"249":0,"253":0,"257":0,"261":0,"265":0,"269":0,"273":0,"274":0,"278":0,"279":0,"280":0,"284":0,"285":0,"289":0,"290":0,"294":0,"295":0,"297":0,"298":0,"305":0,"307":0,"309":0,"310":0,"316":0,"326":0,"327":0,"336":0,"337":0,"339":0,"340":0,"341":0,"346":0,"347":0,"348":0,"349":0,"352":0,"353":0,"359":0,"360":0,"361":0,"362":0,"378":0,"380":0,"381":0,"395":0,"396":0,"397":0,"411":0,"412":0,"414":0,"416":0,"418":0,"419":0,"423":0,"424":0,"428":0,"429":0,"430":0,"433":0,"436":0,"437":0,"438":0,"440":0,"442":0,"443":0,"446":0,"447":0,"450":0,"456":0,"465":0,"466":0,"469":0,"483":0,"487":0,"491":0,"495":0,"499":0,"500":0,"501":0,"502":0,"506":0,"507":0,"521":0,"522":0,"525":0,"527":0,"528":0,"530":0,"531":0,"532":0,"535":0,"536":0,"539":0,"540":0,"541":0,"542":0,"545":0,"549":0,"550":0,"553":0,"554":0,"555":0,"556":0,"557":0,"563":0,"564":0,"565":0,"566":0,"567":0,"568":0,"571":0,"572":0,"573":0,"575":0,"576":0,"577":0,"580":0,"581":0,"584":0,"586":0,"587":0,"593":0,"594":0,"596":0,"597":0,"598":0,"601":0,"603":0,"604":0,"610":0,"612":0,"615":0,"618":0,"624":0,"625":0,"626":0,"628":0,"631":0,"632":0,"634":0,"636":0,"640":0,"651":0,"653":0,"669":0,"670":0,"671":0,"673":0,"676":0,"684":0,"693":0,"694":0,"695":0,"698":0,"707":0,"717":0,"718":0,"719":0,"720":0,"722":0,"725":0,"733":0,"737":0,"738":0,"741":0,"742":0,"743":0,"744":0,"746":0,"747":0,"748":0,"752":0,"753":0,"763":0,"764":0,"766":0,"768":0,"770":0,"774":0,"776":0,"778":0,"781":0,"787":0,"791":0,"795":0,"799":0,"800":0,"801":0,"802":0,"804":0,"805":0,"810":0,"811":0,"812":0,"816":0,"817":0,"818":0,"820":0,"821":0,"825":0,"826":0,"827":0,"828":0,"829":0,"830":0,"831":0,"832":0,"833":0,"839":0,"840":0,"842":0,"843":0,"845":0,"847":0,"849":0,"852":0,"853":0,"854":0,"856":0,"860":0,"861":0,"862":0,"863":0,"864":0,"865":0,"869":0,"870":0,"871":0,"872":0,"873":0,"874":0,"875":0,"879":0,"880":0,"881":0,"882":0,"883":0,"884":0,"885":0,"889":0,"890":0,"891":0,"892":0,"893":0,"894":0,"895":0,"896":0,"900":0,"901":0,"905":0,"906":0,"907":0,"911":0,"912":0,"913":0,"914":0,"918":0,"919":0,"920":0,"921":0,"922":0,"926":0,"927":0,"931":0,"932":0,"933":0,"934":0,"935":0,"936":0,"938":0,"939":0,"943":0,"944":0,"945":0,"946":0,"947":0,"951":0,"957":0,"963":0,"965":0,"966":0,"967":0,"971":0,"972":0,"974":0,"976":0,"977":0,"981":0,"982":0,"983":0,"987":0,"991":0,"995":0,"999":0,"1003":0,"1004":0,"1005":0,"1009":0,"1010":0,"1011":0,"1023":0,"1027":0,"1031":0,"1035":0,"1036":0,"1040":0,"1041":0,"1043":0,"1047":0,"1048":0,"1050":0,"1054":0,"1055":0,"1059":0,"1060":0,"1064":0,"1066":0,"1068":0,"1069":0,"1070":0,"1071":0,"1074":0,"1075":0,"1076":0,"1078":0,"1079":0,"1085":0,"1086":0,"1087":0,"1091":0,"1092":0,"1096":0,"1097":0,"1099":0,"1100":0,"1104":0,"1109":0,"1111":0,"1112":0,"1113":0,"1114":0,"1115":0,"1119":0,"1123":0,"1127":0,"1128":0,"1130":0,"1137":0,"1140":0,"1141":0,"1143":0,"1147":0},"path":"D:\\Fiverr\\onPlanetToken\\contracts\\onPlanet.sol","s":{"1":0,"2":0,"3":0,"4":0,"5":0,"6":0,"7":0,"8":0,"9":0,"10":0,"11":0,"12":0,"13":0,"14":0,"15":0,"16":0,"17":0,"18":0,"19":0,"20":0,"21":0,"22":0,"23":0,"24":0,"25":0,"26":0,"27":0,"28":0,"29":0,"30":0,"31":0,"32":0,"33":0,"34":0,"35":0,"36":0,"37":0,"38":0,"39":0,"40":0,"41":0,"42":0,"43":0,"44":0,"45":0,"46":0,"47":0,"48":0,"49":0,"50":0,"51":0,"52":0,"53":0,"54":0,"55":0,"56":0,"57":0,"58":0,"59":0,"60":0,"61":0,"62":0,"63":0,"64":0,"65":0,"66":0,"67":0,"68":0,"69":0,"70":0,"71":0,"72":0,"73":0,"74":0,"75":0,"76":0,"77":0,"78":0,"79":0,"80":0,"81":0,"82":0,"83":0,"84":0,"85":0,"86":0,"87":0,"88":0,"89":0,"90":0,"91":0,"92":0,"93":0,"94":0,"95":0,"96":0,"97":0,"98":0,"99":0,"100":0,"101":0,"102":0,"103":0,"104":0,"105":0,"106":0,"107":0,"108":0,"109":0,"110":0,"111":0,"112":0,"113":0,"114":0,"115":0,"116":0,"117":0,"118":0,"119":0,"120":0,"121":0,"122":0,"123":0,"124":0,"125":0,"126":0,"127":0,"128":0,"129":0,"130":0,"131":0,"132":0,"133":0,"134":0,"135":0,"136":0,"137":0,"138":0,"139":0,"140":0,"141":0,"142":0,"143":0,"144":0,"145":0,"146":0,"147":0,"148":0,"149":0,"150":0,"151":0,"152":0,"153":0,"154":0,"155":0,"156":0,"157":0,"158":0,"159":0,"160":0,"161":0,"162":0,"163":0,"164":0,"165":0,"166":0,"167":0,"168":0,"169":0,"170":0,"171":0,"172":0,"173":0,"174":0,"175":0,"176":0,"177":0,"178":0,"179":0,"180":0,"181":0,"182":0,"183":0,"184":0,"185":0,"186":0,"187":0,"188":0,"189":0,"190":0,"191":0,"192":0,"193":0,"194":0,"195":0,"196":0,"197":0,"198":0,"199":0,"200":0,"201":0,"202":0,"203":0,"204":0,"205":0,"206":0,"207":0,"208":0,"209":0,"210":0,"211":0,"212":0,"213":0,"214":0,"215":0,"216":0,"217":0,"218":0,"219":0,"220":0,"221":0,"222":0,"223":0,"224":0,"225":0,"226":0,"227":0,"228":0,"229":0,"230":0,"231":0,"232":0,"233":0,"234":0,"235":0,"236":0,"237":0,"238":0,"239":0,"240":0,"241":0,"242":0,"243":0,"244":0,"245":0,"246":0,"247":0,"248":0,"249":0,"250":0,"251":0,"252":0,"253":0,"254":0,"255":0,"256":0,"257":0,"258":0,"259":0,"260":0,"261":0,"262":0,"263":0,"264":0,"265":0,"266":0,"267":0,"268":0,"269":0,"270":0,"271":0,"272":0,"273":0,"274":0,"275":0,"276":0,"277":0,"278":0,"279":0,"280":0,"281":0,"282":0,"283":0,"284":0,"285":0,"286":0,"287":0,"288":0,"289":0,"290":0,"291":0,"292":0,"293":0,"294":0,"295":0,"296":0,"297":0,"298":0,"299":0,"300":0,"301":0,"302":0,"303":0,"304":0,"305":0,"306":0,"307":0,"308":0,"309":0,"310":0,"311":0,"312":0,"313":0,"314":0,"315":0,"316":0,"317":0,"318":0,"319":0,"320":0,"321":0,"322":0,"323":0,"324":0,"325":0,"326":0,"327":0,"328":0,"329":0,"330":0,"331":0,"332":0,"333":0,"334":0,"335":0,"336":0,"337":0,"338":0,"339":0,"340":0,"341":0,"342":0,"343":0,"344":0,"345":0,"346":0,"347":0,"348":0,"349":0,"350":0,"351":0,"352":0,"353":0,"354":0,"355":0,"356":0,"357":0,"358":0,"359":0,"360":0,"361":0,"362":0,"363":0,"364":0,"365":0,"366":0,"367":0,"368":0,"369":0,"370":0,"371":0,"372":0,"373":0,"374":0,"375":0,"376":0,"377":0,"378":0,"379":0,"380":0,"381":0,"382":0},"b":{"1":[0,0],"2":[0,0],"3":[0,0],"4":[0,0],"5":[0,0],"6":[0,0],"7":[0,0],"8":[0,0],"9":[0,0],"10":[0,0],"11":[0,0],"12":[0,0],"13":[0,0],"14":[0,0],"15":[0,0],"16":[0,0],"17":[0,0],"18":[0,0],"19":[0,0],"20":[0,0],"21":[0,0],"22":[0,0],"23":[0,0],"24":[0,0],"25":[0,0],"26":[0,0],"27":[0,0],"28":[0,0],"29":[0,0],"30":[0,0],"31":[0,0],"32":[0,0],"33":[0,0],"34":[0,0],"35":[0,0],"36":[0,0],"37":[0,0],"38":[0,0],"39":[0,0],"40":[0,0],"41":[0,0],"42":[0,0],"43":[0,0],"44":[0,0],"45":[0,0],"46":[0,0],"47":[0,0],"48":[0,0],"49":[0,0],"50":[0,0],"51":[0,0],"52":[0,0],"53":[0,0],"54":[0,0],"55":[0,0],"56":[0,0],"57":[0,0],"58":[0,0],"59":[0,0],"60":[0,0],"61":[0,0],"62":[0,0],"63":[0,0],"64":[0,0],"65":[0,0],"66":[0,0],"67":[0,0],"68":[0,0],"69":[0,0],"70":[0,0],"71":[0,0],"72":[0,0],"73":[0,0],"74":[0,0],"75":[0,0],"76":[0,0],"77":[0,0],"78":[0,0],"79":[0,0],"80":[0,0],"81":[0,0],"82":[0,0]},"f":{"1":0,"2":0,"3":0,"4":0,"5":0,"6":0,"7":0,"8":0,"9":0,"10":0,"11":0,"12":0,"13":0,"14":0,"15":0,"16":0,"17":0,"18":0,"19":0,"20":0,"21":0,"22":0,"23":0,"24":0,"25":0,"26":0,"27":0,"28":0,"29":0,"30":0,"31":0,"32":0,"33":0,"34":0,"35":0,"36":0,"37":0,"38":0,"39":0,"40":0,"41":0,"42":0,"43":0,"44":0,"45":0,"46":0,"47":0,"48":0,"49":0,"50":0,"51":0,"52":0,"53":0,"54":0,"55":0,"56":0,"57":0,"58":0,"59":0,"60":0,"61":0,"62":0,"63":0,"64":0,"65":0,"66":0,"67":0,"68":0,"69":0,"70":0,"71":0,"72":0,"73":0,"74":0,"75":0,"76":0,"77":0,"78":0,"79":0,"80":0,"81":0,"82":0,"83":0},"fnMap":{"1":{"name":"lockTheSwap","line":191,"loc":{"start":{"line":191,"column":4},"end":{"line":198,"column":4}}},"2":{"name":"tokenCheck","line":200,"loc":{"start":{"line":200,"column":4},"end":{"line":207,"column":4}}},"3":{"name":"constructor","line":209,"loc":{"start":{"line":209,"column":4},"end":{"line":250,"column":4}}},"4":{"name":"totalSupply","line":252,"loc":{"start":{"line":252,"column":4},"end":{"line":254,"column":4}}},"5":{"name":"name","line":256,"loc":{"start":{"line":256,"column":4},"end":{"line":258,"column":4}}},"6":{"name":"symbol","line":260,"loc":{"start":{"line":260,"column":4},"end":{"line":262,"column":4}}},"7":{"name":"decimals","line":264,"loc":{"start":{"line":264,"column":4},"end":{"line":266,"column":4}}},"8":{"name":"allowance","line":268,"loc":{"start":{"line":268,"column":4},"end":{"line":270,"column":4}}},"9":{"name":"approve","line":272,"loc":{"start":{"line":272,"column":4},"end":{"line":275,"column":4}}},"10":{"name":"transferFrom","line":277,"loc":{"start":{"line":277,"column":4},"end":{"line":281,"column":4}}},"11":{"name":"increaseAllowance","line":283,"loc":{"start":{"line":283,"column":4},"end":{"line":286,"column":4}}},"12":{"name":"decreaseAllowance","line":288,"loc":{"start":{"line":288,"column":4},"end":{"line":291,"column":4}}},"13":{"name":"_approve","line":293,"loc":{"start":{"line":293,"column":4},"end":{"line":299,"column":4}}},"14":{"name":"manualBuyback","line":303,"loc":{"start":{"line":301,"column":4},"end":{"line":323,"column":4}}},"15":{"name":"buyBackTokens","line":325,"loc":{"start":{"line":325,"column":4},"end":{"line":333,"column":4}}},"16":{"name":"swapTokens","line":335,"loc":{"start":{"line":335,"column":4},"end":{"line":365,"column":4}}},"17":{"name":"setBuybackUpperLimit","line":369,"loc":{"start":{"line":367,"column":4},"end":{"line":382,"column":4}}},"18":{"name":"setBuybackTriggerTokenLimit","line":386,"loc":{"start":{"line":384,"column":4},"end":{"line":401,"column":4}}},"19":{"name":"setBuybackMinAvailability","line":405,"loc":{"start":{"line":403,"column":4},"end":{"line":420,"column":4}}},"20":{"name":"setBuyBackEnabled","line":422,"loc":{"start":{"line":422,"column":4},"end":{"line":425,"column":4}}},"21":{"name":"setTradingEnabled","line":427,"loc":{"start":{"line":427,"column":4},"end":{"line":451,"column":4}}},"22":{"name":"isTradingEnabled","line":453,"loc":{"start":{"line":453,"column":4},"end":{"line":457,"column":4}}},"23":{"name":"inTradingStartCoolDown","line":459,"loc":{"start":{"line":459,"column":4},"end":{"line":477,"column":4}}},"24":{"name":"maxTxCooldownAmount","line":482,"loc":{"start":{"line":482,"column":4},"end":{"line":484,"column":4}}},"25":{"name":"inTokenCheck","line":486,"loc":{"start":{"line":486,"column":4},"end":{"line":488,"column":4}}},"26":{"name":"inSwapAndLiquify","line":490,"loc":{"start":{"line":490,"column":4},"end":{"line":492,"column":4}}},"27":{"name":"setReflectionOn","line":494,"loc":{"start":{"line":494,"column":4},"end":{"line":496,"column":4}}},"28":{"name":"transferBalance","line":498,"loc":{"start":{"line":498,"column":4},"end":{"line":503,"column":4}}},"29":{"name":"transfer","line":505,"loc":{"start":{"line":505,"column":4},"end":{"line":508,"column":4}}},"30":{"name":"_transfer","line":510,"loc":{"start":{"line":510,"column":4},"end":{"line":619,"column":4}}},"31":{"name":"_recordPotentialLiquidityAddTransaction","line":623,"loc":{"start":{"line":621,"column":4},"end":{"line":647,"column":4}}},"32":{"name":"_clearTransferIfNeeded","line":649,"loc":{"start":{"line":649,"column":4},"end":{"line":661,"column":4}}},"33":{"name":"swapTokensForEth","line":663,"loc":{"start":{"line":663,"column":4},"end":{"line":685,"column":4}}},"34":{"name":"swapETHForTokensNoFee","line":687,"loc":{"start":{"line":687,"column":4},"end":{"line":708,"column":4}}},"35":{"name":"swapTokensForTokens","line":710,"loc":{"start":{"line":710,"column":4},"end":{"line":734,"column":4}}},"36":{"name":"validateDuringTradingCoolDown","line":736,"loc":{"start":{"line":736,"column":4},"end":{"line":754,"column":4}}},"37":{"name":"_validateIfLiquidityAdd","line":757,"loc":{"start":{"line":757,"column":4},"end":{"line":784,"column":4}}},"38":{"name":"isExcludedFromReward","line":786,"loc":{"start":{"line":786,"column":4},"end":{"line":788,"column":4}}},"39":{"name":"totalFees","line":790,"loc":{"start":{"line":790,"column":4},"end":{"line":792,"column":4}}},"40":{"name":"buyBackUpperLimitAmount","line":794,"loc":{"start":{"line":794,"column":4},"end":{"line":796,"column":4}}},"41":{"name":"reflectionFromToken","line":798,"loc":{"start":{"line":798,"column":4},"end":{"line":807,"column":4}}},"42":{"name":"tokenFromReflection","line":809,"loc":{"start":{"line":809,"column":4},"end":{"line":813,"column":4}}},"43":{"name":"excludeFromReward","line":815,"loc":{"start":{"line":815,"column":4},"end":{"line":822,"column":4}}},"44":{"name":"includeInReward","line":824,"loc":{"start":{"line":824,"column":4},"end":{"line":836,"column":4}}},"45":{"name":"_tokenTransfer","line":838,"loc":{"start":{"line":838,"column":4},"end":{"line":857,"column":4}}},"46":{"name":"_transferStandard","line":859,"loc":{"start":{"line":859,"column":4},"end":{"line":866,"column":4}}},"47":{"name":"_transferToExcluded","line":868,"loc":{"start":{"line":868,"column":4},"end":{"line":876,"column":4}}},"48":{"name":"_transferFromExcluded","line":878,"loc":{"start":{"line":878,"column":4},"end":{"line":886,"column":4}}},"49":{"name":"_transferBothExcluded","line":888,"loc":{"start":{"line":888,"column":4},"end":{"line":897,"column":4}}},"50":{"name":"_reflectFee","line":899,"loc":{"start":{"line":899,"column":4},"end":{"line":902,"column":4}}},"51":{"name":"_getValues","line":904,"loc":{"start":{"line":904,"column":4},"end":{"line":908,"column":4}}},"52":{"name":"_getTValues","line":910,"loc":{"start":{"line":910,"column":4},"end":{"line":915,"column":4}}},"53":{"name":"_getRValues","line":917,"loc":{"start":{"line":917,"column":4},"end":{"line":923,"column":4}}},"54":{"name":"_getRate","line":925,"loc":{"start":{"line":925,"column":4},"end":{"line":928,"column":4}}},"55":{"name":"_getCurrentSupply","line":930,"loc":{"start":{"line":930,"column":4},"end":{"line":940,"column":4}}},"56":{"name":"_takeLiquidity","line":942,"loc":{"start":{"line":942,"column":4},"end":{"line":948,"column":4}}},"57":{"name":"calculateTaxFee","line":950,"loc":{"start":{"line":950,"column":4},"end":{"line":954,"column":4}}},"58":{"name":"calculateLiquidityFee","line":956,"loc":{"start":{"line":956,"column":4},"end":{"line":960,"column":4}}},"59":{"name":"removeAllFee","line":962,"loc":{"start":{"line":962,"column":4},"end":{"line":968,"column":4}}},"60":{"name":"restoreAllFee","line":970,"loc":{"start":{"line":970,"column":4},"end":{"line":978,"column":4}}},"61":{"name":"setMultiFee","line":980,"loc":{"start":{"line":980,"column":4},"end":{"line":984,"column":4}}},"62":{"name":"setBotAddress","line":986,"loc":{"start":{"line":986,"column":4},"end":{"line":988,"column":4}}},"63":{"name":"isExcludedFromFee","line":990,"loc":{"start":{"line":990,"column":4},"end":{"line":992,"column":4}}},"64":{"name":"excludeFromFee","line":994,"loc":{"start":{"line":994,"column":4},"end":{"line":996,"column":4}}},"65":{"name":"includeInFee","line":998,"loc":{"start":{"line":998,"column":4},"end":{"line":1000,"column":4}}},"66":{"name":"setDefaultInFeePercent","line":1002,"loc":{"start":{"line":1002,"column":4},"end":{"line":1006,"column":4}}},"67":{"name":"setDefaultOutFeePercent","line":1008,"loc":{"start":{"line":1008,"column":4},"end":{"line":1012,"column":4}}},"68":{"name":"setMultiFeeOn","line":1022,"loc":{"start":{"line":1022,"column":4},"end":{"line":1024,"column":4}}},"69":{"name":"setMaxSellCount","line":1026,"loc":{"start":{"line":1026,"column":4},"end":{"line":1028,"column":4}}},"70":{"name":"setMaxTxAmount","line":1030,"loc":{"start":{"line":1030,"column":4},"end":{"line":1032,"column":4}}},"71":{"name":"setNumTokensSellToAddToLiquidity","line":1034,"loc":{"start":{"line":1034,"column":4},"end":{"line":1037,"column":4}}},"72":{"name":"setMarketingAddress","line":1039,"loc":{"start":{"line":1039,"column":4},"end":{"line":1044,"column":4}}},"73":{"name":"setDeveloperAddress","line":1046,"loc":{"start":{"line":1046,"column":4},"end":{"line":1051,"column":4}}},"74":{"name":"setSwapAndLiquifyEnabled","line":1053,"loc":{"start":{"line":1053,"column":4},"end":{"line":1056,"column":4}}},"75":{"name":"setEthBuyback","line":1058,"loc":{"start":{"line":1058,"column":4},"end":{"line":1061,"column":4}}},"76":{"name":"setReflectionEnabled","line":1063,"loc":{"start":{"line":1063,"column":4},"end":{"line":1082,"column":4}}},"77":{"name":"setBuyBackTokenAddress","line":1084,"loc":{"start":{"line":1084,"column":4},"end":{"line":1088,"column":4}}},"78":{"name":"updateStakingAddress","line":1090,"loc":{"start":{"line":1090,"column":4},"end":{"line":1093,"column":4}}},"79":{"name":"_onPlanetEcosystemContractAdd","line":1095,"loc":{"start":{"line":1095,"column":4},"end":{"line":1101,"column":4}}},"80":{"name":"onPlanetEcosystemContractRemove","line":1103,"loc":{"start":{"line":1103,"column":4},"end":{"line":1120,"column":4}}},"81":{"name":"transferToAddressETH","line":1122,"loc":{"start":{"line":1122,"column":4},"end":{"line":1124,"column":4}}},"82":{"name":"balanceOf","line":1126,"loc":{"start":{"line":1126,"column":4},"end":{"line":1144,"column":4}}},"83":{"name":"_balanceOf","line":1146,"loc":{"start":{"line":1146,"column":4},"end":{"line":1148,"column":4}}}},"statementMap":{"1":{"start":{"line":192,"column":8},"end":{"line":192,"column":64}},"2":{"start":{"line":193,"column":8},"end":{"line":193,"column":32}},"3":{"start":{"line":197,"column":8},"end":{"line":197,"column":33}},"4":{"start":{"line":201,"column":8},"end":{"line":201,"column":62}},"5":{"start":{"line":202,"column":8},"end":{"line":202,"column":30}},"6":{"start":{"line":206,"column":8},"end":{"line":206,"column":31}},"7":{"start":{"line":214,"column":8},"end":{"line":214,"column":53}},"8":{"start":{"line":217,"column":8},"end":{"line":217,"column":38}},"9":{"start":{"line":218,"column":8},"end":{"line":218,"column":38}},"10":{"start":{"line":220,"column":8},"end":{"line":220,"column":31}},"11":{"start":{"line":221,"column":8},"end":{"line":221,"column":33}},"12":{"start":{"line":230,"column":8},"end":{"line":230,"column":119}},"13":{"start":{"line":232,"column":8},"end":{"line":232,"column":41}},"14":{"start":{"line":234,"column":8},"end":{"line":234,"column":41}},"15":{"start":{"line":235,"column":8},"end":{"line":235,"column":47}},"16":{"start":{"line":237,"column":8},"end":{"line":237,"column":40}},"17":{"start":{"line":238,"column":8},"end":{"line":238,"column":36}},"18":{"start":{"line":240,"column":8},"end":{"line":240,"column":32}},"19":{"start":{"line":241,"column":8},"end":{"line":241,"column":27}},"20":{"start":{"line":243,"column":8},"end":{"line":243,"column":38}},"21":{"start":{"line":244,"column":8},"end":{"line":244,"column":33}},"22":{"start":{"line":246,"column":8},"end":{"line":246,"column":38}},"23":{"start":{"line":247,"column":8},"end":{"line":247,"column":33}},"24":{"start":{"line":249,"column":8},"end":{"line":249,"column":56}},"25":{"start":{"line":253,"column":8},"end":{"line":253,"column":22}},"26":{"start":{"line":257,"column":8},"end":{"line":257,"column":20}},"27":{"start":{"line":261,"column":8},"end":{"line":261,"column":22}},"28":{"start":{"line":265,"column":8},"end":{"line":265,"column":29}},"29":{"start":{"line":269,"column":8},"end":{"line":269,"column":42}},"30":{"start":{"line":273,"column":8},"end":{"line":273,"column":46}},"31":{"start":{"line":274,"column":8},"end":{"line":274,"column":19}},"32":{"start":{"line":278,"column":8},"end":{"line":278,"column":43}},"33":{"start":{"line":279,"column":8},"end":{"line":279,"column":128}},"34":{"start":{"line":280,"column":8},"end":{"line":280,"column":19}},"35":{"start":{"line":284,"column":8},"end":{"line":284,"column":90}},"36":{"start":{"line":285,"column":8},"end":{"line":285,"column":19}},"37":{"start":{"line":289,"column":8},"end":{"line":289,"column":136}},"38":{"start":{"line":290,"column":8},"end":{"line":290,"column":19}},"39":{"start":{"line":294,"column":8},"end":{"line":294,"column":75}},"40":{"start":{"line":295,"column":8},"end":{"line":295,"column":75}},"41":{"start":{"line":297,"column":8},"end":{"line":297,"column":43}},"42":{"start":{"line":298,"column":8},"end":{"line":298,"column":45}},"43":{"start":{"line":305,"column":8},"end":{"line":305,"column":65}},"44":{"start":{"line":307,"column":8},"end":{"line":307,"column":65}},"45":{"start":{"line":309,"column":8},"end":{"line":309,"column":12106}},"46":{"start":{"line":310,"column":12},"end":{"line":310,"column":12139}},"47":{"start":{"line":316,"column":12},"end":{"line":316,"column":12295}},"48":{"start":{"line":326,"column":8},"end":{"line":326,"column":12549}},"49":{"start":{"line":327,"column":12},"end":{"line":327,"column":12584}},"50":{"start":{"line":336,"column":8},"end":{"line":336,"column":30}},"51":{"start":{"line":337,"column":8},"end":{"line":337,"column":34}},"52":{"start":{"line":339,"column":8},"end":{"line":339,"column":12885}},"53":{"start":{"line":340,"column":12},"end":{"line":340,"column":49}},"54":{"start":{"line":341,"column":12},"end":{"line":341,"column":12973}},"55":{"start":{"line":346,"column":12},"end":{"line":346,"column":73}},"56":{"start":{"line":347,"column":12},"end":{"line":347,"column":13199}},"57":{"start":{"line":348,"column":16},"end":{"line":348,"column":122}},"58":{"start":{"line":349,"column":16},"end":{"line":349,"column":116}},"59":{"start":{"line":352,"column":12},"end":{"line":352,"column":80}},"60":{"start":{"line":353,"column":12},"end":{"line":353,"column":13644}},"61":{"start":{"line":359,"column":12},"end":{"line":359,"column":104}},"62":{"start":{"line":360,"column":12},"end":{"line":360,"column":13942}},"63":{"start":{"line":361,"column":16},"end":{"line":361,"column":138}},"64":{"start":{"line":362,"column":16},"end":{"line":362,"column":132}},"65":{"start":{"line":378,"column":8},"end":{"line":378,"column":45}},"66":{"start":{"line":380,"column":8},"end":{"line":380,"column":74}},"67":{"start":{"line":381,"column":8},"end":{"line":381,"column":67}},"68":{"start":{"line":395,"column":8},"end":{"line":395,"column":52}},"69":{"start":{"line":396,"column":8},"end":{"line":396,"column":53}},"70":{"start":{"line":397,"column":8},"end":{"line":397,"column":15635}},"71":{"start":{"line":411,"column":8},"end":{"line":411,"column":80}},"72":{"start":{"line":412,"column":8},"end":{"line":412,"column":88}},"73":{"start":{"line":414,"column":8},"end":{"line":414,"column":78}},"74":{"start":{"line":416,"column":8},"end":{"line":416,"column":50}},"75":{"start":{"line":418,"column":8},"end":{"line":418,"column":73}},"76":{"start":{"line":419,"column":8},"end":{"line":419,"column":77}},"77":{"start":{"line":423,"column":8},"end":{"line":423,"column":32}},"78":{"start":{"line":424,"column":8},"end":{"line":424,"column":44}},"79":{"start":{"line":428,"column":8},"end":{"line":428,"column":87}},"80":{"start":{"line":429,"column":8},"end":{"line":429,"column":95}},"81":{"start":{"line":430,"column":8},"end":{"line":430,"column":110}},"82":{"start":{"line":433,"column":8},"end":{"line":433,"column":97}},"83":{"start":{"line":436,"column":8},"end":{"line":436,"column":61}},"84":{"start":{"line":437,"column":8},"end":{"line":437,"column":76}},"85":{"start":{"line":438,"column":8},"end":{"line":438,"column":63}},"86":{"start":{"line":440,"column":8},"end":{"line":440,"column":44}},"87":{"start":{"line":442,"column":8},"end":{"line":442,"column":30}},"88":{"start":{"line":443,"column":8},"end":{"line":443,"column":37}},"89":{"start":{"line":446,"column":8},"end":{"line":446,"column":68}},"90":{"start":{"line":447,"column":8},"end":{"line":447,"column":76}},"91":{"start":{"line":450,"column":8},"end":{"line":450,"column":29}},"92":{"start":{"line":456,"column":8},"end":{"line":456,"column":46}},"93":{"start":{"line":465,"column":8},"end":{"line":465,"column":18534}},"94":{"start":{"line":466,"column":12},"end":{"line":466,"column":58}},"95":{"start":{"line":469,"column":12},"end":{"line":469,"column":23}},"96":{"start":{"line":483,"column":8},"end":{"line":483,"column":32}},"97":{"start":{"line":487,"column":8},"end":{"line":487,"column":39}},"98":{"start":{"line":491,"column":8},"end":{"line":491,"column":41}},"99":{"start":{"line":495,"column":8},"end":{"line":495,"column":29}},"100":{"start":{"line":499,"column":8},"end":{"line":499,"column":88}},"101":{"start":{"line":500,"column":8},"end":{"line":500,"column":88}},"102":{"start":{"line":501,"column":8},"end":{"line":501,"column":80}},"103":{"start":{"line":502,"column":8},"end":{"line":502,"column":54}},"104":{"start":{"line":506,"column":8},"end":{"line":506,"column":49}},"105":{"start":{"line":507,"column":8},"end":{"line":507,"column":19}},"106":{"start":{"line":521,"column":8},"end":{"line":521,"column":32}},"107":{"start":{"line":522,"column":8},"end":{"line":522,"column":20879}},"108":{"start":{"line":525,"column":8},"end":{"line":525,"column":101}},"109":{"start":{"line":527,"column":8},"end":{"line":527,"column":51}},"110":{"start":{"line":528,"column":8},"end":{"line":528,"column":79}},"111":{"start":{"line":530,"column":8},"end":{"line":530,"column":54}},"112":{"start":{"line":531,"column":8},"end":{"line":531,"column":21262}},"113":{"start":{"line":532,"column":12},"end":{"line":532,"column":58}},"114":{"start":{"line":535,"column":8},"end":{"line":535,"column":63}},"115":{"start":{"line":536,"column":8},"end":{"line":536,"column":86}},"116":{"start":{"line":539,"column":8},"end":{"line":539,"column":21676}},"117":{"start":{"line":540,"column":12},"end":{"line":540,"column":21768}},"118":{"start":{"line":541,"column":16},"end":{"line":541,"column":61}},"119":{"start":{"line":542,"column":16},"end":{"line":542,"column":47}},"120":{"start":{"line":545,"column":12},"end":{"line":545,"column":21945}},"121":{"start":{"line":549,"column":16},"end":{"line":549,"column":22124}},"122":{"start":{"line":550,"column":20},"end":{"line":550,"column":60}},"123":{"start":{"line":553,"column":16},"end":{"line":553,"column":22275}},"124":{"start":{"line":554,"column":20},"end":{"line":554,"column":51}},"125":{"start":{"line":555,"column":20},"end":{"line":555,"column":40}},"126":{"start":{"line":556,"column":20},"end":{"line":556,"column":32}},"127":{"start":{"line":557,"column":20},"end":{"line":557,"column":33}},"128":{"start":{"line":563,"column":8},"end":{"line":563,"column":22668}},"129":{"start":{"line":564,"column":12},"end":{"line":564,"column":46}},"130":{"start":{"line":565,"column":12},"end":{"line":565,"column":22762}},"131":{"start":{"line":566,"column":16},"end":{"line":566,"column":55}},"132":{"start":{"line":567,"column":16},"end":{"line":567,"column":76}},"133":{"start":{"line":567,"column":49},"end":{"line":567,"column":75}},"134":{"start":{"line":568,"column":16},"end":{"line":568,"column":74}},"135":{"start":{"line":571,"column":12},"end":{"line":571,"column":30}},"136":{"start":{"line":572,"column":12},"end":{"line":572,"column":38}},"137":{"start":{"line":573,"column":12},"end":{"line":573,"column":32}},"138":{"start":{"line":575,"column":12},"end":{"line":575,"column":23174}},"139":{"start":{"line":576,"column":16},"end":{"line":576,"column":23211}},"140":{"start":{"line":577,"column":20},"end":{"line":577,"column":40}},"141":{"start":{"line":580,"column":16},"end":{"line":580,"column":23347}},"142":{"start":{"line":581,"column":20},"end":{"line":581,"column":56}},"143":{"start":{"line":584,"column":16},"end":{"line":584,"column":56}},"144":{"start":{"line":586,"column":16},"end":{"line":586,"column":23553}},"145":{"start":{"line":587,"column":20},"end":{"line":587,"column":32}},"146":{"start":{"line":593,"column":8},"end":{"line":593,"column":23712}},"147":{"start":{"line":594,"column":12},"end":{"line":594,"column":44}},"148":{"start":{"line":596,"column":12},"end":{"line":596,"column":31}},"149":{"start":{"line":597,"column":12},"end":{"line":597,"column":39}},"150":{"start":{"line":598,"column":12},"end":{"line":598,"column":33}},"151":{"start":{"line":601,"column":8},"end":{"line":601,"column":27}},"152":{"start":{"line":603,"column":8},"end":{"line":603,"column":24051}},"153":{"start":{"line":604,"column":12},"end":{"line":604,"column":26}},"154":{"start":{"line":610,"column":8},"end":{"line":610,"column":24347}},"155":{"start":{"line":612,"column":12},"end":{"line":612,"column":35}},"156":{"start":{"line":613,"column":15},"end":{"line":613,"column":24496}},"157":{"start":{"line":615,"column":12},"end":{"line":615,"column":54}},"158":{"start":{"line":618,"column":8},"end":{"line":618,"column":48}},"159":{"start":{"line":624,"column":8},"end":{"line":624,"column":49}},"160":{"start":{"line":625,"column":8},"end":{"line":625,"column":36}},"161":{"start":{"line":626,"column":8},"end":{"line":626,"column":24938}},"162":{"start":{"line":628,"column":12},"end":{"line":628,"column":31}},"163":{"start":{"line":631,"column":8},"end":{"line":631,"column":24}},"164":{"start":{"line":632,"column":8},"end":{"line":632,"column":25121}},"165":{"start":{"line":634,"column":12},"end":{"line":634,"column":23}},"166":{"start":{"line":636,"column":12},"end":{"line":636,"column":59}},"167":{"start":{"line":640,"column":8},"end":{"line":640,"column":25349}},"168":{"start":{"line":651,"column":8},"end":{"line":651,"column":25720}},"169":{"start":{"line":653,"column":12},"end":{"line":653,"column":25849}},"170":{"start":{"line":669,"column":8},"end":{"line":669,"column":48}},"171":{"start":{"line":670,"column":8},"end":{"line":670,"column":29}},"172":{"start":{"line":671,"column":8},"end":{"line":671,"column":39}},"173":{"start":{"line":673,"column":8},"end":{"line":673,"column":74}},"174":{"start":{"line":676,"column":8},"end":{"line":676,"column":26525}},"175":{"start":{"line":684,"column":8},"end":{"line":684,"column":48}},"176":{"start":{"line":693,"column":8},"end":{"line":693,"column":48}},"177":{"start":{"line":694,"column":8},"end":{"line":694,"column":39}},"178":{"start":{"line":695,"column":8},"end":{"line":695,"column":29}},"179":{"start":{"line":698,"column":8},"end":{"line":698,"column":27186}},"180":{"start":{"line":707,"column":8},"end":{"line":707,"column":43}},"181":{"start":{"line":717,"column":8},"end":{"line":717,"column":48}},"182":{"start":{"line":718,"column":8},"end":{"line":718,"column":33}},"183":{"start":{"line":719,"column":8},"end":{"line":719,"column":39}},"184":{"start":{"line":720,"column":8},"end":{"line":720,"column":31}},"185":{"start":{"line":722,"column":8},"end":{"line":722,"column":78}},"186":{"start":{"line":725,"column":8},"end":{"line":725,"column":28001}},"187":{"start":{"line":733,"column":8},"end":{"line":733,"column":51}},"188":{"start":{"line":737,"column":8},"end":{"line":737,"column":36}},"189":{"start":{"line":738,"column":8},"end":{"line":738,"column":21}},"190":{"start":{"line":741,"column":8},"end":{"line":741,"column":28552}},"191":{"start":{"line":742,"column":12},"end":{"line":742,"column":107}},"192":{"start":{"line":743,"column":12},"end":{"line":743,"column":47}},"193":{"start":{"line":744,"column":12},"end":{"line":744,"column":54}},"194":{"start":{"line":745,"column":15},"end":{"line":745,"column":28808}},"195":{"start":{"line":746,"column":12},"end":{"line":746,"column":109}},"196":{"start":{"line":747,"column":12},"end":{"line":747,"column":49}},"197":{"start":{"line":748,"column":12},"end":{"line":748,"column":54}},"198":{"start":{"line":752,"column":8},"end":{"line":752,"column":121}},"199":{"start":{"line":753,"column":8},"end":{"line":753,"column":121}},"200":{"start":{"line":763,"column":8},"end":{"line":763,"column":59}},"201":{"start":{"line":764,"column":8},"end":{"line":764,"column":29678}},"202":{"start":{"line":766,"column":12},"end":{"line":766,"column":45}},"203":{"start":{"line":768,"column":12},"end":{"line":768,"column":29858}},"204":{"start":{"line":770,"column":16},"end":{"line":770,"column":40}},"205":{"start":{"line":774,"column":12},"end":{"line":774,"column":44}},"206":{"start":{"line":774,"column":38},"end":{"line":774,"column":44}},"207":{"start":{"line":776,"column":12},"end":{"line":776,"column":73}},"208":{"start":{"line":778,"column":12},"end":{"line":778,"column":30190}},"209":{"start":{"line":781,"column":16},"end":{"line":781,"column":73}},"210":{"start":{"line":787,"column":8},"end":{"line":787,"column":35}},"211":{"start":{"line":791,"column":8},"end":{"line":791,"column":25}},"212":{"start":{"line":795,"column":8},"end":{"line":795,"column":32}},"213":{"start":{"line":799,"column":8},"end":{"line":799,"column":69}},"214":{"start":{"line":800,"column":8},"end":{"line":800,"column":31006}},"215":{"start":{"line":801,"column":12},"end":{"line":801,"column":56}},"216":{"start":{"line":802,"column":12},"end":{"line":802,"column":26}},"217":{"start":{"line":804,"column":12},"end":{"line":804,"column":64}},"218":{"start":{"line":805,"column":12},"end":{"line":805,"column":34}},"219":{"start":{"line":810,"column":8},"end":{"line":810,"column":80}},"220":{"start":{"line":811,"column":8},"end":{"line":811,"column":41}},"221":{"start":{"line":812,"column":8},"end":{"line":812,"column":39}},"222":{"start":{"line":816,"column":8},"end":{"line":816,"column":68}},"223":{"start":{"line":817,"column":8},"end":{"line":817,"column":31674}},"224":{"start":{"line":818,"column":12},"end":{"line":818,"column":67}},"225":{"start":{"line":820,"column":8},"end":{"line":820,"column":34}},"226":{"start":{"line":821,"column":8},"end":{"line":821,"column":30}},"227":{"start":{"line":825,"column":8},"end":{"line":825,"column":67}},"228":{"start":{"line":826,"column":8},"end":{"line":826,"column":32014}},"229":{"start":{"line":827,"column":12},"end":{"line":827,"column":32080}},"230":{"start":{"line":828,"column":16},"end":{"line":828,"column":61}},"231":{"start":{"line":829,"column":16},"end":{"line":829,"column":66}},"232":{"start":{"line":830,"column":16},"end":{"line":830,"column":35}},"233":{"start":{"line":831,"column":16},"end":{"line":831,"column":43}},"234":{"start":{"line":832,"column":16},"end":{"line":832,"column":30}},"235":{"start":{"line":839,"column":8},"end":{"line":839,"column":32551}},"236":{"start":{"line":840,"column":12},"end":{"line":840,"column":25}},"237":{"start":{"line":842,"column":8},"end":{"line":842,"column":32594}},"238":{"start":{"line":843,"column":12},"end":{"line":843,"column":59}},"239":{"start":{"line":844,"column":15},"end":{"line":844,"column":32727}},"240":{"start":{"line":845,"column":12},"end":{"line":845,"column":57}},"241":{"start":{"line":846,"column":15},"end":{"line":846,"column":32858}},"242":{"start":{"line":847,"column":12},"end":{"line":847,"column":59}},"243":{"start":{"line":849,"column":12},"end":{"line":849,"column":55}},"244":{"start":{"line":852,"column":8},"end":{"line":852,"column":33081}},"245":{"start":{"line":853,"column":12},"end":{"line":853,"column":38}},"246":{"start":{"line":854,"column":12},"end":{"line":854,"column":33}},"247":{"start":{"line":856,"column":8},"end":{"line":856,"column":22}},"248":{"start":{"line":860,"column":8},"end":{"line":860,"column":145}},"249":{"start":{"line":861,"column":8},"end":{"line":861,"column":53}},"250":{"start":{"line":862,"column":8},"end":{"line":862,"column":67}},"251":{"start":{"line":863,"column":8},"end":{"line":863,"column":33}},"252":{"start":{"line":864,"column":8},"end":{"line":864,"column":30}},"253":{"start":{"line":865,"column":8},"end":{"line":865,"column":57}},"254":{"start":{"line":869,"column":8},"end":{"line":869,"column":145}},"255":{"start":{"line":870,"column":5},"end":{"line":870,"column":50}},"256":{"start":{"line":871,"column":8},"end":{"line":871,"column":67}},"257":{"start":{"line":872,"column":8},"end":{"line":872,"column":67}},"258":{"start":{"line":873,"column":8},"end":{"line":873,"column":33}},"259":{"start":{"line":874,"column":8},"end":{"line":874,"column":30}},"260":{"start":{"line":875,"column":8},"end":{"line":875,"column":57}},"261":{"start":{"line":879,"column":8},"end":{"line":879,"column":145}},"262":{"start":{"line":880,"column":5},"end":{"line":880,"column":50}},"263":{"start":{"line":881,"column":8},"end":{"line":881,"column":53}},"264":{"start":{"line":882,"column":8},"end":{"line":882,"column":67}},"265":{"start":{"line":883,"column":8},"end":{"line":883,"column":33}},"266":{"start":{"line":884,"column":8},"end":{"line":884,"column":30}},"267":{"start":{"line":885,"column":8},"end":{"line":885,"column":57}},"268":{"start":{"line":889,"column":8},"end":{"line":889,"column":145}},"269":{"start":{"line":890,"column":5},"end":{"line":890,"column":50}},"270":{"start":{"line":891,"column":8},"end":{"line":891,"column":53}},"271":{"start":{"line":892,"column":8},"end":{"line":892,"column":67}},"272":{"start":{"line":893,"column":8},"end":{"line":893,"column":67}},"273":{"start":{"line":894,"column":8},"end":{"line":894,"column":33}},"274":{"start":{"line":895,"column":8},"end":{"line":895,"column":30}},"275":{"start":{"line":896,"column":8},"end":{"line":896,"column":57}},"276":{"start":{"line":900,"column":8},"end":{"line":900,"column":34}},"277":{"start":{"line":901,"column":8},"end":{"line":901,"column":40}},"278":{"start":{"line":905,"column":8},"end":{"line":905,"column":90}},"279":{"start":{"line":906,"column":8},"end":{"line":906,"column":117}},"280":{"start":{"line":907,"column":8},"end":{"line":907,"column":82}},"281":{"start":{"line":911,"column":8},"end":{"line":911,"column":47}},"282":{"start":{"line":912,"column":8},"end":{"line":912,"column":59}},"283":{"start":{"line":913,"column":8},"end":{"line":913,"column":67}},"284":{"start":{"line":914,"column":8},"end":{"line":914,"column":50}},"285":{"start":{"line":918,"column":8},"end":{"line":918,"column":50}},"286":{"start":{"line":919,"column":8},"end":{"line":919,"column":44}},"287":{"start":{"line":920,"column":8},"end":{"line":920,"column":56}},"288":{"start":{"line":921,"column":8},"end":{"line":921,"column":67}},"289":{"start":{"line":922,"column":8},"end":{"line":922,"column":47}},"290":{"start":{"line":926,"column":8},"end":{"line":926,"column":64}},"291":{"start":{"line":927,"column":8},"end":{"line":927,"column":35}},"292":{"start":{"line":931,"column":8},"end":{"line":931,"column":33}},"293":{"start":{"line":932,"column":8},"end":{"line":932,"column":33}},"294":{"start":{"line":933,"column":8},"end":{"line":933,"column":37256}},"295":{"start":{"line":934,"column":12},"end":{"line":934,"column":109}},"296":{"start":{"line":934,"column":84},"end":{"line":934,"column":109}},"297":{"start":{"line":935,"column":12},"end":{"line":935,"column":55}},"298":{"start":{"line":936,"column":12},"end":{"line":936,"column":55}},"299":{"start":{"line":938,"column":8},"end":{"line":938,"column":69}},"300":{"start":{"line":938,"column":44},"end":{"line":938,"column":69}},"301":{"start":{"line":939,"column":8},"end":{"line":939,"column":33}},"302":{"start":{"line":943,"column":8},"end":{"line":943,"column":41}},"303":{"start":{"line":944,"column":8},"end":{"line":944,"column":56}},"304":{"start":{"line":945,"column":8},"end":{"line":945,"column":70}},"305":{"start":{"line":946,"column":8},"end":{"line":946,"column":37979}},"306":{"start":{"line":947,"column":12},"end":{"line":947,"column":74}},"307":{"start":{"line":951,"column":8},"end":{"line":951,"column":38124}},"308":{"start":{"line":957,"column":8},"end":{"line":957,"column":38296}},"309":{"start":{"line":963,"column":8},"end":{"line":963,"column":68}},"310":{"start":{"line":963,"column":62},"end":{"line":963,"column":68}},"311":{"start":{"line":965,"column":8},"end":{"line":965,"column":18}},"312":{"start":{"line":966,"column":8},"end":{"line":966,"column":22}},"313":{"start":{"line":967,"column":8},"end":{"line":967,"column":19}},"314":{"start":{"line":971,"column":8},"end":{"line":971,"column":38651}},"315":{"start":{"line":972,"column":12},"end":{"line":972,"column":35}},"316":{"start":{"line":974,"column":12},"end":{"line":974,"column":22}},"317":{"start":{"line":976,"column":8},"end":{"line":976,"column":39}},"318":{"start":{"line":977,"column":8},"end":{"line":977,"column":33}},"319":{"start":{"line":981,"column":8},"end":{"line":981,"column":18}},"320":{"start":{"line":982,"column":8},"end":{"line":982,"column":22}},"321":{"start":{"line":983,"column":8},"end":{"line":983,"column":20}},"322":{"start":{"line":987,"column":8},"end":{"line":987,"column":34}},"323":{"start":{"line":991,"column":8},"end":{"line":991,"column":42}},"324":{"start":{"line":995,"column":8},"end":{"line":995,"column":41}},"325":{"start":{"line":999,"column":8},"end":{"line":999,"column":42}},"326":{"start":{"line":1003,"column":8},"end":{"line":1003,"column":22}},"327":{"start":{"line":1004,"column":8},"end":{"line":1004,"column":30}},"328":{"start":{"line":1005,"column":8},"end":{"line":1005,"column":24}},"329":{"start":{"line":1009,"column":8},"end":{"line":1009,"column":23}},"330":{"start":{"line":1010,"column":8},"end":{"line":1010,"column":31}},"331":{"start":{"line":1011,"column":8},"end":{"line":1011,"column":25}},"332":{"start":{"line":1023,"column":8},"end":{"line":1023,"column":30}},"333":{"start":{"line":1027,"column":8},"end":{"line":1027,"column":31}},"334":{"start":{"line":1031,"column":8},"end":{"line":1031,"column":33}},"335":{"start":{"line":1035,"column":8},"end":{"line":1035,"column":103}},"336":{"start":{"line":1036,"column":8},"end":{"line":1036,"column":57}},"337":{"start":{"line":1040,"column":8},"end":{"line":1040,"column":91}},"338":{"start":{"line":1041,"column":8},"end":{"line":1041,"column":91}},"339":{"start":{"line":1043,"column":8},"end":{"line":1043,"column":52}},"340":{"start":{"line":1047,"column":8},"end":{"line":1047,"column":84}},"341":{"start":{"line":1048,"column":8},"end":{"line":1048,"column":84}},"342":{"start":{"line":1050,"column":8},"end":{"line":1050,"column":40}},"343":{"start":{"line":1054,"column":8},"end":{"line":1054,"column":39}},"344":{"start":{"line":1055,"column":8},"end":{"line":1055,"column":51}},"345":{"start":{"line":1059,"column":8},"end":{"line":1059,"column":28}},"346":{"start":{"line":1060,"column":8},"end":{"line":1060,"column":33}},"347":{"start":{"line":1064,"column":8},"end":{"line":1064,"column":30}},"348":{"start":{"line":1066,"column":8},"end":{"line":1066,"column":41877}},"349":{"start":{"line":1068,"column":12},"end":{"line":1068,"column":41978}},"350":{"start":{"line":1069,"column":16},"end":{"line":1069,"column":40}},"351":{"start":{"line":1070,"column":16},"end":{"line":1070,"column":48}},"352":{"start":{"line":1071,"column":16},"end":{"line":1071,"column":30}},"353":{"start":{"line":1074,"column":12},"end":{"line":1074,"column":42205}},"354":{"start":{"line":1075,"column":16},"end":{"line":1075,"column":42270}},"355":{"start":{"line":1076,"column":20},"end":{"line":1076,"column":79}},"356":{"start":{"line":1078,"column":16},"end":{"line":1078,"column":44}},"357":{"start":{"line":1079,"column":16},"end":{"line":1079,"column":40}},"358":{"start":{"line":1085,"column":8},"end":{"line":1085,"column":84}},"359":{"start":{"line":1086,"column":8},"end":{"line":1086,"column":84}},"360":{"start":{"line":1087,"column":8},"end":{"line":1087,"column":34}},"361":{"start":{"line":1091,"column":8},"end":{"line":1091,"column":29}},"362":{"start":{"line":1092,"column":8},"end":{"line":1092,"column":41}},"363":{"start":{"line":1096,"column":8},"end":{"line":1096,"column":59}},"364":{"start":{"line":1097,"column":8},"end":{"line":1097,"column":50}},"365":{"start":{"line":1099,"column":8},"end":{"line":1099,"column":60}},"366":{"start":{"line":1100,"column":8},"end":{"line":1100,"column":38}},"367":{"start":{"line":1104,"column":8},"end":{"line":1104,"column":43393}},"368":{"start":{"line":1109,"column":8},"end":{"line":1109,"column":60}},"369":{"start":{"line":1111,"column":8},"end":{"line":1111,"column":43629}},"370":{"start":{"line":1112,"column":12},"end":{"line":1112,"column":43707}},"371":{"start":{"line":1113,"column":16},"end":{"line":1113,"column":97}},"372":{"start":{"line":1114,"column":16},"end":{"line":1114,"column":42}},"373":{"start":{"line":1119,"column":8},"end":{"line":1119,"column":62}},"374":{"start":{"line":1123,"column":8},"end":{"line":1123,"column":33}},"375":{"start":{"line":1127,"column":8},"end":{"line":1127,"column":46}},"376":{"start":{"line":1128,"column":8},"end":{"line":1128,"column":64}},"377":{"start":{"line":1130,"column":8},"end":{"line":1130,"column":44381}},"378":{"start":{"line":1137,"column":12},"end":{"line":1137,"column":62}},"379":{"start":{"line":1140,"column":8},"end":{"line":1140,"column":44786}},"380":{"start":{"line":1141,"column":12},"end":{"line":1141,"column":27}},"381":{"start":{"line":1143,"column":8},"end":{"line":1143,"column":23}},"382":{"start":{"line":1147,"column":8},"end":{"line":1147,"column":31}}},"branchMap":{"1":{"line":192,"type":"if","locations":[{"start":{"line":192,"column":8},"end":{"line":192,"column":8}},{"start":{"line":192,"column":8},"end":{"line":192,"column":8}}]},"2":{"line":201,"type":"if","locations":[{"start":{"line":201,"column":8},"end":{"line":201,"column":8}},{"start":{"line":201,"column":8},"end":{"line":201,"column":8}}]},"3":{"line":294,"type":"if","locations":[{"start":{"line":294,"column":8},"end":{"line":294,"column":8}},{"start":{"line":294,"column":8},"end":{"line":294,"column":8}}]},"4":{"line":295,"type":"if","locations":[{"start":{"line":295,"column":8},"end":{"line":295,"column":8}},{"start":{"line":295,"column":8},"end":{"line":295,"column":8}}]},"5":{"line":305,"type":"if","locations":[{"start":{"line":305,"column":8},"end":{"line":305,"column":8}},{"start":{"line":305,"column":8},"end":{"line":305,"column":8}}]},"6":{"line":309,"type":"if","locations":[{"start":{"line":309,"column":8},"end":{"line":309,"column":8}},{"start":{"line":309,"column":8},"end":{"line":309,"column":8}}]},"7":{"line":326,"type":"if","locations":[{"start":{"line":326,"column":8},"end":{"line":326,"column":8}},{"start":{"line":326,"column":8},"end":{"line":326,"column":8}}]},"8":{"line":339,"type":"if","locations":[{"start":{"line":339,"column":8},"end":{"line":339,"column":8}},{"start":{"line":339,"column":8},"end":{"line":339,"column":8}}]},"9":{"line":347,"type":"if","locations":[{"start":{"line":347,"column":12},"end":{"line":347,"column":12}},{"start":{"line":347,"column":12},"end":{"line":347,"column":12}}]},"10":{"line":360,"type":"if","locations":[{"start":{"line":360,"column":12},"end":{"line":360,"column":12}},{"start":{"line":360,"column":12},"end":{"line":360,"column":12}}]},"11":{"line":411,"type":"if","locations":[{"start":{"line":411,"column":8},"end":{"line":411,"column":8}},{"start":{"line":411,"column":8},"end":{"line":411,"column":8}}]},"12":{"line":412,"type":"if","locations":[{"start":{"line":412,"column":8},"end":{"line":412,"column":8}},{"start":{"line":412,"column":8},"end":{"line":412,"column":8}}]},"13":{"line":414,"type":"if","locations":[{"start":{"line":414,"column":8},"end":{"line":414,"column":8}},{"start":{"line":414,"column":8},"end":{"line":414,"column":8}}]},"14":{"line":428,"type":"if","locations":[{"start":{"line":428,"column":8},"end":{"line":428,"column":8}},{"start":{"line":428,"column":8},"end":{"line":428,"column":8}}]},"15":{"line":429,"type":"if","locations":[{"start":{"line":429,"column":8},"end":{"line":429,"column":8}},{"start":{"line":429,"column":8},"end":{"line":429,"column":8}}]},"16":{"line":430,"type":"if","locations":[{"start":{"line":430,"column":8},"end":{"line":430,"column":8}},{"start":{"line":430,"column":8},"end":{"line":430,"column":8}}]},"17":{"line":433,"type":"if","locations":[{"start":{"line":433,"column":8},"end":{"line":433,"column":8}},{"start":{"line":433,"column":8},"end":{"line":433,"column":8}}]},"18":{"line":465,"type":"if","locations":[{"start":{"line":465,"column":8},"end":{"line":465,"column":8}},{"start":{"line":465,"column":8},"end":{"line":465,"column":8}}]},"19":{"line":499,"type":"if","locations":[{"start":{"line":499,"column":8},"end":{"line":499,"column":8}},{"start":{"line":499,"column":8},"end":{"line":499,"column":8}}]},"20":{"line":500,"type":"if","locations":[{"start":{"line":500,"column":8},"end":{"line":500,"column":8}},{"start":{"line":500,"column":8},"end":{"line":500,"column":8}}]},"21":{"line":501,"type":"if","locations":[{"start":{"line":501,"column":8},"end":{"line":501,"column":8}},{"start":{"line":501,"column":8},"end":{"line":501,"column":8}}]},"22":{"line":525,"type":"if","locations":[{"start":{"line":525,"column":8},"end":{"line":525,"column":8}},{"start":{"line":525,"column":8},"end":{"line":525,"column":8}}]},"23":{"line":528,"type":"if","locations":[{"start":{"line":528,"column":8},"end":{"line":528,"column":8}},{"start":{"line":528,"column":8},"end":{"line":528,"column":8}}]},"24":{"line":531,"type":"if","locations":[{"start":{"line":531,"column":8},"end":{"line":531,"column":8}},{"start":{"line":531,"column":8},"end":{"line":531,"column":8}}]},"25":{"line":539,"type":"if","locations":[{"start":{"line":539,"column":8},"end":{"line":539,"column":8}},{"start":{"line":539,"column":8},"end":{"line":539,"column":8}}]},"26":{"line":540,"type":"if","locations":[{"start":{"line":540,"column":12},"end":{"line":540,"column":12}},{"start":{"line":540,"column":12},"end":{"line":540,"column":12}}]},"27":{"line":545,"type":"if","locations":[{"start":{"line":545,"column":12},"end":{"line":545,"column":12}},{"start":{"line":545,"column":12},"end":{"line":545,"column":12}}]},"28":{"line":549,"type":"if","locations":[{"start":{"line":549,"column":16},"end":{"line":549,"column":16}},{"start":{"line":549,"column":16},"end":{"line":549,"column":16}}]},"29":{"line":553,"type":"if","locations":[{"start":{"line":553,"column":16},"end":{"line":553,"column":16}},{"start":{"line":553,"column":16},"end":{"line":553,"column":16}}]},"30":{"line":563,"type":"if","locations":[{"start":{"line":563,"column":8},"end":{"line":563,"column":8}},{"start":{"line":563,"column":8},"end":{"line":563,"column":8}}]},"31":{"line":565,"type":"if","locations":[{"start":{"line":565,"column":12},"end":{"line":565,"column":12}},{"start":{"line":565,"column":12},"end":{"line":565,"column":12}}]},"32":{"line":567,"type":"if","locations":[{"start":{"line":567,"column":16},"end":{"line":567,"column":16}},{"start":{"line":567,"column":16},"end":{"line":567,"column":16}}]},"33":{"line":575,"type":"if","locations":[{"start":{"line":575,"column":12},"end":{"line":575,"column":12}},{"start":{"line":575,"column":12},"end":{"line":575,"column":12}}]},"34":{"line":576,"type":"if","locations":[{"start":{"line":576,"column":16},"end":{"line":576,"column":16}},{"start":{"line":576,"column":16},"end":{"line":576,"column":16}}]},"35":{"line":580,"type":"if","locations":[{"start":{"line":580,"column":16},"end":{"line":580,"column":16}},{"start":{"line":580,"column":16},"end":{"line":580,"column":16}}]},"36":{"line":586,"type":"if","locations":[{"start":{"line":586,"column":16},"end":{"line":586,"column":16}},{"start":{"line":586,"column":16},"end":{"line":586,"column":16}}]},"37":{"line":593,"type":"if","locations":[{"start":{"line":593,"column":8},"end":{"line":593,"column":8}},{"start":{"line":593,"column":8},"end":{"line":593,"column":8}}]},"38":{"line":603,"type":"if","locations":[{"start":{"line":603,"column":8},"end":{"line":603,"column":8}},{"start":{"line":603,"column":8},"end":{"line":603,"column":8}}]},"39":{"line":610,"type":"if","locations":[{"start":{"line":610,"column":8},"end":{"line":610,"column":8}},{"start":{"line":610,"column":8},"end":{"line":610,"column":8}}]},"40":{"line":613,"type":"if","locations":[{"start":{"line":613,"column":15},"end":{"line":613,"column":15}},{"start":{"line":613,"column":15},"end":{"line":613,"column":15}}]},"41":{"line":626,"type":"if","locations":[{"start":{"line":626,"column":8},"end":{"line":626,"column":8}},{"start":{"line":626,"column":8},"end":{"line":626,"column":8}}]},"42":{"line":632,"type":"if","locations":[{"start":{"line":632,"column":8},"end":{"line":632,"column":8}},{"start":{"line":632,"column":8},"end":{"line":632,"column":8}}]},"43":{"line":651,"type":"if","locations":[{"start":{"line":651,"column":8},"end":{"line":651,"column":8}},{"start":{"line":651,"column":8},"end":{"line":651,"column":8}}]},"44":{"line":741,"type":"if","locations":[{"start":{"line":741,"column":8},"end":{"line":741,"column":8}},{"start":{"line":741,"column":8},"end":{"line":741,"column":8}}]},"45":{"line":745,"type":"if","locations":[{"start":{"line":745,"column":15},"end":{"line":745,"column":15}},{"start":{"line":745,"column":15},"end":{"line":745,"column":15}}]},"46":{"line":752,"type":"if","locations":[{"start":{"line":752,"column":8},"end":{"line":752,"column":8}},{"start":{"line":752,"column":8},"end":{"line":752,"column":8}}]},"47":{"line":753,"type":"if","locations":[{"start":{"line":753,"column":8},"end":{"line":753,"column":8}},{"start":{"line":753,"column":8},"end":{"line":753,"column":8}}]},"48":{"line":764,"type":"if","locations":[{"start":{"line":764,"column":8},"end":{"line":764,"column":8}},{"start":{"line":764,"column":8},"end":{"line":764,"column":8}}]},"49":{"line":768,"type":"if","locations":[{"start":{"line":768,"column":12},"end":{"line":768,"column":12}},{"start":{"line":768,"column":12},"end":{"line":768,"column":12}}]},"50":{"line":774,"type":"if","locations":[{"start":{"line":774,"column":12},"end":{"line":774,"column":12}},{"start":{"line":774,"column":12},"end":{"line":774,"column":12}}]},"51":{"line":778,"type":"if","locations":[{"start":{"line":778,"column":12},"end":{"line":778,"column":12}},{"start":{"line":778,"column":12},"end":{"line":778,"column":12}}]},"52":{"line":781,"type":"if","locations":[{"start":{"line":781,"column":16},"end":{"line":781,"column":16}},{"start":{"line":781,"column":16},"end":{"line":781,"column":16}}]},"53":{"line":799,"type":"if","locations":[{"start":{"line":799,"column":8},"end":{"line":799,"column":8}},{"start":{"line":799,"column":8},"end":{"line":799,"column":8}}]},"54":{"line":800,"type":"if","locations":[{"start":{"line":800,"column":8},"end":{"line":800,"column":8}},{"start":{"line":800,"column":8},"end":{"line":800,"column":8}}]},"55":{"line":810,"type":"if","locations":[{"start":{"line":810,"column":8},"end":{"line":810,"column":8}},{"start":{"line":810,"column":8},"end":{"line":810,"column":8}}]},"56":{"line":816,"type":"if","locations":[{"start":{"line":816,"column":8},"end":{"line":816,"column":8}},{"start":{"line":816,"column":8},"end":{"line":816,"column":8}}]},"57":{"line":817,"type":"if","locations":[{"start":{"line":817,"column":8},"end":{"line":817,"column":8}},{"start":{"line":817,"column":8},"end":{"line":817,"column":8}}]},"58":{"line":825,"type":"if","locations":[{"start":{"line":825,"column":8},"end":{"line":825,"column":8}},{"start":{"line":825,"column":8},"end":{"line":825,"column":8}}]},"59":{"line":827,"type":"if","locations":[{"start":{"line":827,"column":12},"end":{"line":827,"column":12}},{"start":{"line":827,"column":12},"end":{"line":827,"column":12}}]},"60":{"line":839,"type":"if","locations":[{"start":{"line":839,"column":8},"end":{"line":839,"column":8}},{"start":{"line":839,"column":8},"end":{"line":839,"column":8}}]},"61":{"line":842,"type":"if","locations":[{"start":{"line":842,"column":8},"end":{"line":842,"column":8}},{"start":{"line":842,"column":8},"end":{"line":842,"column":8}}]},"62":{"line":844,"type":"if","locations":[{"start":{"line":844,"column":15},"end":{"line":844,"column":15}},{"start":{"line":844,"column":15},"end":{"line":844,"column":15}}]},"63":{"line":846,"type":"if","locations":[{"start":{"line":846,"column":15},"end":{"line":846,"column":15}},{"start":{"line":846,"column":15},"end":{"line":846,"column":15}}]},"64":{"line":852,"type":"if","locations":[{"start":{"line":852,"column":8},"end":{"line":852,"column":8}},{"start":{"line":852,"column":8},"end":{"line":852,"column":8}}]},"65":{"line":934,"type":"if","locations":[{"start":{"line":934,"column":12},"end":{"line":934,"column":12}},{"start":{"line":934,"column":12},"end":{"line":934,"column":12}}]},"66":{"line":938,"type":"if","locations":[{"start":{"line":938,"column":8},"end":{"line":938,"column":8}},{"start":{"line":938,"column":8},"end":{"line":938,"column":8}}]},"67":{"line":946,"type":"if","locations":[{"start":{"line":946,"column":8},"end":{"line":946,"column":8}},{"start":{"line":946,"column":8},"end":{"line":946,"column":8}}]},"68":{"line":963,"type":"if","locations":[{"start":{"line":963,"column":8},"end":{"line":963,"column":8}},{"start":{"line":963,"column":8},"end":{"line":963,"column":8}}]},"69":{"line":971,"type":"if","locations":[{"start":{"line":971,"column":8},"end":{"line":971,"column":8}},{"start":{"line":971,"column":8},"end":{"line":971,"column":8}}]},"70":{"line":1035,"type":"if","locations":[{"start":{"line":1035,"column":8},"end":{"line":1035,"column":8}},{"start":{"line":1035,"column":8},"end":{"line":1035,"column":8}}]},"71":{"line":1040,"type":"if","locations":[{"start":{"line":1040,"column":8},"end":{"line":1040,"column":8}},{"start":{"line":1040,"column":8},"end":{"line":1040,"column":8}}]},"72":{"line":1041,"type":"if","locations":[{"start":{"line":1041,"column":8},"end":{"line":1041,"column":8}},{"start":{"line":1041,"column":8},"end":{"line":1041,"column":8}}]},"73":{"line":1047,"type":"if","locations":[{"start":{"line":1047,"column":8},"end":{"line":1047,"column":8}},{"start":{"line":1047,"column":8},"end":{"line":1047,"column":8}}]},"74":{"line":1048,"type":"if","locations":[{"start":{"line":1048,"column":8},"end":{"line":1048,"column":8}},{"start":{"line":1048,"column":8},"end":{"line":1048,"column":8}}]},"75":{"line":1066,"type":"if","locations":[{"start":{"line":1066,"column":8},"end":{"line":1066,"column":8}},{"start":{"line":1066,"column":8},"end":{"line":1066,"column":8}}]},"76":{"line":1075,"type":"if","locations":[{"start":{"line":1075,"column":16},"end":{"line":1075,"column":16}},{"start":{"line":1075,"column":16},"end":{"line":1075,"column":16}}]},"77":{"line":1085,"type":"if","locations":[{"start":{"line":1085,"column":8},"end":{"line":1085,"column":8}},{"start":{"line":1085,"column":8},"end":{"line":1085,"column":8}}]},"78":{"line":1086,"type":"if","locations":[{"start":{"line":1086,"column":8},"end":{"line":1086,"column":8}},{"start":{"line":1086,"column":8},"end":{"line":1086,"column":8}}]},"79":{"line":1104,"type":"if","locations":[{"start":{"line":1104,"column":8},"end":{"line":1104,"column":8}},{"start":{"line":1104,"column":8},"end":{"line":1104,"column":8}}]},"80":{"line":1112,"type":"if","locations":[{"start":{"line":1112,"column":12},"end":{"line":1112,"column":12}},{"start":{"line":1112,"column":12},"end":{"line":1112,"column":12}}]},"81":{"line":1130,"type":"if","locations":[{"start":{"line":1130,"column":8},"end":{"line":1130,"column":8}},{"start":{"line":1130,"column":8},"end":{"line":1130,"column":8}}]},"82":{"line":1140,"type":"if","locations":[{"start":{"line":1140,"column":8},"end":{"line":1140,"column":8}},{"start":{"line":1140,"column":8},"end":{"line":1140,"column":8}}]}}},"contracts\\Ownable.sol":{"l":{"17":0,"18":0,"22":0,"26":0,"30":0,"31":0,"32":0,"33":0,"37":0,"42":0,"43":0,"51":0,"56":0,"57":0,"61":0,"65":0},"path":"D:\\Fiverr\\onPlanetToken\\contracts\\Ownable.sol","s":{"1":0,"2":0,"3":0,"4":0,"5":0,"6":0,"7":0,"8":0,"9":0,"10":0,"11":0,"12":0,"13":0,"14":0},"b":{"1":[0,0],"2":[0,0],"3":[0,0],"4":[0,0]},"f":{"1":0,"2":0,"3":0,"4":0,"5":0,"6":0,"7":0},"fnMap":{"1":{"name":"onlyOwner","line":16,"loc":{"start":{"line":16,"column":4},"end":{"line":19,"column":4}}},"2":{"name":"onlyBuybackOwner","line":21,"loc":{"start":{"line":21,"column":4},"end":{"line":27,"column":4}}},"3":{"name":"constructor","line":29,"loc":{"start":{"line":29,"column":4},"end":{"line":34,"column":4}}},"4":{"name":"transferOwnership","line":36,"loc":{"start":{"line":36,"column":4},"end":{"line":44,"column":4}}},"5":{"name":"transferBuybackOwnership","line":49,"loc":{"start":{"line":46,"column":4},"end":{"line":58,"column":4}}},"6":{"name":"owner","line":60,"loc":{"start":{"line":60,"column":4},"end":{"line":62,"column":4}}},"7":{"name":"buybackOwner","line":64,"loc":{"start":{"line":64,"column":4},"end":{"line":66,"column":4}}}},"statementMap":{"1":{"start":{"line":17,"column":8},"end":{"line":17,"column":74}},"2":{"start":{"line":22,"column":8},"end":{"line":22,"column":490}},"3":{"start":{"line":30,"column":8},"end":{"line":30,"column":40}},"4":{"start":{"line":31,"column":8},"end":{"line":31,"column":25}},"5":{"start":{"line":32,"column":8},"end":{"line":32,"column":32}},"6":{"start":{"line":33,"column":8},"end":{"line":33,"column":56}},"7":{"start":{"line":37,"column":8},"end":{"line":37,"column":917}},"8":{"start":{"line":42,"column":8},"end":{"line":42,"column":51}},"9":{"start":{"line":43,"column":8},"end":{"line":43,"column":24}},"10":{"start":{"line":51,"column":8},"end":{"line":51,"column":1249}},"11":{"start":{"line":56,"column":8},"end":{"line":56,"column":58}},"12":{"start":{"line":57,"column":8},"end":{"line":57,"column":31}},"13":{"start":{"line":61,"column":8},"end":{"line":61,"column":21}},"14":{"start":{"line":65,"column":8},"end":{"line":65,"column":28}}},"branchMap":{"1":{"line":17,"type":"if","locations":[{"start":{"line":17,"column":8},"end":{"line":17,"column":8}},{"start":{"line":17,"column":8},"end":{"line":17,"column":8}}]},"2":{"line":22,"type":"if","locations":[{"start":{"line":22,"column":8},"end":{"line":22,"column":8}},{"start":{"line":22,"column":8},"end":{"line":22,"column":8}}]},"3":{"line":37,"type":"if","locations":[{"start":{"line":37,"column":8},"end":{"line":37,"column":8}},{"start":{"line":37,"column":8},"end":{"line":37,"column":8}}]},"4":{"line":51,"type":"if","locations":[{"start":{"line":51,"column":8},"end":{"line":51,"column":8}},{"start":{"line":51,"column":8},"end":{"line":51,"column":8}}]}}},"contracts\\PairHelper.sol":{"l":{"14":0,"18":0,"27":0,"29":0,"31":0,"32":0,"35":0,"42":0,"43":0,"45":0,"49":0},"path":"D:\\Fiverr\\onPlanetToken\\contracts\\PairHelper.sol","s":{"1":0,"2":0,"3":0,"4":0,"5":0,"6":0,"7":0,"8":0,"9":0,"10":0,"11":0},"b":{"1":[0,0],"2":[0,0]},"f":{"1":0,"2":0,"3":0,"4":0},"fnMap":{"1":{"name":"token0","line":13,"loc":{"start":{"line":13,"column":4},"end":{"line":15,"column":4}}},"2":{"name":"token1","line":17,"loc":{"start":{"line":17,"column":4},"end":{"line":19,"column":4}}},"3":{"name":"token","line":21,"loc":{"start":{"line":21,"column":4},"end":{"line":36,"column":4}}},"4":{"name":"isContract","line":38,"loc":{"start":{"line":38,"column":4},"end":{"line":50,"column":4}}}},"statementMap":{"1":{"start":{"line":14,"column":8},"end":{"line":14,"column":42}},"2":{"start":{"line":18,"column":8},"end":{"line":18,"column":42}},"3":{"start":{"line":27,"column":8},"end":{"line":27,"column":48}},"4":{"start":{"line":27,"column":31},"end":{"line":27,"column":48}},"5":{"start":{"line":29,"column":8},"end":{"line":29,"column":69}},"6":{"start":{"line":31,"column":8},"end":{"line":31,"column":983}},"7":{"start":{"line":32,"column":12},"end":{"line":32,"column":46}},"8":{"start":{"line":35,"column":8},"end":{"line":35,"column":25}},"9":{"start":{"line":42,"column":8},"end":{"line":42,"column":24}},"10":{"start":{"line":43,"column":8},"end":{"line":43,"column":96}},"11":{"start":{"line":49,"column":8},"end":{"line":49,"column":59}}},"branchMap":{"1":{"line":27,"type":"if","locations":[{"start":{"line":27,"column":8},"end":{"line":27,"column":8}},{"start":{"line":27,"column":8},"end":{"line":27,"column":8}}]},"2":{"line":31,"type":"if","locations":[{"start":{"line":31,"column":8},"end":{"line":31,"column":8}},{"start":{"line":31,"column":8},"end":{"line":31,"column":8}}]}}},"contracts\\SafeMath.sol":{"l":{"8":0,"9":0,"11":0,"15":0,"19":0,"20":0,"22":0,"26":0,"27":0,"30":0,"31":0,"33":0,"37":0,"41":0,"42":0,"45":0,"49":0,"53":0,"54":0},"path":"D:\\Fiverr\\onPlanetToken\\contracts\\SafeMath.sol","s":{"1":0,"2":0,"3":0,"4":0,"5":0,"6":0,"7":0,"8":0,"9":0,"10":0,"11":0,"12":0,"13":0,"14":0,"15":0,"16":0,"17":0,"18":0,"19":0},"b":{"1":[0,0],"2":[0,0],"3":[0,0],"4":[0,0],"5":[0,0],"6":[0,0]},"f":{"1":0,"2":0,"3":0,"4":0,"5":0,"6":0,"7":0,"8":0},"fnMap":{"1":{"name":"add","line":7,"loc":{"start":{"line":7,"column":4},"end":{"line":12,"column":4}}},"2":{"name":"sub","line":14,"loc":{"start":{"line":14,"column":4},"end":{"line":16,"column":4}}},"3":{"name":"sub","line":18,"loc":{"start":{"line":18,"column":4},"end":{"line":23,"column":4}}},"4":{"name":"mul","line":25,"loc":{"start":{"line":25,"column":4},"end":{"line":34,"column":4}}},"5":{"name":"div","line":36,"loc":{"start":{"line":36,"column":4},"end":{"line":38,"column":4}}},"6":{"name":"div","line":40,"loc":{"start":{"line":40,"column":4},"end":{"line":46,"column":4}}},"7":{"name":"mod","line":48,"loc":{"start":{"line":48,"column":4},"end":{"line":50,"column":4}}},"8":{"name":"mod","line":52,"loc":{"start":{"line":52,"column":4},"end":{"line":55,"column":4}}}},"statementMap":{"1":{"start":{"line":8,"column":8},"end":{"line":8,"column":25}},"2":{"start":{"line":9,"column":8},"end":{"line":9,"column":53}},"3":{"start":{"line":11,"column":8},"end":{"line":11,"column":16}},"4":{"start":{"line":15,"column":8},"end":{"line":15,"column":58}},"5":{"start":{"line":19,"column":8},"end":{"line":19,"column":36}},"6":{"start":{"line":20,"column":8},"end":{"line":20,"column":25}},"7":{"start":{"line":22,"column":8},"end":{"line":22,"column":16}},"8":{"start":{"line":26,"column":8},"end":{"line":26,"column":715}},"9":{"start":{"line":27,"column":12},"end":{"line":27,"column":20}},"10":{"start":{"line":30,"column":8},"end":{"line":30,"column":25}},"11":{"start":{"line":31,"column":8},"end":{"line":31,"column":63}},"12":{"start":{"line":33,"column":8},"end":{"line":33,"column":16}},"13":{"start":{"line":37,"column":8},"end":{"line":37,"column":54}},"14":{"start":{"line":41,"column":8},"end":{"line":41,"column":35}},"15":{"start":{"line":42,"column":8},"end":{"line":42,"column":25}},"16":{"start":{"line":45,"column":8},"end":{"line":45,"column":16}},"17":{"start":{"line":49,"column":8},"end":{"line":49,"column":52}},"18":{"start":{"line":53,"column":8},"end":{"line":53,"column":36}},"19":{"start":{"line":54,"column":8},"end":{"line":54,"column":20}}},"branchMap":{"1":{"line":9,"type":"if","locations":[{"start":{"line":9,"column":8},"end":{"line":9,"column":8}},{"start":{"line":9,"column":8},"end":{"line":9,"column":8}}]},"2":{"line":19,"type":"if","locations":[{"start":{"line":19,"column":8},"end":{"line":19,"column":8}},{"start":{"line":19,"column":8},"end":{"line":19,"column":8}}]},"3":{"line":26,"type":"if","locations":[{"start":{"line":26,"column":8},"end":{"line":26,"column":8}},{"start":{"line":26,"column":8},"end":{"line":26,"column":8}}]},"4":{"line":31,"type":"if","locations":[{"start":{"line":31,"column":8},"end":{"line":31,"column":8}},{"start":{"line":31,"column":8},"end":{"line":31,"column":8}}]},"5":{"line":41,"type":"if","locations":[{"start":{"line":41,"column":8},"end":{"line":41,"column":8}},{"start":{"line":41,"column":8},"end":{"line":41,"column":8}}]},"6":{"line":53,"type":"if","locations":[{"start":{"line":53,"column":8},"end":{"line":53,"column":8}},{"start":{"line":53,"column":8},"end":{"line":53,"column":8}}]}}},"contracts\\Uniswap.sol":{"l":{},"path":"D:\\Fiverr\\onPlanetToken\\contracts\\Uniswap.sol","s":{},"b":{},"f":{},"fnMap":{},"statementMap":{},"branchMap":{}},"contracts\\Uniswap\\BEP20.sol":{"l":{},"path":"D:\\Fiverr\\onPlanetToken\\contracts\\Uniswap\\BEP20.sol","s":{},"b":{},"f":{"1":0},"fnMap":{"1":{"name":"constructor","line":8,"loc":{"start":{"line":8,"column":0},"end":{"line":8,"column":56}}}},"statementMap":{},"branchMap":{}},"contracts\\Uniswap\\UniswapV2Factory.sol":{"l":{"43":0,"48":0,"60":0,"65":0,"66":0,"67":0,"68":0,"69":0,"70":0,"73":0,"86":0,"90":0,"94":0,"149":0,"150":0,"153":0,"165":0,"166":0,"167":0,"171":0,"172":0,"173":0,"177":0,"178":0,"182":0,"183":0,"184":0,"188":0,"189":0,"193":0,"194":0,"198":0,"199":0,"201":0,"202":0,"206":0,"207":0,"214":0,"215":0,"216":0,"322":0,"323":0,"324":0,"325":0,"329":0,"330":0,"331":0,"335":0,"336":0,"352":0,"357":0,"358":0,"359":0,"364":0,"365":0,"366":0,"367":0,"369":0,"370":0,"372":0,"373":0,"374":0,"375":0,"380":0,"381":0,"382":0,"383":0,"384":0,"385":0,"386":0,"387":0,"388":0,"389":0,"390":0,"391":0,"395":0,"401":0,"402":0,"403":0,"404":0,"405":0,"407":0,"408":0,"409":0,"410":0,"411":0,"413":0,"415":0,"416":0,"418":0,"419":0,"420":0,"425":0,"426":0,"427":0,"428":0,"429":0,"430":0,"432":0,"433":0,"434":0,"435":0,"436":0,"437":0,"438":0,"439":0,"440":0,"441":0,"443":0,"444":0,"445":0,"450":0,"451":0,"452":0,"454":0,"455":0,"456":0,"457":0,"458":0,"459":0,"460":0,"461":0,"462":0,"463":0,"464":0,"466":0,"467":0,"468":0,"469":0,"470":0,"471":0,"472":0,"475":0,"476":0,"481":0,"482":0,"483":0,"484":0,"489":0,"509":0,"513":0,"517":0,"518":0,"519":0,"520":0,"521":0,"522":0,"523":0,"526":0,"527":0,"528":0,"529":0,"530":0,"534":0,"535":0,"539":0,"540":0},"path":"D:\\Fiverr\\onPlanetToken\\contracts\\Uniswap\\UniswapV2Factory.sol","s":{"1":0,"2":0,"3":0,"4":0,"5":0,"6":0,"7":0,"8":0,"9":0,"10":0,"11":0,"12":0,"13":0,"14":0,"15":0,"16":0,"17":0,"18":0,"19":0,"20":0,"21":0,"22":0,"23":0,"24":0,"25":0,"26":0,"27":0,"28":0,"29":0,"30":0,"31":0,"32":0,"33":0,"34":0,"35":0,"36":0,"37":0,"38":0,"39":0,"40":0,"41":0,"42":0,"43":0,"44":0,"45":0,"46":0,"47":0,"48":0,"49":0,"50":0,"51":0,"52":0,"53":0,"54":0,"55":0,"56":0,"57":0,"58":0,"59":0,"60":0,"61":0,"62":0,"63":0,"64":0,"65":0,"66":0,"67":0,"68":0,"69":0,"70":0,"71":0,"72":0,"73":0,"74":0,"75":0,"76":0,"77":0,"78":0,"79":0,"80":0,"81":0,"82":0,"83":0,"84":0,"85":0,"86":0,"87":0,"88":0,"89":0,"90":0,"91":0,"92":0,"93":0,"94":0,"95":0,"96":0,"97":0,"98":0,"99":0,"100":0,"101":0,"102":0,"103":0,"104":0,"105":0,"106":0,"107":0,"108":0,"109":0,"110":0,"111":0,"112":0,"113":0,"114":0,"115":0,"116":0,"117":0,"118":0,"119":0,"120":0,"121":0,"122":0,"123":0,"124":0,"125":0,"126":0,"127":0,"128":0,"129":0,"130":0,"131":0,"132":0,"133":0,"134":0,"135":0,"136":0,"137":0,"138":0,"139":0,"140":0,"141":0,"142":0,"143":0,"144":0,"145":0,"146":0,"147":0,"148":0,"149":0,"150":0,"151":0,"152":0,"153":0,"154":0,"155":0,"156":0,"157":0,"158":0,"159":0,"160":0},"b":{"1":[0,0],"2":[0,0],"3":[0,0],"4":[0,0],"5":[0,0],"6":[0,0],"7":[0,0],"8":[0,0],"9":[0,0],"10":[0,0],"11":[0,0],"12":[0,0],"13":[0,0],"14":[0,0],"15":[0,0],"16":[0,0],"17":[0,0],"18":[0,0],"19":[0,0],"20":[0,0],"21":[0,0],"22":[0,0],"23":[0,0],"24":[0,0],"25":[0,0],"26":[0,0],"27":[0,0],"28":[0,0],"29":[0,0],"30":[0,0],"31":[0,0],"32":[0,0],"33":[0,0],"34":[0,0],"35":[0,0],"36":[0,0]},"f":{"1":0,"2":0,"3":0,"4":0,"5":0,"6":0,"7":0,"8":0,"9":0,"10":0,"11":0,"12":0,"13":0,"14":0,"15":0,"16":0,"17":0,"18":0,"19":0,"20":0,"21":0,"22":0,"23":0,"24":0,"25":0,"26":0,"27":0,"28":0,"29":0,"30":0,"31":0,"32":0,"33":0},"fnMap":{"1":{"name":"encode","line":42,"loc":{"start":{"line":42,"column":4},"end":{"line":44,"column":4}}},"2":{"name":"uqdiv","line":47,"loc":{"start":{"line":47,"column":4},"end":{"line":49,"column":4}}},"3":{"name":"min","line":59,"loc":{"start":{"line":59,"column":4},"end":{"line":61,"column":4}}},"4":{"name":"sqrt","line":64,"loc":{"start":{"line":64,"column":4},"end":{"line":75,"column":4}}},"5":{"name":"add","line":85,"loc":{"start":{"line":85,"column":4},"end":{"line":87,"column":4}}},"6":{"name":"sub","line":89,"loc":{"start":{"line":89,"column":4},"end":{"line":91,"column":4}}},"7":{"name":"mul","line":93,"loc":{"start":{"line":93,"column":4},"end":{"line":95,"column":4}}},"8":{"name":"constructor","line":148,"loc":{"start":{"line":148,"column":4},"end":{"line":162,"column":4}}},"9":{"name":"_mint","line":164,"loc":{"start":{"line":164,"column":4},"end":{"line":168,"column":4}}},"10":{"name":"_burn","line":170,"loc":{"start":{"line":170,"column":4},"end":{"line":174,"column":4}}},"11":{"name":"_approve","line":176,"loc":{"start":{"line":176,"column":4},"end":{"line":179,"column":4}}},"12":{"name":"_transfer","line":181,"loc":{"start":{"line":181,"column":4},"end":{"line":185,"column":4}}},"13":{"name":"approve","line":187,"loc":{"start":{"line":187,"column":4},"end":{"line":190,"column":4}}},"14":{"name":"transfer","line":192,"loc":{"start":{"line":192,"column":4},"end":{"line":195,"column":4}}},"15":{"name":"transferFrom","line":197,"loc":{"start":{"line":197,"column":4},"end":{"line":203,"column":4}}},"16":{"name":"permit","line":205,"loc":{"start":{"line":205,"column":4},"end":{"line":217,"column":4}}},"17":{"name":"lock","line":321,"loc":{"start":{"line":321,"column":4},"end":{"line":326,"column":4}}},"18":{"name":"getReserves","line":328,"loc":{"start":{"line":328,"column":4},"end":{"line":332,"column":4}}},"19":{"name":"_safeTransfer","line":334,"loc":{"start":{"line":334,"column":4},"end":{"line":337,"column":4}}},"20":{"name":"constructor","line":351,"loc":{"start":{"line":351,"column":4},"end":{"line":353,"column":4}}},"21":{"name":"initialize","line":356,"loc":{"start":{"line":356,"column":4},"end":{"line":360,"column":4}}},"22":{"name":"_update","line":363,"loc":{"start":{"line":363,"column":4},"end":{"line":376,"column":4}}},"23":{"name":"_mintFee","line":379,"loc":{"start":{"line":379,"column":4},"end":{"line":397,"column":4}}},"24":{"name":"mint","line":400,"loc":{"start":{"line":400,"column":4},"end":{"line":421,"column":4}}},"25":{"name":"burn","line":424,"loc":{"start":{"line":424,"column":4},"end":{"line":446,"column":4}}},"26":{"name":"swap","line":449,"loc":{"start":{"line":449,"column":4},"end":{"line":477,"column":4}}},"27":{"name":"skim","line":480,"loc":{"start":{"line":480,"column":4},"end":{"line":485,"column":4}}},"28":{"name":"sync","line":488,"loc":{"start":{"line":488,"column":4},"end":{"line":490,"column":4}}},"29":{"name":"constructor","line":508,"loc":{"start":{"line":508,"column":4},"end":{"line":510,"column":4}}},"30":{"name":"allPairsLength","line":512,"loc":{"start":{"line":512,"column":4},"end":{"line":514,"column":4}}},"31":{"name":"createPair","line":516,"loc":{"start":{"line":516,"column":4},"end":{"line":531,"column":4}}},"32":{"name":"setFeeTo","line":533,"loc":{"start":{"line":533,"column":4},"end":{"line":536,"column":4}}},"33":{"name":"setFeeToSetter","line":538,"loc":{"start":{"line":538,"column":4},"end":{"line":541,"column":4}}}},"statementMap":{"1":{"start":{"line":43,"column":8},"end":{"line":43,"column":28}},"2":{"start":{"line":48,"column":8},"end":{"line":48,"column":25}},"3":{"start":{"line":60,"column":8},"end":{"line":60,"column":24}},"4":{"start":{"line":65,"column":8},"end":{"line":65,"column":2251}},"5":{"start":{"line":66,"column":12},"end":{"line":66,"column":16}},"6":{"start":{"line":67,"column":12},"end":{"line":67,"column":30}},"7":{"start":{"line":68,"column":12},"end":{"line":68,"column":2334}},"8":{"start":{"line":69,"column":16},"end":{"line":69,"column":20}},"9":{"start":{"line":70,"column":16},"end":{"line":70,"column":34}},"10":{"start":{"line":72,"column":15},"end":{"line":72,"column":2439}},"11":{"start":{"line":73,"column":12},"end":{"line":73,"column":16}},"12":{"start":{"line":86,"column":8},"end":{"line":86,"column":56}},"13":{"start":{"line":90,"column":8},"end":{"line":90,"column":57}},"14":{"start":{"line":94,"column":8},"end":{"line":94,"column":70}},"15":{"start":{"line":149,"column":8},"end":{"line":149,"column":20}},"16":{"start":{"line":153,"column":8},"end":{"line":153,"column":5424}},"17":{"start":{"line":165,"column":8},"end":{"line":165,"column":43}},"18":{"start":{"line":166,"column":8},"end":{"line":166,"column":47}},"19":{"start":{"line":167,"column":8},"end":{"line":167,"column":44}},"20":{"start":{"line":171,"column":8},"end":{"line":171,"column":51}},"21":{"start":{"line":172,"column":8},"end":{"line":172,"column":43}},"22":{"start":{"line":173,"column":8},"end":{"line":173,"column":46}},"23":{"start":{"line":177,"column":8},"end":{"line":177,"column":40}},"24":{"start":{"line":178,"column":8},"end":{"line":178,"column":44}},"25":{"start":{"line":182,"column":8},"end":{"line":182,"column":51}},"26":{"start":{"line":183,"column":8},"end":{"line":183,"column":47}},"27":{"start":{"line":184,"column":8},"end":{"line":184,"column":38}},"28":{"start":{"line":188,"column":8},"end":{"line":188,"column":43}},"29":{"start":{"line":189,"column":8},"end":{"line":189,"column":19}},"30":{"start":{"line":193,"column":8},"end":{"line":193,"column":39}},"31":{"start":{"line":194,"column":8},"end":{"line":194,"column":19}},"32":{"start":{"line":198,"column":8},"end":{"line":198,"column":7000}},"33":{"start":{"line":199,"column":12},"end":{"line":199,"column":79}},"34":{"start":{"line":201,"column":8},"end":{"line":201,"column":33}},"35":{"start":{"line":202,"column":8},"end":{"line":202,"column":19}},"36":{"start":{"line":206,"column":8},"end":{"line":206,"column":65}},"37":{"start":{"line":207,"column":8},"end":{"line":207,"column":7410}},"38":{"start":{"line":214,"column":8},"end":{"line":214,"column":61}},"39":{"start":{"line":215,"column":8},"end":{"line":215,"column":107}},"40":{"start":{"line":216,"column":8},"end":{"line":216,"column":38}},"41":{"start":{"line":322,"column":8},"end":{"line":322,"column":50}},"42":{"start":{"line":323,"column":8},"end":{"line":323,"column":19}},"43":{"start":{"line":325,"column":8},"end":{"line":325,"column":19}},"44":{"start":{"line":329,"column":8},"end":{"line":329,"column":27}},"45":{"start":{"line":330,"column":8},"end":{"line":330,"column":27}},"46":{"start":{"line":331,"column":8},"end":{"line":331,"column":47}},"47":{"start":{"line":335,"column":8},"end":{"line":335,"column":99}},"48":{"start":{"line":336,"column":8},"end":{"line":336,"column":103}},"49":{"start":{"line":352,"column":8},"end":{"line":352,"column":27}},"50":{"start":{"line":357,"column":8},"end":{"line":357,"column":61}},"51":{"start":{"line":358,"column":8},"end":{"line":358,"column":23}},"52":{"start":{"line":359,"column":8},"end":{"line":359,"column":23}},"53":{"start":{"line":364,"column":8},"end":{"line":364,"column":89}},"54":{"start":{"line":365,"column":8},"end":{"line":365,"column":63}},"55":{"start":{"line":366,"column":8},"end":{"line":366,"column":64}},"56":{"start":{"line":367,"column":8},"end":{"line":367,"column":14012}},"57":{"start":{"line":369,"column":12},"end":{"line":369,"column":99}},"58":{"start":{"line":370,"column":12},"end":{"line":370,"column":99}},"59":{"start":{"line":372,"column":8},"end":{"line":372,"column":35}},"60":{"start":{"line":373,"column":8},"end":{"line":373,"column":35}},"61":{"start":{"line":374,"column":8},"end":{"line":374,"column":42}},"62":{"start":{"line":375,"column":8},"end":{"line":375,"column":37}},"63":{"start":{"line":380,"column":8},"end":{"line":380,"column":58}},"64":{"start":{"line":381,"column":8},"end":{"line":381,"column":34}},"65":{"start":{"line":382,"column":8},"end":{"line":382,"column":27}},"66":{"start":{"line":383,"column":8},"end":{"line":383,"column":14849}},"67":{"start":{"line":384,"column":12},"end":{"line":384,"column":14879}},"68":{"start":{"line":385,"column":16},"end":{"line":385,"column":70}},"69":{"start":{"line":386,"column":16},"end":{"line":386,"column":50}},"70":{"start":{"line":387,"column":16},"end":{"line":387,"column":15045}},"71":{"start":{"line":388,"column":20},"end":{"line":388,"column":74}},"72":{"start":{"line":389,"column":20},"end":{"line":389,"column":66}},"73":{"start":{"line":390,"column":20},"end":{"line":390,"column":60}},"74":{"start":{"line":391,"column":20},"end":{"l
[...]
},"44":{"start":{"line":387,"column":8},"end":{"line":387,"column":79}},"45":{"start":{"line":422,"column":8},"end":{"line":422,"column":71}},"46":{"start":{"line":427,"column":8},"end":{"line":427,"column":25}},"47":{"start":{"line":428,"column":8},"end":{"line":428,"column":19}},"48":{"start":{"line":445,"column":8},"end":{"line":445,"column":17829}},"49":{"start":{"line":446,"column":12},"end":{"line":446,"column":64}},"50":{"start":{"line":448,"column":8},"end":{"line":448,"column":94}},"51":{"start":{"line":449,"column":8},"end":{"line":449,"column":18086}},"52":{"start":{"line":450,"column":12},"end":{"line":450,"column":64}},"53":{"start":{"line":452,"column":12},"end":{"line":452,"column":92}},"54":{"start":{"line":453,"column":12},"end":{"line":453,"column":18322}},"55":{"start":{"line":454,"column":16},"end":{"line":454,"column":94}},"56":{"start":{"line":455,"column":16},"end":{"line":455,"column":68}},"57":{"start":{"line":457,"column":16},"end":{"line":457,"column":96}},"58":{"start":{"line":458,"column":16},"end":{"line":458,"column":55}},"59":{"start":{"line":459,"column":16},"end":{"line":459,"column":94}},"60":{"start":{"line":460,"column":16},"end":{"line":460,"column":68}},"61":{"start":{"line":474,"column":8},"end":{"line":474,"column":113}},"62":{"start":{"line":475,"column":8},"end":{"line":475,"column":72}},"63":{"start":{"line":476,"column":8},"end":{"line":476,"column":73}},"64":{"start":{"line":477,"column":8},"end":{"line":477,"column":73}},"65":{"start":{"line":478,"column":8},"end":{"line":478,"column":48}},"66":{"start":{"line":488,"column":8},"end":{"line":488,"column":19974}},"67":{"start":{"line":496,"column":8},"end":{"line":496,"column":69}},"68":{"start":{"line":497,"column":8},"end":{"line":497,"column":76}},"69":{"start":{"line":498,"column":8},"end":{"line":498,"column":46}},"70":{"start":{"line":499,"column":8},"end":{"line":499,"column":52}},"71":{"start":{"line":500,"column":8},"end":{"line":500,"column":48}},"72":{"start":{"line":502,"column":8},"end":{"line":502,"column":100}},"73":{"start":{"line":502,"column":35},"end":{"line":502,"column":99}},"74":{"start":{"line":515,"column":8},"end":{"line":515,"column":72}},"75":{"start":{"line":516,"column":8},"end":{"line":516,"column":69}},"76":{"start":{"line":517,"column":8},"end":{"line":517,"column":68}},"77":{"start":{"line":518,"column":8},"end":{"line":518,"column":71}},"78":{"start":{"line":519,"column":8},"end":{"line":519,"column":86}},"79":{"start":{"line":520,"column":8},"end":{"line":520,"column":79}},"80":{"start":{"line":521,"column":8},"end":{"line":521,"column":79}},"81":{"start":{"line":531,"column":8},"end":{"line":531,"column":21830}},"82":{"start":{"line":540,"column":8},"end":{"line":540,"column":58}},"83":{"start":{"line":541,"column":8},"end":{"line":541,"column":38}},"84":{"start":{"line":542,"column":8},"end":{"line":542,"column":52}},"85":{"start":{"line":554,"column":8},"end":{"line":554,"column":72}},"86":{"start":{"line":555,"column":8},"end":{"line":555,"column":54}},"87":{"start":{"line":556,"column":8},"end":{"line":556,"column":87}},"88":{"start":{"line":557,"column":8},"end":{"line":557,"column":108}},"89":{"start":{"line":568,"column":8},"end":{"line":568,"column":69}},"90":{"start":{"line":569,"column":8},"end":{"line":569,"column":54}},"91":{"start":{"line":570,"column":8},"end":{"line":570,"column":87}},"92":{"start":{"line":571,"column":8},"end":{"line":571,"column":114}},"93":{"start":{"line":583,"column":8},"end":{"line":583,"column":23951}},"94":{"start":{"line":592,"column":8},"end":{"line":592,"column":85}},"95":{"start":{"line":593,"column":8},"end":{"line":593,"column":38}},"96":{"start":{"line":594,"column":8},"end":{"line":594,"column":52}},"97":{"start":{"line":605,"column":8},"end":{"line":605,"column":69}},"98":{"start":{"line":606,"column":8},"end":{"line":606,"column":54}},"99":{"start":{"line":607,"column":8},"end":{"line":607,"column":87}},"100":{"start":{"line":608,"column":8},"end":{"line":608,"column":24929}},"101":{"start":{"line":616,"column":8},"end":{"line":616,"column":25295}},"102":{"start":{"line":617,"column":12},"end":{"line":617,"column":68}},"103":{"start":{"line":618,"column":12},"end":{"line":618,"column":74}},"104":{"start":{"line":619,"column":12},"end":{"line":619,"column":43}},"105":{"start":{"line":620,"column":12},"end":{"line":620,"column":110}},"106":{"start":{"line":621,"column":12},"end":{"line":621,"column":107}},"107":{"start":{"line":622,"column":12},"end":{"line":622,"column":25770}},"108":{"start":{"line":634,"column":8},"end":{"line":634,"column":72}},"109":{"start":{"line":635,"column":8},"end":{"line":635,"column":106}},"110":{"start":{"line":636,"column":8},"end":{"line":636,"column":26378}},"111":{"start":{"line":639,"column":8},"end":{"line":639,"column":31}},"112":{"start":{"line":648,"column":8},"end":{"line":648,"column":72}},"113":{"start":{"line":649,"column":8},"end":{"line":649,"column":84}},"114":{"start":{"line":650,"column":8},"end":{"line":650,"column":26990}},"115":{"start":{"line":653,"column":8},"end":{"line":653,"column":31}},"116":{"start":{"line":663,"column":8},"end":{"line":663,"column":64}},"117":{"start":{"line":664,"column":8},"end":{"line":664,"column":73}},"118":{"start":{"line":665,"column":8},"end":{"line":665,"column":106}},"119":{"start":{"line":666,"column":8},"end":{"line":666,"column":47}},"120":{"start":{"line":667,"column":8},"end":{"line":667,"column":100}},"121":{"start":{"line":668,"column":8},"end":{"line":668,"column":31}},"122":{"start":{"line":677,"column":8},"end":{"line":677,"column":78}},"123":{"start":{"line":678,"column":8},"end":{"line":678,"column":72}},"124":{"start":{"line":679,"column":8},"end":{"line":679,"column":84}},"125":{"start":{"line":680,"column":8},"end":{"line":680,"column":28382}},"126":{"start":{"line":683,"column":8},"end":{"line":683,"column":42}},"127":{"start":{"line":684,"column":8},"end":{"line":684,"column":56}},"128":{"start":{"line":685,"column":8},"end":{"line":685,"column":70}},"129":{"start":{"line":694,"column":8},"end":{"line":694,"column":78}},"130":{"start":{"line":695,"column":8},"end":{"line":695,"column":72}},"131":{"start":{"line":696,"column":8},"end":{"line":696,"column":106}},"132":{"start":{"line":697,"column":8},"end":{"line":697,"column":29238}},"133":{"start":{"line":700,"column":8},"end":{"line":700,"column":42}},"134":{"start":{"line":701,"column":8},"end":{"line":701,"column":56}},"135":{"start":{"line":702,"column":8},"end":{"line":702,"column":70}},"136":{"start":{"line":712,"column":8},"end":{"line":712,"column":64}},"137":{"start":{"line":713,"column":8},"end":{"line":713,"column":72}},"138":{"start":{"line":714,"column":8},"end":{"line":714,"column":82}},"139":{"start":{"line":715,"column":8},"end":{"line":715,"column":47}},"140":{"start":{"line":716,"column":8},"end":{"line":716,"column":100}},"141":{"start":{"line":717,"column":8},"end":{"line":717,"column":31}},"142":{"start":{"line":719,"column":8},"end":{"line":719,"column":102}},"143":{"start":{"line":719,"column":36},"end":{"line":719,"column":101}},"144":{"start":{"line":725,"column":8},"end":{"line":725,"column":30638}},"145":{"start":{"line":726,"column":12},"end":{"line":726,"column":68}},"146":{"start":{"line":727,"column":12},"end":{"line":727,"column":74}},"147":{"start":{"line":728,"column":12},"end":{"line":728,"column":98}},"148":{"start":{"line":729,"column":12},"end":{"line":729,"column":28}},"149":{"start":{"line":730,"column":12},"end":{"line":730,"column":29}},"150":{"start":{"line":732,"column":12},"end":{"line":732,"column":64}},"151":{"start":{"line":733,"column":12},"end":{"line":733,"column":115}},"152":{"start":{"line":734,"column":12},"end":{"line":734,"column":81}},"153":{"start":{"line":735,"column":12},"end":{"line":735,"column":97}},"154":{"start":{"line":737,"column":12},"end":{"line":737,"column":116}},"155":{"start":{"line":738,"column":12},"end":{"line":738,"column":107}},"156":{"start":{"line":739,"column":12},"end":{"line":739,"column":62}},"157":{"start":{"line":749,"column":8},"end":{"line":749,"column":32005}},"158":{"start":{"line":752,"column":8},"end":{"line":752,"column":72}},"159":{"start":{"line":753,"column":8},"end":{"line":753,"column":51}},"160":{"start":{"line":754,"column":8},"end":{"line":754,"column":32285}},"161":{"start":{"line":771,"column":8},"end":{"line":771,"column":64}},"162":{"start":{"line":772,"column":8},"end":{"line":772,"column":33}},"163":{"start":{"line":773,"column":8},"end":{"line":773,"column":45}},"164":{"start":{"line":774,"column":8},"end":{"line":774,"column":98}},"165":{"start":{"line":775,"column":8},"end":{"line":775,"column":72}},"166":{"start":{"line":776,"column":8},"end":{"line":776,"column":51}},"167":{"start":{"line":777,"column":8},"end":{"line":777,"column":33141}},"168":{"start":{"line":794,"column":8},"end":{"line":794,"column":78}},"169":{"start":{"line":795,"column":8},"end":{"line":795,"column":33701}},"170":{"start":{"line":798,"column":8},"end":{"line":798,"column":62}},"171":{"start":{"line":799,"column":8},"end":{"line":799,"column":62}},"172":{"start":{"line":800,"column":8},"end":{"line":800,"column":88}},"173":{"start":{"line":801,"column":8},"end":{"line":801,"column":38}},"174":{"start":{"line":802,"column":8},"end":{"line":802,"column":52}},"175":{"start":{"line":807,"column":8},"end":{"line":807,"column":66}},"176":{"start":{"line":817,"column":8},"end":{"line":817,"column":77}},"177":{"start":{"line":827,"column":8},"end":{"line":827,"column":77}},"178":{"start":{"line":837,"column":8},"end":{"line":837,"column":70}},"179":{"start":{"line":847,"column":8},"end":{"line":847,"column":70}}},"branchMap":{"1":{"line":39,"type":"if","locations":[{"start":{"line":39,"column":8},"end":{"line":39,"column":8}},{"start":{"line":39,"column":8},"end":{"line":39,"column":8}}]},"2":{"line":43,"type":"if","locations":[{"start":{"line":43,"column":8},"end":{"line":43,"column":8}},{"start":{"line":43,"column":8},"end":{"line":43,"column":8}}]},"3":{"line":47,"type":"if","locations":[{"start":{"line":47,"column":8},"end":{"line":47,"column":8}},{"start":{"line":47,"column":8},"end":{"line":47,"column":8}}]},"4":{"line":117,"type":"if","locations":[{"start":{"line":117,"column":8},"end":{"line":117,"column":8}},{"start":{"line":117,"column":8},"end":{"line":117,"column":8}}]},"5":{"line":119,"type":"if","locations":[{"start":{"line":119,"column":8},"end":{"line":119,"column":8}},{"start":{"line":119,"column":8},"end":{"line":119,"column":8}}]},"6":{"line":146,"type":"if","locations":[{"start":{"line":146,"column":8},"end":{"line":146,"column":8}},{"start":{"line":146,"column":8},"end":{"line":146,"column":8}}]},"7":{"line":147,"type":"if","locations":[{"start":{"line":147,"column":8},"end":{"line":147,"column":8}},{"start":{"line":147,"column":8},"end":{"line":147,"column":8}}]},"8":{"line":153,"type":"if","locations":[{"start":{"line":153,"column":8},"end":{"line":153,"column":8}},{"start":{"line":153,"column":8},"end":{"line":153,"column":8}}]},"9":{"line":154,"type":"if","locations":[{"start":{"line":154,"column":8},"end":{"line":154,"column":8}},{"start":{"line":154,"column":8},"end":{"line":154,"column":8}}]},"10":{"line":163,"type":"if","locations":[{"start":{"line":163,"column":8},"end":{"line":163,"column":8}},{"start":{"line":163,"column":8},"end":{"line":163,"column":8}}]},"11":{"line":164,"type":"if","locations":[{"start":{"line":164,"column":8},"end":{"line":164,"column":8}},{"start":{"line":164,"column":8},"end":{"line":164,"column":8}}]},"12":{"line":172,"type":"if","locations":[{"start":{"line":172,"column":8},"end":{"line":172,"column":8}},{"start":{"line":172,"column":8},"end":{"line":172,"column":8}}]},"13":{"line":183,"type":"if","locations":[{"start":{"line":183,"column":8},"end":{"line":183,"column":8}},{"start":{"line":183,"column":8},"end":{"line":183,"column":8}}]},"14":{"line":352,"type":"if","locations":[{"start":{"line":352,"column":8},"end":{"line":352,"column":8}},{"start":{"line":352,"column":8},"end":{"line":352,"column":8}}]},"15":{"line":365,"type":"if","locations":[{"start":{"line":365,"column":8},"end":{"line":365,"column":8}},{"start":{"line":365,"column":8},"end":{"line":365,"column":8}}]},"16":{"line":379,"type":"if","locations":[{"start":{"line":379,"column":8},"end":{"line":379,"column":8}},{"start":{"line":379,"column":8},"end":{"line":379,"column":8}}]},"17":{"line":387,"type":"if","locations":[{"start":{"line":387,"column":8},"end":{"line":387,"column":8}},{"start":{"line":387,"column":8},"end":{"line":387,"column":8}}]},"18":{"line":422,"type":"if","locations":[{"start":{"line":422,"column":8},"end":{"line":422,"column":8}},{"start":{"line":422,"column":8},"end":{"line":422,"column":8}}]},"19":{"line":445,"type":"if","locations":[{"start":{"line":445,"column":8},"end":{"line":445,"column":8}},{"start":{"line":445,"column":8},"end":{"line":445,"column":8}}]},"20":{"line":449,"type":"if","locations":[{"start":{"line":449,"column":8},"end":{"line":449,"column":8}},{"start":{"line":449,"column":8},"end":{"line":449,"column":8}}]},"21":{"line":453,"type":"if","locations":[{"start":{"line":453,"column":12},"end":{"line":453,"column":12}},{"start":{"line":453,"column":12},"end":{"line":453,"column":12}}]},"22":{"line":454,"type":"if","locations":[{"start":{"line":454,"column":16},"end":{"line":454,"column":16}},{"start":{"line":454,"column":16},"end":{"line":454,"column":16}}]},"23":{"line":459,"type":"if","locations":[{"start":{"line":459,"column":16},"end":{"line":459,"column":16}},{"start":{"line":459,"column":16},"end":{"line":459,"column":16}}]},"24":{"line":502,"type":"if","locations":[{"start":{"line":502,"column":8},"end":{"line":502,"column":8}},{"start":{"line":502,"column":8},"end":{"line":502,"column":8}}]},"25":{"line":520,"type":"if","locations":[{"start":{"line":520,"column":8},"end":{"line":520,"column":8}},{"start":{"line":520,"column":8},"end":{"line":520,"column":8}}]},"26":{"line":521,"type":"if","locations":[{"start":{"line":521,"column":8},"end":{"line":521,"column":8}},{"start":{"line":521,"column":8},"end":{"line":521,"column":8}}]},"27":{"line":635,"type":"if","locations":[{"start":{"line":635,"column":8},"end":{"line":635,"column":8}},{"start":{"line":635,"column":8},"end":{"line":635,"column":8}}]},"28":{"line":649,"type":"if","locations":[{"start":{"line":649,"column":8},"end":{"line":649,"column":8}},{"start":{"line":649,"column":8},"end":{"line":649,"column":8}}]},"29":{"line":663,"type":"if","locations":[{"start":{"line":663,"column":8},"end":{"line":663,"column":8}},{"start":{"line":663,"column":8},"end":{"line":663,"column":8}}]},"30":{"line":665,"type":"if","locations":[{"start":{"line":665,"column":8},"end":{"line":665,"column":8}},{"start":{"line":665,"column":8},"end":{"line":665,"column":8}}]},"31":{"line":677,"type":"if","locations":[{"start":{"line":677,"column":8},"end":{"line":677,"column":8}},{"start":{"line":677,"column":8},"end":{"line":677,"column":8}}]},"32":{"line":679,"type":"if","locations":[{"start":{"line":679,"column":8},"end":{"line":679,"column":8}},{"start":{"line":679,"column":8},"end":{"line":679,"column":8}}]},"33":{"line":694,"type":"if","locations":[{"start":{"line":694,"column":8},"end":{"line":694,"column":8}},{"start":{"line":694,"column":8},"end":{"line":694,"column":8}}]},"34":{"line":696,"type":"if","locations":[{"start":{"line":696,"column":8},"end":{"line":696,"column":8}},{"start":{"line":696,"column":8},"end":{"line":696,"column":8}}]},"35":{"line":712,"type":"if","locations":[{"start":{"line":712,"column":8},"end":{"line":712,"column":8}},{"start":{"line":712,"column":8},"end":{"line":712,"column":8}}]},"36":{"line":714,"type":"if","locations":[{"start":{"line":714,"column":8},"end":{"line":714,"column":8}},{"start":{"line":714,"column":8},"end":{"line":714,"column":8}}]},"37":{"line":719,"type":"if","locations":[{"start":{"line":719,"column":8},"end":{"line":719,"column":8}},{"start":{"line":719,"column":8},"end":{"line":719,"column":8}}]},"38":{"line":754,"type":"if","locations":[{"start":{"line":754,"column":8},"end":{"line":754,"column":8}},{"start":{"line":754,"column":8},"end":{"line":754,"column":8}}]},"39":{"line":771,"type":"if","locations":[{"start":{"line":771,"column":8},"end":{"line":771,"column":8}},{"start":{"line":771,"column":8},"end":{"line":771,"column":8}}]},"40":{"line":777,"type":"if","locations":[{"start":{"line":777,"column":8},"end":{"line":777,"column":8}},{"start":{"line":777,"column":8},"end":{"line":777,"column":8}}]},"41":{"line":794,"type":"if","locations":[{"start":{"line":794,"column":8},"end":{"line":794,"column":8}},{"start":{"line":794,"column":8},"end":{"line":794,"column":8}}]},"42":{"line":800,"type":"if","locations":[{"start":{"line":800,"column":8},"end":{"line":800,"column":8}},{"start":{"line":800,"column":8},"end":{"line":800,"column":8}}]}}},"contracts\\Uniswap\\WETH9.sol":{"l":{"35":0,"36":0,"39":0,"40":0,"41":0,"42":0,"46":0,"50":0,"51":0,"52":0,"56":0,"63":0,"65":0,"66":0,"67":0,"70":0,"71":0,"73":0,"75":0},"path":"D:\\Fiverr\\onPlanetToken\\contracts\\Uniswap\\WETH9.sol","s":{"1":0,"2":0,"3":0,"4":0,"5":0,"6":0,"7":0,"8":0,"9":0,"10":0,"11":0,"12":0,"13":0,"14":0,"15":0,"16":0,"17":0,"18":0,"19":0},"b":{"1":[0,0],"2":[0,0],"3":[0,0],"4":[0,0]},"f":{"1":0,"2":0,"3":0,"4":0,"5":0,"6":0},"fnMap":{"1":{"name":"deposit","line":34,"loc":{"start":{"line":34,"column":4},"end":{"line":37,"column":4}}},"2":{"name":"withdraw","line":38,"loc":{"start":{"line":38,"column":4},"end":{"line":43,"column":4}}},"3":{"name":"totalSupply","line":45,"loc":{"start":{"line":45,"column":4},"end":{"line":47,"column":4}}},"4":{"name":"approve","line":49,"loc":{"start":{"line":49,"column":4},"end":{"line":53,"column":4}}},"5":{"name":"transfer","line":55,"loc":{"start":{"line":55,"column":4},"end":{"line":57,"column":4}}},"6":{"name":"transferFrom","line":59,"loc":{"start":{"line":59,"column":4},"end":{"line":76,"column":4}}}},"statementMap":{"1":{"start":{"line":35,"column":8},"end":{"line":35,"column":41}},"2":{"start":{"line":36,"column":8},"end":{"line":36,"column":43}},"3":{"start":{"line":39,"column":8},"end":{"line":39,"column":48}},"4":{"start":{"line":40,"column":8},"end":{"line":40,"column":35}},"5":{"start":{"line":41,"column":8},"end":{"line":41,"column":31}},"6":{"start":{"line":42,"column":8},"end":{"line":42,"column":40}},"7":{"start":{"line":46,"column":8},"end":{"line":46,"column":36}},"8":{"start":{"line":50,"column":8},"end":{"line":50,"column":39}},"9":{"start":{"line":51,"column":8},"end":{"line":51,"column":43}},"10":{"start":{"line":52,"column":8},"end":{"line":52,"column":19}},"11":{"start":{"line":56,"column":8},"end":{"line":56,"column":49}},"12":{"start":{"line":63,"column":8},"end":{"line":63,"column":41}},"13":{"start":{"line":65,"column":8},"end":{"line":65,"column":2297}},"14":{"start":{"line":66,"column":12},"end":{"line":66,"column":57}},"15":{"start":{"line":67,"column":12},"end":{"line":67,"column":44}},"16":{"start":{"line":70,"column":8},"end":{"line":70,"column":28}},"17":{"start":{"line":71,"column":8},"end":{"line":71,"column":28}},"18":{"start":{"line":73,"column":8},"end":{"line":73,"column":36}},"19":{"start":{"line":75,"column":8},"end":{"line":75,"column":19}}},"branchMap":{"1":{"line":39,"type":"if","locations":[{"start":{"line":39,"column":8},"end":{"line":39,"column":8}},{"start":{"line":39,"column":8},"end":{"line":39,"column":8}}]},"2":{"line":63,"type":"if","locations":[{"start":{"line":63,"column":8},"end":{"line":63,"column":8}},{"start":{"line":63,"column":8},"end":{"line":63,"column":8}}]},"3":{"line":65,"type":"if","locations":[{"start":{"line":65,"column":8},"end":{"line":65,"column":8}},{"start":{"line":65,"column":8},"end":{"line":65,"column":8}}]},"4":{"line":66,"type":"if","locations":[{"start":{"line":66,"column":12},"end":{"line":66,"column":12}},{"start":{"line":66,"column":12},"end":{"line":66,"column":12}}]}}}}