{
"contracts\\Context.sol":{"l":{"7":0,"11":0,"12":0},"path":"D:\\Fiverr\\onPlanetToken\\contracts\\Context.sol","s":{"1":0,"2":0},"b":{},"f":{"1":0,"2":0},"fnMap":{"1":{"name":"_msgSender","line":6,"loc":{"start":{"line":6,"column":4},"end":{"line":8,"column":4}}},"2":{"name":"_msgData","line":10,"loc":{"start":{"line":10,"column":4},"end":{"line":13,"column":4}}}},"statementMap":{"1":{"start":{"line":7,"column":8},"end":{"line":7,"column":34}},"2":{"start":{"line":12,"column":8},"end":{"line":12,"column":23}}},"branchMap":{}},
"contracts\\IERC20.sol":{"l":{},"path":"D:\\Fiverr\\onPlanetToken\\contracts\\IERC20.sol","s":{},"b":{},"f":{},"fnMap":{},"statementMap":{},"branchMap":{}},
"contracts\\onPlanet.sol":{"l":{"191":0,"192":0,"193":0,"196":0,"200":0,"201":0,"202":0,"205":0,"220":0,"221":0,"222":0,"223":0,"227":0,"228":0,"230":0,"231":0,"240":0,"242":0,"244":0,"245":0,"247":0,"248":0,"250":0,"251":0,"253":0,"254":0,"256":0,"257":0,"259":0,"263":0,"267":0,"271":0,"275":0,"279":0,"283":0,"284":0,"288":0,"289":0,"290":0,"294":0,"295":0,"299":0,"300":0,"304":0,"305":0,"307":0,"308":0,"315":0,"317":0,"319":0,"320":0,"326":0,"336":0,"337":0,"346":0,"347":0,"349":0,"350":0,"351":0,"356":0,"358":0,"359":0,"360":0,"363":0,"364":0,"370":0,"372":0,"373":0,"374":0,"386":0,"387":0,"389":0,"391":0,"393":0,"394":0,"405":0,"406":0,"408":0,"409":0,"410":0,"424":0,"425":0,"427":0,"429":0,"431":0,"432":0,"436":0,"437":0,"441":0,"442":0,"443":0,"446":0,"449":0,"450":0,"451":0,"453":0,"455":0,"456":0,"459":0,"460":0,"463":0,"469":0,"478":0,"479":0,"482":0,"495":0,"499":0,"503":0,"507":0,"511":0,"512":0,"513":0,"514":0,"518":0,"519":0,"527":0,"528":0,"529":0,"530":0,"531":0,"533":0,"534":0,"537":0,"539":0,"540":0,"542":0,"543":0,"544":0,"547":0,"548":0,"551":0,"552":0,"553":0,"554":0,"557":0,"560":0,"561":0,"564":0,"565":0,"566":0,"567":0,"568":0,"574":0,"575":0,"576":0,"577":0,"578":0,"579":0,"582":0,"583":0,"584":0,"586":0,"587":0,"588":0,"591":0,"592":0,"595":0,"597":0,"598":0,"604":0,"605":0,"607":0,"608":0,"609":0,"612":0,"615":0,"616":0,"622":0,"624":0,"627":0,"630":0,"636":0,"637":0,"638":0,"640":0,"643":0,"644":0,"646":0,"648":0,"651":0,"662":0,"664":0,"680":0,"681":0,"682":0,"684":0,"687":0,"695":0,"704":0,"705":0,"706":0,"709":0,"718":0,"728":0,"729":0,"730":0,"731":0,"733":0,"736":0,"744":0,"748":0,"749":0,"752":0,"753":0,"754":0,"755":0,"757":0,"758":0,"759":0,"762":0,"764":0,"774":0,"775":0,"777":0,"779":0,"781":0,"785":0,"787":0,"789":0,"792":0,"798":0,"802":0,"806":0,"810":0,"811":0,"812":0,"813":0,"815":0,"816":0,"821":0,"822":0,"823":0,"827":0,"828":0,"829":0,"831":0,"832":0,"836":0,"837":0,"838":0,"839":0,"840":0,"841":0,"842":0,"843":0,"844":0,"850":0,"851":0,"853":0,"854":0,"856":0,"858":0,"860":0,"863":0,"864":0,"865":0,"867":0,"871":0,"872":0,"873":0,"874":0,"875":0,"876":0,"880":0,"881":0,"882":0,"883":0,"884":0,"885":0,"886":0,"890":0,"891":0,"892":0,"893":0,"894":0,"895":0,"896":0,"900":0,"901":0,"902":0,"903":0,"904":0,"905":0,"906":0,"907":0,"911":0,"912":0,"916":0,"917":0,"918":0,"922":0,"923":0,"924":0,"925":0,"929":0,"930":0,"931":0,"932":0,"933":0,"937":0,"938":0,"942":0,"943":0,"944":0,"945":0,"946":0,"947":0,"949":0,"950":0,"954":0,"955":0,"956":0,"957":0,"958":0,"962":0,"968":0,"974":0,"976":0,"977":0,"978":0,"982":0,"983":0,"985":0,"987":0,"988":0,"992":0,"993":0,"994":0,"998":0,"1002":0,"1006":0,"1010":0,"1014":0,"1015":0,"1016":0,"1020":0,"1021":0,"1022":0,"1034":0,"1038":0,"1042":0,"1046":0,"1047":0,"1051":0,"1052":0,"1054":0,"1058":0,"1059":0,"1061":0,"1065":0,"1066":0,"1070":0,"1071":0,"1075":0,"1077":0,"1079":0,"1080":0,"1081":0,"1082":0,"1085":0,"1086":0,"1087":0,"1089":0,"1090":0,"1096":0,"1097":0,"1098":0,"1102":0,"1103":0,"1107":0,"1108":0,"1110":0,"1111":0,"1115":0,"1120":0,"1122":0,"1123":0,"1124":0,"1125":0,"1126":0,"1130":0,"1134":0,"1138":0,"1139":0,"1141":0,"1148":0,"1151":0,"1152":0,"1154":0,"1158":0},"path":"D:\\Fiverr\\onPlanetToken\\contracts\\onPlanet.sol","s":{"1":0,"2":0,"3":0,"4":0,"5":0,"6":0,"7":0,"8":0,"9":0,"10":0,"11":0,"12":0,"13":0,"14":0,"15":0,"16":0,"17":0,"18":0,"19":0,"20":0,"21":0,"22":0,"23":0,"24":0,"25":0,"26":0,"27":0,"28":0,"29":0,"30":0,"31":0,"32":0,"33":0,"34":0,"35":0,"36":0,"37":0,"38":0,"39":0,"40":0,"41":0,"42":0,"43":0,"44":0,"45":0,"46":0,"47":0,"48":0,"49":0,"50":0,"51":0,"52":0,"53":0,"54":0,"55":0,"56":0,"57":0,"58":0,"59":0,"60":0,"61":0,"62":0,"63":0,"64":0,"65":0,"66":0,"67":0,"68":0,"69":0,"70":0,"71":0,"72":0,"73":0,"74":0,"75":0,"76":0,"77":0,"78":0,"79":0,"80":0,"81":0,"82":0,"83":0,"84":0,"85":0,"86":0,"87":0,"88":0,"89":0,"90":0,"91":0,"92":0,"93":0,"94":0,"95":0,"96":0,"97":0,"98":0,"99":0,"100":0,"101":0,"102":0,"103":0,"104":0,"105":0,"106":0,"107":0,"108":0,"109":0,"110":0,"111":0,"112":0,"113":0,"114":0,"115":0,"116":0,"117":0,"118":0,"119":0,"120":0,"121":0,"122":0,"123":0,"124":0,"125":0,"126":0,"127":0,"128":0,"129":0,"130":0,"131":0,"132":0,"133":0,"134":0,"135":0,"136":0,"137":0,"138":0,"139":0,"140":0,"141":0,"142":0,"143":0,"144":0,"145":0,"146":0,"147":0,"148":0,"149":0,"150":0,"151":0,"152":0,"153":0,"154":0,"155":0,"156":0,"157":0,"158":0,"159":0,"160":0,"161":0,"162":0,"163":0,"164":0,"165":0,"166":0,"167":0,"168":0,"169":0,"170":0,"171":0,"172":0,"173":0,"174":0,"175":0,"176":0,"177":0,"178":0,"179":0,"180":0,"181":0,"182":0,"183":0,"184":0,"185":0,"186":0,"187":0,"188":0,"189":0,"190":0,"191":0,"192":0,"193":0,"194":0,"195":0,"196":0,"197":0,"198":0,"199":0,"200":0,"201":0,"202":0,"203":0,"204":0,"205":0,"206":0,"207":0,"208":0,"209":0,"210":0,"211":0,"212":0,"213":0,"214":0,"215":0,"216":0,"217":0,"218":0,"219":0,"220":0,"221":0,"222":0,"223":0,"224":0,"225":0,"226":0,"227":0,"228":0,"229":0,"230":0,"231":0,"232":0,"233":0,"234":0,"235":0,"236":0,"237":0,"238":0,"239":0,"240":0,"241":0,"242":0,"243":0,"244":0,"245":0,"246":0,"247":0,"248":0,"249":0,"250":0,"251":0,"252":0,"253":0,"254":0,"255":0,"256":0,"257":0,"258":0,"259":0,"260":0,"261":0,"262":0,"263":0,"264":0,"265":0,"266":0,"267":0,"268":0,"269":0,"270":0,"271":0,"272":0,"273":0,"274":0,"275":0,"276":0,"277":0,"278":0,"279":0,"280":0,"281":0,"282":0,"283":0,"284":0,"285":0,"286":0,"287":0,"288":0,"289":0,"290":0,"291":0,"292":0,"293":0,"294":0,"295":0,"296":0,"297":0,"298":0,"299":0,"300":0,"301":0,"302":0,"303":0,"304":0,"305":0,"306":0,"307":0,"308":0,"309":0,"310":0,"311":0,"312":0,"313":0,"314":0,"315":0,"316":0,"317":0,"318":0,"319":0,"320":0,"321":0,"322":0,"323":0,"324":0,"325":0,"326":0,"327":0,"328":0,"329":0,"330":0,"331":0,"332":0,"333":0,"334":0,"335":0,"336":0,"337":0,"338":0,"339":0,"340":0,"341":0,"342":0,"343":0,"344":0,"345":0,"346":0,"347":0,"348":0,"349":0,"350":0,"351":0,"352":0,"353":0,"354":0,"355":0,"356":0,"357":0,"358":0,"359":0,"360":0,"361":0,"362":0,"363":0,"364":0,"365":0,"366":0,"367":0,"368":0,"369":0,"370":0,"371":0,"372":0,"373":0,"374":0,"375":0,"376":0,"377":0,"378":0,"379":0,"380":0,"381":0,"382":0,"383":0,"384":0,"385":0,"386":0,"387":0,"388":0,"389":0,"390":0,"391":0,"392":0,"393":0,"394":0,"395":0},"b":{"1":[0,0],"2":[0,0],"3":[0,0],"4":[0,0],"5":[0,0],"6":[0,0],"7":[0,0],"8":[0,0],"9":[0,0],"10":[0,0],"11":[0,0],"12":[0,0],"13":[0,0],"14":[0,0],"15":[0,0],"16":[0,0],"17":[0,0],"18":[0,0],"19":[0,0],"20":[0,0],"21":[0,0],"22":[0,0],"23":[0,0],"24":[0,0],"25":[0,0],"26":[0,0],"27":[0,0],"28":[0,0],"29":[0,0],"30":[0,0],"31":[0,0],"32":[0,0],"33":[0,0],"34":[0,0],"35":[0,0],"36":[0,0],"37":[0,0],"38":[0,0],"39":[0,0],"40":[0,0],"41":[0,0],"42":[0,0],"43":[0,0],"44":[0,0],"45":[0,0],"46":[0,0],"47":[0,0],"48":[0,0],"49":[0,0],"50":[0,0],"51":[0,0],"52":[0,0],"53":[0,0],"54":[0,0],"55":[0,0],"56":[0,0],"57":[0,0],"58":[0,0],"59":[0,0],"60":[0,0],"61":[0,0],"62":[0,0],"63":[0,0],"64":[0,0],"65":[0,0],"66":[0,0],"67":[0,0],"68":[0,0],"69":[0,0],"70":[0,0],"71":[0,0],"72":[0,0],"73":[0,0],"74":[0,0],"75":[0,0],"76":[0,0],"77":[0,0],"78":[0,0],"79":[0,0],"80":[0,0],"81":[0,0],"82":[0,0],"83":[0,0],"84":[0,0],"85":[0,0],"86":[0,0],"87":[0,0],"88":[0,0],"89":[0,0],"90":[0,0],"91":[0,0],"92":[0,0]},"f":{"1":0,"2":0,"3":0,"4":0,"5":0,"6":0,"7":0,"8":0,"9":0,"10":0,"11":0,"12":0,"13":0,"14":0,"15":0,"16":0,"17":0,"18":0,"19":0,"20":0,"21":0,"22":0,"23":0,"24":0,"25":0,"26":0,"27":0,"28":0,"29":0,"30":0,"31":0,"32":0,"33":0,"34":0,"35":0,"36":0,"37":0,"38":0,"39":0,"40":0,"41":0,"42":0,"43":0,"44":0,"45":0,"46":0,"47":0,"48":0,"49":0,"50":0,"51":0,"52":0,"53":0,"54":0,"55":0,"56":0,"57":0,"58":0,"59":0,"60":0,"61":0,"62":0,"63":0,"64":0,"65":0,"66":0,"67":0,"68":0,"69":0,"70":0,"71":0,"72":0,"73":0,"74":0,"75":0,"76":0,"77":0,"78":0,"79":0,"80":0,"81":0,"82":0,"83":0},"fnMap":{"1":{"name":"lockTheSwap","line":190,"loc":{"start":{"line":190,"column":4},"end":{"line":197,"column":4}}},"2":{"name":"tokenCheck","line":199,"loc":{"start":{"line":199,"column":4},"end":{"line":206,"column":4}}},"3":{"name":"constructor","line":208,"loc":{"start":{"line":208,"column":4},"end":{"line":260,"column":4}}},"4":{"name":"totalSupply","line":262,"loc":{"start":{"line":262,"column":4},"end":{"line":264,"column":4}}},"5":{"name":"name","line":266,"loc":{"start":{"line":266,"column":4},"end":{"line":268,"column":4}}},"6":{"name":"symbol","line":270,"loc":{"start":{"line":270,"column":4},"end":{"line":272,"column":4}}},"7":{"name":"decimals","line":274,"loc":{"start":{"line":274,"column":4},"end":{"line":276,"column":4}}},"8":{"name":"allowance","line":278,"loc":{"start":{"line":278,"column":4},"end":{"line":280,"column":4}}},"9":{"name":"approve","line":282,"loc":{"start":{"line":282,"column":4},"end":{"line":285,"column":4}}},"10":{"name":"transferFrom","line":287,"loc":{"start":{"line":287,"column":4},"end":{"line":291,"column":4}}},"11":{"name":"increaseAllowance","line":293,"loc":{"start":{"line":293,"column":4},"end":{"line":296,"column":4}}},"12":{"name":"decreaseAllowance","line":298,"loc":{"start":{"line":298,"column":4},"end":{"line":301,"column":4}}},"13":{"name":"_approve","line":303,"loc":{"start":{"line":303,"column":4},"end":{"line":309,"column":4}}},"14":{"name":"manualBuyback","line":313,"loc":{"start":{"line":311,"column":4},"end":{"line":333,"column":4}}},"15":{"name":"buyBackTokens","line":335,"loc":{"start":{"line":335,"column":4},"end":{"line":343,"column":4}}},"16":{"name":"swapTokens","line":345,"loc":{"start":{"line":345,"column":4},"end":{"line":377,"column":4}}},"17":{"name":"setBuybackUpperLimit","line":381,"loc":{"start":{"line":379,"column":4},"end":{"line":395,"column":4}}},"18":{"name":"setBuybackTriggerTokenLimit","line":399,"loc":{"start":{"line":397,"column":4},"end":{"line":414,"column":4}}},"19":{"name":"setBuybackMinAvailability","line":418,"loc":{"start":{"line":416,"column":4},"end":{"line":433,"column":4}}},"20":{"name":"setBuyBackEnabled","line":435,"loc":{"start":{"line":435,"column":4},"end":{"line":438,"column":4}}},"21":{"name":"setTradingEnabled","line":440,"loc":{"start":{"line":440,"column":4},"end":{"line":464,"column":4}}},"22":{"name":"isTradingEnabled","line":466,"loc":{"start":{"line":466,"column":4},"end":{"line":470,"column":4}}},"23":{"name":"inTradingStartCoolDown","line":472,"loc":{"start":{"line":472,"column":4},"end":{"line":484,"column":4}}},"24":{"name":"maxTxCooldownAmount","line":494,"loc":{"start":{"line":494,"column":4},"end":{"line":496,"column":4}}},"25":{"name":"inTokenCheck","line":498,"loc":{"start":{"line":498,"column":4},"end":{"line":500,"column":4}}},"26":{"name":"inSwapAndLiquify","line":502,"loc":{"start":{"line":502,"column":4},"end":{"line":504,"column":4}}},"27":{"name":"setReflectionOn","line":506,"loc":{"start":{"line":506,"column":4},"end":{"line":508,"column":4}}},"28":{"name":"transferBalance","line":510,"loc":{"start":{"line":510,"column":4},"end":{"line":515,"column":4}}},"29":{"name":"transfer","line":517,"loc":{"start":{"line":517,"column":4},"end":{"line":520,"column":4}}},"30":{"name":"_transfer","line":522,"loc":{"start":{"line":522,"column":4},"end":{"line":631,"column":4}}},"31":{"name":"_recordPotentialLiquidityAddTransaction","line":635,"loc":{"start":{"line":633,"column":4},"end":{"line":658,"column":4}}},"32":{"name":"_clearTransferIfNeeded","line":660,"loc":{"start":{"line":660,"column":4},"end":{"line":672,"column":4}}},"33":{"name":"swapTokensForEth","line":674,"loc":{"start":{"line":674,"column":4},"end":{"line":696,"column":4}}},"34":{"name":"swapETHForTokensNoFee","line":698,"loc":{"start":{"line":698,"column":4},"end":{"line":719,"column":4}}},"35":{"name":"swapTokensForTokens","line":721,"loc":{"start":{"line":721,"column":4},"end":{"line":745,"column":4}}},"36":{"name":"validateDuringTradingCoolDown","line":747,"loc":{"start":{"line":747,"column":4},"end":{"line":765,"column":4}}},"37":{"name":"_validateIfLiquidityAdd","line":768,"loc":{"start":{"line":768,"column":4},"end":{"line":795,"column":4}}},"38":{"name":"isExcludedFromReward","line":797,"loc":{"start":{"line":797,"column":4},"end":{"line":799,"column":4}}},"39":{"name":"totalFees","line":801,"loc":{"start":{"line":801,"column":4},"end":{"line":803,"column":4}}},"40":{"name":"buyBackUpperLimitAmount","line":805,"loc":{"start":{"line":805,"column":4},"end":{"line":807,"column":4}}},"41":{"name":"reflectionFromToken","line":809,"loc":{"start":{"line":809,"column":4},"end":{"line":818,"column":4}}},"42":{"name":"tokenFromReflection","line":820,"loc":{"start":{"line":820,"column":4},"end":{"line":824,"column":4}}},"43":{"name":"excludeFromReward","line":826,"loc":{"start":{"line":826,"column":4},"end":{"line":833,"column":4}}},"44":{"name":"includeInReward","line":835,"loc":{"start":{"line":835,"column":4},"end":{"line":847,"column":4}}},"45":{"name":"_tokenTransfer","line":849,"loc":{"start":{"line":849,"column":4},"end":{"line":868,"column":4}}},"46":{"name":"_transferStandard","line":870,"loc":{"start":{"line":870,"column":4},"end":{"line":877,"column":4}}},"47":{"name":"_transferToExcluded","line":879,"loc":{"start":{"line":879,"column":4},"end":{"line":887,"column":4}}},"48":{"name":"_transferFromExcluded","line":889,"loc":{"start":{"line":889,"column":4},"end":{"line":897,"column":4}}},"49":{"name":"_transferBothExcluded","line":899,"loc":{"start":{"line":899,"column":4},"end":{"line":908,"column":4}}},"50":{"name":"_reflectFee","line":910,"loc":{"start":{"line":910,"column":4},"end":{"line":913,"column":4}}},"51":{"name":"_getValues","line":915,"loc":{"start":{"line":915,"column":4},"end":{"line":919,"column":4}}},"52":{"name":"_getTValues","line":921,"loc":{"start":{"line":921,"column":4},"end":{"line":926,"column":4}}},"53":{"name":"_getRValues","line":928,"loc":{"start":{"line":928,"column":4},"end":{"line":934,"column":4}}},"54":{"name":"_getRate","line":936,"loc":{"start":{"line":936,"column":4},"end":{"line":939,"column":4}}},"55":{"name":"_getCurrentSupply","line":941,"loc":{"start":{"line":941,"column":4},"end":{"line":951,"column":4}}},"56":{"name":"_takeLiquidity","line":953,"loc":{"start":{"line":953,"column":4},"end":{"line":959,"column":4}}},"57":{"name":"calculateTaxFee","line":961,"loc":{"start":{"line":961,"column":4},"end":{"line":965,"column":4}}},"58":{"name":"calculateLiquidityFee","line":967,"loc":{"start":{"line":967,"column":4},"end":{"line":971,"column":4}}},"59":{"name":"removeAllFee","line":973,"loc":{"start":{"line":973,"column":4},"end":{"line":979,"column":4}}},"60":{"name":"restoreAllFee","line":981,"loc":{"start":{"line":981,"column":4},"end":{"line":989,"column":4}}},"61":{"name":"setMultiFee","line":991,"loc":{"start":{"line":991,"column":4},"end":{"line":995,"column":4}}},"62":{"name":"setBotAddress","line":997,"loc":{"start":{"line":997,"column":4},"end":{"line":999,"column":4}}},"63":{"name":"isExcludedFromFee","line":1001,"loc":{"start":{"line":1001,"column":4},"end":{"line":1003,"column":4}}},"64":{"name":"excludeFromFee","line":1005,"loc":{"start":{"line":1005,"column":4},"end":{"line":1007,"column":4}}},"65":{"name":"includeInFee","line":1009,"loc":{"start":{"line":1009,"column":4},"end":{"line":1011,"column":4}}},"66":{"name":"setDefaultInFeePercent","line":1013,"loc":{"start":{"line":1013,"column":4},"end":{"line":1017,"column":4}}},"67":{"name":"setDefaultOutFeePercent","line":1019,"loc":{"start":{"line":1019,"column":4},"end":{"line":1023,"column":4}}},"68":{"name":"setMultiFeeOn","line":1033,"loc":{"start":{"line":1033,"column":4},"end":{"line":1035,"column":4}}},"69":{"name":"setMaxSellCount","line":1037,"loc":{"start":{"line":1037,"column":4},"end":{"line":1039,"column":4}}},"70":{"name":"setMaxTxAmount","line":1041,"loc":{"start":{"line":1041,"column":4},"end":{"line":1043,"column":4}}},"71":{"name":"setNumTokensSellToAddToLiquidity","line":1045,"loc":{"start":{"line":1045,"column":4},"end":{"line":1048,"column":4}}},"72":{"name":"setMarketingAddress","line":1050,"loc":{"start":{"line":1050,"column":4},"end":{"line":1055,"column":4}}},"73":{"name":"setDeveloperAddress","line":1057,"loc":{"start":{"line":1057,"column":4},"end":{"line":1062,"column":4}}},"74":{"name":"setSwapAndLiquifyEnabled","line":1064,"loc":{"start":{"line":1064,"column":4},"end":{"line":1067,"column":4}}},"75":{"name":"setEthBuyback","line":1069,"loc":{"start":{"line":1069,"column":4},"end":{"line":1072,"column":4}}},"76":{"name":"setReflectionEnabled","line":1074,"loc":{"start":{"line":1074,"column":4},"end":{"line":1093,"column":4}}},"77":{"name":"setBuyBackTokenAddress","line":1095,"loc":{"start":{"line":1095,"column":4},"end":{"line":1099,"column":4}}},"78":{"name":"updateStakingAddress","line":1101,"loc":{"start":{"line":1101,"column":4},"end":{"line":1104,"column":4}}},"79":{"name":"_onPlanetEcosystemContractAdd","line":1106,"loc":{"start":{"line":1106,"column":4},"end":{"line":1112,"column":4}}},"80":{"name":"onPlanetEcosystemContractRemove","line":1114,"loc":{"start":{"line":1114,"column":4},"end":{"line":1131,"column":4}}},"81":{"name":"transferToAddressETH","line":1133,"loc":{"start":{"line":1133,"column":4},"end":{"line":1135,"column":4}}},"82":{"name":"balanceOf","line":1137,"loc":{"start":{"line":1137,"column":4},"end":{"line":1155,"column":4}}},"83":{"name":"_balanceOf","line":1157,"loc":{"start":{"line":1157,"column":4},"end":{"line":1159,"column":4}}}},"statementMap":{"1":{"start":{"line":191,"column":8},"end":{"line":191,"column":64}},"2":{"start":{"line":192,"column":8},"end":{"line":192,"column":32}},"3":{"start":{"line":196,"column":8},"end":{"line":196,"column":33}},"4":{"start":{"line":200,"column":8},"end":{"line":200,"column":62}},"5":{"start":{"line":201,"column":8},"end":{"line":201,"column":30}},"6":{"start":{"line":205,"column":8},"end":{"line":205,"column":31}},"7":{"start":{"line":220,"column":8},"end":{"line":220,"column":40}},"8":{"start":{"line":221,"column":8},"end":{"line":221,"column":52}},"9":{"start":{"line":222,"column":8},"end":{"line":222,"column":47}},"10":{"start":{"line":223,"column":8},"end":{"line":223,"column":53}},"11":{"start":{"line":227,"column":8},"end":{"line":227,"column":38}},"12":{"start":{"line":228,"column":8},"end":{"line":228,"column":38}},"13":{"start":{"line":230,"column":8},"end":{"line":230,"column":31}},"14":{"start":{"line":231,"column":8},"end":{"line":231,"column":33}},"15":{"start":{"line":240,"column":8},"end":{"line":240,"column":119}},"16":{"start":{"line":242,"column":8},"end":{"line":242,"column":41}},"17":{"start":{"line":244,"column":8},"end":{"line":244,"column":41}},"18":{"start":{"line":245,"column":8},"end":{"line":245,"column":47}},"19":{"start":{"line":247,"column":8},"end":{"line":247,"column":40}},"20":{"start":{"line":248,"column":8},"end":{"line":248,"column":36}},"21":{"start":{"line":250,"column":8},"end":{"line":250,"column":32}},"22":{"start":{"line":251,"column":8},"end":{"line":251,"column":27}},"23":{"start":{"line":253,"column":8},"end":{"line":253,"column":38}},"24":{"start":{"line":254,"column":8},"end":{"line":254,"column":33}},"25":{"start":{"line":256,"column":8},"end":{"line":256,"column":38}},"26":{"start":{"line":257,"column":8},"end":{"line":257,"column":33}},"27":{"start":{"line":259,"column":8},"end":{"line":259,"column":56}},"28":{"start":{"line":263,"column":8},"end":{"line":263,"column":22}},"29":{"start":{"line":267,"column":8},"end":{"line":267,"column":20}},"30":{"start":{"line":271,"column":8},"end":{"line":271,"column":22}},"31":{"start":{"line":275,"column":8},"end":{"line":275,"column":29}},"32":{"start":{"line":279,"column":8},"end":{"line":279,"column":42}},"33":{"start":{"line":283,"column":8},"end":{"line":283,"column":46}},"34":{"start":{"line":284,"column":8},"end":{"line":284,"column":19}},"35":{"start":{"line":288,"column":8},"end":{"line":288,"column":43}},"36":{"start":{"line":289,"column":8},"end":{"line":289,"column":128}},"37":{"start":{"line":290,"column":8},"end":{"line":290,"column":19}},"38":{"start":{"line":294,"column":8},"end":{"line":294,"column":90}},"39":{"start":{"line":295,"column":8},"end":{"line":295,"column":19}},"40":{"start":{"line":299,"column":8},"end":{"line":299,"column":136}},"41":{"start":{"line":300,"column":8},"end":{"line":300,"column":19}},"42":{"start":{"line":304,"column":8},"end":{"line":304,"column":75}},"43":{"start":{"line":305,"column":8},"end":{"line":305,"column":75}},"44":{"start":{"line":307,"column":8},"end":{"line":307,"column":43}},"45":{"start":{"line":308,"column":8},"end":{"line":308,"column":45}},"46":{"start":{"line":315,"column":8},"end":{"line":315,"column":65}},"47":{"start":{"line":317,"column":8},"end":{"line":317,"column":65}},"48":{"start":{"line":319,"column":8},"end":{"line":319,"column":12219}},"49":{"start":{"line":320,"column":12},"end":{"line":320,"column":12252}},"50":{"start":{"line":326,"column":12},"end":{"line":326,"column":12408}},"51":{"start":{"line":336,"column":8},"end":{"line":336,"column":12662}},"52":{"start":{"line":337,"column":12},"end":{"line":337,"column":12697}},"53":{"start":{"line":346,"column":8},"end":{"line":346,"column":30}},"54":{"start":{"line":347,"column":8},"end":{"line":347,"column":34}},"55":{"start":{"line":349,"column":8},"end":{"line":349,"column":12998}},"56":{"start":{"line":350,"column":12},"end":{"line":350,"column":49}},"57":{"start":{"line":351,"column":12},"end":{"line":351,"column":13086}},"58":{"start":{"line":356,"column":12},"end":{"line":356,"column":73}},"59":{"start":{"line":358,"column":12},"end":{"line":358,"column":13326}},"60":{"start":{"line":359,"column":16},"end":{"line":359,"column":122}},"61":{"start":{"line":360,"column":16},"end":{"line":360,"column":116}},"62":{"start":{"line":363,"column":12},"end":{"line":363,"column":80}},"63":{"start":{"line":364,"column":12},"end":{"line":364,"column":13771}},"64":{"start":{"line":370,"column":12},"end":{"line":370,"column":104}},"65":{"start":{"line":372,"column":12},"end":{"line":372,"column":14071}},"66":{"start":{"line":373,"column":16},"end":{"line":373,"column":138}},"67":{"start":{"line":374,"column":16},"end":{"line":374,"column":132}},"68":{"start":{"line":386,"column":8},"end":{"line":386,"column":84}},"69":{"start":{"line":387,"column":8},"end":{"line":387,"column":87}},"70":{"start":{"line":389,"column":8},"end":{"line":389,"column":78}},"71":{"start":{"line":391,"column":8},"end":{"line":391,"column":45}},"72":{"start":{"line":393,"column":8},"end":{"line":393,"column":74}},"73":{"start":{"line":394,"column":8},"end":{"line":394,"column":67}},"74":{"start":{"line":405,"column":8},"end":{"line":405,"column":68}},"75":{"start":{"line":406,"column":8},"end":{"line":406,"column":100}},"76":{"start":{"line":408,"column":8},"end":{"line":408,"column":52}},"77":{"start":{"line":409,"column":8},"end":{"line":409,"column":53}},"78":{"start":{"line":410,"column":8},"end":{"line":410,"column":15751}},"79":{"start":{"line":424,"column":8},"end":{"line":424,"column":80}},"80":{"start":{"line":425,"column":8},"end":{"line":425,"column":88}},"81":{"start":{"line":427,"column":8},"end":{"line":427,"column":78}},"82":{"start":{"line":429,"column":8},"end":{"line":429,"column":50}},"83":{"start":{"line":431,"column":8},"end":{"line":431,"column":73}},"84":{"start":{"line":432,"column":8},"end":{"line":432,"column":77}},"85":{"start":{"line":436,"column":8},"end":{"line":436,"column":32}},"86":{"start":{"line":437,"column":8},"end":{"line":437,"column":44}},"87":{"start":{"line":441,"column":8},"end":{"line":441,"column":87}},"88":{"start":{"line":442,"column":8},"end":{"line":442,"column":95}},"89":{"start":{"line":443,"column":8},"end":{"line":443,"column":110}},"90":{"start":{"line":446,"column":8},"end":{"line":446,"column":97}},"91":{"start":{"line":449,"column":8},"end":{"line":449,"column":61}},"92":{"start":{"line":450,"column":8},"end":{"line":450,"column":76}},"93":{"start":{"line":451,"column":8},"end":{"line":451,"column":63}},"94":{"start":{"line":453,"column":8},"end":{"line":453,"column":44}},"95":{"start":{"line":455,"column":8},"end":{"line":455,"column":30}},"96":{"start":{"line":456,"column":8},"end":{"line":456,"column":37}},"97":{"start":{"line":459,"column":8},"end":{"line":459,"column":68}},"98":{"start":{"line":460,"column":8},"end":{"line":460,"column":76}},"99":{"start":{"line":463,"column":8},"end":{"line":463,"column":29}},"100":{"start":{"line":469,"column":8},"end":{"line":469,"column":46}},"101":{"start":{"line":478,"column":8},"end":{"line":478,"column":18650}},"102":{"start":{"line":479,"column":12},"end":{"line":479,"column":58}},"103":{"start":{"line":482,"column":12},"end":{"line":482,"column":23}},"104":{"start":{"line":495,"column":8},"end":{"line":495,"column":32}},"105":{"start":{"line":499,"column":8},"end":{"line":499,"column":39}},"106":{"start":{"line":503,"column":8},"end":{"line":503,"column":41}},"107":{"start":{"line":507,"column":8},"end":{"line":507,"column":29}},"108":{"start":{"line":511,"column":8},"end":{"line":511,"column":88}},"109":{"start":{"line":512,"column":8},"end":{"line":512,"column":88}},"110":{"start":{"line":513,"column":8},"end":{"line":513,"column":80}},"111":{"start":{"line":514,"column":8},"end":{"line":514,"column":54}},"112":{"start":{"line":518,"column":8},"end":{"line":518,"column":49}},"113":{"start":{"line":519,"column":8},"end":{"line":519,"column":19}},"114":{"start":{"line":527,"column":8},"end":{"line":527,"column":64}},"115":{"start":{"line":528,"column":8},"end":{"line":528,"column":75}},"116":{"start":{"line":529,"column":8},"end":{"line":529,"column":71}},"117":{"start":{"line":530,"column":8},"end":{"line":530,"column":71}},"118":{"start":{"line":531,"column":8},"end":{"line":531,"column":88}},"119":{"start":{"line":533,"column":8},"end":{"line":533,"column":32}},"120":{"start":{"line":534,"column":8},"end":{"line":534,"column":20978}},"121":{"start":{"line":537,"column":8},"end":{"line":537,"column":101}},"122":{"start":{"line":539,"column":8},"end":{"line":539,"column":51}},"123":{"start":{"line":540,"column":8},"end":{"line":540,"column":79}},"124":{"start":{"line":542,"column":8},"end":{"line":542,"column":54}},"125":{"start":{"line":543,"column":8},"end":{"line":543,"column":21361}},"126":{"start":{"line":544,"column":12},"end":{"line":544,"column":58}},"127":{"start":{"line":547,"column":8},"end":{"line":547,"column":63}},"128":{"start":{"line":548,"column":8},"end":{"line":548,"column":86}},"129":{"start":{"line":551,"column":8},"end":{"line":551,"column":21775}},"130":{"start":{"line":552,"column":12},"end":{"line":552,"column":21867}},"131":{"start":{"line":553,"column":16},"end":{"line":553,"column":61}},"132":{"start":{"line":554,"column":16},"end":{"line":554,"column":47}},"133":{"start":{"line":557,"column":12},"end":{"line":557,"column":22044}},"134":{"start":{"line":560,"column":16},"end":{"line":560,"column":22221}},"135":{"start":{"line":561,"column":20},"end":{"line":561,"column":60}},"136":{"start":{"line":564,"column":16},"end":{"line":564,"column":22372}},"137":{"start":{"line":565,"column":20},"end":{"line":565,"column":51}},"138":{"start":{"line":566,"column":20},"end":{"line":566,"column":40}},"139":{"start":{"line":567,"column":20},"end":{"line":567,"column":32}},"140":{"start":{"line":568,"column":20},"end":{"line":568,"column":33}},"141":{"start":{"line":574,"column":8},"end":{"line":574,"column":22765}},"142":{"start":{"line":575,"column":12},"end":{"line":575,"column":46}},"143":{"start":{"line":576,"column":12},"end":{"line":576,"column":22859}},"144":{"start":{"line":577,"column":16},"end":{"line":577,"column":55}},"145":{"start":{"line":578,"column":16},"end":{"line":578,"column":76}},"146":{"start":{"line":578,"column":49},"end":{"line":578,"column":75}},"147":{"start":{"line":579,"column":16},"end":{"line":579,"column":74}},"148":{"start":{"line":582,"column":12},"end":{"line":582,"column":30}},"149":{"start":{"line":583,"column":12},"end":{"line":583,"column":38}},"150":{"start":{"line":584,"column":12},"end":{"line":584,"column":32}},"151":{"start":{"line":586,"column":12},"end":{"line":586,"column":23271}},"152":{"start":{"line":587,"column":16},"end":{"line":587,"column":23308}},"153":{"start":{"line":588,"column":20},"end":{"line":588,"column":40}},"154":{"start":{"line":591,"column":16},"end":{"line":591,"column":23444}},"155":{"start":{"line":592,"column":20},"end":{"line":592,"column":56}},"156":{"start":{"line":595,"column":16},"end":{"line":595,"column":56}},"157":{"start":{"line":597,"column":16},"end":{"line":597,"column":23650}},"158":{"start":{"line":598,"column":20},"end":{"line":598,"column":32}},"159":{"start":{"line":604,"column":8},"end":{"line":604,"column":23809}},"160":{"start":{"line":605,"column":12},"end":{"line":605,"column":44}},"161":{"start":{"line":607,"column":12},"end":{"line":607,"column":31}},"162":{"start":{"line":608,"column":12},"end":{"line":608,"column":39}},"163":{"start":{"line":609,"column":12},"end":{"line":609,"column":33}},"164":{"start":{"line":612,"column":8},"end":{"line":612,"column":27}},"165":{"start":{"line":615,"column":8},"end":{"line":615,"column":24150}},"166":{"start":{"line":616,"column":12},"end":{"line":616,"column":26}},"167":{"start":{"line":622,"column":8},"end":{"line":622,"column":24446}},"168":{"start":{"line":624,"column":12},"end":{"line":624,"column":35}},"169":{"start":{"line":625,"column":15},"end":{"line":625,"column":24595}},"170":{"start":{"line":627,"column":12},"end":{"line":627,"column":54}},"171":{"start":{"line":630,"column":8},"end":{"line":630,"column":48}},"172":{"start":{"line":636,"column":8},"end":{"line":636,"column":49}},"173":{"start":{"line":637,"column":8},"end":{"line":637,"column":36}},"174":{"start":{"line":638,"column":8},"end":{"line":638,"column":25037}},"175":{"start":{"line":640,"column":12},"end":{"line":640,"column":31}},"176":{"start":{"line":643,"column":8},"end":{"line":643,"column":24}},"177":{"start":{"line":644,"column":8},"end":{"line":644,"column":25220}},"178":{"start":{"line":646,"column":12},"end":{"line":646,"column":23}},"179":{"start":{"line":648,"column":12},"end":{"line":648,"column":59}},"180":{"start":{"line":651,"column":8},"end":{"line":651,"column":25446}},"181":{"start":{"line":662,"column":8},"end":{"line":662,"column":25813}},"182":{"start":{"line":664,"column":12},"end":{"line":664,"column":25942}},"183":{"start":{"line":680,"column":8},"end":{"line":680,"column":48}},"184":{"start":{"line":681,"column":8},"end":{"line":681,"column":29}},"185":{"start":{"line":682,"column":8},"end":{"line":682,"column":39}},"186":{"start":{"line":684,"column":8},"end":{"line":684,"column":74}},"187":{"start":{"line":687,"column":8},"end":{"line":687,"column":26610}},"188":{"start":{"line":695,"column":8},"end":{"line":695,"column":48}},"189":{"start":{"line":704,"column":8},"end":{"line":704,"column":48}},"190":{"start":{"line":705,"column":8},"end":{"line":705,"column":39}},"191":{"start":{"line":706,"column":8},"end":{"line":706,"column":29}},"192":{"start":{"line":709,"column":8},"end":{"line":709,"column":27271}},"193":{"start":{"line":718,"column":8},"end":{"line":718,"column":43}},"194":{"start":{"line":728,"column":8},"end":{"line":728,"column":48}},"195":{"start":{"line":729,"column":8},"end":{"line":729,"column":33}},"196":{"start":{"line":730,"column":8},"end":{"line":730,"column":39}},"197":{"start":{"line":731,"column":8},"end":{"line":731,"column":31}},"198":{"start":{"line":733,"column":8},"end":{"line":733,"column":78}},"199":{"start":{"line":736,"column":8},"end":{"line":736,"column":28086}},"200":{"start":{"line":744,"column":8},"end":{"line":744,"column":51}},"201":{"start":{"line":748,"column":8},"end":{"line":748,"column":36}},"202":{"start":{"line":749,"column":8},"end":{"line":749,"column":21}},"203":{"start":{"line":752,"column":8},"end":{"line":752,"column":28637}},"204":{"start":{"line":753,"column":12},"end":{"line":753,"column":107}},"205":{"start":{"line":754,"column":12},"end":{"line":754,"column":47}},"206":{"start":{"line":755,"column":12},"end":{"line":755,"column":54}},"207":{"start":{"line":756,"column":15},"end":{"line":756,"column":28893}},"208":{"start":{"line":757,"column":12},"end":{"line":757,"column":109}},"209":{"start":{"line":758,"column":12},"end":{"line":758,"column":49}},"210":{"start":{"line":759,"column":12},"end":{"line":759,"column":54}},"211":{"start":{"line":762,"column":8},"end":{"line":762,"column":121}},"212":{"start":{"line":764,"column":8},"end":{"line":764,"column":121}},"213":{"start":{"line":774,"column":8},"end":{"line":774,"column":59}},"214":{"start":{"line":775,"column":8},"end":{"line":775,"column":29763}},"215":{"start":{"line":777,"column":12},"end":{"line":777,"column":45}},"216":{"start":{"line":779,"column":12},"end":{"line":779,"column":29943}},"217":{"start":{"line":781,"column":16},"end":{"line":781,"column":40}},"218":{"start":{"line":785,"column":12},"end":{"line":785,"column":44}},"219":{"start":{"line":785,"column":38},"end":{"line":785,"column":44}},"220":{"start":{"line":787,"column":12},"end":{"line":787,"column":73}},"221":{"start":{"line":789,"column":12},"end":{"line":789,"column":30275}},"222":{"start":{"line":792,"column":16},"end":{"line":792,"column":73}},"223":{"start":{"line":798,"column":8},"end":{"line":798,"column":35}},"224":{"start":{"line":802,"column":8},"end":{"line":802,"column":25}},"225":{"start":{"line":806,"column":8},"end":{"line":806,"column":32}},"226":{"start":{"line":810,"column":8},"end":{"line":810,"column":69}},"227":{"start":{"line":811,"column":8},"end":{"line":811,"column":31091}},"228":{"start":{"line":812,"column":12},"end":{"line":812,"column":56}},"229":{"start":{"line":813,"column":12},"end":{"line":813,"column":26}},"230":{"start":{"line":815,"column":12},"end":{"line":815,"column":64}},"231":{"start":{"line":816,"column":12},"end":{"line":816,"column":34}},"232":{"start":{"line":821,"column":8},"end":{"line":821,"column":80}},"233":{"start":{"line":822,"column":8},"end":{"line":822,"column":41}},"234":{"start":{"line":823,"column":8},"end":{"line":823,"column":39}},"235":{"start":{"line":827,"column":8},"end":{"line":827,"column":68}},"236":{"start":{"line":828,"column":8},"end":{"line":828,"column":31759}},"237":{"start":{"line":829,"column":12},"end":{"line":829,"column":67}},"238":{"start":{"line":831,"column":8},"end":{"line":831,"column":34}},"239":{"start":{"line":832,"column":8},"end":{"line":832,"column":30}},"240":{"start":{"line":836,"column":8},"end":{"line":836,"column":67}},"241":{"start":{"line":837,"column":8},"end":{"line":837,"column":32099}},"242":{"start":{"line":838,"column":12},"end":{"line":838,"column":32165}},"243":{"start":{"line":839,"column":16},"end":{"line":839,"column":61}},"244":{"start":{"line":840,"column":16},"end":{"line":840,"column":66}},"245":{"start":{"line":841,"column":16},"end":{"line":841,"column":35}},"246":{"start":{"line":842,"column":16},"end":{"line":842,"column":43}},"247":{"start":{"line":843,"column":16},"end":{"line":843,"column":30}},"248":{"start":{"line":850,"column":8},"end":{"line":850,"column":32636}},"249":{"start":{"line":851,"column":12},"end":{"line":851,"column":25}},"250":{"start":{"line":853,"column":8},"end":{"line":853,"column":32679}},"251":{"start":{"line":854,"column":12},"end":{"line":854,"column":59}},"252":{"start":{"line":855,"column":15},"end":{"line":855,"column":32812}},"253":{"start":{"line":856,"column":12},"end":{"line":856,"column":57}},"254":{"start":{"line":857,"column":15},"end":{"line":857,"column":32943}},"255":{"start":{"line":858,"column":12},"end":{"line":858,"column":59}},"256":{"start":{"line":860,"column":12},"end":{"line":860,"column":55}},"257":{"start":{"line":863,"column":8},"end":{"line":863,"column":33166}},"258":{"start":{"line":864,"column":12},"end":{"line":864,"column":38}},"259":{"start":{"line":865,"column":12},"end":{"line":865,"column":33}},"260":{"start":{"line":867,"column":8},"end":{"line":867,"column":22}},"261":{"start":{"line":871,"column":8},"end":{"line":871,"column":145}},"262":{"start":{"line":872,"column":8},"end":{"line":872,"column":53}},"263":{"start":{"line":873,"column":8},"end":{"line":873,"column":67}},"264":{"start":{"line":874,"column":8},"end":{"line":874,"column":33}},"265":{"start":{"line":875,"column":8},"end":{"line":875,"column":30}},"266":{"start":{"line":876,"column":8},"end":{"line":876,"column":57}},"267":{"start":{"line":880,"column":8},"end":{"line":880,"column":145}},"268":{"start":{"line":881,"column":5},"end":{"line":881,"column":50}},"269":{"start":{"line":882,"column":8},"end":{"line":882,"column":67}},"270":{"start":{"line":883,"column":8},"end":{"line":883,"column":67}},"271":{"start":{"line":884,"column":8},"end":{"line":884,"column":33}},"272":{"start":{"line":885,"column":8},"end":{"line":885,"column":30}},"273":{"start":{"line":886,"column":8},"end":{"line":886,"column":57}},"274":{"start":{"line":890,"column":8},"end":{"line":890,"column":145}},"275":{"start":{"line":891,"column":5},"end":{"line":891,"column":50}},"276":{"start":{"line":892,"column":8},"end":{"line":892,"column":53}},"277":{"start":{"line":893,"column":8},"end":{"line":893,"column":67}},"278":{"start":{"line":894,"column":8},"end":{"line":894,"column":33}},"279":{"start":{"line":895,"column":8},"end":{"line":895,"column":30}},"280":{"start":{"line":896,"column":8},"end":{"line":896,"column":57}},"281":{"start":{"line":900,"column":8},"end":{"line":900,"column":145}},"282":{"start":{"line":901,"column":5},"end":{"line":901,"column":50}},"283":{"start":{"line":902,"column":8},"end":{"line":902,"column":53}},"284":{"start":{"line":903,"column":8},"end":{"line":903,"column":67}},"285":{"start":{"line":904,"column":8},"end":{"line":904,"column":67}},"286":{"start":{"line":905,"column":8},"end":{"line":905,"column":33}},"287":{"start":{"line":906,"column":8},"end":{"line":906,"column":30}},"288":{"start":{"line":907,"column":8},"end":{"line":907,"column":57}},"289":{"start":{"line":911,"column":8},"end":{"line":911,"column":34}},"290":{"start":{"line":912,"column":8},"end":{"line":912,"column":40}},"291":{"start":{"line":916,"column":8},"end":{"line":916,"column":90}},"292":{"start":{"line":917,"column":8},"end":{"line":917,"column":117}},"293":{"start":{"line":918,"column":8},"end":{"line":918,"column":82}},"294":{"start":{"line":922,"column":8},"end":{"line":922,"column":47}},"295":{"start":{"line":923,"column":8},"end":{"line":923,"column":59}},"296":{"start":{"line":924,"column":8},"end":{"line":924,"column":67}},"297":{"start":{"line":925,"column":8},"end":{"line":925,"column":50}},"298":{"start":{"line":929,"column":8},"end":{"line":929,"column":50}},"299":{"start":{"line":930,"column":8},"end":{"line":930,"column":44}},"300":{"start":{"line":931,"column":8},"end":{"line":931,"column":56}},"301":{"start":{"line":932,"column":8},"end":{"line":932,"column":67}},"302":{"start":{"line":933,"column":8},"end":{"line":933,"column":47}},"303":{"start":{"line":937,"column":8},"end":{"line":937,"column":64}},"304":{"start":{"line":938,"column":8},"end":{"line":938,"column":35}},"305":{"start":{"line":942,"column":8},"end":{"line":942,"column":33}},"306":{"start":{"line":943,"column":8},"end":{"line":943,"column":33}},"307":{"start":{"line":944,"column":8},"end":{"line":944,"column":37341}},"308":{"start":{"line":945,"column":12},"end":{"line":945,"column":109}},"309":{"start":{"line":945,"column":84},"end":{"line":945,"column":109}},"310":{"start":{"line":946,"column":12},"end":{"line":946,"column":55}},"311":{"start":{"line":947,"column":12},"end":{"line":947,"column":55}},"312":{"start":{"line":949,"column":8},"end":{"line":949,"column":69}},"313":{"start":{"line":949,"column":44},"end":{"line":949,"column":69}},"314":{"start":{"line":950,"column":8},"end":{"line":950,"column":33}},"315":{"start":{"line":954,"column":8},"end":{"line":954,"column":41}},"316":{"start":{"line":955,"column":8},"end":{"line":955,"column":56}},"317":{"start":{"line":956,"column":8},"end":{"line":956,"column":70}},"318":{"start":{"line":957,"column":8},"end":{"line":957,"column":38064}},"319":{"start":{"line":958,"column":12},"end":{"line":958,"column":74}},"320":{"start":{"line":962,"column":8},"end":{"line":962,"column":38209}},"321":{"start":{"line":968,"column":8},"end":{"line":968,"column":38381}},"322":{"start":{"line":974,"column":8},"end":{"line":974,"column":68}},"323":{"start":{"line":974,"column":62},"end":{"line":974,"column":68}},"324":{"start":{"line":976,"column":8},"end":{"line":976,"column":18}},"325":{"start":{"line":977,"column":8},"end":{"line":977,"column":22}},"326":{"start":{"line":978,"column":8},"end":{"line":978,"column":19}},"327":{"start":{"line":982,"column":8},"end":{"line":982,"column":38736}},"328":{"start":{"line":983,"column":12},"end":{"line":983,"column":35}},"329":{"start":{"line":985,"column":12},"end":{"line":985,"column":22}},"330":{"start":{"line":987,"column":8},"end":{"line":987,"column":39}},"331":{"start":{"line":988,"column":8},"end":{"line":988,"column":33}},"332":{"start":{"line":992,"column":8},"end":{"line":992,"column":18}},"333":{"start":{"line":993,"column":8},"end":{"line":993,"column":22}},"334":{"start":{"line":994,"column":8},"end":{"line":994,"column":20}},"335":{"start":{"line":998,"column":8},"end":{"line":998,"column":34}},"336":{"start":{"line":1002,"column":8},"end":{"line":1002,"column":42}},"337":{"start":{"line":1006,"column":8},"end":{"line":1006,"column":41}},"338":{"start":{"line":1010,"column":8},"end":{"line":1010,"column":42}},"339":{"start":{"line":1014,"column":8},"end":{"line":1014,"column":22}},"340":{"start":{"line":1015,"column":8},"end":{"line":1015,"column":30}},"341":{"start":{"line":1016,"column":8},"end":{"line":1016,"column":24}},"342":{"start":{"line":1020,"column":8},"end":{"line":1020,"column":23}},"343":{"start":{"line":1021,"column":8},"end":{"line":1021,"column":31}},"344":{"start":{"line":1022,"column":8},"end":{"line":1022,"column":25}},"345":{"start":{"line":1034,"column":8},"end":{"line":1034,"column":30}},"346":{"start":{"line":1038,"column":8},"end":{"line":1038,"column":31}},"347":{"start":{"line":1042,"column":8},"end":{"line":1042,"column":33}},"348":{"start":{"line":1046,"column":8},"end":{"line":1046,"column":103}},"349":{"start":{"line":1047,"column":8},"end":{"line":1047,"column":57}},"350":{"start":{"line":1051,"column":8},"end":{"line":1051,"column":91}},"351":{"start":{"line":1052,"column":8},"end":{"line":1052,"column":91}},"352":{"start":{"line":1054,"column":8},"end":{"line":1054,"column":52}},"353":{"start":{"line":1058,"column":8},"end":{"line":1058,"column":84}},"354":{"start":{"line":1059,"column":8},"end":{"line":1059,"column":84}},"355":{"start":{"line":1061,"column":8},"end":{"line":1061,"column":40}},"356":{"start":{"line":1065,"column":8},"end":{"line":1065,"column":39}},"357":{"start":{"line":1066,"column":8},"end":{"line":1066,"column":51}},"358":{"start":{"line":1070,"column":8},"end":{"line":1070,"column":28}},"359":{"start":{"line":1071,"column":8},"end":{"line":1071,"column":33}},"360":{"start":{"line":1075,"column":8},"end":{"line":1075,"column":30}},"361":{"start":{"line":1077,"column":8},"end":{"line":1077,"column":41962}},"362":{"start":{"line":1079,"column":12},"end":{"line":1079,"column":42063}},"363":{"start":{"line":1080,"column":16},"end":{"line":1080,"column":40}},"364":{"start":{"line":1081,"column":16},"end":{"line":1081,"column":48}},"365":{"start":{"line":1082,"column":16},"end":{"line":1082,"column":30}},"366":{"start":{"line":1085,"column":12},"end":{"line":1085,"column":42290}},"367":{"start":{"line":1086,"column":16},"end":{"line":1086,"column":42355}},"368":{"start":{"line":1087,"column":20},"end":{"line":1087,"column":79}},"369":{"start":{"line":1089,"column":16},"end":{"line":1089,"column":44}},"370":{"start":{"line":1090,"column":16},"end":{"line":1090,"column":40}},"371":{"start":{"line":1096,"column":8},"end":{"line":1096,"column":84}},"372":{"start":{"line":1097,"column":8},"end":{"line":1097,"column":84}},"373":{"start":{"line":1098,"column":8},"end":{"line":1098,"column":34}},"374":{"start":{"line":1102,"column":8},"end":{"line":1102,"column":29}},"375":{"start":{"line":1103,"column":8},"end":{"line":1103,"column":41}},"376":{"start":{"line":1107,"column":8},"end":{"line":1107,"column":59}},"377":{"start":{"line":1108,"column":8},"end":{"line":1108,"column":50}},"378":{"start":{"line":1110,"column":8},"end":{"line":1110,"column":60}},"379":{"start":{"line":1111,"column":8},"end":{"line":1111,"column":38}},"380":{"start":{"line":1115,"column":8},"end":{"line":1115,"column":43478}},"381":{"start":{"line":1120,"column":8},"end":{"line":1120,"column":60}},"382":{"start":{"line":1122,"column":8},"end":{"line":1122,"column":43714}},"383":{"start":{"line":1123,"column":12},"end":{"line":1123,"column":43792}},"384":{"start":{"line":1124,"column":16},"end":{"line":1124,"column":97}},"385":{"start":{"line":1125,"column":16},"end":{"line":1125,"column":42}},"386":{"start":{"line":1130,"column":8},"end":{"line":1130,"column":62}},"387":{"start":{"line":1134,"column":8},"end":{"line":1134,"column":33}},"388":{"start":{"line":1138,"column":8},"end":{"line":1138,"column":46}},"389":{"start":{"line":1139,"column":8},"end":{"line":1139,"column":64}},"390":{"start":{"line":1141,"column":8},"end":{"line":1141,"column":44466}},"391":{"start":{"line":1148,"column":12},"end":{"line":1148,"column":62}},"392":{"start":{"line":1151,"column":8},"end":{"line":1151,"column":44871}},"393":{"start":{"line":1152,"column":12},"end":{"line":1152,"column":27}},"394":{"start":{"line":1154,"column":8},"end":{"line":1154,"column":23}},"395":{"start":{"line":1158,"column":8},"end":{"line":1158,"column":31}}},"branchMap":{"1":{"line":191,"type":"if","locations":[{"start":{"line":191,"column":8},"end":{"line":191,"column":8}},{"start":{"line":191,"column":8},"end":{"line":191,"column":8}}]},"2":{"line":200,"type":"if","locations":[{"start":{"line":200,"column":8},"end":{"line":200,"column":8}},{"start":{"line":200,"column":8},"end":{"line":200,"column":8}}]},"3":{"line":304,"type":"if","locations":[{"start":{"line":304,"column":8},"end":{"line":304,"column":8}},{"start":{"line":304,"column":8},"end":{"line":304,"column":8}}]},"4":{"line":305,"type":"if","locations":[{"start":{"line":305,"column":8},"end":{"line":305,"column":8}},{"start":{"line":305,"column":8},"end":{"line":305,"column":8}}]},"5":{"line":315,"type":"if","locations":[{"start":{"line":315,"column":8},"end":{"line":315,"column":8}},{"start":{"line":315,"column":8},"end":{"line":315,"column":8}}]},"6":{"line":319,"type":"if","locations":[{"start":{"line":319,"column":8},"end":{"line":319,"column":8}},{"start":{"line":319,"column":8},"end":{"line":319,"column":8}}]},"7":{"line":336,"type":"if","locations":[{"start":{"line":336,"column":8},"end":{"line":336,"column":8}},{"start":{"line":336,"column":8},"end":{"line":336,"column":8}}]},"8":{"line":349,"type":"if","locations":[{"start":{"line":349,"column":8},"end":{"line":349,"column":8}},{"start":{"line":349,"column":8},"end":{"line":349,"column":8}}]},"9":{"line":358,"type":"if","locations":[{"start":{"line":358,"column":12},"end":{"line":358,"column":12}},{"start":{"line":358,"column":12},"end":{"line":358,"column":12}}]},"10":{"line":372,"type":"if","locations":[{"start":{"line":372,"column":12},"end":{"line":372,"column":12}},{"start":{"line":372,"column":12},"end":{"line":372,"column":12}}]},"11":{"line":386,"type":"if","locations":[{"start":{"line":386,"column":8},"end":{"line":386,"column":8}},{"start":{"line":386,"column":8},"end":{"line":386,"column":8}}]},"12":{"line":387,"type":"if","locations":[{"start":{"line":387,"column":8},"end":{"line":387,"column":8}},{"start":{"line":387,"column":8},"end":{"line":387,"column":8}}]},"13":{"line":389,"type":"if","locations":[{"start":{"line":389,"column":8},"end":{"line":389,"column":8}},{"start":{"line":389,"column":8},"end":{"line":389,"column":8}}]},"14":{"line":405,"type":"if","locations":[{"start":{"line":405,"column":8},"end":{"line":405,"column":8}},{"start":{"line":405,"column":8},"end":{"line":405,"column":8}}]},"15":{"line":406,"type":"if","locations":[{"start":{"line":406,"column":8},"end":{"line":406,"column":8}},{"start":{"line":406,"column":8},"end":{"line":406,"column":8}}]},"16":{"line":424,"type":"if","locations":[{"start":{"line":424,"column":8},"end":{"line":424,"column":8}},{"start":{"line":424,"column":8},"end":{"line":424,"column":8}}]},"17":{"line":425,"type":"if","locations":[{"start":{"line":425,"column":8},"end":{"line":425,"column":8}},{"start":{"line":425,"column":8},"end":{"line":425,"column":8}}]},"18":{"line":427,"type":"if","locations":[{"start":{"line":427,"column":8},"end":{"line":427,"column":8}},{"start":{"line":427,"column":8},"end":{"line":427,"column":8}}]},"19":{"line":441,"type":"if","locations":[{"start":{"line":441,"column":8},"end":{"line":441,"column":8}},{"start":{"line":441,"column":8},"end":{"line":441,"column":8}}]},"20":{"line":442,"type":"if","locations":[{"start":{"line":442,"column":8},"end":{"line":442,"column":8}},{"start":{"line":442,"column":8},"end":{"line":442,"column":8}}]},"21":{"line":443,"type":"if","locations":[{"start":{"line":443,"column":8},"end":{"line":443,"column":8}},{"start":{"line":443,"column":8},"end":{"line":443,"column":8}}]},"22":{"line":446,"type":"if","locations":[{"start":{"line":446,"column":8},"end":{"line":446,"column":8}},{"start":{"line":446,"column":8},"end":{"line":446,"column":8}}]},"23":{"line":478,"type":"if","locations":[{"start":{"line":478,"column":8},"end":{"line":478,"column":8}},{"start":{"line":478,"column":8},"end":{"line":478,"column":8}}]},"24":{"line":511,"type":"if","locations":[{"start":{"line":511,"column":8},"end":{"line":511,"column":8}},{"start":{"line":511,"column":8},"end":{"line":511,"column":8}}]},"25":{"line":512,"type":"if","locations":[{"start":{"line":512,"column":8},"end":{"line":512,"column":8}},{"start":{"line":512,"column":8},"end":{"line":512,"column":8}}]},"26":{"line":513,"type":"if","locations":[{"start":{"line":513,"column":8},"end":{"line":513,"column":8}},{"start":{"line":513,"column":8},"end":{"line":513,"column":8}}]},"27":{"line":527,"type":"if","locations":[{"start":{"line":527,"column":8},"end":{"line":527,"column":8}},{"start":{"line":527,"column":8},"end":{"line":527,"column":8}}]},"28":{"line":528,"type":"if","locations":[{"start":{"line":528,"column":8},"end":{"line":528,"column":8}},{"start":{"line":528,"column":8},"end":{"line":528,"column":8}}]},"29":{"line":529,"type":"if","locations":[{"start":{"line":529,"column":8},"end":{"line":529,"column":8}},{"start":{"line":529,"column":8},"end":{"line":529,"column":8}}]},"30":{"line":530,"type":"if","locations":[{"start":{"line":530,"column":8},"end":{"line":530,"column":8}},{"start":{"line":530,"column":8},"end":{"line":530,"column":8}}]},"31":{"line":531,"type":"if","locations":[{"start":{"line":531,"column":8},"end":{"line":531,"column":8}},{"start":{"line":531,"column":8},"end":{"line":531,"column":8}}]},"32":{"line":537,"type":"if","locations":[{"start":{"line":537,"column":8},"end":{"line":537,"column":8}},{"start":{"line":537,"column":8},"end":{"line":537,"column":8}}]},"33":{"line":540,"type":"if","locations":[{"start":{"line":540,"column":8},"end":{"line":540,"column":8}},{"start":{"line":540,"column":8},"end":{"line":540,"column":8}}]},"34":{"line":543,"type":"if","locations":[{"start":{"line":543,"column":8},"end":{"line":543,"column":8}},{"start":{"line":543,"column":8},"end":{"line":543,"column":8}}]},"35":{"line":551,"type":"if","locations":[{"start":{"line":551,"column":8},"end":{"line":551,"column":8}},{"start":{"line":551,"column":8},"end":{"line":551,"column":8}}]},"36":{"line":552,"type":"if","locations":[{"start":{"line":552,"column":12},"end":{"line":552,"column":12}},{"start":{"line":552,"column":12},"end":{"line":552,"column":12}}]},"37":{"line":557,"type":"if","locations":[{"start":{"line":557,"column":12},"end":{"line":557,"column":12}},{"start":{"line":557,"column":12},"end":{"line":557,"column":12}}]},"38":{"line":560,"type":"if","locations":[{"start":{"line":560,"column":16},"end":{"line":560,"column":16}},{"start":{"line":560,"column":16},"end":{"line":560,"column":16}}]},"39":{"line":564,"type":"if","locations":[{"start":{"line":564,"column":16},"end":{"line":564,"column":16}},{"start":{"line":564,"column":16},"end":{"line":564,"column":16}}]},"40":{"line":574,"type":"if","locations":[{"start":{"line":574,"column":8},"end":{"line":574,"column":8}},{"start":{"line":574,"column":8},"end":{"line":574,"column":8}}]},"41":{"line":576,"type":"if","locations":[{"start":{"line":576,"column":12},"end":{"line":576,"column":12}},{"start":{"line":576,"column":12},"end":{"line":576,"column":12}}]},"42":{"line":578,"type":"if","locations":[{"start":{"line":578,"column":16},"end":{"line":578,"column":16}},{"start":{"line":578,"column":16},"end":{"line":578,"column":16}}]},"43":{"line":586,"type":"if","locations":[{"start":{"line":586,"column":12},"end":{"line":586,"column":12}},{"start":{"line":586,"column":12},"end":{"line":586,"column":12}}]},"44":{"line":587,"type":"if","locations":[{"start":{"line":587,"column":16},"end":{"line":587,"column":16}},{"start":{"line":587,"column":16},"end":{"line":587,"column":16}}]},"45":{"line":591,"type":"if","locations":[{"start":{"line":591,"column":16},"end":{"line":591,"column":16}},{"start":{"line":591,"column":16},"end":{"line":591,"column":16}}]},"46":{"line":597,"type":"if","locations":[{"start":{"line":597,"column":16},"end":{"line":597,"column":16}},{"start":{"line":597,"column":16},"end":{"line":597,"column":16}}]},"47":{"line":604,"type":"if","locations":[{"start":{"line":604,"column":8},"end":{"line":604,"column":8}},{"start":{"line":604,"column":8},"end":{"line":604,"column":8}}]},"48":{"line":615,"type":"if","locations":[{"start":{"line":615,"column":8},"end":{"line":615,"column":8}},{"start":{"line":615,"column":8},"end":{"line":615,"column":8}}]},"49":{"line":622,"type":"if","locations":[{"start":{"line":622,"column":8},"end":{"line":622,"column":8}},{"start":{"line":622,"column":8},"end":{"line":622,"column":8}}]},"50":{"line":625,"type":"if","locations":[{"start":{"line":625,"column":15},"end":{"line":625,"column":15}},{"start":{"line":625,"column":15},"end":{"line":625,"column":15}}]},"51":{"line":638,"type":"if","locations":[{"start":{"line":638,"column":8},"end":{"line":638,"column":8}},{"start":{"line":638,"column":8},"end":{"line":638,"column":8}}]},"52":{"line":644,"type":"if","locations":[{"start":{"line":644,"column":8},"end":{"line":644,"column":8}},{"start":{"line":644,"column":8},"end":{"line":644,"column":8}}]},"53":{"line":662,"type":"if","locations":[{"start":{"line":662,"column":8},"end":{"line":662,"column":8}},{"start":{"line":662,"column":8},"end":{"line":662,"column":8}}]},"54":{"line":752,"type":"if","locations":[{"start":{"line":752,"column":8},"end":{"line":752,"column":8}},{"start":{"line":752,"column":8},"end":{"line":752,"column":8}}]},"55":{"line":756,"type":"if","locations":[{"start":{"line":756,"column":15},"end":{"line":756,"column":15}},{"start":{"line":756,"column":15},"end":{"line":756,"column":15}}]},"56":{"line":762,"type":"if","locations":[{"start":{"line":762,"column":8},"end":{"line":762,"column":8}},{"start":{"line":762,"column":8},"end":{"line":762,"column":8}}]},"57":{"line":764,"type":"if","locations":[{"start":{"line":764,"column":8},"end":{"line":764,"column":8}},{"start":{"line":764,"column":8},"end":{"line":764,"column":8}}]},"58":{"line":775,"type":"if","locations":[{"start":{"line":775,"column":8},"end":{"line":775,"column":8}},{"start":{"line":775,"column":8},"end":{"line":775,"column":8}}]},"59":{"line":779,"type":"if","locations":[{"start":{"line":779,"column":12},"end":{"line":779,"column":12}},{"start":{"line":779,"column":12},"end":{"line":779,"column":12}}]},"60":{"line":785,"type":"if","locations":[{"start":{"line":785,"column":12},"end":{"line":785,"column":12}},{"start":{"line":785,"column":12},"end":{"line":785,"column":12}}]},"61":{"line":789,"type":"if","locations":[{"start":{"line":789,"column":12},"end":{"line":789,"column":12}},{"start":{"line":789,"column":12},"end":{"line":789,"column":12}}]},"62":{"line":792,"type":"if","locations":[{"start":{"line":792,"column":16},"end":{"line":792,"column":16}},{"start":{"line":792,"column":16},"end":{"line":792,"column":16}}]},"63":{"line":810,"type":"if","locations":[{"start":{"line":810,"column":8},"end":{"line":810,"column":8}},{"start":{"line":810,"column":8},"end":{"line":810,"column":8}}]},"64":{"line":811,"type":"if","locations":[{"start":{"line":811,"column":8},"end":{"line":811,"column":8}},{"start":{"line":811,"column":8},"end":{"line":811,"column":8}}]},"65":{"line":821,"type":"if","locations":[{"start":{"line":821,"column":8},"end":{"line":821,"column":8}},{"start":{"line":821,"column":8},"end":{"line":821,"column":8}}]},"66":{"line":827,"type":"if","locations":[{"start":{"line":827,"column":8},"end":{"line":827,"column":8}},{"start":{"line":827,"column":8},"end":{"line":827,"column":8}}]},"67":{"line":828,"type":"if","locations":[{"start":{"line":828,"column":8},"end":{"line":828,"column":8}},{"start":{"line":828,"column":8},"end":{"line":828,"column":8}}]},"68":{"line":836,"type":"if","locations":[{"start":{"line":836,"column":8},"end":{"line":836,"column":8}},{"start":{"line":836,"column":8},"end":{"line":836,"column":8}}]},"69":{"line":838,"type":"if","locations":[{"start":{"line":838,"column":12},"end":{"line":838,"column":12}},{"start":{"line":838,"column":12},"end":{"line":838,"column":12}}]},"70":{"line":850,"type":"if","locations":[{"start":{"line":850,"column":8},"end":{"line":850,"column":8}},{"start":{"line":850,"column":8},"end":{"line":850,"column":8}}]},"71":{"line":853,"type":"if","locations":[{"start":{"line":853,"column":8},"end":{"line":853,"column":8}},{"start":{"line":853,"column":8},"end":{"line":853,"column":8}}]},"72":{"line":855,"type":"if","locations":[{"start":{"line":855,"column":15},"end":{"line":855,"column":15}},{"start":{"line":855,"column":15},"end":{"line":855,"column":15}}]},"73":{"line":857,"type":"if","locations":[{"start":{"line":857,"column":15},"end":{"line":857,"column":15}},{"start":{"line":857,"column":15},"end":{"line":857,"column":15}}]},"74":{"line":863,"type":"if","locations":[{"start":{"line":863,"column":8},"end":{"line":863,"column":8}},{"start":{"line":863,"column":8},"end":{"line":863,"column":8}}]},"75":{"line":945,"type":"if","locations":[{"start":{"line":945,"column":12},"end":{"line":945,"column":12}},{"start":{"line":945,"column":12},"end":{"line":945,"column":12}}]},"76":{"line":949,"type":"if","locations":[{"start":{"line":949,"column":8},"end":{"line":949,"column":8}},{"start":{"line":949,"column":8},"end":{"line":949,"column":8}}]},"77":{"line":957,"type":"if","locations":[{"start":{"line":957,"column":8},"end":{"line":957,"column":8}},{"start":{"line":957,"column":8},"end":{"line":957,"column":8}}]},"78":{"line":974,"type":"if","locations":[{"start":{"line":974,"column":8},"end":{"line":974,"column":8}},{"start":{"line":974,"column":8},"end":{"line":974,"column":8}}]},"79":{"line":982,"type":"if","locations":[{"start":{"line":982,"column":8},"end":{"line":982,"column":8}},{"start":{"line":982,"column":8},"end":{"line":982,"column":8}}]},"80":{"line":1046,"type":"if","locations":[{"start":{"line":1046,"column":8},"end":{"line":1046,"column":8}},{"start":{"line":1046,"column":8},"end":{"line":1046,"column":8}}]},"81":{"line":1051,"type":"if","locations":[{"start":{"line":1051,"column":8},"end":{"line":1051,"column":8}},{"start":{"line":1051,"column":8},"end":{"line":1051,"column":8}}]},"82":{"line":1052,"type":"if","locations":[{"start":{"line":1052,"column":8},"end":{"line":1052,"column":8}},{"start":{"line":1052,"column":8},"end":{"line":1052,"column":8}}]},"83":{"line":1058,"type":"if","locations":[{"start":{"line":1058,"column":8},"end":{"line":1058,"column":8}},{"start":{"line":1058,"column":8},"end":{"line":1058,"column":8}}]},"84":{"line":1059,"type":"if","locations":[{"start":{"line":1059,"column":8},"end":{"line":1059,"column":8}},{"start":{"line":1059,"column":8},"end":{"line":1059,"column":8}}]},"85":{"line":1077,"type":"if","locations":[{"start":{"line":1077,"column":8},"end":{"line":1077,"column":8}},{"start":{"line":1077,"column":8},"end":{"line":1077,"column":8}}]},"86":{"line":1086,"type":"if","locations":[{"start":{"line":1086,"column":16},"end":{"line":1086,"column":16}},{"start":{"line":1086,"column":16},"end":{"line":1086,"column":16}}]},"87":{"line":1096,"type":"if","locations":[{"start":{"line":1096,"column":8},"end":{"line":1096,"column":8}},{"start":{"line":1096,"column":8},"end":{"line":1096,"column":8}}]},"88":{"line":1097,"type":"if","locations":[{"start":{"line":1097,"column":8},"end":{"line":1097,"column":8}},{"start":{"line":1097,"column":8},"end":{"line":1097,"column":8}}]},"89":{"line":1115,"type":"if","locations":[{"start":{"line":1115,"column":8},"end":{"line":1115,"column":8}},{"start":{"line":1115,"column":8},"end":{"line":1115,"column":8}}]},"90":{"line":1123,"type":"if","locations":[{"start":{"line":1123,"column":12},"end":{"line":1123,"column":12}},{"start":{"line":1123,"column":12},"end":{"line":1123,"column":12}}]},"91":{"line":1141,"type":"if","locations":[{"start":{"line":1141,"column":8},"end":{"line":1141,"column":8}},{"start":{"line":1141,"column":8},"end":{"line":1141,"column":8}}]},"92":{"line":1151,"type":"if","locations":[{"start":{"line":1151,"column":8},"end":{"line":1151,"column":8}},{"start":{"line":1151,"column":8},"end":{"line":1151,"column":8}}]}}},
"contracts\\Ownable.sol":{"l":{"17":0,"18":0,"22":0,"26":0,"30":0,"31":0,"32":0,"33":0,"37":0,"42":0,"43":0,"51":0,"56":0,"57":0,"61":0,"65":0},"path":"D:\\Fiverr\\onPlanetToken\\contracts\\Ownable.sol","s":{"1":0,"2":0,"3":0,"4":0,"5":0,"6":0,"7":0,"8":0,"9":0,"10":0,"11":0,"12":0,"13":0,"14":0},"b":{"1":[0,0],"2":[0,0],"3":[0,0],"4":[0,0]},"f":{"1":0,"2":0,"3":0,"4":0,"5":0,"6":0,"7":0},"fnMap":{"1":{"name":"onlyOwner","line":16,"loc":{"start":{"line":16,"column":4},"end":{"line":19,"column":4}}},"2":{"name":"onlyBuybackOwner","line":21,"loc":{"start":{"line":21,"column":4},"end":{"line":27,"column":4}}},"3":{"name":"constructor","line":29,"loc":{"start":{"line":29,"column":4},"end":{"line":34,"column":4}}},"4":{"name":"transferOwnership","line":36,"loc":{"start":{"line":36,"column":4},"end":{"line":44,"column":4}}},"5":{"name":"transferBuybackOwnership","line":49,"loc":{"start":{"line":46,"column":4},"end":{"line":58,"column":4}}},"6":{"name":"owner","line":60,"loc":{"start":{"line":60,"column":4},"end":{"line":62,"column":4}}},"7":{"name":"buybackOwner","line":64,"loc":{"start":{"line":64,"column":4},"end":{"line":66,"column":4}}}},"statementMap":{"1":{"start":{"line":17,"column":8},"end":{"line":17,"column":74}},"2":{"start":{"line":22,"column":8},"end":{"line":22,"column":490}},"3":{"start":{"line":30,"column":8},"end":{"line":30,"column":40}},"4":{"start":{"line":31,"column":8},"end":{"line":31,"column":25}},"5":{"start":{"line":32,"column":8},"end":{"line":32,"column":32}},"6":{"start":{"line":33,"column":8},"end":{"line":33,"column":56}},"7":{"start":{"line":37,"column":8},"end":{"line":37,"column":917}},"8":{"start":{"line":42,"column":8},"end":{"line":42,"column":51}},"9":{"start":{"line":43,"column":8},"end":{"line":43,"column":24}},"10":{"start":{"line":51,"column":8},"end":{"line":51,"column":1249}},"11":{"start":{"line":56,"column":8},"end":{"line":56,"column":58}},"12":{"start":{"line":57,"column":8},"end":{"line":57,"column":31}},"13":{"start":{"line":61,"column":8},"end":{"line":61,"column":21}},"14":{"start":{"line":65,"column":8},"end":{"line":65,"column":28}}},"branchMap":{"1":{"line":17,"type":"if","locations":[{"start":{"line":17,"column":8},"end":{"line":17,"column":8}},{"start":{"line":17,"column":8},"end":{"line":17,"column":8}}]},"2":{"line":22,"type":"if","locations":[{"start":{"line":22,"column":8},"end":{"line":22,"column":8}},{"start":{"line":22,"column":8},"end":{"line":22,"column":8}}]},"3":{"line":37,"type":"if","locations":[{"start":{"line":37,"column":8},"end":{"line":37,"column":8}},{"start":{"line":37,"column":8},"end":{"line":37,"column":8}}]},"4":{"line":51,"type":"if","locations":[{"start":{"line":51,"column":8},"end":{"line":51,"column":8}},{"start":{"line":51,"column":8},"end":{"line":51,"column":8}}]}}},
"contracts\\PairHelper.sol":{"l":{"14":0,"18":0,"27":0,"29":0,"31":0,"32":0,"35":0,"42":0,"43":0,"45":0,"49":0},"path":"D:\\Fiverr\\onPlanetToken\\contracts\\PairHelper.sol","s":{"1":0,"2":0,"3":0,"4":0,"5":0,"6":0,"7":0,"8":0,"9":0,"10":0,"11":0},"b":{"1":[0,0],"2":[0,0]},"f":{"1":0,"2":0,"3":0,"4":0},"fnMap":{"1":{"name":"token0","line":13,"loc":{"start":{"line":13,"column":4},"end":{"line":15,"column":4}}},"2":{"name":"token1","line":17,"loc":{"start":{"line":17,"column":4},"end":{"line":19,"column":4}}},"3":{"name":"token","line":21,"loc":{"start":{"line":21,"column":4},"end":{"line":36,"column":4}}},"4":{"name":"isContract","line":38,"loc":{"start":{"line":38,"column":4},"end":{"line":50,"column":4}}}},"statementMap":{"1":{"start":{"line":14,"column":8},"end":{"line":14,"column":42}},"2":{"start":{"line":18,"column":8},"end":{"line":18,"column":42}},"3":{"start":{"line":27,"column":8},"end":{"line":27,"column":48}},"4":{"start":{"line":27,"column":31},"end":{"line":27,"column":48}},"5":{"start":{"line":29,"column":8},"end":{"line":29,"column":69}},"6":{"start":{"line":31,"column":8},"end":{"line":31,"column":983}},"7":{"start":{"line":32,"column":12},"end":{"line":32,"column":46}},"8":{"start":{"line":35,"column":8},"end":{"line":35,"column":25}},"9":{"start":{"line":42,"column":8},"end":{"line":42,"column":24}},"10":{"start":{"line":43,"column":8},"end":{"line":43,"column":96}},"11":{"start":{"line":49,"column":8},"end":{"line":49,"column":59}}},"branchMap":{"1":{"line":27,"type":"if","locations":[{"start":{"line":27,"column":8},"end":{"line":27,"column":8}},{"start":{"line":27,"column":8},"end":{"line":27,"column":8}}]},"2":{"line":31,"type":"if","locations":[{"start":{"line":31,"column":8},"end":{"line":31,"column":8}},{"start":{"line":31,"column":8},"end":{"line":31,"column":8}}]}}},
"contracts\\SafeMath.sol":{"l":{"8":0,"9":0,"11":0,"15":0,"19":0,"20":0,"22":0,"26":0,"27":0,"30":0,"31":0,"33":0,"37":0,"41":0,"42":0,"45":0,"49":0,"53":0,"54":0},"path":"D:\\Fiverr\\onPlanetToken\\contracts\\SafeMath.sol","s":{"1":0,"2":0,"3":0,"4":0,"5":0,"6":0,"7":0,"8":0,"9":0,"10":0,"11":0,"12":0,"13":0,"14":0,"15":0,"16":0,"17":0,"18":0,"19":0},"b":{"1":[0,0],"2":[0,0],"3":[0,0],"4":[0,0],"5":[0,0],"6":[0,0]},"f":{"1":0,"2":0,"3":0,"4":0,"5":0,"6":0,"7":0,"8":0},"fnMap":{"1":{"name":"add","line":7,"loc":{"start":{"line":7,"column":4},"end":{"line":12,"column":4}}},"2":{"name":"sub","line":14,"loc":{"start":{"line":14,"column":4},"end":{"line":16,"column":4}}},"3":{"name":"sub","line":18,"loc":{"start":{"line":18,"column":4},"end":{"line":23,"column":4}}},"4":{"name":"mul","line":25,"loc":{"start":{"line":25,"column":4},"end":{"line":34,"column":4}}},"5":{"name":"div","line":36,"loc":{"start":{"line":36,"column":4},"end":{"line":38,"column":4}}},"6":{"name":"div","line":40,"loc":{"start":{"line":40,"column":4},"end":{"line":46,"column":4}}},"7":{"name":"mod","line":48,"loc":{"start":{"line":48,"column":4},"end":{"line":50,"column":4}}},"8":{"name":"mod","line":52,"loc":{"start":{"line":52,"column":4},"end":{"line":55,"column":4}}}},"statementMap":{"1":{"start":{"line":8,"column":8},"end":{"line":8,"column":25}},"2":{"start":{"line":9,"column":8},"end":{"line":9,"column":53}},"3":{"start":{"line":11,"column":8},"end":{"line":11,"column":16}},"4":{"start":{"line":15,"column":8},"end":{"line":15,"column":58}},"5":{"start":{"line":19,"column":8},"end":{"line":19,"column":36}},"6":{"start":{"line":20,"column":8},"end":{"line":20,"column":25}},"7":{"start":{"line":22,"column":8},"end":{"line":22,"column":16}},"8":{"start":{"line":26,"column":8},"end":{"line":26,"column":715}},"9":{"start":{"line":27,"column":12},"end":{"line":27,"column":20}},"10":{"start":{"line":30,"column":8},"end":{"line":30,"column":25}},"11":{"start":{"line":31,"column":8},"end":{"line":31,"column":63}},"12":{"start":{"line":33,"column":8},"end":{"line":33,"column":16}},"13":{"start":{"line":37,"column":8},"end":{"line":37,"column":54}},"14":{"start":{"line":41,"column":8},"end":{"line":41,"column":35}},"15":{"start":{"line":42,"column":8},"end":{"line":42,"column":25}},"16":{"start":{"line":45,"column":8},"end":{"line":45,"column":16}},"17":{"start":{"line":49,"column":8},"end":{"line":49,"column":52}},"18":{"start":{"line":53,"column":8},"end":{"line":53,"column":36}},"19":{"start":{"line":54,"column":8},"end":{"line":54,"column":20}}},"branchMap":{"1":{"line":9,"type":"if","locations":[{"start":{"line":9,"column":8},"end":{"line":9,"column":8}},{"start":{"line":9,"column":8},"end":{"line":9,"column":8}}]},"2":{"line":19,"type":"if","locations":[{"start":{"line":19,"column":8},"end":{"line":19,"column":8}},{"start":{"line":19,"column":8},"end":{"line":19,"column":8}}]},"3":{"line":26,"type":"if","locations":[{"start":{"line":26,"column":8},"end":{"line":26,"column":8}},{"start":{"line":26,"column":8},"end":{"line":26,"column":8}}]},"4":{"line":31,"type":"if","locations":[{"start":{"line":31,"column":8},"end":{"line":31,"column":8}},{"start":{"line":31,"column":8},"end":{"line":31,"column":8}}]},"5":{"line":41,"type":"if","locations":[{"start":{"line":41,"column":8},"end":{"line":41,"column":8}},{"start":{"line":41,"column":8},"end":{"line":41,"column":8}}]},"6":{"line":53,"type":"if","locations":[{"start":{"line":53,"column":8},"end":{"line":53,"column":8}},{"start":{"line":53,"column":8},"end":{"line":53,"column":8}}]}}},
"contracts\\Uniswap.sol":{"l":{},"path":"D:\\Fiverr\\onPlanetToken\\contracts\\Uniswap.sol","s":{},"b":{},"f":{},"fnMap":{},"statementMap":{},"branchMap":{}},
"contracts\\Uniswap\\BEP20.sol":{"l":{},"path":"D:\\Fiverr\\onPlanetToken\\contracts\\Uniswap\\BEP20.sol","s":{},"b":{},"f":{"1":3},"fnMap":{"1":{"name":"constructor","line":8,"loc":{"start":{"line":8,"column":0},"end":{"line":8,"column":56}}}},"statementMap":{},"branchMap":{}},
"contracts\\Uniswap\\UniswapV2Factory.sol":{"l":{"43":0,"48":0,"60":0,"65":0,"66":0,"67":0,"68":0,"69":0,"70":0,"73":0,"86":0,"90":0,"94":0,"149":0,"150":0,"153":0,"165":0,"166":0,"167":0,"171":0,"172":0,"173":0,"177":0,"178":0,"182":0,"183":0,"184":0,"188":0,"189":0,"193":0,"194":0,"198":0,"199":0,"201":0,"202":0,"206":0,"207":0,"214":0,"215":0,"216":0,"322":0,"323":0,"324":0,"325":0,"329":0,"330":0,"331":0,"335":0,"336":0,"352":0,"357":0,"358":0,"359":0,"364":0,"365":0,"366":0,"367":0,"369":0,"370":0,"372":0,"373":0,"374":0,"375":0,"380":0,"381":0,"382":0,"383":0,"384":0,"385":0,"386":0,"387":0,"388":0,"389":0,"390":0,"391":0,"395":0,"401":0,"402":0,"403":0,"404":0,"405":0,"407":0,"408":0,"409":0,"410":0,"411":0,"413":0,"415":0,"416":0,"418":0,"419":0,"420":0,"425":0,"426":0,"427":0,"428":0,"429":0,"430":0,"432":0,"433":0,"434":0,"435":0,"436":0,"437":0,"438":0,"439":0,"440":0,"441":0,"443":0,"444":0,"445":0,"450":0,"451":0,"452":0,"454":0,"455":0,"456":0,"457":0,"458":0,"459":0,"460":0,"461":0,"462":0,"463":0,"464":0,"466":0,"467":0,"468":0,"469":0,"470":0,"471":0,"472":0,"475":0,"476":0,"481":0,"482":0,"483":0,"484":0,"489":0,"509":3,"513":0,"517":0,"518":0,"519":0,"520":0,"521":0,"522":0,"523":0,"526":0,"527":0,"528":0,"529":0,"530":0,"534":0,"535":0,"539":0,"540":0},"path":"D:\\Fiverr\\onPlanetToken\\contracts\\Uniswap\\UniswapV2Factory.sol","s":{"1":0,"2":0,"3":0,"4":0,"5":0,"6":0,"7":0,"8":0,"9":0,"10":0,"11":0,"12":0,"13":0,"14":0,"15":0,"16":0,"17":0,"18":0,"19":0,"20":0,"21":0,"22":0,"23":0,"24":0,"25":0,"26":0,"27":0,"28":0,"29":0,"30":0,"31":0,"32":0,"33":0,"34":0,"35":0,"36":0,"37":0,"38":0,"39":0,"40":0,"41":0,"42":0,"43":0,"44":0,"45":0,"46":0,"47":0,"48":0,"49":0,"50":0,"51":0,"52":0,"53":0,"54":0,"55":0,"56":0,"57":0,"58":0,"59":0,"60":0,"61":0,"62":0,"63":0,"64":0,"65":0,"66":0,"67":0,"68":0,"69":0,"70":0,"71":0,"72":0,"73":0,"74":0,"75":0,"76":0,"77":0,"78":0,"79":0,"80":0,"81":0,"82":0,"83":0,"84":0,"85":0,"86":0,"87":0,"88":0,"89":0,"90":0,"91":0,"92":0,"93":0,"94":0,"95":0,"96":0,"97":0,"98":0,"99":0,"100":0,"101":0,"102":0,"103":0,"104":0,"105":0,"106":0,"107":0,"108":0,"109":0,"110":0,"111":0,"112":0,"113":0,"114":0,"115":0,"116":0,"117":0,"118":0,"119":0,"120":0,"121":0,"122":0,"123":0,"124":0,"125":0,"126":0,"127":0,"128":0,"129":0,"130":0,"131":0,"132":0,"133":0,"134":0,"135":0,"136":0,"137":0,"138":0,"139":0,"140":0,"141":0,"142":0,"143":0,"144":3,"145":0,"146":0,"147":0,"148":0,"149":0,"150":0,"151":0,"152":0,"153":0,"154":0,"155":0,"156":0,"157":0,"158":0,"159":0,"160":0},"b":{"1":[0,0],"2":[0,0],"3":[0,0],"4":[0,0],"5":[0,0],"6":[0,0],"7":[0,0],"8":[0,0],"9":[0,0],"10":[0,0],"11":[0,0],"12":[0,0],"13":[0,0],"14":[0,0],"15":[0,0],"16":[0,0],"17":[0,0],"18":[0,0],"19":[0,0],"20":[0,0],"21":[0,0],"22":[0,0],"23":[0,0],"24":[0,0],"25":[0,0],"26":[0,0],"27":[0,0],"28":[0,0],"29":[0,0],"30":[0,0],"31":[0,0],"32":[0,0],"33":[0,0],"34":[0,0],"35":[0,0],"36":[0,0]},"f":{"1":0,"2":0,"3":0,"4":0,"5":0,"6":0,"7":0,"8":0,"9":0,"10":0,"11":0,"12":0,"13":0,"14":0,"15":0,"16":0,"17":0,"18":0,"19":0,"20":0,"21":0,"22":0,"23":0,"24":0,"25":0,"26":0,"27":0,"28":0,"29":3,"30":0,"31":0,"32":0,"33":0},"fnMap":{"1":{"name":"encode","line":42,"loc":{"start":{"line":42,"column":4},"end":{"line":44,"column":4}}},"2":{"name":"uqdiv","line":47,"loc":{"start":{"line":47,"column":4},"end":{"line":49,"column":4}}},"3":{"name":"min","line":59,"loc":{"start":{"line":59,"column":4},"end":{"line":61,"column":4}}},"4":{"name":"sqrt","line":64,"loc":{"start":{"line":64,"column":4},"end":{"line":75,"column":4}}},"5":{"name":"add","line":85,"loc":{"start":{"line":85,"column":4},"end":{"line":87,"column":4}}},"6":{"name":"sub","line":89,"loc":{"start":{"line":89,"column":4},"end":{"line":91,"column":4}}},"7":{"name":"mul","line":93,"loc":{"start":{"line":93,"column":4},"end":{"line":95,"column":4}}},"8":{"name":"constructor","line":148,"loc":{"start":{"line":148,"column":4},"end":{"line":162,"column":4}}},"9":{"name":"_mint","line":164,"loc":{"start":{"line":164,"column":4},"end":{"line":168,"column":4}}},"10":{"name":"_burn","line":170,"loc":{"start":{"line":170,"column":4},"end":{"line":174,"column":4}}},"11":{"name":"_approve","line":176,"loc":{"start":{"line":176,"column":4},"end":{"line":179,"column":4}}},"12":{"name":"_transfer","line":181,"loc":{"start":{"line":181,"column":4},"end":{"line":185,"column":4}}},"13":{"name":"approve","line":187,"loc":{"start":{"line":187,"column":4},"end":{"line":190,"column":4}}},"14":{"name":"transfer","line":192,"loc":{"start":{"line":192,"column":4},"end":{"line":195,"column":4}}},"15":{"name":"transferFrom","line":197,"loc":{"start":{"line":197,"column":4},"end":{"line":203,"column":4}}},"16":{"name":"permit","line":205,"loc":{"start":{"line":205,"column":4},"end":{"line":217,"column":4}}},"17":{"name":"lock","line":321,"loc":{"start":{"line":321,"column":4},"end":{"line":326,"column":4}}},"18":{"name":"getReserves","line":328,"loc":{"start":{"line":328,"column":4},"end":{"line":332,"column":4}}},"19":{"name":"_safeTransfer","line":334,"loc":{"start":{"line":334,"column":4},"end":{"line":337,"column":4}}},"20":{"name":"constructor","line":351,"loc":{"start":{"line":351,"column":4},"end":{"line":353,"column":4}}},"21":{"name":"initialize","line":356,"loc":{"start":{"line":356,"column":4},"end":{"line":360,"column":4}}},"22":{"name":"_update","line":363,"loc":{"start":{"line":363,"column":4},"end":{"line":376,"column":4}}},"23":{"name":"_mintFee","line":379,"loc":{"start":{"line":379,"column":4},"end":{"line":397,"column":4}}},"24":{"name":"mint","line":400,"loc":{"start":{"line":400,"column":4},"end":{"line":421,"column":4}}},"25":{"name":"burn","line":424,"loc":{"start":{"line":424,"column":4},"end":{"line":446,"column":4}}},"26":{"name":"swap","line":449,"loc":{"start":{"line":449,"column":4},"end":{"line":477,"column":4}}},"27":{"name":"skim","line":480,"loc":{"start":{"line":480,"column":4},"end":{"line":485,"column":4}}},"28":{"name":"sync","line":488,"loc":{"start":{"line":488,"column":4},"end":{"line":490,"column":4}}},"29":{"name":"constructor","line":508,"loc":{"start":{"line":508,"column":4},"end":{"line":510,"column":4}}},"30":{"name":"allPairsLength","line":512,"loc":{"start":{"line":512,"column":4},"end":{"line":514,"column":4}}},"31":{"name":"createPair","line":516,"loc":{"start":{"line":516,"column":4},"end":{"line":531,"column":4}}},"32":{"name":"setFeeTo","line":533,"loc":{"start":{"line":533,"column":4},"end":{"line":536,"column":4}}},"33":{"name":"setFeeToSetter","line":538,"loc":{"start":{"line":538,"column":4},"end":{"line":541,"column":4}}}},"statementMap":{"1":{"start":{"line":43,"column":8},"end":{"line":43,"column":28}},"2":{"start":{"line":48,"column":8},"end":{"line":48,"column":25}},"3":{"start":{"line":60,"column":8},"end":{"line":60,"column":24}},"4":{"start":{"line":65,"column":8},"end":{"line":65,"column":2251}},"5":{"start":{"line":66,"column":12},"end":{"line":66,"column":16}},"6":{"start":{"line":67,"column":12},"end":{"line":67,"column":30}},"7":{"start":{"line":68,"column":12},"end":{"line":68,"column":2334}},"8":{"start":{"line":69,"column":16},"end":{"line":69,"column":20}},"9":{"start":{"line":70,"column":16},"end":{"line":70,"column":34}},"10":{"start":{"line":72,"column":15},"end":{"line":72,"column":2439}},"11":{"start":{"line":73,"column":12},"end":{"line":73,"column":16}},"12":{"start":{"line":86,"column":8},"end":{"line":86,"column":56}},"13":{"start":{"line":90,"column":8},"end":{"line":90,"column":57}},"14":{"start":{"line":94,"column":8},"end":{"line":94,"column":70}},"15":{"start":{"line":149,"column":8},"end":{"line":149,"column":20}},"16":{"start":{"line":153,"column":8},"end":{"line":153,"column":5424}},"17":{"start":{"line":165,"column":8},"end":{"line":165,"column":43}},"18":{"start":{"line":166,"column":8},"end":{"line":166,"column":47}},"19":{"start":{"line":167,"column":8},"end":{"line":167,"column":44}},"20":{"start":{"line":171,"column":8},"end":{"line":171,"column":51}},"21":{"start":{"line":172,"column":8},"end":{"line":172,"column":43}},"22":{"start":{"line":173,"column":8},"end":{"line":173,"column":46}},"23":{"start":{"line":177,"column":8},"end":{"line":177,"column":40}},"24":{"start":{"line":178,"column":8},"end":{"line":178,"column":44}},"25":{"start":{"line":182,"column":8},"end":{"line":182,"column":51}},"26":{"start":{"line":183,"column":8},"end":{"line":183,"column":47}},"27":{"start":{"line":184,"column":8},"end":{"line":184,"column":38}},"28":{"start":{"line":188,"column":8},"end":{"line":188,"column":43}},"29":{"start":{"line":189,"column":8},"end":{"line":189,"column":19}},"30":{"start":{"line":193,"column":8},"end":{"line":193,"column":39}},"31":{"start":{"line":194,"column":8},"end":{"line":194,"column":19}},"32":{"start":{"line":198,"c
[...]
"44":{"start":{"line":387,"column":8},"end":{"line":387,"column":79}},"45":{"start":{"line":422,"column":8},"end":{"line":422,"column":71}},"46":{"start":{"line":427,"column":8},"end":{"line":427,"column":25}},"47":{"start":{"line":428,"column":8},"end":{"line":428,"column":19}},"48":{"start":{"line":445,"column":8},"end":{"line":445,"column":17829}},"49":{"start":{"line":446,"column":12},"end":{"line":446,"column":64}},"50":{"start":{"line":448,"column":8},"end":{"line":448,"column":94}},"51":{"start":{"line":449,"column":8},"end":{"line":449,"column":18086}},"52":{"start":{"line":450,"column":12},"end":{"line":450,"column":64}},"53":{"start":{"line":452,"column":12},"end":{"line":452,"column":92}},"54":{"start":{"line":453,"column":12},"end":{"line":453,"column":18322}},"55":{"start":{"line":454,"column":16},"end":{"line":454,"column":94}},"56":{"start":{"line":455,"column":16},"end":{"line":455,"column":68}},"57":{"start":{"line":457,"column":16},"end":{"line":457,"column":96}},"58":{"start":{"line":458,"column":16},"end":{"line":458,"column":55}},"59":{"start":{"line":459,"column":16},"end":{"line":459,"column":94}},"60":{"start":{"line":460,"column":16},"end":{"line":460,"column":68}},"61":{"start":{"line":474,"column":8},"end":{"line":474,"column":113}},"62":{"start":{"line":475,"column":8},"end":{"line":475,"column":72}},"63":{"start":{"line":476,"column":8},"end":{"line":476,"column":73}},"64":{"start":{"line":477,"column":8},"end":{"line":477,"column":73}},"65":{"start":{"line":478,"column":8},"end":{"line":478,"column":48}},"66":{"start":{"line":488,"column":8},"end":{"line":488,"column":19974}},"67":{"start":{"line":496,"column":8},"end":{"line":496,"column":69}},"68":{"start":{"line":497,"column":8},"end":{"line":497,"column":76}},"69":{"start":{"line":498,"column":8},"end":{"line":498,"column":46}},"70":{"start":{"line":499,"column":8},"end":{"line":499,"column":52}},"71":{"start":{"line":500,"column":8},"end":{"line":500,"column":48}},"72":{"start":{"line":502,"column":8},"end":{"line":502,"column":100}},"73":{"start":{"line":502,"column":35},"end":{"line":502,"column":99}},"74":{"start":{"line":515,"column":8},"end":{"line":515,"column":72}},"75":{"start":{"line":516,"column":8},"end":{"line":516,"column":69}},"76":{"start":{"line":517,"column":8},"end":{"line":517,"column":68}},"77":{"start":{"line":518,"column":8},"end":{"line":518,"column":71}},"78":{"start":{"line":519,"column":8},"end":{"line":519,"column":86}},"79":{"start":{"line":520,"column":8},"end":{"line":520,"column":79}},"80":{"start":{"line":521,"column":8},"end":{"line":521,"column":79}},"81":{"start":{"line":531,"column":8},"end":{"line":531,"column":21830}},"82":{"start":{"line":540,"column":8},"end":{"line":540,"column":58}},"83":{"start":{"line":541,"column":8},"end":{"line":541,"column":38}},"84":{"start":{"line":542,"column":8},"end":{"line":542,"column":52}},"85":{"start":{"line":554,"column":8},"end":{"line":554,"column":72}},"86":{"start":{"line":555,"column":8},"end":{"line":555,"column":54}},"87":{"start":{"line":556,"column":8},"end":{"line":556,"column":87}},"88":{"start":{"line":557,"column":8},"end":{"line":557,"column":108}},"89":{"start":{"line":568,"column":8},"end":{"line":568,"column":69}},"90":{"start":{"line":569,"column":8},"end":{"line":569,"column":54}},"91":{"start":{"line":570,"column":8},"end":{"line":570,"column":87}},"92":{"start":{"line":571,"column":8},"end":{"line":571,"column":114}},"93":{"start":{"line":583,"column":8},"end":{"line":583,"column":23951}},"94":{"start":{"line":592,"column":8},"end":{"line":592,"column":85}},"95":{"start":{"line":593,"column":8},"end":{"line":593,"column":38}},"96":{"start":{"line":594,"column":8},"end":{"line":594,"column":52}},"97":{"start":{"line":605,"column":8},"end":{"line":605,"column":69}},"98":{"start":{"line":606,"column":8},"end":{"line":606,"column":54}},"99":{"start":{"line":607,"column":8},"end":{"line":607,"column":87}},"100":{"start":{"line":608,"column":8},"end":{"line":608,"column":24929}},"101":{"start":{"line":616,"column":8},"end":{"line":616,"column":25295}},"102":{"start":{"line":617,"column":12},"end":{"line":617,"column":68}},"103":{"start":{"line":618,"column":12},"end":{"line":618,"column":74}},"104":{"start":{"line":619,"column":12},"end":{"line":619,"column":43}},"105":{"start":{"line":620,"column":12},"end":{"line":620,"column":110}},"106":{"start":{"line":621,"column":12},"end":{"line":621,"column":107}},"107":{"start":{"line":622,"column":12},"end":{"line":622,"column":25770}},"108":{"start":{"line":634,"column":8},"end":{"line":634,"column":72}},"109":{"start":{"line":635,"column":8},"end":{"line":635,"column":106}},"110":{"start":{"line":636,"column":8},"end":{"line":636,"column":26378}},"111":{"start":{"line":639,"column":8},"end":{"line":639,"column":31}},"112":{"start":{"line":648,"column":8},"end":{"line":648,"column":72}},"113":{"start":{"line":649,"column":8},"end":{"line":649,"column":84}},"114":{"start":{"line":650,"column":8},"end":{"line":650,"column":26990}},"115":{"start":{"line":653,"column":8},"end":{"line":653,"column":31}},"116":{"start":{"line":663,"column":8},"end":{"line":663,"column":64}},"117":{"start":{"line":664,"column":8},"end":{"line":664,"column":73}},"118":{"start":{"line":665,"column":8},"end":{"line":665,"column":106}},"119":{"start":{"line":666,"column":8},"end":{"line":666,"column":47}},"120":{"start":{"line":667,"column":8},"end":{"line":667,"column":100}},"121":{"start":{"line":668,"column":8},"end":{"line":668,"column":31}},"122":{"start":{"line":677,"column":8},"end":{"line":677,"column":78}},"123":{"start":{"line":678,"column":8},"end":{"line":678,"column":72}},"124":{"start":{"line":679,"column":8},"end":{"line":679,"column":84}},"125":{"start":{"line":680,"column":8},"end":{"line":680,"column":28382}},"126":{"start":{"line":683,"column":8},"end":{"line":683,"column":42}},"127":{"start":{"line":684,"column":8},"end":{"line":684,"column":56}},"128":{"start":{"line":685,"column":8},"end":{"line":685,"column":70}},"129":{"start":{"line":694,"column":8},"end":{"line":694,"column":78}},"130":{"start":{"line":695,"column":8},"end":{"line":695,"column":72}},"131":{"start":{"line":696,"column":8},"end":{"line":696,"column":106}},"132":{"start":{"line":697,"column":8},"end":{"line":697,"column":29238}},"133":{"start":{"line":700,"column":8},"end":{"line":700,"column":42}},"134":{"start":{"line":701,"column":8},"end":{"line":701,"column":56}},"135":{"start":{"line":702,"column":8},"end":{"line":702,"column":70}},"136":{"start":{"line":712,"column":8},"end":{"line":712,"column":64}},"137":{"start":{"line":713,"column":8},"end":{"line":713,"column":72}},"138":{"start":{"line":714,"column":8},"end":{"line":714,"column":82}},"139":{"start":{"line":715,"column":8},"end":{"line":715,"column":47}},"140":{"start":{"line":716,"column":8},"end":{"line":716,"column":100}},"141":{"start":{"line":717,"column":8},"end":{"line":717,"column":31}},"142":{"start":{"line":719,"column":8},"end":{"line":719,"column":102}},"143":{"start":{"line":719,"column":36},"end":{"line":719,"column":101}},"144":{"start":{"line":725,"column":8},"end":{"line":725,"column":30638}},"145":{"start":{"line":726,"column":12},"end":{"line":726,"column":68}},"146":{"start":{"line":727,"column":12},"end":{"line":727,"column":74}},"147":{"start":{"line":728,"column":12},"end":{"line":728,"column":98}},"148":{"start":{"line":729,"column":12},"end":{"line":729,"column":28}},"149":{"start":{"line":730,"column":12},"end":{"line":730,"column":29}},"150":{"start":{"line":732,"column":12},"end":{"line":732,"column":64}},"151":{"start":{"line":733,"column":12},"end":{"line":733,"column":115}},"152":{"start":{"line":734,"column":12},"end":{"line":734,"column":81}},"153":{"start":{"line":735,"column":12},"end":{"line":735,"column":97}},"154":{"start":{"line":737,"column":12},"end":{"line":737,"column":116}},"155":{"start":{"line":738,"column":12},"end":{"line":738,"column":107}},"156":{"start":{"line":739,"column":12},"end":{"line":739,"column":62}},"157":{"start":{"line":749,"column":8},"end":{"line":749,"column":32005}},"158":{"start":{"line":752,"column":8},"end":{"line":752,"column":72}},"159":{"start":{"line":753,"column":8},"end":{"line":753,"column":51}},"160":{"start":{"line":754,"column":8},"end":{"line":754,"column":32285}},"161":{"start":{"line":771,"column":8},"end":{"line":771,"column":64}},"162":{"start":{"line":772,"column":8},"end":{"line":772,"column":33}},"163":{"start":{"line":773,"column":8},"end":{"line":773,"column":45}},"164":{"start":{"line":774,"column":8},"end":{"line":774,"column":98}},"165":{"start":{"line":775,"column":8},"end":{"line":775,"column":72}},"166":{"start":{"line":776,"column":8},"end":{"line":776,"column":51}},"167":{"start":{"line":777,"column":8},"end":{"line":777,"column":33141}},"168":{"start":{"line":794,"column":8},"end":{"line":794,"column":78}},"169":{"start":{"line":795,"column":8},"end":{"line":795,"column":33701}},"170":{"start":{"line":798,"column":8},"end":{"line":798,"column":62}},"171":{"start":{"line":799,"column":8},"end":{"line":799,"column":62}},"172":{"start":{"line":800,"column":8},"end":{"line":800,"column":88}},"173":{"start":{"line":801,"column":8},"end":{"line":801,"column":38}},"174":{"start":{"line":802,"column":8},"end":{"line":802,"column":52}},"175":{"start":{"line":807,"column":8},"end":{"line":807,"column":66}},"176":{"start":{"line":817,"column":8},"end":{"line":817,"column":77}},"177":{"start":{"line":827,"column":8},"end":{"line":827,"column":77}},"178":{"start":{"line":837,"column":8},"end":{"line":837,"column":70}},"179":{"start":{"line":847,"column":8},"end":{"line":847,"column":70}}},"branchMap":{"1":{"line":39,"type":"if","locations":[{"start":{"line":39,"column":8},"end":{"line":39,"column":8}},{"start":{"line":39,"column":8},"end":{"line":39,"column":8}}]},"2":{"line":43,"type":"if","locations":[{"start":{"line":43,"column":8},"end":{"line":43,"column":8}},{"start":{"line":43,"column":8},"end":{"line":43,"column":8}}]},"3":{"line":47,"type":"if","locations":[{"start":{"line":47,"column":8},"end":{"line":47,"column":8}},{"start":{"line":47,"column":8},"end":{"line":47,"column":8}}]},"4":{"line":117,"type":"if","locations":[{"start":{"line":117,"column":8},"end":{"line":117,"column":8}},{"start":{"line":117,"column":8},"end":{"line":117,"column":8}}]},"5":{"line":119,"type":"if","locations":[{"start":{"line":119,"column":8},"end":{"line":119,"column":8}},{"start":{"line":119,"column":8},"end":{"line":119,"column":8}}]},"6":{"line":146,"type":"if","locations":[{"start":{"line":146,"column":8},"end":{"line":146,"column":8}},{"start":{"line":146,"column":8},"end":{"line":146,"column":8}}]},"7":{"line":147,"type":"if","locations":[{"start":{"line":147,"column":8},"end":{"line":147,"column":8}},{"start":{"line":147,"column":8},"end":{"line":147,"column":8}}]},"8":{"line":153,"type":"if","locations":[{"start":{"line":153,"column":8},"end":{"line":153,"column":8}},{"start":{"line":153,"column":8},"end":{"line":153,"column":8}}]},"9":{"line":154,"type":"if","locations":[{"start":{"line":154,"column":8},"end":{"line":154,"column":8}},{"start":{"line":154,"column":8},"end":{"line":154,"column":8}}]},"10":{"line":163,"type":"if","locations":[{"start":{"line":163,"column":8},"end":{"line":163,"column":8}},{"start":{"line":163,"column":8},"end":{"line":163,"column":8}}]},"11":{"line":164,"type":"if","locations":[{"start":{"line":164,"column":8},"end":{"line":164,"column":8}},{"start":{"line":164,"column":8},"end":{"line":164,"column":8}}]},"12":{"line":172,"type":"if","locations":[{"start":{"line":172,"column":8},"end":{"line":172,"column":8}},{"start":{"line":172,"column":8},"end":{"line":172,"column":8}}]},"13":{"line":183,"type":"if","locations":[{"start":{"line":183,"column":8},"end":{"line":183,"column":8}},{"start":{"line":183,"column":8},"end":{"line":183,"column":8}}]},"14":{"line":352,"type":"if","locations":[{"start":{"line":352,"column":8},"end":{"line":352,"column":8}},{"start":{"line":352,"column":8},"end":{"line":352,"column":8}}]},"15":{"line":365,"type":"if","locations":[{"start":{"line":365,"column":8},"end":{"line":365,"column":8}},{"start":{"line":365,"column":8},"end":{"line":365,"column":8}}]},"16":{"line":379,"type":"if","locations":[{"start":{"line":379,"column":8},"end":{"line":379,"column":8}},{"start":{"line":379,"column":8},"end":{"line":379,"column":8}}]},"17":{"line":387,"type":"if","locations":[{"start":{"line":387,"column":8},"end":{"line":387,"column":8}},{"start":{"line":387,"column":8},"end":{"line":387,"column":8}}]},"18":{"line":422,"type":"if","locations":[{"start":{"line":422,"column":8},"end":{"line":422,"column":8}},{"start":{"line":422,"column":8},"end":{"line":422,"column":8}}]},"19":{"line":445,"type":"if","locations":[{"start":{"line":445,"column":8},"end":{"line":445,"column":8}},{"start":{"line":445,"column":8},"end":{"line":445,"column":8}}]},"20":{"line":449,"type":"if","locations":[{"start":{"line":449,"column":8},"end":{"line":449,"column":8}},{"start":{"line":449,"column":8},"end":{"line":449,"column":8}}]},"21":{"line":453,"type":"if","locations":[{"start":{"line":453,"column":12},"end":{"line":453,"column":12}},{"start":{"line":453,"column":12},"end":{"line":453,"column":12}}]},"22":{"line":454,"type":"if","locations":[{"start":{"line":454,"column":16},"end":{"line":454,"column":16}},{"start":{"line":454,"column":16},"end":{"line":454,"column":16}}]},"23":{"line":459,"type":"if","locations":[{"start":{"line":459,"column":16},"end":{"line":459,"column":16}},{"start":{"line":459,"column":16},"end":{"line":459,"column":16}}]},"24":{"line":502,"type":"if","locations":[{"start":{"line":502,"column":8},"end":{"line":502,"column":8}},{"start":{"line":502,"column":8},"end":{"line":502,"column":8}}]},"25":{"line":520,"type":"if","locations":[{"start":{"line":520,"column":8},"end":{"line":520,"column":8}},{"start":{"line":520,"column":8},"end":{"line":520,"column":8}}]},"26":{"line":521,"type":"if","locations":[{"start":{"line":521,"column":8},"end":{"line":521,"column":8}},{"start":{"line":521,"column":8},"end":{"line":521,"column":8}}]},"27":{"line":635,"type":"if","locations":[{"start":{"line":635,"column":8},"end":{"line":635,"column":8}},{"start":{"line":635,"column":8},"end":{"line":635,"column":8}}]},"28":{"line":649,"type":"if","locations":[{"start":{"line":649,"column":8},"end":{"line":649,"column":8}},{"start":{"line":649,"column":8},"end":{"line":649,"column":8}}]},"29":{"line":663,"type":"if","locations":[{"start":{"line":663,"column":8},"end":{"line":663,"column":8}},{"start":{"line":663,"column":8},"end":{"line":663,"column":8}}]},"30":{"line":665,"type":"if","locations":[{"start":{"line":665,"column":8},"end":{"line":665,"column":8}},{"start":{"line":665,"column":8},"end":{"line":665,"column":8}}]},"31":{"line":677,"type":"if","locations":[{"start":{"line":677,"column":8},"end":{"line":677,"column":8}},{"start":{"line":677,"column":8},"end":{"line":677,"column":8}}]},"32":{"line":679,"type":"if","locations":[{"start":{"line":679,"column":8},"end":{"line":679,"column":8}},{"start":{"line":679,"column":8},"end":{"line":679,"column":8}}]},"33":{"line":694,"type":"if","locations":[{"start":{"line":694,"column":8},"end":{"line":694,"column":8}},{"start":{"line":694,"column":8},"end":{"line":694,"column":8}}]},"34":{"line":696,"type":"if","locations":[{"start":{"line":696,"column":8},"end":{"line":696,"column":8}},{"start":{"line":696,"column":8},"end":{"line":696,"column":8}}]},"35":{"line":712,"type":"if","locations":[{"start":{"line":712,"column":8},"end":{"line":712,"column":8}},{"start":{"line":712,"column":8},"end":{"line":712,"column":8}}]},"36":{"line":714,"type":"if","locations":[{"start":{"line":714,"column":8},"end":{"line":714,"column":8}},{"start":{"line":714,"column":8},"end":{"line":714,"column":8}}]},"37":{"line":719,"type":"if","locations":[{"start":{"line":719,"column":8},"end":{"line":719,"column":8}},{"start":{"line":719,"column":8},"end":{"line":719,"column":8}}]},"38":{"line":754,"type":"if","locations":[{"start":{"line":754,"column":8},"end":{"line":754,"column":8}},{"start":{"line":754,"column":8},"end":{"line":754,"column":8}}]},"39":{"line":771,"type":"if","locations":[{"start":{"line":771,"column":8},"end":{"line":771,"column":8}},{"start":{"line":771,"column":8},"end":{"line":771,"column":8}}]},"40":{"line":777,"type":"if","locations":[{"start":{"line":777,"column":8},"end":{"line":777,"column":8}},{"start":{"line":777,"column":8},"end":{"line":777,"column":8}}]},"41":{"line":794,"type":"if","locations":[{"start":{"line":794,"column":8},"end":{"line":794,"column":8}},{"start":{"line":794,"column":8},"end":{"line":794,"column":8}}]},"42":{"line":800,"type":"if","locations":[{"start":{"line":800,"column":8},"end":{"line":800,"column":8}},{"start":{"line":800,"column":8},"end":{"line":800,"column":8}}]}}},
"contracts\\Uniswap\\WETH9.sol":{"l":{"35":0,"36":0,"39":0,"40":0,"41":0,"42":0,"46":0,"50":0,"51":0,"52":0,"56":0,"63":0,"65":0,"66":0,"67":0,"70":0,"71":0,"73":0,"75":0},"path":"D:\\Fiverr\\onPlanetToken\\contracts\\Uniswap\\WETH9.sol","s":{"1":0,"2":0,"3":0,"4":0,"5":0,"6":0,"7":0,"8":0,"9":0,"10":0,"11":0,"12":0,"13":0,"14":0,"15":0,"16":0,"17":0,"18":0,"19":0},"b":{"1":[0,0],"2":[0,0],"3":[0,0],"4":[0,0]},"f":{"1":0,"2":0,"3":0,"4":0,"5":0,"6":0},"fnMap":{"1":{"name":"deposit","line":34,"loc":{"start":{"line":34,"column":4},"end":{"line":37,"column":4}}},"2":{"name":"withdraw","line":38,"loc":{"start":{"line":38,"column":4},"end":{"line":43,"column":4}}},"3":{"name":"totalSupply","line":45,"loc":{"start":{"line":45,"column":4},"end":{"line":47,"column":4}}},"4":{"name":"approve","line":49,"loc":{"start":{"line":49,"column":4},"end":{"line":53,"column":4}}},"5":{"name":"transfer","line":55,"loc":{"start":{"line":55,"column":4},"end":{"line":57,"column":4}}},"6":{"name":"transferFrom","line":59,"loc":{"start":{"line":59,"column":4},"end":{"line":76,"column":4}}}},"statementMap":{"1":{"start":{"line":35,"column":8},"end":{"line":35,"column":41}},"2":{"start":{"line":36,"column":8},"end":{"line":36,"column":43}},"3":{"start":{"line":39,"column":8},"end":{"line":39,"column":48}},"4":{"start":{"line":40,"column":8},"end":{"line":40,"column":35}},"5":{"start":{"line":41,"column":8},"end":{"line":41,"column":31}},"6":{"start":{"line":42,"column":8},"end":{"line":42,"column":40}},"7":{"start":{"line":46,"column":8},"end":{"line":46,"column":36}},"8":{"start":{"line":50,"column":8},"end":{"line":50,"column":39}},"9":{"start":{"line":51,"column":8},"end":{"line":51,"column":43}},"10":{"start":{"line":52,"column":8},"end":{"line":52,"column":19}},"11":{"start":{"line":56,"column":8},"end":{"line":56,"column":49}},"12":{"start":{"line":63,"column":8},"end":{"line":63,"column":41}},"13":{"start":{"line":65,"column":8},"end":{"line":65,"column":2297}},"14":{"start":{"line":66,"column":12},"end":{"line":66,"column":57}},"15":{"start":{"line":67,"column":12},"end":{"line":67,"column":44}},"16":{"start":{"line":70,"column":8},"end":{"line":70,"column":28}},"17":{"start":{"line":71,"column":8},"end":{"line":71,"column":28}},"18":{"start":{"line":73,"column":8},"end":{"line":73,"column":36}},"19":{"start":{"line":75,"column":8},"end":{"line":75,"column":19}}},"branchMap":{"1":{"line":39,"type":"if","locations":[{"start":{"line":39,"column":8},"end":{"line":39,"column":8}},{"start":{"line":39,"column":8},"end":{"line":39,"column":8}}]},"2":{"line":63,"type":"if","locations":[{"start":{"line":63,"column":8},"end":{"line":63,"column":8}},{"start":{"line":63,"column":8},"end":{"line":63,"column":8}}]},"3":{"line":65,"type":"if","locations":[{"start":{"line":65,"column":8},"end":{"line":65,"column":8}},{"start":{"line":65,"column":8},"end":{"line":65,"column":8}}]},"4":{"line":66,"type":"if","locations":[{"start":{"line":66,"column":12},"end":{"line":66,"column":12}},{"start":{"line":66,"column":12},"end":{"line":66,"column":12}}]}}}}
