{
"contracts\\Context.sol":{"l":{"7":1487,"11":0,"12":0},"path":"D:\\Fiverr\\onPlanetToken\\contracts\\Context.sol","s":{"1":1487,"2":0},"b":{},"f":{"1":1487,"2":0},"fnMap":{"1":{"name":"_msgSender","line":6,"loc":{"start":{"line":6,"column":4},"end":{"line":8,"column":4}}},"2":{"name":"_msgData","line":10,"loc":{"start":{"line":10,"column":4},"end":{"line":13,"column":4}}}},"statementMap":{"1":{"start":{"line":7,"column":8},"end":{"line":7,"column":34}},"2":{"start":{"line":12,"column":8},"end":{"line":12,"column":23}}},"branchMap":{}},
"contracts\\IERC20.sol":{"l":{},"path":"D:\\Fiverr\\onPlanetToken\\contracts\\IERC20.sol","s":{},"b":{},"f":{},"fnMap":{},"statementMap":{},"branchMap":{}},
"contracts\\onPlanet.sol":{"l":{"188":2,"189":2,"190":2,"193":2,"197":8,"198":8,"199":8,"202":8,"212":309,"213":309,"215":309,"216":309,"226":309,"227":309,"230":309,"233":309,"235":309,"236":309,"238":309,"239":309,"241":309,"242":309,"244":309,"245":309,"247":309,"248":309,"250":309,"254":2,"258":1,"262":1,"266":1,"270":3,"274":15,"275":14,"279":10,"280":10,"281":10,"285":1,"286":1,"290":1,"291":1,"295":27,"296":27,"298":26,"299":26,"306":6,"308":5,"310":5,"311":2,"317":3,"327":0,"328":0,"337":2,"338":2,"340":2,"341":2,"342":2,"347":2,"349":2,"350":2,"351":2,"354":0,"355":0,"361":0,"363":0,"364":0,"365":0,"374":4,"375":3,"377":2,"379":2,"380":2,"387":2,"388":2,"389":2,"399":3,"401":3,"402":2,"403":2,"407":29,"408":29,"412":31,"413":30,"414":29,"417":28,"420":27,"421":27,"422":27,"424":27,"426":27,"427":27,"430":27,"431":27,"434":27,"439":43,"447":40,"451":10,"455":42,"459":153,"463":1,"467":4,"468":3,"469":2,"470":1,"474":36,"475":29,"483":46,"484":44,"485":44,"486":43,"487":42,"489":42,"490":42,"493":42,"495":41,"496":41,"498":39,"499":39,"500":8,"503":39,"504":39,"507":39,"508":9,"509":2,"510":2,"513":9,"516":0,"517":0,"520":0,"521":0,"522":0,"523":0,"524":0,"530":39,"531":11,"532":11,"533":0,"534":0,"535":0,"538":11,"539":11,"540":11,"542":11,"543":11,"544":9,"547":11,"548":9,"551":11,"553":11,"554":0,"560":39,"561":5,"563":5,"564":5,"565":5,"568":39,"571":39,"572":31,"578":39,"580":29,"583":8,"586":39,"592":8,"593":8,"594":8,"596":0,"599":8,"600":8,"602":8,"604":0,"607":8,"618":29,"620":0,"636":2,"637":2,"638":2,"640":2,"643":2,"651":2,"660":2,"661":2,"662":2,"665":2,"674":2,"684":3,"685":3,"686":3,"687":3,"689":3,"692":3,"700":3,"704":8,"705":8,"708":8,"709":5,"710":5,"711":5,"713":0,"714":0,"715":0,"718":8,"720":8,"730":3,"731":3,"733":3,"735":3,"737":0,"741":3,"743":0,"745":0,"748":0,"754":5,"758":1,"762":2,"766":3,"767":2,"768":1,"769":1,"771":1,"772":1,"777":79,"778":79,"779":79,"783":8,"784":7,"785":1,"787":7,"788":7,"792":2,"793":1,"794":2,"795":1,"796":1,"797":1,"798":1,"799":1,"800":1,"806":39,"807":31,"809":39,"810":5,"812":11,"814":1,"816":22,"819":39,"820":25,"821":25,"823":39,"827":22,"828":22,"829":22,"830":22,"831":22,"832":22,"836":11,"837":11,"838":11,"839":11,"840":11,"841":11,"842":11,"846":5,"847":5,"848":5,"849":5,"850":5,"851":5,"852":5,"856":1,"857":1,"858":1,"859":1,"860":1,"861":1,"862":1,"863":1,"867":39,"868":39,"872":41,"873":41,"874":41,"878":41,"879":41,"880":41,"881":41,"885":41,"886":41,"887":41,"888":41,"889":41,"893":160,"894":160,"898":160,"899":160,"900":160,"901":169,"902":169,"903":169,"905":160,"906":160,"910":39,"911":39,"912":39,"913":39,"914":0,"918":41,"924":41,"930":31,"932":23,"933":23,"934":23,"938":39,"939":39,"941":0,"943":39,"944":39,"948":0,"949":0,"950":0,"954":3,"958":6,"962":7,"966":1,"970":1,"971":1,"972":1,"976":1,"977":1,"978":1,"990":1,"994":1,"998":1,"1002":2,"1003":1,"1007":3,"1008":2,"1010":1,"1014":3,"1015":2,"1017":1,"1021":30,"1022":30,"1026":5,"1027":5,"1031":3,"1033":3,"1035":1,"1036":3,"1037":3,"1038":3,"1041":2,"1042":6,"1043":2,"1045":6,"1046":6,"1052":3,"1053":2,"1054":1,"1058":2,"1059":2,"1063":5,"1064":5,"1066":5,"1067":5,"1071":3,"1076":2,"1078":2,"1079":2,"1080":2,"1081":2,"1082":2,"1086":2,"1090":4,"1094":75,"1095":75,"1097":75,"1104":3,"1107":75,"1108":58,"1110":17,"1114":75},"path":"D:\\Fiverr\\onPlanetToken\\contracts\\onPlanet.sol","s":{"1":2,"2":2,"3":2,"4":8,"5":8,"6":8,"7":309,"8":309,"9":309,"10":309,"11":309,"12":309,"13":309,"14":309,"15":309,"16":309,"17":309,"18":309,"19":309,"20":309,"21":309,"22":309,"23":309,"24":309,"25":309,"26":2,"27":1,"28":1,"29":1,"30":3,"31":15,"32":14,"33":10,"34":10,"35":10,"36":1,"37":1,"38":1,"39":1,"40":27,"41":27,"42":26,"43":26,"44":6,"45":5,"46":5,"47":2,"48":3,"49":0,"50":0,"51":2,"52":2,"53":2,"54":2,"55":2,"56":2,"57":2,"58":2,"59":2,"60":0,"61":0,"62":0,"63":0,"64":0,"65":0,"66":4,"67":3,"68":2,"69":2,"70":2,"71":2,"72":2,"73":2,"74":3,"75":3,"76":2,"77":2,"78":29,"79":29,"80":31,"81":30,"82":29,"83":28,"84":27,"85":27,"86":27,"87":27,"88":27,"89":27,"90":27,"91":27,"92":27,"93":43,"94":40,"95":10,"96":42,"97":153,"98":1,"99":4,"100":3,"101":2,"102":1,"103":36,"104":29,"105":46,"106":44,"107":44,"108":43,"109":42,"110":42,"111":42,"112":42,"113":41,"114":41,"115":39,"116":39,"117":8,"118":39,"119":39,"120":39,"121":9,"122":2,"123":2,"124":9,"125":0,"126":0,"127":0,"128":0,"129":0,"130":0,"131":0,"132":39,"133":11,"134":11,"135":0,"136":0,"137":0,"138":0,"139":11,"140":11,"141":11,"142":11,"143":11,"144":9,"145":11,"146":9,"147":11,"148":11,"149":0,"150":39,"151":5,"152":5,"153":5,"154":5,"155":39,"156":39,"157":31,"158":39,"159":29,"160":10,"161":8,"162":39,"163":8,"164":8,"165":8,"166":0,"167":8,"168":8,"169":8,"170":0,"171":8,"172":29,"173":0,"174":2,"175":2,"176":2,"177":2,"178":2,"179":2,"180":2,"181":2,"182":2,"183":2,"184":2,"185":3,"186":3,"187":3,"188":3,"189":3,"190":3,"191":3,"192":8,"193":8,"194":8,"195":5,"196":5,"197":5,"198":3,"199":0,"200":0,"201":0,"202":8,"203":8,"204":3,"205":3,"206":3,"207":3,"208":0,"209":3,"210":3,"211":0,"212":0,"213":0,"214":5,"215":1,"216":2,"217":3,"218":2,"219":1,"220":1,"221":1,"222":1,"223":79,"224":79,"225":79,"226":8,"227":7,"228":1,"229":7,"230":7,"231":2,"232":1,"233":2,"234":1,"235":1,"236":1,"237":1,"238":1,"239":39,"240":31,"241":39,"242":5,"243":34,"244":11,"245":23,"246":1,"247":22,"248":39,"249":25,"250":25,"251":39,"252":22,"253":22,"254":22,"255":22,"256":22,"257":22,"258":11,"259":11,"260":11,"261":11,"262":11,"263":11,"264":11,"265":5,"266":5,"267":5,"268":5,"269":5,"270":5,"271":5,"272":1,"273":1,"274":1,"275":1,"276":1,"277":1,"278":1,"279":1,"280":39,"281":39,"282":41,"283":41,"284":41,"285":41,"286":41,"287":41,"288":41,"289":41,"290":41,"291":41,"292":41,"293":41,"294":160,"295":160,"296":160,"297":160,"298":160,"299":169,"300":0,"301":169,"302":169,"303":160,"304":0,"305":160,"306":39,"307":39,"308":39,"309":39,"310":0,"311":41,"312":41,"313":31,"314":8,"315":23,"316":23,"317":23,"318":39,"319":39,"320":0,"321":39,"322":39,"323":0,"324":0,"325":0,"326":3,"327":6,"328":7,"329":1,"330":1,"331":1,"332":1,"333":1,"334":1,"335":1,"336":1,"337":1,"338":1,"339":2,"340":1,"341":3,"342":2,"343":1,"344":3,"345":2,"346":1,"347":30,"348":30,"349":5,"350":5,"351":3,"352":3,"353":1,"354":3,"355":3,"356":3,"357":2,"358":6,"359":2,"360":6,"361":6,"362":3,"363":2,"364":1,"365":2,"366":2,"367":5,"368":5,"369":5,"370":5,"371":3,"372":2,"373":2,"374":2,"375":2,"376":2,"377":2,"378":4,"379":75,"380":75,"381":75,"382":3,"383":75,"384":58,"385":17,"386":75},"b":{"1":[2,0],"2":[8,0],"3":[27,0],"4":[26,1],"5":[5,1],"6":[2,3],"7":[0,0],"8":[2,0],"9":[2,0],"10":[0,0],"11":[3,1],"12":[2,1],"13":[2,1],"14":[30,1],"15":[29,1],"16":[28,1],"17":[27,1],"18":[3,1],"19":[2,1],"20":[1,1],"21":[44,2],"22":[44,0],"23":[43,1],"24":[42,1],"25":[42,0],"26":[41,1],"27":[39,2],"28":[8,31],"29":[9,30],"30":[2,7],"31":[0,9],"32":[0,0],"33":[0,0],"34":[11,28],"35":[0,11],"36":[0,0],"37":[11,0],"38":[9,2],"39":[9,2],"40":[0,11],"41":[5,34],"42":[31,8],"43":[29,10],"44":[8,2],"45":[0,8],"46":[8,0],"47":[0,29],"48":[5,3],"49":[0,3],"50":[8,0],"51":[8,0],"52":[3,0],"53":[0,3],"54":[3,0],"55":[0,0],"56":[0,0],"57":[2,1],"58":[1,1],"59":[79,0],"60":[7,1],"61":[1,6],"62":[1,1],"63":[1,1],"64":[31,8],"65":[5,34],"66":[11,23],"67":[1,22],"68":[25,14],"69":[0,169],"70":[0,160],"71":[0,39],"72":[8,23],"73":[39,0],"74":[1,1],"75":[2,1],"76":[1,1],"77":[2,1],"78":[1,1],"79":[1,2],"80":[2,4],"81":[2,1],"82":[1,1],"83":[2,1],"84":[2,0],"85":[3,72],"86":[58,17]},"f":{"1":2,"2":8,"3":309,"4":2,"5":1,"6":1,"7":1,"8":3,"9":15,"10":10,"11":1,"12":1,"13":27,"14":6,"15":0,"16":2,"17":4,"18":2,"19":3,"20":29,"21":31,"22":43,"23":40,"24":10,"25":42,"26":153,"27":1,"28":4,"29":36,"30":46,"31":8,"32":29,"33":2,"34":2,"35":3,"36":8,"37":3,"38":5,"39":1,"40":2,"41":3,"42":79,"43":8,"44":2,"45":39,"46":22,"47":11,"48":5,"49":1,"50":39,"51":41,"52":41,"53":41,"54":160,"55":160,"56":39,"57":41,"58":41,"59":31,"60":39,"61":0,"62":3,"63":6,"64":7,"65":1,"66":1,"67":1,"68":1,"69":1,"70":1,"71":2,"72":3,"73":3,"74":30,"75":5,"76":3,"77":3,"78":2,"79":5,"80":3,"81":4,"82":75,"83":75},"fnMap":{"1":{"name":"lockTheSwap","line":187,"loc":{"start":{"line":187,"column":4},"end":{"line":194,"column":4}}},"2":{"name":"tokenCheck","line":196,"loc":{"start":{"line":196,"column":4},"end":{"line":203,"column":4}}},"3":{"name":"constructor","line":205,"loc":{"start":{"line":205,"column":4},"end":{"line":251,"column":4}}},"4":{"name":"totalSupply","line":253,"loc":{"start":{"line":253,"column":4},"end":{"line":255,"column":4}}},"5":{"name":"name","line":257,"loc":{"start":{"line":257,"column":4},"end":{"line":259,"column":4}}},"6":{"name":"symbol","line":261,"loc":{"start":{"line":261,"column":4},"end":{"line":263,"column":4}}},"7":{"name":"decimals","line":265,"loc":{"start":{"line":265,"column":4},"end":{"line":267,"column":4}}},"8":{"name":"allowance","line":269,"loc":{"start":{"line":269,"column":4},"end":{"line":271,"column":4}}},"9":{"name":"approve","line":273,"loc":{"start":{"line":273,"column":4},"end":{"line":276,"column":4}}},"10":{"name":"transferFrom","line":278,"loc":{"start":{"line":278,"column":4},"end":{"line":282,"column":4}}},"11":{"name":"increaseAllowance","line":284,"loc":{"start":{"line":284,"column":4},"end":{"line":287,"column":4}}},"12":{"name":"decreaseAllowance","line":289,"loc":{"start":{"line":289,"column":4},"end":{"line":292,"column":4}}},"13":{"name":"_approve","line":294,"loc":{"start":{"line":294,"column":4},"end":{"line":300,"column":4}}},"14":{"name":"manualBuyback","line":304,"loc":{"start":{"line":302,"column":4},"end":{"line":324,"column":4}}},"15":{"name":"buyBackTokens","line":326,"loc":{"start":{"line":326,"column":4},"end":{"line":334,"column":4}}},"16":{"name":"swapTokens","line":336,"loc":{"start":{"line":336,"column":4},"end":{"line":368,"column":4}}},"17":{"name":"setBuybackUpperLimit","line":372,"loc":{"start":{"line":370,"column":4},"end":{"line":381,"column":4}}},"18":{"name":"setBuybackTriggerTokenLimit","line":385,"loc":{"start":{"line":383,"column":4},"end":{"line":393,"column":4}}},"19":{"name":"setBuybackMinAvailability","line":397,"loc":{"start":{"line":395,"column":4},"end":{"line":404,"column":4}}},"20":{"name":"setBuyBackEnabled","line":406,"loc":{"start":{"line":406,"column":4},"end":{"line":409,"column":4}}},"21":{"name":"setTradingEnabled","line":411,"loc":{"start":{"line":411,"column":4},"end":{"line":435,"column":4}}},"22":{"name":"isTradingEnabled","line":437,"loc":{"start":{"line":437,"column":4},"end":{"line":441,"column":4}}},"23":{"name":"inTradingStartCoolDown","line":443,"loc":{"start":{"line":443,"column":4},"end":{"line":448,"column":4}}},"24":{"name":"maxTxCooldownAmount","line":450,"loc":{"start":{"line":450,"column":4},"end":{"line":452,"column":4}}},"25":{"name":"inTokenCheck","line":454,"loc":{"start":{"line":454,"column":4},"end":{"line":456,"column":4}}},"26":{"name":"inSwapAndLiquify","line":458,"loc":{"start":{"line":458,"column":4},"end":{"line":460,"column":4}}},"27":{"name":"setReflectionOn","line":462,"loc":{"start":{"line":462,"column":4},"end":{"line":464,"column":4}}},"28":{"name":"transferBalance","line":466,"loc":{"start":{"line":466,"column":4},"end":{"line":471,"column":4}}},"29":{"name":"transfer","line":473,"loc":{"start":{"line":473,"column":4},"end":{"line":476,"column":4}}},"30":{"name":"_transfer","line":478,"loc":{"start":{"line":478,"column":4},"end":{"line":587,"column":4}}},"31":{"name":"_recordPotentialLiquidityAddTransaction","line":591,"loc":{"start":{"line":589,"column":4},"end":{"line":614,"column":4}}},"32":{"name":"_clearTransferIfNeeded","line":616,"loc":{"start":{"line":616,"column":4},"end":{"line":628,"column":4}}},"33":{"name":"swapTokensForEth","line":630,"loc":{"start":{"line":630,"column":4},"end":{"line":652,"column":4}}},"34":{"name":"swapETHForTokensNoFee","line":654,"loc":{"start":{"line":654,"column":4},"end":{"line":675,"column":4}}},"35":{"name":"swapTokensForTokens","line":677,"loc":{"start":{"line":677,"column":4},"end":{"line":701,"column":4}}},"36":{"name":"validateDuringTradingCoolDown","line":703,"loc":{"start":{"line":703,"column":4},"end":{"line":721,"column":4}}},"37":{"name":"_validateIfLiquidityAdd","line":724,"loc":{"start":{"line":724,"column":4},"end":{"line":751,"column":4}}},"38":{"name":"isExcludedFromReward","line":753,"loc":{"start":{"line":753,"column":4},"end":{"line":755,"column":4}}},"39":{"name":"totalFees","line":757,"loc":{"start":{"line":757,"column":4},"end":{"line":759,"column":4}}},"40":{"name":"buyBackUpperLimitAmount","line":761,"loc":{"start":{"line":761,"column":4},"end":{"line":763,"column":4}}},"41":{"name":"reflectionFromToken","line":765,"loc":{"start":{"line":765,"column":4},"end":{"line":774,"column":4}}},"42":{"name":"tokenFromReflection","line":776,"loc":{"start":{"line":776,"column":4},"end":{"line":780,"column":4}}},"43":{"name":"excludeFromReward","line":782,"loc":{"start":{"line":782,"column":4},"end":{"line":789,"column":4}}},"44":{"name":"includeInReward","line":791,"loc":{"start":{"line":791,"column":4},"end":{"line":803,"column":4}}},"45":{"name":"_tokenTransfer","line":805,"loc":{"start":{"line":805,"column":4},"end":{"line":824,"column":4}}},"46":{"name":"_transferStandard","line":826,"loc":{"start":{"line":826,"column":4},"end":{"line":833,"column":4}}},"47":{"name":"_transferToExcluded","line":835,"loc":{"start":{"line":835,"column":4},"end":{"line":843,"column":4}}},"48":{"name":"_transferFromExcluded","line":845,"loc":{"start":{"line":845,"column":4},"end":{"line":853,"column":4}}},"49":{"name":"_transferBothExcluded","line":855,"loc":{"start":{"line":855,"column":4},"end":{"line":864,"column":4}}},"50":{"name":"_reflectFee","line":866,"loc":{"start":{"line":866,"column":4},"end":{"line":869,"column":4}}},"51":{"name":"_getValues","line":871,"loc":{"start":{"line":871,"column":4},"end":{"line":875,"column":4}}},"52":{"name":"_getTValues","line":877,"loc":{"start":{"line":877,"column":4},"end":{"line":882,"column":4}}},"53":{"name":"_getRValues","line":884,"loc":{"start":{"line":884,"column":4},"end":{"line":890,"column":4}}},"54":{"name":"_getRate","line":892,"loc":{"start":{"line":892,"column":4},"end":{"line":895,"column":4}}},"55":{"name":"_getCurrentSupply","line":897,"loc":{"start":{"line":897,"column":4},"end":{"line":907,"column":4}}},"56":{"name":"_takeLiquidity","line":909,"loc":{"start":{"line":909,"column":4},"end":{"line":915,"column":4}}},"57":{"name":"calculateTaxFee","line":917,"loc":{"start":{"line":917,"column":4},"end":{"line":921,"column":4}}},"58":{"name":"calculateLiquidityFee","line":923,"loc":{"start":{"line":923,"column":4},"end":{"line":927,"column":4}}},"59":{"name":"removeAllFee","line":929,"loc":{"start":{"line":929,"column":4},"end":{"line":935,"column":4}}},"60":{"name":"restoreAllFee","line":937,"loc":{"start":{"line":937,"column":4},"end":{"line":945,"column":4}}},"61":{"name":"setMultiFee","line":947,"loc":{"start":{"line":947,"column":4},"end":{"line":951,"column":4}}},"62":{"name":"setBotAddress","line":953,"loc":{"start":{"line":953,"column":4},"end":{"line":955,"column":4}}},"63":{"name":"isExcludedFromFee","line":957,"loc":{"start":{"line":957,"column":4},"end":{"line":959,"column":4}}},"64":{"name":"excludeFromFee","line":961,"loc":{"start":{"line":961,"column":4},"end":{"line":963,"column":4}}},"65":{"name":"includeInFee","line":965,"loc":{"start":{"line":965,"column":4},"end":{"line":967,"column":4}}},"66":{"name":"setDefaultInFeePercent","line":969,"loc":{"start":{"line":969,"column":4},"end":{"line":973,"column":4}}},"67":{"name":"setDefaultOutFeePercent","line":975,"loc":{"start":{"line":975,"column":4},"end":{"line":979,"column":4}}},"68":{"name":"setMultiFeeOn","line":989,"loc":{"start":{"line":989,"column":4},"end":{"line":991,"column":4}}},"69":{"name":"setMaxSellCount","line":993,"loc":{"start":{"line":993,"column":4},"end":{"line":995,"column":4}}},"70":{"name":"setMaxTxAmount","line":997,"loc":{"start":{"line":997,"column":4},"end":{"line":999,"column":4}}},"71":{"name":"setNumTokensSellToAddToLiquidity","line":1001,"loc":{"start":{"line":1001,"column":4},"end":{"line":1004,"column":4}}},"72":{"name":"setMarketingAddress","line":1006,"loc":{"start":{"line":1006,"column":4},"end":{"line":1011,"column":4}}},"73":{"name":"setDeveloperAddress","line":1013,"loc":{"start":{"line":1013,"column":4},"end":{"line":1018,"column":4}}},"74":{"name":"setSwapAndLiquifyEnabled","line":1020,"loc":{"start":{"line":1020,"column":4},"end":{"line":1023,"column":4}}},"75":{"name":"setEthBuyback","line":1025,"loc":{"start":{"line":1025,"column":4},"end":{"line":1028,"column":4}}},"76":{"name":"setReflectionEnabled","line":1030,"loc":{"start":{"line":1030,"column":4},"end":{"line":1049,"column":4}}},"77":{"name":"setBuyBackTokenAddress","line":1051,"loc":{"start":{"line":1051,"column":4},"end":{"line":1055,"column":4}}},"78":{"name":"updateStakingAddress","line":1057,"loc":{"start":{"line":1057,"column":4},"end":{"line":1060,"column":4}}},"79":{"name":"_onPlanetEcosystemContractAdd","line":1062,"loc":{"start":{"line":1062,"column":4},"end":{"line":1068,"column":4}}},"80":{"name":"onPlanetEcosystemContractRemove","line":1070,"loc":{"start":{"line":1070,"column":4},"end":{"line":1087,"column":4}}},"81":{"name":"transferToAddressETH","line":1089,"loc":{"start":{"line":1089,"column":4},"end":{"line":1091,"column":4}}},"82":{"name":"balanceOf","line":1093,"loc":{"start":{"line":1093,"column":4},"end":{"line":1111,"column":4}}},"83":{"name":"_balanceOf","line":1113,"loc":{"start":{"line":1113,"column":4},"end":{"line":1115,"column":4}}}},"statementMap":{"1":{"start":{"line":188,"column":8},"end":{"line":188,"column":64}},"2":{"start":{"line":189,"column":8},"end":{"line":189,"column":32}},"3":{"start":{"line":193,"column":8},"end":{"line":193,"column":33}},"4":{"start":{"line":197,"column":8},"end":{"line":197,"column":62}},"5":{"start":{"line":198,"column":8},"end":{"line":198,"column":30}},"6":{"start":{"line":202,"column":8},"end":{"line":202,"column":31}},"7":{"start":{"line":212,"column":8},"end":{"line":212,"column":38}},"8":{"start":{"line":213,"column":8},"end":{"line":213,"column":38}},"9":{"start":{"line":215,"column":8},"end":{"line":215,"column":31}},"10":{"start":{"line":216,"column":8},"end":{"line":216,"column":33}},"11":{"start":{"line":226,"column":8},"end":{"line":226,"column":88}},"12":{"start":{"line":227,"column":8},"end":{"line":227,"column":47}},"13":{"start":{"line":230,"column":8},"end":{"line":230,"column":9094}},"14":{"start":{"line":233,"column":8},"end":{"line":233,"column":41}},"15":{"start":{"line":235,"column":8},"end":{"line":235,"column":41}},"16":{"start":{"line":236,"column":8},"end":{"line":236,"column":47}},"17":{"start":{"line":238,"column":8},"end":{"line":238,"column":40}},"18":{"start":{"line":239,"column":8},"end":{"line":239,"column":36}},"19":{"start":{"line":241,"column":8},"end":{"line":241,"column":32}},"20":{"start":{"line":242,"column":8},"end":{"line":242,"column":27}},"21":{"start":{"line":244,"column":8},"end":{"line":244,"column":38}},"22":{"start":{"line":245,"column":8},"end":{"line":245,"column":33}},"23":{"start":{"line":247,"column":8},"end":{"line":247,"column":38}},"24":{"start":{"line":248,"column":8},"end":{"line":248,"column":33}},"25":{"start":{"line":250,"column":8},"end":{"line":250,"column":56}},"26":{"start":{"line":254,"column":8},"end":{"line":254,"column":22}},"27":{"start":{"line":258,"column":8},"end":{"line":258,"column":20}},"28":{"start":{"line":262,"column":8},"end":{"line":262,"column":22}},"29":{"start":{"line":266,"column":8},"end":{"line":266,"column":29}},"30":{"start":{"line":270,"column":8},"end":{"line":270,"column":42}},"31":{"start":{"line":274,"column":8},"end":{"line":274,"column":46}},"32":{"start":{"line":275,"column":8},"end":{"line":275,"column":19}},"33":{"start":{"line":279,"column":8},"end":{"line":279,"column":43}},"34":{"start":{"line":280,"column":8},"end":{"line":280,"column":128}},"35":{"start":{"line":281,"column":8},"end":{"line":281,"column":19}},"36":{"start":{"line":285,"column":8},"end":{"line":285,"column":90}},"37":{"start":{"line":286,"column":8},"end":{"line":286,"column":19}},"38":{"start":{"line":290,"column":8},"end":{"line":290,"column":136}},"39":{"start":{"line":291,"column":8},"end":{"line":291,"column":19}},"40":{"start":{"line":295,"column":8},"end":{"line":295,"column":75}},"41":{"start":{"line":296,"column":8},"end":{"line":296,"column":75}},"42":{"start":{"line":298,"column":8},"end":{"line":298,"column":43}},"43":{"start":{"line":299,"column":8},"end":{"line":299,"column":45}},"44":{"start":{"line":306,"column":8},"end":{"line":306,"column":65}},"45":{"start":{"line":308,"column":8},"end":{"line":308,"column":65}},"46":{"start":{"line":310,"column":8},"end":{"line":310,"column":11859}},"47":{"start":{"line":311,"column":12},"end":{"line":311,"column":11892}},"48":{"start":{"line":317,"column":12},"end":{"line":317,"column":12048}},"49":{"start":{"line":327,"column":8},"end":{"line":327,"column":12302}},"50":{"start":{"line":328,"column":12},"end":{"line":328,"column":12337}},"51":{"start":{"line":337,"column":8},"end":{"line":337,"column":30}},"52":{"start":{"line":338,"column":8},"end":{"line":338,"column":34}},"53":{"start":{"line":340,"column":8},"end":{"line":340,"column":12638}},"54":{"start":{"line":341,"column":12},"end":{"line":341,"column":49}},"55":{"start":{"line":342,"column":12},"end":{"line":342,"column":12726}},"56":{"start":{"line":347,"column":12},"end":{"line":347,"column":73}},"57":{"start":{"line":349,"column":12},"end":{"line":349,"column":12966}},"58":{"start":{"line":350,"column":16},"end":{"line":350,"column":122}},"59":{"start":{"line":351,"column":16},"end":{"line":351,"column":116}},"60":{"start":{"line":354,"column":12},"end":{"line":354,"column":80}},"61":{"start":{"line":355,"column":12},"end":{"line":355,"column":13411}},"62":{"start":{"line":361,"column":12},"end":{"line":361,"column":104}},"63":{"start":{"line":363,"column":12},"end":{"line":363,"column":13711}},"64":{"start":{"line":364,"column":16},"end":{"line":364,"column":138}},"65":{"start":{"line":365,"column":16},"end":{"line":365,"column":132}},"66":{"start":{"line":374,"column":8},"end":{"line":374,"column":84}},"67":{"start":{"line":375,"column":8},"end":{"line":375,"column":83}},"68":{"start":{"line":377,"column":8},"end":{"line":377,"column":45}},"69":{"start":{"line":379,"column":8},"end":{"line":379,"column":74}},"70":{"start":{"line":380,"column":8},"end":{"line":380,"column":67}},"71":{"start":{"line":387,"column":8},"end":{"line":387,"column":52}},"72":{"start":{"line":388,"column":8},"end":{"line":388,"column":53}},"73":{"start":{"line":389,"column":8},"end":{"line":389,"column":14856}},"74":{"start":{"line":399,"column":8},"end":{"line":399,"column":50}},"75":{"start":{"line":401,"column":8},"end":{"line":401,"column":74}},"76":{"start":{"line":402,"column":8},"end":{"line":402,"column":73}},"77":{"start":{"line":403,"column":8},"end":{"line":403,"column":77}},"78":{"start":{"line":407,"column":8},"end":{"line":407,"column":32}},"79":{"start":{"line":408,"column":8},"end":{"line":408,"column":44}},"80":{"start":{"line":412,"column":8},"end":{"line":412,"column":87}},"81":{"start":{"line":413,"column":8},"end":{"line":413,"column":95}},"82":{"start":{"line":414,"column":8},"end":{"line":414,"column":110}},"83":{"start":{"line":417,"column":8},"end":{"line":417,"column":97}},"84":{"start":{"line":420,"column":8},"end":{"line":420,"column":61}},"85":{"start":{"line":421,"column":8},"end":{"line":421,"column":76}},"86":{"start":{"line":422,"column":8},"end":{"line":422,"column":63}},"87":{"start":{"line":424,"column":8},"end":{"line":424,"column":44}},"88":{"start":{"line":426,"column":8},"end":{"line":426,"column":30}},"89":{"start":{"line":427,"column":8},"end":{"line":427,"column":37}},"90":{"start":{"line":430,"column":8},"end":{"line":430,"column":68}},"91":{"start":{"line":431,"column":8},"end":{"line":431,"column":76}},"92":{"start":{"line":434,"column":8},"end":{"line":434,"column":29}},"93":{"start":{"line":439,"column":8},"end":{"line":439,"column":45}},"94":{"start":{"line":447,"column":8},"end":{"line":447,"column":54}},"95":{"start":{"line":451,"column":8},"end":{"line":451,"column":32}},"96":{"start":{"line":455,"column":8},"end":{"line":455,"column":39}},"97":{"start":{"line":459,"column":8},"end":{"line":459,"column":41}},"98":{"start":{"line":463,"column":8},"end":{"line":463,"column":29}},"99":{"start":{"line":467,"column":8},"end":{"line":467,"column":88}},"100":{"start":{"line":468,"column":8},"end":{"line":468,"column":88}},"101":{"start":{"line":469,"column":8},"end":{"line":469,"column":80}},"102":{"start":{"line":470,"column":8},"end":{"line":470,"column":54}},"103":{"start":{"line":474,"column":8},"end":{"line":474,"column":49}},"104":{"start":{"line":475,"column":8},"end":{"line":475,"column":19}},"105":{"start":{"line":483,"column":8},"end":{"line":483,"column":64}},"106":{"start":{"line":484,"column":8},"end":{"line":484,"column":75}},"107":{"start":{"line":485,"column":8},"end":{"line":485,"column":71}},"108":{"start":{"line":486,"column":8},"end":{"line":486,"column":71}},"109":{"start":{"line":487,"column":8},"end":{"line":487,"column":88}},"110":{"start":{"line":489,"column":8},"end":{"line":489,"column":32}},"111":{"start":{"line":490,"column":8},"end":{"line":490,"column":19127}},"112":{"start":{"line":493,"column":8},"end":{"line":493,"column":101}},"113":{"start":{"line":495,"column":8},"end":{"line":495,"column":51}},"114":{"start":{"line":496,"column":8},"end":{"line":496,"column":79}},"115":{"start":{"line":498,"column":8},"end":{"line":498,"column":54}},"116":{"start":{"line":499,"column":8},"end":{"line":499,"column":19510}},"117":{"start":{"line":500,"column":12},"end":{"line":500,"column":58}},"118":{"start":{"line":503,"column":8},"end":{"line":503,"column":63}},"119":{"start":{"line":504,"column":8},"end":{"line":504,"column":86}},"120":{"start":{"line":507,"column":8},"end":{"line":507,"column":19924}},"121":{"start":{"line":508,"column":12},"end":{"line":508,"column":20016}},"122":{"start":{"line":509,"column":16},"end":{"line":509,"column":61}},"123":{"start":{"line":510,"column":16},"end":{"line":510,"column":47}},"124":{"start":{"line":513,"column":12},"end":{"line":513,"column":20193}},"125":{"start":{"line":516,"column":16},"end":{"line":516,"column":20370}},"126":{"start":{"line":517,"column":20},"end":{"line":517,"column":60}},"127":{"start":{"line":520,"column":16},"end":{"line":520,"column":20521}},"128":{"start":{"line":521,"column":20},"end":{"line":521,"column":51}},"129":{"start":{"line":522,"column":20},"end":{"line":522,"column":40}},"130":{"start":{"line":523,"column":20},"end":{"line":523,"column":32}},"131":{"start":{"line":524,"column":20},"end":{"line":524,"column":33}},"132":{"start":{"line":530,"column":8},"end":{"line":530,"column":20914}},"133":{"start":{"line":531,"column":12},"end":{"line":531,"column":46}},"134":{"start":{"line":532,"column":12},"end":{"line":532,"column":21008}},"135":{"start":{"line":533,"column":16},"end":{"line":533,"column":55}},"136":{"start":{"line":534,"column":16},"end":{"line":534,"column":76}},"137":{"start":{"line":534,"column":49},"end":{"line":534,"column":75}},"138":{"start":{"line":535,"column":16},"end":{"line":535,"column":74}},"139":{"start":{"line":538,"column":12},"end":{"line":538,"column":30}},"140":{"start":{"line":539,"column":12},"end":{"line":539,"column":38}},"141":{"start":{"line":540,"column":12},"end":{"line":540,"column":32}},"142":{"start":{"line":542,"column":12},"end":{"line":542,"column":21420}},"143":{"start":{"line":543,"column":16},"end":{"line":543,"column":21457}},"144":{"start":{"line":544,"column":20},"end":{"line":544,"column":40}},"145":{"start":{"line":547,"column":16},"end":{"line":547,"column":21593}},"146":{"start":{"line":548,"column":20},"end":{"line":548,"column":56}},"147":{"start":{"line":551,"column":16},"end":{"line":551,"column":56}},"148":{"start":{"line":553,"column":16},"end":{"line":553,"column":21799}},"149":{"start":{"line":554,"column":20},"end":{"line":554,"column":32}},"150":{"start":{"line":560,"column":8},"end":{"line":560,"column":21958}},"151":{"start":{"line":561,"column":12},"end":{"line":561,"column":44}},"152":{"start":{"line":563,"column":12},"end":{"line":563,"column":31}},"153":{"start":{"line":564,"column":12},"end":{"line":564,"column":39}},"154":{"start":{"line":565,"column":12},"end":{"line":565,"column":33}},"155":{"start":{"line":568,"column":8},"end":{"line":568,"column":27}},"156":{"start":{"line":571,"column":8},"end":{"line":571,"column":22299}},"157":{"start":{"line":572,"column":12},"end":{"line":572,"column":26}},"158":{"start":{"line":578,"column":8},"end":{"line":578,"column":22595}},"159":{"start":{"line":580,"column":12},"end":{"line":580,"column":35}},"160":{"start":{"line":581,"column":15},"end":{"line":581,"column":22744}},"161":{"start":{"line":583,"column":12},"end":{"line":583,"column":54}},"162":{"start":{"line":586,"column":8},"end":{"line":586,"column":48}},"163":{"start":{"line":592,"column":8},"end":{"line":592,"column":49}},"164":{"start":{"line":593,"column":8},"end":{"line":593,"column":36}},"165":{"start":{"line":594,"column":8},"end":{"line":594,"column":23186}},"166":{"start":{"line":596,"column":12},"end":{"line":596,"column":31}},"167":{"start":{"line":599,"column":8},"end":{"line":599,"column":24}},"168":{"start":{"line":600,"column":8},"end":{"line":600,"column":23369}},"169":{"start":{"line":602,"column":12},"end":{"line":602,"column":23}},"170":{"start":{"line":604,"column":12},"end":{"line":604,"column":59}},"171":{"start":{"line":607,"column":8},"end":{"line":607,"column":23595}},"172":{"start":{"line":618,"column":8},"end":{"line":618,"column":23962}},"173":{"start":{"line":620,"column":12},"end":{"line":620,"column":24091}},"174":{"start":{"line":636,"column":8},"end":{"line":636,"column":48}},"175":{"start":{"line":637,"column":8},"end":{"line":637,"column":29}},"176":{"start":{"line":638,"column":8},"end":{"line":638,"column":39}},"177":{"start":{"line":640,"column":8},"end":{"line":640,"column":74}},"178":{"start":{"line":643,"column":8},"end":{"line":643,"column":24759}},"179":{"start":{"line":651,"column":8},"end":{"line":651,"column":48}},"180":{"start":{"line":660,"column":8},"end":{"line":660,"column":48}},"181":{"start":{"line":661,"column":8},"end":{"line":661,"column":39}},"182":{"start":{"line":662,"column":8},"end":{"line":662,"column":29}},"183":{"start":{"line":665,"column":8},"end":{"line":665,"column":25420}},"184":{"start":{"line":674,"column":8},"end":{"line":674,"column":43}},"185":{"start":{"line":684,"column":8},"end":{"line":684,"column":48}},"186":{"start":{"line":685,"column":8},"end":{"line":685,"column":33}},"187":{"start":{"line":686,"column":8},"end":{"line":686,"column":39}},"188":{"start":{"line":687,"column":8},"end":{"line":687,"column":31}},"189":{"start":{"line":689,"column":8},"end":{"line":689,"column":78}},"190":{"start":{"line":692,"column":8},"end":{"line":692,"column":26235}},"191":{"start":{"line":700,"column":8},"end":{"line":700,"column":51}},"192":{"start":{"line":704,"column":8},"end":{"line":704,"column":36}},"193":{"start":{"line":705,"column":8},"end":{"line":705,"column":21}},"194":{"start":{"line":708,"column":8},"end":{"line":708,"column":26786}},"195":{"start":{"line":709,"column":12},"end":{"line":709,"column":107}},"196":{"start":{"line":710,"column":12},"end":{"line":710,"column":47}},"197":{"start":{"line":711,"column":12},"end":{"line":711,"column":54}},"198":{"start":{"line":712,"column":15},"end":{"line":712,"column":27042}},"199":{"start":{"line":713,"column":12},"end":{"line":713,"column":109}},"200":{"start":{"line":714,"column":12},"end":{"line":714,"column":49}},"201":{"start":{"line":715,"column":12},"end":{"line":715,"column":54}},"202":{"start":{"line":718,"column":8},"end":{"line":718,"column":121}},"203":{"start":{"line":720,"column":8},"end":{"line":720,"column":121}},"204":{"start":{"line":730,"column":8},"end":{"line":730,"column":59}},"205":{"start":{"line":731,"column":8},"end":{"line":731,"column":27912}},"206":{"start":{"line":733,"column":12},"end":{"line":733,"column":45}},"207":{"start":{"line":735,"column":12},"end":{"line":735,"column":28092}},"208":{"start":{"line":737,"column":16},"end":{"line":737,"column":40}},"209":{"start":{"line":741,"column":12},"end":{"line":741,"column":44}},"210":{"start":{"line":741,"column":38},"end":{"line":741,"column":44}},"211":{"start":{"line":743,"column":12},"end":{"line":743,"column":73}},"212":{"start":{"line":745,"column":12},"end":{"line":745,"column":28424}},"213":{"start":{"line":748,"column":16},"end":{"line":748,"column":73}},"214":{"start":{"line":754,"column":8},"end":{"line":754,"column":35}},"215":{"start":{"line":758,"column":8},"end":{"line":758,"column":25}},"216":{"start":{"line":762,"column":8},"end":{"line":762,"column":32}},"217":{"start":{"line":766,"column":8},"end":{"line":766,"column":69}},"218":{"start":{"line":767,"column":8},"end":{"line":767,"column":29240}},"219":{"start":{"line":768,"column":12},"end":{"line":768,"column":56}},"220":{"start":{"line":769,"column":12},"end":{"line":769,"column":26}},"221":{"start":{"line":771,"column":12},"end":{"line":771,"column":64}},"222":{"start":{"line":772,"column":12},"end":{"line":772,"column":34}},"223":{"start":{"line":777,"column":8},"end":{"line":777,"column":80}},"224":{"start":{"line":778,"column":8},"end":{"line":778,"column":41}},"225":{"start":{"line":779,"column":8},"end":{"line":779,"column":39}},"226":{"start":{"line":783,"column":8},"end":{"line":783,"column":68}},"227":{"start":{"line":784,"column":8},"end":{"line":784,"column":29908}},"228":{"start":{"line":785,"column":12},"end":{"line":785,"column":67}},"229":{"start":{"line":787,"column":8},"end":{"line":787,"column":34}},"230":{"start":{"line":788,"column":8},"end":{"line":788,"column":30}},"231":{"start":{"line":792,"column":8},"end":{"line":792,"column":67}},"232":{"start":{"line":793,"column":8},"end":{"line":793,"column":30248}},"233":{"start":{"line":794,"column":12},"end":{"line":794,"column":30314}},"234":{"start":{"line":795,"column":16},"end":{"line":795,"column":61}},"235":{"start":{"line":796,"column":16},"end":{"line":796,"column":66}},"236":{"start":{"line":797,"column":16},"end":{"line":797,"column":35}},"237":{"start":{"line":798,"column":16},"end":{"line":798,"column":43}},"238":{"start":{"line":799,"column":16},"end":{"line":799,"column":30}},"239":{"start":{"line":806,"column":8},"end":{"line":806,"column":30785}},"240":{"start":{"line":807,"column":12},"end":{"line":807,"column":25}},"241":{"start":{"line":809,"column":8},"end":{"line":809,"column":30828}},"242":{"start":{"line":810,"column":12},"end":{"line":810,"column":59}},"243":{"start":{"line":811,"column":15},"end":{"line":811,"column":30961}},"244":{"start":{"line":812,"column":12},"end":{"line":812,"column":57}},"245":{"start":{"line":813,"column":15},"end":{"line":813,"column":31092}},"246":{"start":{"line":814,"column":12},"end":{"line":814,"column":59}},"247":{"start":{"line":816,"column":12},"end":{"line":816,"column":55}},"248":{"start":{"line":819,"column":8},"end":{"line":819,"column":31315}},"249":{"start":{"line":820,"column":12},"end":{"line":820,"column":38}},"250":{"start":{"line":821,"column":12},"end":{"line":821,"column":33}},"251":{"start":{"line":823,"column":8},"end":{"line":823,"column":22}},"252":{"start":{"line":827,"column":8},"end":{"line":827,"column":145}},"253":{"start":{"line":828,"column":8},"end":{"line":828,"column":53}},"254":{"start":{"line":829,"column":8},"end":{"line":829,"column":67}},"255":{"start":{"line":830,"column":8},"end":{"line":830,"column":33}},"256":{"start":{"line":831,"column":8},"end":{"line":831,"column":30}},"257":{"start":{"line":832,"column":8},"end":{"line":832,"column":57}},"258":{"start":{"line":836,"column":8},"end":{"line":836,"column":145}},"259":{"start":{"line":837,"column":5},"end":{"line":837,"column":50}},"260":{"start":{"line":838,"column":8},"end":{"line":838,"column":67}},"261":{"start":{"line":839,"column":8},"end":{"line":839,"column":67}},"262":{"start":{"line":840,"column":8},"end":{"line":840,"column":33}},"263":{"start":{"line":841,"column":8},"end":{"line":841,"column":30}},"264":{"start":{"line":842,"column":8},"end":{"line":842,"column":57}},"265":{"start":{"line":846,"column":8},"end":{"line":846,"column":145}},"266":{"start":{"line":847,"column":5},"end":{"line":847,"column":50}},"267":{"start":{"line":848,"column":8},"end":{"line":848,"column":53}},"268":{"start":{"line":849,"column":8},"end":{"line":849,"column":67}},"269":{"start":{"line":850,"column":8},"end":{"line":850,"column":33}},"270":{"start":{"line":851,"column":8},"end":{"line":851,"column":30}},"271":{"start":{"line":852,"column":8},"end":{"line":852,"column":57}},"272":{"start":{"line":856,"column":8},"end":{"line":856,"column":145}},"273":{"start":{"line":857,"column":5},"end":{"line":857,"column":50}},"274":{"start":{"line":858,"column":8},"end":{"line":858,"column":53}},"275":{"start":{"line":859,"column":8},"end":{"line":859,"column":67}},"276":{"start":{"line":860,"column":8},"end":{"line":860,"column":67}},"277":{"start":{"line":861,"column":8},"end":{"line":861,"column":33}},"278":{"start":{"line":862,"column":8},"end":{"line":862,"column":30}},"279":{"start":{"line":863,"column":8},"end":{"line":863,"column":57}},"280":{"start":{"line":867,"column":8},"end":{"line":867,"column":34}},"281":{"start":{"line":868,"column":8},"end":{"line":868,"column":40}},"282":{"start":{"line":872,"column":8},"end":{"line":872,"column":90}},"283":{"start":{"line":873,"column":8},"end":{"line":873,"column":117}},"284":{"start":{"line":874,"column":8},"end":{"line":874,"column":82}},"285":{"start":{"line":878,"column":8},"end":{"line":878,"column":47}},"286":{"start":{"line":879,"column":8},"end":{"line":879,"column":59}},"287":{"start":{"line":880,"column":8},"end":{"line":880,"column":67}},"288":{"start":{"line":881,"column":8},"end":{"line":881,"column":50}},"289":{"start":{"line":885,"column":8},"end":{"line":885,"column":50}},"290":{"start":{"line":886,"column":8},"end":{"line":886,"column":44}},"291":{"start":{"line":887,"column":8},"end":{"line":887,"column":56}},"292":{"start":{"line":888,"column":8},"end":{"line":888,"column":67}},"293":{"start":{"line":889,"column":8},"end":{"line":889,"column":47}},"294":{"start":{"line":893,"column":8},"end":{"line":893,"column":64}},"295":{"start":{"line":894,"column":8},"end":{"line":894,"column":35}},"296":{"start":{"line":898,"column":8},"end":{"line":898,"column":33}},"297":{"start":{"line":899,"column":8},"end":{"line":899,"column":33}},"298":{"start":{"line":900,"column":8},"end":{"line":900,"column":35490}},"299":{"start":{"line":901,"column":12},"end":{"line":901,"column":109}},"300":{"start":{"line":901,"column":84},"end":{"line":901,"column":109}},"301":{"start":{"line":902,"column":12},"end":{"line":902,"column":55}},"302":{"start":{"line":903,"column":12},"end":{"line":903,"column":55}},"303":{"start":{"line":905,"column":8},"end":{"line":905,"column":69}},"304":{"start":{"line":905,"column":44},"end":{"line":905,"column":69}},"305":{"start":{"line":906,"column":8},"end":{"line":906,"column":33}},"306":{"start":{"line":910,"column":8},"end":{"line":910,"column":41}},"307":{"start":{"line":911,"column":8},"end":{"line":911,"column":56}},"308":{"start":{"line":912,"column":8},"end":{"line":912,"column":70}},"309":{"start":{"line":913,"column":8},"end":{"line":913,"column":36213}},"310":{"start":{"line":914,"column":12},"end":{"line":914,"column":74}},"311":{"start":{"line":918,"column":8},"end":{"line":918,"column":36358}},"312":{"start":{"line":924,"column":8},"end":{"line":924,"column":36530}},"313":{"start":{"line":930,"column":8},"end":{"line":930,"column":68}},"314":{"start":{"line":930,"column":62},"end":{"line":930,"column":68}},"315":{"start":{"line":932,"column":8},"end":{"line":932,"column":18}},"316":{"start":{"line":933,"column":8},"end":{"line":933,"column":22}},"317":{"start":{"line":934,"column":8},"end":{"line":934,"column":19}},"318":{"start":{"line":938,"column":8},"end":{"line":938,"column":36885}},"319":{"start":{"line":939,"column":12},"end":{"line":939,"column":35}},"320":{"start":{"line":941,"column":12},"end":{"line":941,"column":22}},"321":{"start":{"line":943,"column":8},"end":{"line":943,"column":39}},"322":{"start":{"line":944,"column":8},"end":{"line":944,"column":33}},"323":{"start":{"line":948,"column":8},"end":{"line":948,"column":18}},"324":{"start":{"line":949,"column":8},"end":{"line":949,"column":22}},"325":{"start":{"line":950,"column":8},"end":{"line":950,"column":20}},"326":{"start":{"line":954,"column":8},"end":{"line":954,"column":34}},"327":{"start":{"line":958,"column":8},"end":{"line":958,"column":42}},"328":{"start":{"line":962,"column":8},"end":{"line":962,"column":41}},"329":{"start":{"line":966,"column":8},"end":{"line":966,"column":42}},"330":{"start":{"line":970,"column":8},"end":{"line":970,"column":22}},"331":{"start":{"line":971,"column":8},"end":{"line":971,"column":30}},"332":{"start":{"line":972,"column":8},"end":{"line":972,"column":24}},"333":{"start":{"line":976,"column":8},"end":{"line":976,"column":23}},"334":{"start":{"line":977,"column":8},"end":{"line":977,"column":31}},"335":{"start":{"line":978,"column":8},"end":{"line":978,"column":25}},"336":{"start":{"line":990,"column":8},"end":{"line":990,"column":30}},"337":{"start":{"line":994,"column":8},"end":{"line":994,"column":31}},"338":{"start":{"line":998,"column":8},"end":{"line":998,"column":33}},"339":{"start":{"line":1002,"column":8},"end":{"line":1002,"column":103}},"340":{"start":{"line":1003,"column":8},"end":{"line":1003,"column":57}},"341":{"start":{"line":1007,"column":8},"end":{"line":1007,"column":91}},"342":{"start":{"line":1008,"column":8},"end":{"line":1008,"column":91}},"343":{"start":{"line":1010,"column":8},"end":{"line":1010,"column":52}},"344":{"start":{"line":1014,"column":8},"end":{"line":1014,"column":84}},"345":{"start":{"line":1015,"column":8},"end":{"line":1015,"column":84}},"346":{"start":{"line":1017,"column":8},"end":{"line":1017,"column":40}},"347":{"start":{"line":1021,"column":8},"end":{"line":1021,"column":39}},"348":{"start":{"line":1022,"column":8},"end":{"line":1022,"column":51}},"349":{"start":{"line":1026,"column":8},"end":{"line":1026,"column":28}},"350":{"start":{"line":1027,"column":8},"end":{"line":1027,"column":33}},"351":{"start":{"line":1031,"column":8},"end":{"line":1031,"column":30}},"352":{"start":{"line":1033,"column":8},"end":{"line":1033,"column":40111}},"353":{"start":{"line":1035,"column":12},"end":{"line":1035,"column":40212}},"354":{"start":{"line":1036,"column":16},"end":{"line":1036,"column":40}},"355":{"start":{"line":1037,"column":16},"end":{"line":1037,"column":48}},"356":{"start":{"line":1038,"column":16},"end":{"line":1038,"column":30}},"357":{"start":{"line":1041,"column":12},"end":{"line":1041,"column":40435}},"358":{"start":{"line":1042,"column":16},"end":{"line":1042,"column":40500}},"359":{"start":{"line":1043,"column":20},"end":{"line":1043,"column":79}},"360":{"start":{"line":1045,"column":16},"end":{"line":1045,"column":44}},"361":{"start":{"line":1046,"column":16},"end":{"line":1046,"column":40}},"362":{"start":{"line":1052,"column":8},"end":{"line":1052,"column":84}},"363":{"start":{"line":1053,"column":8},"end":{"line":1053,"column":84}},"364":{"start":{"line":1054,"column":8},"end":{"line":1054,"column":34}},"365":{"start":{"line":1058,"column":8},"end":{"line":1058,"column":29}},"366":{"start":{"line":1059,"column":8},"end":{"line":1059,"column":41}},"367":{"start":{"line":1063,"column":8},"end":{"line":1063,"column":59}},"368":{"start":{"line":1064,"column":8},"end":{"line":1064,"column":50}},"369":{"start":{"line":1066,"column":8},"end":{"line":1066,"column":60}},"370":{"start":{"line":1067,"column":8},"end":{"line":1067,"column":38}},"371":{"start":{"line":1071,"column":8},"end":{"line":1071,"column":41623}},"372":{"start":{"line":1076,"column":8},"end":{"line":1076,"column":60}},"373":{"start":{"line":1078,"column":8},"end":{"line":1078,"column":41859}},"374":{"start":{"line":1079,"column":12},"end":{"line":1079,"column":41937}},"375":{"start":{"line":1080,"column":16},"end":{"line":1080,"column":97}},"376":{"start":{"line":1081,"column":16},"end":{"line":1081,"column":42}},"377":{"start":{"line":1086,"column":8},"end":{"line":1086,"column":62}},"378":{"start":{"line":1090,"column":8},"end":{"line":1090,"column":33}},"379":{"start":{"line":1094,"column":8},"end":{"line":1094,"column":46}},"380":{"start":{"line":1095,"column":8},"end":{"line":1095,"column":64}},"381":{"start":{"line":1097,"column":8},"end":{"line":1097,"column":42611}},"382":{"start":{"line":1104,"column":12},"end":{"line":1104,"column":62}},"383":{"start":{"line":1107,"column":8},"end":{"line":1107,"column":43016}},"384":{"start":{"line":1108,"column":12},"end":{"line":1108,"column":27}},"385":{"start":{"line":1110,"column":8},"end":{"line":1110,"column":23}},"386":{"start":{"line":1114,"column":8},"end":{"line":1114,"column":31}}},"branchMap":{"1":{"line":188,"type":"if","locations":[{"start":{"line":188,"column":8},"end":{"line":188,"column":8}},{"start":{"line":188,"column":8},"end":{"line":188,"column":8}}]},"2":{"line":197,"type":"if","locations":[{"start":{"line":197,"column":8},"end":{"line":197,"column":8}},{"start":{"line":197,"column":8},"end":{"line":197,"column":8}}]},"3":{"line":295,"type":"if","locations":[{"start":{"line":295,"column":8},"end":{"line":295,"column":8}},{"start":{"line":295,"column":8},"end":{"line":295,"column":8}}]},"4":{"line":296,"type":"if","locations":[{"start":{"line":296,"column":8},"end":{"line":296,"column":8}},{"start":{"line":296,"column":8},"end":{"line":296,"column":8}}]},"5":{"line":306,"type":"if","locations":[{"start":{"line":306,"column":8},"end":{"line":306,"column":8}},{"start":{"line":306,"column":8},"end":{"line":306,"column":8}}]},"6":{"line":310,"type":"if","locations":[{"start":{"line":310,"column":8},"end":{"line":310,"column":8}},{"start":{"line":310,"column":8},"end":{"line":310,"column":8}}]},"7":{"line":327,"type":"if","locations":[{"start":{"line":327,"column":8},"end":{"line":327,"column":8}},{"start":{"line":327,"column":8},"end":{"line":327,"column":8}}]},"8":{"line":340,"type":"if","locations":[{"start":{"line":340,"column":8},"end":{"line":340,"column":8}},{"start":{"line":340,"column":8},"end":{"line":340,"column":8}}]},"9":{"line":349,"type":"if","locations":[{"start":{"line":349,"column":12},"end":{"line":349,"column":12}},{"start":{"line":349,"column":12},"end":{"line":349,"column":12}}]},"10":{"line":363,"type":"if","locations":[{"start":{"line":363,"column":12},"end":{"line":363,"column":12}},{"start":{"line":363,"column":12},"end":{"line":363,"column":12}}]},"11":{"line":374,"type":"if","locations":[{"start":{"line":374,"column":8},"end":{"line":374,"column":8}},{"start":{"line":374,"column":8},"end":{"line":374,"column":8}}]},"12":{"line":375,"type":"if","locations":[{"start":{"line":375,"column":8},"end":{"line":375,"column":8}},{"start":{"line":375,"column":8},"end":{"line":375,"column":8}}]},"13":{"line":401,"type":"if","locations":[{"start":{"line":401,"column":8},"end":{"line":401,"column":8}},{"start":{"line":401,"column":8},"end":{"line":401,"column":8}}]},"14":{"line":412,"type":"if","locations":[{"start":{"line":412,"column":8},"end":{"line":412,"column":8}},{"start":{"line":412,"column":8},"end":{"line":412,"column":8}}]},"15":{"line":413,"type":"if","locations":[{"start":{"line":413,"column":8},"end":{"line":413,"column":8}},{"start":{"line":413,"column":8},"end":{"line":413,"column":8}}]},"16":{"line":414,"type":"if","locations":[{"start":{"line":414,"column":8},"end":{"line":414,"column":8}},{"start":{"line":414,"column":8},"end":{"line":414,"column":8}}]},"17":{"line":417,"type":"if","locations":[{"start":{"line":417,"column":8},"end":{"line":417,"column":8}},{"start":{"line":417,"column":8},"end":{"line":417,"column":8}}]},"18":{"line":467,"type":"if","locations":[{"start":{"line":467,"column":8},"end":{"line":467,"column":8}},{"start":{"line":467,"column":8},"end":{"line":467,"column":8}}]},"19":{"line":468,"type":"if","locations":[{"start":{"line":468,"column":8},"end":{"line":468,"column":8}},{"start":{"line":468,"column":8},"end":{"line":468,"column":8}}]},"20":{"line":469,"type":"if","locations":[{"start":{"line":469,"column":8},"end":{"line":469,"column":8}},{"start":{"line":469,"column":8},"end":{"line":469,"column":8}}]},"21":{"line":483,"type":"if","locations":[{"start":{"line":483,"column":8},"end":{"line":483,"column":8}},{"start":{"line":483,"column":8},"end":{"line":483,"column":8}}]},"22":{"line":484,"type":"if","locations":[{"start":{"line":484,"column":8},"end":{"line":484,"column":8}},{"start":{"line":484,"column":8},"end":{"line":484,"column":8}}]},"23":{"line":485,"type":"if","locations":[{"start":{"line":485,"column":8},"end":{"line":485,"column":8}},{"start":{"line":485,"column":8},"end":{"line":485,"column":8}}]},"24":{"line":486,"type":"if","locations":[{"start":{"line":486,"column":8},"end":{"line":486,"column":8}},{"start":{"line":486,"column":8},"end":{"line":486,"column":8}}]},"25":{"line":487,"type":"if","locations":[{"start":{"line":487,"column":8},"end":{"line":487,"column":8}},{"start":{"line":487,"column":8},"end":{"line":487,"column":8}}]},"26":{"line":493,"type":"if","locations":[{"start":{"line":493,"column":8},"end":{"line":493,"column":8}},{"start":{"line":493,"column":8},"end":{"line":493,"column":8}}]},"27":{"line":496,"type":"if","locations":[{"start":{"line":496,"column":8},"end":{"line":496,"column":8}},{"start":{"line":496,"column":8},"end":{"line":496,"column":8}}]},"28":{"line":499,"type":"if","locations":[{"start":{"line":499,"column":8},"end":{"line":499,"column":8}},{"start":{"line":499,"column":8},"end":{"line":499,"column":8}}]},"29":{"line":507,"type":"if","locations":[{"start":{"line":507,"column":8},"end":{"line":507,"column":8}},{"start":{"line":507,"column":8},"end":{"line":507,"column":8}}]},"30":{"line":508,"type":"if","locations":[{"start":{"line":508,"column":12},"end":{"line":508,"column":12}},{"start":{"line":508,"column":12},"end":{"line":508,"column":12}}]},"31":{"line":513,"type":"if","locations":[{"start":{"line":513,"column":12},"end":{"line":513,"column":12}},{"start":{"line":513,"column":12},"end":{"line":513,"column":12}}]},"32":{"line":516,"type":"if","locations":[{"start":{"line":516,"column":16},"end":{"line":516,"column":16}},{"start":{"line":516,"column":16},"end":{"line":516,"column":16}}]},"33":{"line":520,"type":"if","locations":[{"start":{"line":520,"column":16},"end":{"line":520,"column":16}},{"start":{"line":520,"column":16},"end":{"line":520,"column":16}}]},"34":{"line":530,"type":"if","locations":[{"start":{"line":530,"column":8},"end":{"line":530,"column":8}},{"start":{"line":530,"column":8},"end":{"line":530,"column":8}}]},"35":{"line":532,"type":"if","locations":[{"start":{"line":532,"column":12},"end":{"line":532,"column":12}},{"start":{"line":532,"column":12},"end":{"line":532,"column":12}}]},"36":{"line":534,"type":"if","locations":[{"start":{"line":534,"column":16},"end":{"line":534,"column":16}},{"start":{"line":534,"column":16},"end":{"line":534,"column":16}}]},"37":{"line":542,"type":"if","locations":[{"start":{"line":542,"column":12},"end":{"line":542,"column":12}},{"start":{"line":542,"column":12},"end":{"line":542,"column":12}}]},"38":{"line":543,"type":"if","locations":[{"start":{"line":543,"column":16},"end":{"line":543,"column":16}},{"start":{"line":543,"column":16},"end":{"line":543,"column":16}}]},"39":{"line":547,"type":"if","locations":[{"start":{"line":547,"column":16},"end":{"line":547,"column":16}},{"start":{"line":547,"column":16},"end":{"line":547,"column":16}}]},"40":{"line":553,"type":"if","locations":[{"start":{"line":553,"column":16},"end":{"line":553,"column":16}},{"start":{"line":553,"column":16},"end":{"line":553,"column":16}}]},"41":{"line":560,"type":"if","locations":[{"start":{"line":560,"column":8},"end":{"line":560,"column":8}},{"start":{"line":560,"column":8},"end":{"line":560,"column":8}}]},"42":{"line":571,"type":"if","locations":[{"start":{"line":571,"column":8},"end":{"line":571,"column":8}},{"start":{"line":571,"column":8},"end":{"line":571,"column":8}}]},"43":{"line":578,"type":"if","locations":[{"start":{"line":578,"column":8},"end":{"line":578,"column":8}},{"start":{"line":578,"column":8},"end":{"line":578,"column":8}}]},"44":{"line":581,"type":"if","locations":[{"start":{"line":581,"column":15},"end":{"line":581,"column":15}},{"start":{"line":581,"column":15},"end":{"line":581,"column":15}}]},"45":{"line":594,"type":"if","locations":[{"start":{"line":594,"column":8},"end":{"line":594,"column":8}},{"start":{"line":594,"column":8},"end":{"line":594,"column":8}}]},"46":{"line":600,"type":"if","locations":[{"start":{"line":600,"column":8},"end":{"line":600,"column":8}},{"start":{"line":600,"column":8},"end":{"line":600,"column":8}}]},"47":{"line":618,"type":"if","locations":[{"start":{"line":618,"column":8},"end":{"line":618,"column":8}},{"start":{"line":618,"column":8},"end":{"line":618,"column":8}}]},"48":{"line":708,"type":"if","locations":[{"start":{"line":708,"column":8},"end":{"line":708,"column":8}},{"start":{"line":708,"column":8},"end":{"line":708,"column":8}}]},"49":{"line":712,"type":"if","locations":[{"start":{"line":712,"column":15},"end":{"line":712,"column":15}},{"start":{"line":712,"column":15},"end":{"line":712,"column":15}}]},"50":{"line":718,"type":"if","locations":[{"start":{"line":718,"column":8},"end":{"line":718,"column":8}},{"start":{"line":718,"column":8},"end":{"line":718,"column":8}}]},"51":{"line":720,"type":"if","locations":[{"start":{"line":720,"column":8},"end":{"line":720,"column":8}},{"start":{"line":720,"column":8},"end":{"line":720,"column":8}}]},"52":{"line":731,"type":"if","locations":[{"start":{"line":731,"column":8},"end":{"line":731,"column":8}},{"start":{"line":731,"column":8},"end":{"line":731,"column":8}}]},"53":{"line":735,"type":"if","locations":[{"start":{"line":735,"column":12},"end":{"line":735,"column":12}},{"start":{"line":735,"column":12},"end":{"line":735,"column":12}}]},"54":{"line":741,"type":"if","locations":[{"start":{"line":741,"column":12},"end":{"line":741,"column":12}},{"start":{"line":741,"column":12},"end":{"line":741,"column":12}}]},"55":{"line":745,"type":"if","locations":[{"start":{"line":745,"column":12},"end":{"line":745,"column":12}},{"start":{"line":745,"column":12},"end":{"line":745,"column":12}}]},"56":{"line":748,"type":"if","locations":[{"start":{"line":748,"column":16},"end":{"line":748,"column":16}},{"start":{"line":748,"column":16},"end":{"line":748,"column":16}}]},"57":{"line":766,"type":"if","locations":[{"start":{"line":766,"column":8},"end":{"line":766,"column":8}},{"start":{"line":766,"column":8},"end":{"line":766,"column":8}}]},"58":{"line":767,"type":"if","locations":[{"start":{"line":767,"column":8},"end":{"line":767,"column":8}},{"start":{"line":767,"column":8},"end":{"line":767,"column":8}}]},"59":{"line":777,"type":"if","locations":[{"start":{"line":777,"column":8},"end":{"line":777,"column":8}},{"start":{"line":777,"column":8},"end":{"line":777,"column":8}}]},"60":{"line":783,"type":"if","locations":[{"start":{"line":783,"column":8},"end":{"line":783,"column":8}},{"start":{"line":783,"column":8},"end":{"line":783,"column":8}}]},"61":{"line":784,"type":"if","locations":[{"start":{"line":784,"column":8},"end":{"line":784,"column":8}},{"start":{"line":784,"column":8},"end":{"line":784,"column":8}}]},"62":{"line":792,"type":"if","locations":[{"start":{"line":792,"column":8},"end":{"line":792,"column":8}},{"start":{"line":792,"column":8},"end":{"line":792,"column":8}}]},"63":{"line":794,"type":"if","locations":[{"start":{"line":794,"column":12},"end":{"line":794,"column":12}},{"start":{"line":794,"column":12},"end":{"line":794,"column":12}}]},"64":{"line":806,"type":"if","locations":[{"start":{"line":806,"column":8},"end":{"line":806,"column":8}},{"start":{"line":806,"column":8},"end":{"line":806,"column":8}}]},"65":{"line":809,"type":"if","locations":[{"start":{"line":809,"column":8},"end":{"line":809,"column":8}},{"start":{"line":809,"column":8},"end":{"line":809,"column":8}}]},"66":{"line":811,"type":"if","locations":[{"start":{"line":811,"column":15},"end":{"line":811,"column":15}},{"start":{"line":811,"column":15},"end":{"line":811,"column":15}}]},"67":{"line":813,"type":"if","locations":[{"start":{"line":813,"column":15},"end":{"line":813,"column":15}},{"start":{"line":813,"column":15},"end":{"line":813,"column":15}}]},"68":{"line":819,"type":"if","locations":[{"start":{"line":819,"column":8},"end":{"line":819,"column":8}},{"start":{"line":819,"column":8},"end":{"line":819,"column":8}}]},"69":{"line":901,"type":"if","locations":[{"start":{"line":901,"column":12},"end":{"line":901,"column":12}},{"start":{"line":901,"column":12},"end":{"line":901,"column":12}}]},"70":{"line":905,"type":"if","locations":[{"start":{"line":905,"column":8},"end":{"line":905,"column":8}},{"start":{"line":905,"column":8},"end":{"line":905,"column":8}}]},"71":{"line":913,"type":"if","locations":[{"start":{"line":913,"column":8},"end":{"line":913,"column":8}},{"start":{"line":913,"column":8},"end":{"line":913,"column":8}}]},"72":{"line":930,"type":"if","locations":[{"start":{"line":930,"column":8},"end":{"line":930,"column":8}},{"start":{"line":930,"column":8},"end":{"line":930,"column":8}}]},"73":{"line":938,"type":"if","locations":[{"start":{"line":938,"column":8},"end":{"line":938,"column":8}},{"start":{"line":938,"column":8},"end":{"line":938,"column":8}}]},"74":{"line":1002,"type":"if","locations":[{"start":{"line":1002,"column":8},"end":{"line":1002,"column":8}},{"start":{"line":1002,"column":8},"end":{"line":1002,"column":8}}]},"75":{"line":1007,"type":"if","locations":[{"start":{"line":1007,"column":8},"end":{"line":1007,"column":8}},{"start":{"line":1007,"column":8},"end":{"line":1007,"column":8}}]},"76":{"line":1008,"type":"if","locations":[{"start":{"line":1008,"column":8},"end":{"line":1008,"column":8}},{"start":{"line":1008,"column":8},"end":{"line":1008,"column":8}}]},"77":{"line":1014,"type":"if","locations":[{"start":{"line":1014,"column":8},"end":{"line":1014,"column":8}},{"start":{"line":1014,"column":8},"end":{"line":1014,"column":8}}]},"78":{"line":1015,"type":"if","locations":[{"start":{"line":1015,"column":8},"end":{"line":1015,"column":8}},{"start":{"line":1015,"column":8},"end":{"line":1015,"column":8}}]},"79":{"line":1033,"type":"if","locations":[{"start":{"line":1033,"column":8},"end":{"line":1033,"column":8}},{"start":{"line":1033,"column":8},"end":{"line":1033,"column":8}}]},"80":{"line":1042,"type":"if","locations":[{"start":{"line":1042,"column":16},"end":{"line":1042,"column":16}},{"start":{"line":1042,"column":16},"end":{"line":1042,"column":16}}]},"81":{"line":1052,"type":"if","locations":[{"start":{"line":1052,"column":8},"end":{"line":1052,"column":8}},{"start":{"line":1052,"column":8},"end":{"line":1052,"column":8}}]},"82":{"line":1053,"type":"if","locations":[{"start":{"line":1053,"column":8},"end":{"line":1053,"column":8}},{"start":{"line":1053,"column":8},"end":{"line":1053,"column":8}}]},"83":{"line":1071,"type":"if","locations":[{"start":{"line":1071,"column":8},"end":{"line":1071,"column":8}},{"start":{"line":1071,"column":8},"end":{"line":1071,"column":8}}]},"84":{"line":1079,"type":"if","locations":[{"start":{"line":1079,"column":12},"end":{"line":1079,"column":12}},{"start":{"line":1079,"column":12},"end":{"line":1079,"column":12}}]},"85":{"line":1097,"type":"if","locations":[{"start":{"line":1097,"column":8},"end":{"line":1097,"column":8}},{"start":{"line":1097,"column":8},"end":{"line":1097,"column":8}}]},"86":{"line":1107,"type":"if","locations":[{"start":{"line":1107,"column":8},"end":{"line":1107,"column":8}},{"start":{"line":1107,"column":8},"end":{"line":1107,"column":8}}]}}},
"contracts\\Ownable.sol":{"l":{"17":122,"18":121,"22":44,"26":44,"30":309,"31":309,"32":309,"33":309,"37":0,"42":0,"43":0,"51":0,"56":0,"57":0,"61":970,"65":10},"path":"D:\\Fiverr\\onPlanetToken\\contracts\\Ownable.sol","s":{"1":122,"2":44,"3":309,"4":309,"5":309,"6":309,"7":0,"8":0,"9":0,"10":0,"11":0,"12":0,"13":970,"14":10},"b":{"1":[121,1],"2":[44,0],"3":[0,0],"4":[0,0]},"f":{"1":122,"2":44,"3":309,"4":0,"5":0,"6":970,"7":10},"fnMap":{"1":{"name":"onlyOwner","line":16,"loc":{"start":{"line":16,"column":4},"end":{"line":19,"column":4}}},"2":{"name":"onlyBuybackOwner","line":21,"loc":{"start":{"line":21,"column":4},"end":{"line":27,"column":4}}},"3":{"name":"constructor","line":29,"loc":{"start":{"line":29,"column":4},"end":{"line":34,"column":4}}},"4":{"name":"transferOwnership","line":36,"loc":{"start":{"line":36,"column":4},"end":{"line":44,"column":4}}},"5":{"name":"transferBuybackOwnership","line":49,"loc":{"start":{"line":46,"column":4},"end":{"line":58,"column":4}}},"6":{"name":"owner","line":60,"loc":{"start":{"line":60,"column":4},"end":{"line":62,"column":4}}},"7":{"name":"buybackOwner","line":64,"loc":{"start":{"line":64,"column":4},"end":{"line":66,"column":4}}}},"statementMap":{"1":{"start":{"line":17,"column":8},"end":{"line":17,"column":74}},"2":{"start":{"line":22,"column":8},"end":{"line":22,"column":490}},"3":{"start":{"line":30,"column":8},"end":{"line":30,"column":40}},"4":{"start":{"line":31,"column":8},"end":{"line":31,"column":25}},"5":{"start":{"line":32,"column":8},"end":{"line":32,"column":32}},"6":{"start":{"line":33,"column":8},"end":{"line":33,"column":56}},"7":{"start":{"line":37,"column":8},"end":{"line":37,"column":917}},"8":{"start":{"line":42,"column":8},"end":{"line":42,"column":51}},"9":{"start":{"line":43,"column":8},"end":{"line":43,"column":24}},"10":{"start":{"line":51,"column":8},"end":{"line":51,"column":1249}},"11":{"start":{"line":56,"column":8},"end":{"line":56,"column":58}},"12":{"start":{"line":57,"column":8},"end":{"line":57,"column":31}},"13":{"start":{"line":61,"column":8},"end":{"line":61,"column":21}},"14":{"start":{"line":65,"column":8},"end":{"line":65,"column":28}}},"branchMap":{"1":{"line":17,"type":"if","locations":[{"start":{"line":17,"column":8},"end":{"line":17,"column":8}},{"start":{"line":17,"column":8},"end":{"line":17,"column":8}}]},"2":{"line":22,"type":"if","locations":[{"start":{"line":22,"column":8},"end":{"line":22,"column":8}},{"start":{"line":22,"column":8},"end":{"line":22,"column":8}}]},"3":{"line":37,"type":"if","locations":[{"start":{"line":37,"column":8},"end":{"line":37,"column":8}},{"start":{"line":37,"column":8},"end":{"line":37,"column":8}}]},"4":{"line":51,"type":"if","locations":[{"start":{"line":51,"column":8},"end":{"line":51,"column":8}},{"start":{"line":51,"column":8},"end":{"line":51,"column":8}}]}}},
"contracts\\PairHelper.sol":{"l":{"14":0,"18":11,"27":11,"29":0,"31":0,"32":0,"35":0,"42":11,"43":11,"45":11,"49":11},"path":"D:\\Fiverr\\onPlanetToken\\contracts\\PairHelper.sol","s":{"1":0,"2":11,"3":11,"4":11,"5":0,"6":0,"7":0,"8":0,"9":11,"10":11,"11":11},"b":{"1":[11,0],"2":[0,0]},"f":{"1":0,"2":11,"3":11,"4":11},"fnMap":{"1":{"name":"token0","line":13,"loc":{"start":{"line":13,"column":4},"end":{"line":15,"column":4}}},"2":{"name":"token1","line":17,"loc":{"start":{"line":17,"column":4},"end":{"line":19,"column":4}}},"3":{"name":"token","line":21,"loc":{"start":{"line":21,"column":4},"end":{"line":36,"column":4}}},"4":{"name":"isContract","line":38,"loc":{"start":{"line":38,"column":4},"end":{"line":50,"column":4}}}},"statementMap":{"1":{"start":{"line":14,"column":8},"end":{"line":14,"column":42}},"2":{"start":{"line":18,"column":8},"end":{"line":18,"column":42}},"3":{"start":{"line":27,"column":8},"end":{"line":27,"column":48}},"4":{"start":{"line":27,"column":31},"end":{"line":27,"column":48}},"5":{"start":{"line":29,"column":8},"end":{"line":29,"column":69}},"6":{"start":{"line":31,"column":8},"end":{"line":31,"column":983}},"7":{"start":{"line":32,"column":12},"end":{"line":32,"column":46}},"8":{"start":{"line":35,"column":8},"end":{"line":35,"column":25}},"9":{"start":{"line":42,"column":8},"end":{"line":42,"column":24}},"10":{"start":{"line":43,"column":8},"end":{"line":43,"column":96}},"11":{"start":{"line":49,"column":8},"end":{"line":49,"column":59}}},"branchMap":{"1":{"line":27,"type":"if","locations":[{"start":{"line":27,"column":8},"end":{"line":27,"column":8}},{"start":{"line":27,"column":8},"end":{"line":27,"column":8}}]},"2":{"line":31,"type":"if","locations":[{"start":{"line":31,"column":8},"end":{"line":31,"column":8}},{"start":{"line":31,"column":8},"end":{"line":31,"column":8}}]}}},
"contracts\\SafeMath.sol":{"l":{"8":155,"9":155,"11":155,"15":588,"19":599,"20":599,"22":599,"26":258,"27":98,"30":160,"31":160,"33":160,"38":817,"42":817,"43":817,"46":817,"50":0,"54":0,"55":0},"path":"D:\\Fiverr\\onPlanetToken\\contracts\\SafeMath.sol","s":{"1":155,"2":155,"3":155,"4":588,"5":599,"6":599,"7":599,"8":258,"9":98,"10":160,"11":160,"12":160,"13":817,"14":817,"15":817,"16":817,"17":0,"18":0,"19":0},"b":{"1":[155,0],"2":[599,0],"3":[98,160],"4":[160,0],"5":[817,0],"6":[0,0]},"f":{"1":155,"2":588,"3":599,"4":258,"5":817,"6":817,"7":0,"8":0},"fnMap":{"1":{"name":"add","line":7,"loc":{"start":{"line":7,"column":4},"end":{"line":12,"column":4}}},"2":{"name":"sub","line":14,"loc":{"start":{"line":14,"column":4},"end":{"line":16,"column":4}}},"3":{"name":"sub","line":18,"loc":{"start":{"line":18,"column":4},"end":{"line":23,"column":4}}},"4":{"name":"mul","line":25,"loc":{"start":{"line":25,"column":4},"end":{"line":34,"column":4}}},"5":{"name":"div","line":37,"loc":{"start":{"line":37,"column":4},"end":{"line":39,"column":4}}},"6":{"name":"div","line":41,"loc":{"start":{"line":41,"column":4},"end":{"line":47,"column":4}}},"7":{"name":"mod","line":49,"loc":{"start":{"line":49,"column":4},"end":{"line":51,"column":4}}},"8":{"name":"mod","line":53,"loc":{"start":{"line":53,"column":4},"end":{"line":56,"column":4}}}},"statementMap":{"1":{"start":{"line":8,"column":8},"end":{"line":8,"column":25}},"2":{"start":{"line":9,"column":8},"end":{"line":9,"column":53}},"3":{"start":{"line":11,"column":8},"end":{"line":11,"column":16}},"4":{"start":{"line":15,"column":8},"end":{"line":15,"column":58}},"5":{"start":{"line":19,"column":8},"end":{"line":19,"column":36}},"6":{"start":{"line":20,"column":8},"end":{"line":20,"column":25}},"7":{"start":{"line":22,"column":8},"end":{"line":22,"column":16}},"8":{"start":{"line":26,"column":8},"end":{"line":26,"column":715}},"9":{"start":{"line":27,"column":12},"end":{"line":27,"column":20}},"10":{"start":{"line":30,"column":8},"end":{"line":30,"column":25}},"11":{"start":{"line":31,"column":8},"end":{"line":31,"column":63}},"12":{"start":{"line":33,"column":8},"end":{"line":33,"column":16}},"13":{"start":{"line":38,"column":8},"end":{"line":38,"column":54}},"14":{"start":{"line":42,"column":8},"end":{"line":42,"column":35}},"15":{"start":{"line":43,"column":8},"end":{"line":43,"column":25}},"16":{"start":{"line":46,"column":8},"end":{"line":46,"column":16}},"17":{"start":{"line":50,"column":8},"end":{"line":50,"column":52}},"18":{"start":{"line":54,"column":8},"end":{"line":54,"column":36}},"19":{"start":{"line":55,"column":8},"end":{"line":55,"column":20}}},"branchMap":{"1":{"line":9,"type":"if","locations":[{"start":{"line":9,"column":8},"end":{"line":9,"column":8}},{"start":{"line":9,"column":8},"end":{"line":9,"column":8}}]},"2":{"line":19,"type":"if","locations":[{"start":{"line":19,"column":8},"end":{"line":19,"column":8}},{"start":{"line":19,"column":8},"end":{"line":19,"column":8}}]},"3":{"line":26,"type":"if","locations":[{"start":{"line":26,"column":8},"end":{"line":26,"column":8}},{"start":{"line":26,"column":8},"end":{"line":26,"column":8}}]},"4":{"line":31,"type":"if","locations":[{"start":{"line":31,"column":8},"end":{"line":31,"column":8}},{"start":{"line":31,"column":8},"end":{"line":31,"column":8}}]},"5":{"line":42,"type":"if","locations":[{"start":{"line":42,"column":8},"end":{"line":42,"column":8}},{"start":{"line":42,"column":8},"end":{"line":42,"column":8}}]},"6":{"line":54,"type":"if","locations":[{"start":{"line":54,"column":8},"end":{"line":54,"column":8}},{"start":{"line":54,"column":8},"end":{"line":54,"column":8}}]}}},
"contracts\\Uniswap.sol":{"l":{},"path":"D:\\Fiverr\\onPlanetToken\\contracts\\Uniswap.sol","s":{},"b":{},"f":{},"fnMap":{},"statementMap":{},"branchMap":{}},
"contracts\\Uniswap\\BEP20.sol":{"l":{},"path":"D:\\Fiverr\\onPlanetToken\\contracts\\Uniswap\\BEP20.sol","s":{},"b":{},"f":{"1":309},"fnMap":{"1":{"name":"constructor","line":8,"loc":{"start":{"line":8,"column":0},"end":{"line":8,"column":56}}}},"statementMap":{},"branchMap":{}},
"contracts\\Uniswap\\SafeMath.sol":{"l":{"7":0,"11":0,"15":0},"path":"D:\\Fiverr\\onPlanetToken\\contracts\\Uniswap\\SafeMath.sol","s":{"1":0,"2":0,"3":0},"b":{"1":[0,0],"2":[0,0],"3":[0,0]},"f":{"1":0,"2":0,"3":0},"fnMap":{"1":{"name":"add","line":6,"loc":{"start":{"line":6,"column":4},"end":{"line":8,"column":4}}},"2":{"name":"sub","line":10,"loc":{"start":{"line":10,"column":4},"end":{"line":12,"column":4}}},"3":{"name":"mul","line":14,"loc":{"start":{"line":14,"column":4},"end":{"line":16,"column":4}}}},"statementMap":{"1":{"start":{"line":7,"column":8},"end":{"line":7,"column":56}},"2":{"start":{"line":11,"column":8},"end":{"line":11,"column":57}},"3":{"start":{"line":15,"column":8},"end":{"line":15,"column":70}}},"branchMap":{"1":{"line":7,"type":"if","locations":[{"start":{"line":7,"column":8},"end":{"line":7,"column":8}},{"start":{"line":7,"column":8},"end":{"line":7,"column":8}}]},"2":{"line":11,"type":"if","locations":[{"start":{"line":11,"column":8},"end":{"line":11,"column":8}},{"start":{"line":11,"column":8},"end":{"line":11,"column":8}}]},"3":{"line":15,"type":"if","locations":[{"start":{"line":15,"column":8},"end":{"line":15,"column":8}},{"start":{"line":15,"column":8},"end":{"line":15,"column":8}}]}}},
"contracts\\Uniswap\\UniswapV2FactoryClone.sol":{"l":{},"path":"D:\\Fiverr\\onPlanetToken\\contracts\\Uniswap\\UniswapV2FactoryClone.sol","s":{},"b":{},"f":{"1":0},"fnMap":{"1":{"name":"constructor","line":9,"loc":{"start":{"line":9,"column":4},"end":{"line":9,"column":77}}}},"statementMap":{},"branchMap":{}},
"contracts\\Uniswap\\UniswapV2PairClone.sol":{"l":{},"path":"D:\\Fiverr\\onPlanetToken\\contracts\\Uniswap\\UniswapV2PairClone.sol","s":{},"b":{},"f":{},"fnMap":{},"statementMap":{},"branchMap":{}},
"contracts\\Uniswap\\UniswapV2Router02Clone.sol":{"l":{},"path":"D:\\Fiverr\\onPlanetToken\\contracts\\Uniswap\\UniswapV2Router02Clone.sol","s":{},"b":{},"f":{"1":0},"fnMap":{"1":{"name":"constructor","line":10,"loc":{"start":{"line":9,"column":4},"end":{"line":10,"column":47}}}},"statementMap":{},"branchMap":{}},
"contracts\\Uniswap\\WETH9.sol":{"l":{"35":12,"36":12,"39":2,"40":2,"41":2,"42":2,"46":0,"50":0,"51":0,"52":0,"56":17,"63":17,"65":17,"66":0,"67":0,"70":17,"71":17,"73":17,"75":17},"path":"D:\\Fiverr\\onPlanetToken\\contracts\\Uniswap\\WETH9.sol","s":{"1":12,"2":12,"3":2,"4":2,"5":2,"6":2,"7":0,"8":0,"9":0,"10":0,"11":17,"12":17,"13":17,"14":0,"15":0,"16":17,"17":17,"18":17,"19":17},"b":{"1":[2,0],"2":[17,0],"3":[0,17],"4":[0,0]},"f":{"1":12,"2":2,"3":0,"4":0,"5":17,"6":17},"fnMap":{"1":{"name":"deposit","line":34,"loc":{"start":{"line":34,"column":4},"end":{"line":37,"column":4}}},"2":{"name":"withdraw","line":38,"loc":{"start":{"line":38,"column":4},"end":{"line":43,"column":4}}},"3":{"name":"totalSupply","line":45,"loc":{"start":{"line":45,"column":4},"end":{"line":47,"column":4}}},"4":{"name":"approve","line":49,"loc":{"start":{"line":49,"column":4},"end":{"line":53,"column":4}}},"5":{"name":"transfer","line":55,"loc":{"start":{"line":55,"column":4},"end":{"line":57,"column":4}}},"6":{"name":"transferFrom","line":59,"loc":{"start":{"line":59,"column":4},"end":{"line":76,"column":4}}}},"statementMap":{"1":{"start":{"line":35,"column":8},"end":{"line":35,"column":41}},"2":{"start":{"line":36,"column":8},"end":{"line":36,"column":43}},"3":{"start":{"line":39,"column":8},"end":{"line":39,"column":48}},"4":{"start":{"line":40,"column":8},"end":{"line":40,"column":35}},"5":{"start":{"line":41,"column":8},"end":{"line":41,"column":31}},"6":{"start":{"line":42,"column":8},"end":{"line":42,"column":40}},"7":{"start":{"line":46,"column":8},"end":{"line":46,"column":36}},"8":{"start":{"line":50,"column":8},"end":{"line":50,"column":39}},"9":{"start":{"line":51,"column":8},"end":{"line":51,"column":43}},"10":{"start":{"line":52,"column":8},"end":{"line":52,"column":19}},"11":{"start":{"line":56,"column":8},"end":{"line":56,"column":49}},"12":{"start":{"line":63,"column":8},"end":{"line":63,"column":41}},"13":{"start":{"line":65,"column":8},"end":{"line":65,"column":2297}},"14":{"start":{"line":66,"column":12},"end":{"line":66,"column":57}},"15":{"start":{"line":67,"column":12},"end":{"line":67,"column":44}},"16":{"start":{"line":70,"column":8},"end":{"line":70,"column":28}},"17":{"start":{"line":71,"column":8},"end":{"line":71,"column":28}},"18":{"start":{"line":73,"column":8},"end":{"line":73,"column":36}},"19":{"start":{"line":75,"column":8},"end":{"line":75,"column":19}}},"branchMap":{"1":{"line":39,"type":"if","locations":[{"start":{"line":39,"column":8},"end":{"line":39,"column":8}},{"start":{"line":39,"column":8},"end":{"line":39,"column":8}}]},"2":{"line":63,"type":"if","locations":[{"start":{"line":63,"column":8},"end":{"line":63,"column":8}},{"start":{"line":63,"column":8},"end":{"line":63,"column":8}}]},"3":{"line":65,"type":"if","locations":[{"start":{"line":65,"column":8},"end":{"line":65,"column":8}},{"start":{"line":65,"column":8},"end":{"line":65,"column":8}}]},"4":{"line":66,"type":"if","locations":[{"start":{"line":66,"column":12},"end":{"line":66,"column":12}},{"start":{"line":66,"column":12},"end":{"line":66,"column":12}}]}}}}
