TN:
SF:D:\Fiverr\onPlanetToken\contracts\Context.sol
FN:6,_msgSender
FN:10,_msgData
FNF:2
FNH:1
FNDA:1487,_msgSender
FNDA:0,_msgData
DA:7,1487
DA:11,0
DA:12,0
LF:3
LH:1
BRF:0
BRH:0
end_of_record
TN:
SF:D:\Fiverr\onPlanetToken\contracts\IERC20.sol
FNF:0
FNH:0
LF:0
LH:0
BRF:0
BRH:0
end_of_record
TN:
SF:D:\Fiverr\onPlanetToken\contracts\onPlanet.sol
FN:187,lockTheSwap
FN:196,tokenCheck
FN:205,constructor
FN:253,totalSupply
FN:257,name
FN:261,symbol
FN:265,decimals
FN:269,allowance
FN:273,approve
FN:278,transferFrom
FN:284,increaseAllowance
FN:289,decreaseAllowance
FN:294,_approve
FN:304,manualBuyback
FN:326,buyBackTokens
FN:336,swapTokens
FN:372,setBuybackUpperLimit
FN:385,setBuybackTriggerTokenLimit
FN:397,setBuybackMinAvailability
FN:406,setBuyBackEnabled
FN:411,setTradingEnabled
FN:437,isTradingEnabled
FN:443,inTradingStartCoolDown
FN:450,maxTxCooldownAmount
FN:454,inTokenCheck
FN:458,inSwapAndLiquify
FN:462,setReflectionOn
FN:466,transferBalance
FN:473,transfer
FN:478,_transfer
FN:591,_recordPotentialLiquidityAddTransaction
FN:616,_clearTransferIfNeeded
FN:630,swapTokensForEth
FN:654,swapETHForTokensNoFee
FN:677,swapTokensForTokens
FN:703,validateDuringTradingCoolDown
FN:724,_validateIfLiquidityAdd
FN:753,isExcludedFromReward
FN:757,totalFees
FN:761,buyBackUpperLimitAmount
FN:765,reflectionFromToken
FN:776,tokenFromReflection
FN:782,excludeFromReward
FN:791,includeInReward
FN:805,_tokenTransfer
FN:826,_transferStandard
FN:835,_transferToExcluded
FN:845,_transferFromExcluded
FN:855,_transferBothExcluded
FN:866,_reflectFee
FN:871,_getValues
FN:877,_getTValues
FN:884,_getRValues
FN:892,_getRate
FN:897,_getCurrentSupply
FN:909,_takeLiquidity
FN:917,calculateTaxFee
FN:923,calculateLiquidityFee
FN:929,removeAllFee
FN:937,restoreAllFee
FN:947,setMultiFee
FN:953,setBotAddress
FN:957,isExcludedFromFee
FN:961,excludeFromFee
FN:965,includeInFee
FN:969,setDefaultInFeePercent
FN:975,setDefaultOutFeePercent
FN:989,setMultiFeeOn
FN:993,setMaxSellCount
FN:997,setMaxTxAmount
FN:1001,setNumTokensSellToAddToLiquidity
FN:1006,setMarketingAddress
FN:1013,setDeveloperAddress
FN:1020,setSwapAndLiquifyEnabled
FN:1025,setEthBuyback
FN:1030,setReflectionEnabled
FN:1051,setBuyBackTokenAddress
FN:1057,updateStakingAddress
FN:1062,_onPlanetEcosystemContractAdd
FN:1070,onPlanetEcosystemContractRemove
FN:1089,transferToAddressETH
FN:1093,balanceOf
FN:1113,_balanceOf
FNF:83
FNH:81
FNDA:2,lockTheSwap
FNDA:8,tokenCheck
FNDA:309,constructor
FNDA:2,totalSupply
FNDA:1,name
FNDA:1,symbol
FNDA:1,decimals
FNDA:3,allowance
FNDA:15,approve
FNDA:10,transferFrom
FNDA:1,increaseAllowance
FNDA:1,decreaseAllowance
FNDA:27,_approve
FNDA:6,manualBuyback
FNDA:0,buyBackTokens
FNDA:2,swapTokens
FNDA:4,setBuybackUpperLimit
FNDA:2,setBuybackTriggerTokenLimit
FNDA:3,setBuybackMinAvailability
FNDA:29,setBuyBackEnabled
FNDA:31,setTradingEnabled
FNDA:43,isTradingEnabled
FNDA:40,inTradingStartCoolDown
FNDA:10,maxTxCooldownAmount
FNDA:42,inTokenCheck
FNDA:153,inSwapAndLiquify
FNDA:1,setReflectionOn
FNDA:4,transferBalance
FNDA:36,transfer
FNDA:46,_transfer
FNDA:8,_recordPotentialLiquidityAddTransaction
FNDA:29,_clearTransferIfNeeded
FNDA:2,swapTokensForEth
FNDA:2,swapETHForTokensNoFee
FNDA:3,swapTokensForTokens
FNDA:8,validateDuringTradingCoolDown
FNDA:3,_validateIfLiquidityAdd
FNDA:5,isExcludedFromReward
FNDA:1,totalFees
FNDA:2,buyBackUpperLimitAmount
FNDA:3,reflectionFromToken
FNDA:79,tokenFromReflection
FNDA:8,excludeFromReward
FNDA:2,includeInReward
FNDA:39,_tokenTransfer
FNDA:22,_transferStandard
FNDA:11,_transferToExcluded
FNDA:5,_transferFromExcluded
FNDA:1,_transferBothExcluded
FNDA:39,_reflectFee
FNDA:41,_getValues
FNDA:41,_getTValues
FNDA:41,_getRValues
FNDA:160,_getRate
FNDA:160,_getCurrentSupply
FNDA:39,_takeLiquidity
FNDA:41,calculateTaxFee
FNDA:41,calculateLiquidityFee
FNDA:31,removeAllFee
FNDA:39,restoreAllFee
FNDA:0,setMultiFee
FNDA:3,setBotAddress
FNDA:6,isExcludedFromFee
FNDA:7,excludeFromFee
FNDA:1,includeInFee
FNDA:1,setDefaultInFeePercent
FNDA:1,setDefaultOutFeePercent
FNDA:1,setMultiFeeOn
FNDA:1,setMaxSellCount
FNDA:1,setMaxTxAmount
FNDA:2,setNumTokensSellToAddToLiquidity
FNDA:3,setMarketingAddress
FNDA:3,setDeveloperAddress
FNDA:30,setSwapAndLiquifyEnabled
FNDA:5,setEthBuyback
FNDA:3,setReflectionEnabled
FNDA:3,setBuyBackTokenAddress
FNDA:2,updateStakingAddress
FNDA:5,_onPlanetEcosystemContractAdd
FNDA:3,onPlanetEcosystemContractRemove
FNDA:4,transferToAddressETH
FNDA:75,balanceOf
FNDA:75,_balanceOf
DA:188,2
DA:189,2
DA:190,2
DA:193,2
DA:197,8
DA:198,8
DA:199,8
DA:202,8
DA:212,309
DA:213,309
DA:215,309
DA:216,309
DA:226,309
DA:227,309
DA:230,309
DA:233,309
DA:235,309
DA:236,309
DA:238,309
DA:239,309
DA:241,309
DA:242,309
DA:244,309
DA:245,309
DA:247,309
DA:248,309
DA:250,309
DA:254,2
DA:258,1
DA:262,1
DA:266,1
DA:270,3
DA:274,15
DA:275,14
DA:279,10
DA:280,10
DA:281,10
DA:285,1
DA:286,1
DA:290,1
DA:291,1
DA:295,27
DA:296,27
DA:298,26
DA:299,26
DA:306,6
DA:308,5
DA:310,5
DA:311,2
DA:317,3
DA:327,0
DA:328,0
DA:337,2
DA:338,2
DA:340,2
DA:341,2
DA:342,2
DA:347,2
DA:349,2
DA:350,2
DA:351,2
DA:354,0
DA:355,0
DA:361,0
DA:363,0
DA:364,0
DA:365,0
DA:374,4
DA:375,3
DA:377,2
DA:379,2
DA:380,2
DA:387,2
DA:388,2
DA:389,2
DA:399,3
DA:401,3
DA:402,2
DA:403,2
DA:407,29
DA:408,29
DA:412,31
DA:413,30
DA:414,29
DA:417,28
DA:420,27
DA:421,27
DA:422,27
DA:424,27
DA:426,27
DA:427,27
DA:430,27
DA:431,27
DA:434,27
DA:439,43
DA:447,40
DA:451,10
DA:455,42
DA:459,153
DA:463,1
DA:467,4
DA:468,3
DA:469,2
DA:470,1
DA:474,36
DA:475,29
DA:483,46
DA:484,44
DA:485,44
DA:486,43
DA:487,42
DA:489,42
DA:490,42
DA:493,42
DA:495,41
DA:496,41
DA:498,39
DA:499,39
DA:500,8
DA:503,39
DA:504,39
DA:507,39
DA:508,9
DA:509,2
DA:510,2
DA:513,9
DA:516,0
DA:517,0
DA:520,0
DA:521,0
DA:522,0
DA:523,0
DA:524,0
DA:530,39
DA:531,11
DA:532,11
DA:533,0
DA:534,0
DA:535,0
DA:538,11
DA:539,11
DA:540,11
DA:542,11
DA:543,11
DA:544,9
DA:547,11
DA:548,9
DA:551,11
DA:553,11
DA:554,0
DA:560,39
DA:561,5
DA:563,5
DA:564,5
DA:565,5
DA:568,39
DA:571,39
DA:572,31
DA:578,39
DA:580,29
DA:583,8
DA:586,39
DA:592,8
DA:593,8
DA:594,8
DA:596,0
DA:599,8
DA:600,8
DA:602,8
DA:604,0
DA:607,8
DA:618,29
DA:620,0
DA:636,2
DA:637,2
DA:638,2
DA:640,2
DA:643,2
DA:651,2
DA:660,2
DA:661,2
DA:662,2
DA:665,2
DA:674,2
DA:684,3
DA:685,3
DA:686,3
DA:687,3
DA:689,3
DA:692,3
DA:700,3
DA:704,8
DA:705,8
DA:708,8
DA:709,5
DA:710,5
DA:711,5
DA:713,0
DA:714,0
DA:715,0
DA:718,8
DA:720,8
DA:730,3
DA:731,3
DA:733,3
DA:735,3
DA:737,0
DA:741,3
DA:743,0
DA:745,0
DA:748,0
DA:754,5
DA:758,1
DA:762,2
DA:766,3
DA:767,2
DA:768,1
DA:769,1
DA:771,1
DA:772,1
DA:777,79
DA:778,79
DA:779,79
DA:783,8
DA:784,7
DA:785,1
DA:787,7
DA:788,7
DA:792,2
DA:793,1
DA:794,2
DA:795,1
DA:796,1
DA:797,1
DA:798,1
DA:799,1
DA:800,1
DA:806,39
DA:807,31
DA:809,39
DA:810,5
DA:812,11
DA:814,1
DA:816,22
DA:819,39
DA:820,25
DA:821,25
DA:823,39
DA:827,22
DA:828,22
DA:829,22
DA:830,22
DA:831,22
DA:832,22
DA:836,11
DA:837,11
DA:838,11
DA:839,11
DA:840,11
DA:841,11
DA:842,11
DA:846,5
DA:847,5
DA:848,5
DA:849,5
DA:850,5
DA:851,5
DA:852,5
DA:856,1
DA:857,1
DA:858,1
DA:859,1
DA:860,1
DA:861,1
DA:862,1
DA:863,1
DA:867,39
DA:868,39
DA:872,41
DA:873,41
DA:874,41
DA:878,41
DA:879,41
DA:880,41
DA:881,41
DA:885,41
DA:886,41
DA:887,41
DA:888,41
DA:889,41
DA:893,160
DA:894,160
DA:898,160
DA:899,160
DA:900,160
DA:901,169
DA:902,169
DA:903,169
DA:905,160
DA:906,160
DA:910,39
DA:911,39
DA:912,39
DA:913,39
DA:914,0
DA:918,41
DA:924,41
DA:930,31
DA:932,23
DA:933,23
DA:934,23
DA:938,39
DA:939,39
DA:941,0
DA:943,39
DA:944,39
DA:948,0
DA:949,0
DA:950,0
DA:954,3
DA:958,6
DA:962,7
DA:966,1
DA:970,1
DA:971,1
DA:972,1
DA:976,1
DA:977,1
DA:978,1
DA:990,1
DA:994,1
DA:998,1
DA:1002,2
DA:1003,1
DA:1007,3
DA:1008,2
DA:1010,1
DA:1014,3
DA:1015,2
DA:1017,1
DA:1021,30
DA:1022,30
DA:1026,5
DA:1027,5
DA:1031,3
DA:1033,3
DA:1035,1
DA:1036,3
DA:1037,3
DA:1038,3
DA:1041,2
DA:1042,6
DA:1043,2
DA:1045,6
DA:1046,6
DA:1052,3
DA:1053,2
DA:1054,1
DA:1058,2
DA:1059,2
DA:1063,5
DA:1064,5
DA:1066,5
DA:1067,5
DA:1071,3
DA:1076,2
DA:1078,2
DA:1079,2
DA:1080,2
DA:1081,2
DA:1082,2
DA:1086,2
DA:1090,4
DA:1094,75
DA:1095,75
DA:1097,75
DA:1104,3
DA:1107,75
DA:1108,58
DA:1110,17
DA:1114,75
LF:381
LH:347
BRDA:188,1,0,2
BRDA:188,1,1,0
BRDA:197,2,0,8
BRDA:197,2,1,0
BRDA:295,3,0,27
BRDA:295,3,1,0
BRDA:296,4,0,26
BRDA:296,4,1,1
BRDA:306,5,0,5
BRDA:306,5,1,1
BRDA:310,6,0,2
BRDA:310,6,1,3
BRDA:327,7,0,0
BRDA:327,7,1,0
BRDA:340,8,0,2
BRDA:340,8,1,0
BRDA:349,9,0,2
BRDA:349,9,1,0
BRDA:363,10,0,0
BRDA:363,10,1,0
BRDA:374,11,0,3
BRDA:374,11,1,1
BRDA:375,12,0,2
BRDA:375,12,1,1
BRDA:401,13,0,2
BRDA:401,13,1,1
BRDA:412,14,0,30
BRDA:412,14,1,1
BRDA:413,15,0,29
BRDA:413,15,1,1
BRDA:414,16,0,28
BRDA:414,16,1,1
BRDA:417,17,0,27
BRDA:417,17,1,1
BRDA:467,18,0,3
BRDA:467,18,1,1
BRDA:468,19,0,2
BRDA:468,19,1,1
BRDA:469,20,0,1
BRDA:469,20,1,1
BRDA:483,21,0,44
BRDA:483,21,1,2
BRDA:484,22,0,44
BRDA:484,22,1,0
BRDA:485,23,0,43
BRDA:485,23,1,1
BRDA:486,24,0,42
BRDA:486,24,1,1
BRDA:487,25,0,42
BRDA:487,25,1,0
BRDA:493,26,0,41
BRDA:493,26,1,1
BRDA:496,27,0,39
BRDA:496,27,1,2
BRDA:499,28,0,8
BRDA:499,28,1,31
BRDA:507,29,0,9
BRDA:507,29,1,30
BRDA:508,30,0,2
BRDA:508,30,1,7
BRDA:513,31,0,0
BRDA:513,31,1,9
BRDA:516,32,0,0
BRDA:516,32,1,0
BRDA:520,33,0,0
BRDA:520,33,1,0
BRDA:530,34,0,11
BRDA:530,34,1,28
BRDA:532,35,0,0
BRDA:532,35,1,11
BRDA:534,36,0,0
BRDA:534,36,1,0
BRDA:542,37,0,11
BRDA:542,37,1,0
BRDA:543,38,0,9
BRDA:543,38,1,2
BRDA:547,39,0,9
BRDA:547,39,1,2
BRDA:553,40,0,0
BRDA:553,40,1,11
BRDA:560,41,0,5
BRDA:560,41,1,34
BRDA:571,42,0,31
BRDA:571,42,1,8
BRDA:578,43,0,29
BRDA:578,43,1,10
BRDA:581,44,0,8
BRDA:581,44,1,2
BRDA:594,45,0,0
BRDA:594,45,1,8
BRDA:600,46,0,8
BRDA:600,46,1,0
BRDA:618,47,0,0
BRDA:618,47,1,29
BRDA:708,48,0,5
BRDA:708,48,1,3
BRDA:712,49,0,0
BRDA:712,49,1,3
BRDA:718,50,0,8
BRDA:718,50,1,0
BRDA:720,51,0,8
BRDA:720,51,1,0
BRDA:731,52,0,3
BRDA:731,52,1,0
BRDA:735,53,0,0
BRDA:735,53,1,3
BRDA:741,54,0,3
BRDA:741,54,1,0
BRDA:745,55,0,0
BRDA:745,55,1,0
BRDA:748,56,0,0
BRDA:748,56,1,0
BRDA:766,57,0,2
BRDA:766,57,1,1
BRDA:767,58,0,1
BRDA:767,58,1,1
BRDA:777,59,0,79
BRDA:777,59,1,0
BRDA:783,60,0,7
BRDA:783,60,1,1
BRDA:784,61,0,1
BRDA:784,61,1,6
BRDA:792,62,0,1
BRDA:792,62,1,1
BRDA:794,63,0,1
BRDA:794,63,1,1
BRDA:806,64,0,31
BRDA:806,64,1,8
BRDA:809,65,0,5
BRDA:809,65,1,34
BRDA:811,66,0,11
BRDA:811,66,1,23
BRDA:813,67,0,1
BRDA:813,67,1,22
BRDA:819,68,0,25
BRDA:819,68,1,14
BRDA:901,69,0,0
BRDA:901,69,1,169
BRDA:905,70,0,0
BRDA:905,70,1,160
BRDA:913,71,0,0
BRDA:913,71,1,39
BRDA:930,72,0,8
BRDA:930,72,1,23
BRDA:938,73,0,39
BRDA:938,73,1,0
BRDA:1002,74,0,1
BRDA:1002,74,1,1
BRDA:1007,75,0,2
BRDA:1007,75,1,1
BRDA:1008,76,0,1
BRDA:1008,76,1,1
BRDA:1014,77,0,2
BRDA:1014,77,1,1
BRDA:1015,78,0,1
BRDA:1015,78,1,1
BRDA:1033,79,0,1
BRDA:1033,79,1,2
BRDA:1042,80,0,2
BRDA:1042,80,1,4
BRDA:1052,81,0,2
BRDA:1052,81,1,1
BRDA:1053,82,0,1
BRDA:1053,82,1,1
BRDA:1071,83,0,2
BRDA:1071,83,1,1
BRDA:1079,84,0,2
BRDA:1079,84,1,0
BRDA:1097,85,0,3
BRDA:1097,85,1,72
BRDA:1107,86,0,58
BRDA:1107,86,1,17
BRF:172
BRH:132
end_of_record
TN:
SF:D:\Fiverr\onPlanetToken\contracts\Ownable.sol
FN:16,onlyOwner
FN:21,onlyBuybackOwner
FN:29,constructor
FN:36,transferOwnership
FN:49,transferBuybackOwnership
FN:60,owner
FN:64,buybackOwner
FNF:7
FNH:5
FNDA:122,onlyOwner
FNDA:44,onlyBuybackOwner
FNDA:309,constructor
FNDA:0,transferOwnership
FNDA:0,transferBuybackOwnership
FNDA:970,owner
FNDA:10,buybackOwner
DA:17,122
DA:18,121
DA:22,44
DA:26,44
DA:30,309
DA:31,309
DA:32,309
DA:33,309
DA:37,0
DA:42,0
DA:43,0
DA:51,0
DA:56,0
DA:57,0
DA:61,970
DA:65,10
LF:16
LH:10
BRDA:17,1,0,121
BRDA:17,1,1,1
BRDA:22,2,0,44
BRDA:22,2,1,0
BRDA:37,3,0,0
BRDA:37,3,1,0
BRDA:51,4,0,0
BRDA:51,4,1,0
BRF:8
BRH:3
end_of_record
TN:
SF:D:\Fiverr\onPlanetToken\contracts\PairHelper.sol
FN:13,token0
FN:17,token1
FN:21,token
FN:38,isContract
FNF:4
FNH:3
FNDA:0,token0
FNDA:11,token1
FNDA:11,token
FNDA:11,isContract
DA:14,0
DA:18,11
DA:27,11
DA:29,0
DA:31,0
DA:32,0
DA:35,0
DA:42,11
DA:43,11
DA:45,11
DA:49,11
LF:11
LH:6
BRDA:27,1,0,11
BRDA:27,1,1,0
BRDA:31,2,0,0
BRDA:31,2,1,0
BRF:4
BRH:1
end_of_record
TN:
SF:D:\Fiverr\onPlanetToken\contracts\SafeMath.sol
FN:7,add
FN:14,sub
FN:18,sub
FN:25,mul
FN:37,div
FN:41,div
FN:49,mod
FN:53,mod
FNF:8
FNH:6
FNDA:155,add
FNDA:588,sub
FNDA:599,sub
FNDA:258,mul
FNDA:817,div
FNDA:817,div
FNDA:0,mod
FNDA:0,mod
DA:8,155
DA:9,155
DA:11,155
DA:15,588
DA:19,599
DA:20,599
DA:22,599
DA:26,258
DA:27,98
DA:30,160
DA:31,160
DA:33,160
DA:38,817
DA:42,817
DA:43,817
DA:46,817
DA:50,0
DA:54,0
DA:55,0
LF:19
LH:16
BRDA:9,1,0,155
BRDA:9,1,1,0
BRDA:19,2,0,599
BRDA:19,2,1,0
BRDA:26,3,0,98
BRDA:26,3,1,160
BRDA:31,4,0,160
BRDA:31,4,1,0
BRDA:42,5,0,817
BRDA:42,5,1,0
BRDA:54,6,0,0
BRDA:54,6,1,0
BRF:12
BRH:6
end_of_record
TN:
SF:D:\Fiverr\onPlanetToken\contracts\Uniswap.sol
FNF:0
FNH:0
LF:0
LH:0
BRF:0
BRH:0
end_of_record
TN:
SF:D:\Fiverr\onPlanetToken\contracts\Uniswap\BEP20.sol
FN:8,constructor
FNF:1
FNH:1
FNDA:309,constructor
LF:0
LH:0
BRF:0
BRH:0
end_of_record
TN:
SF:D:\Fiverr\onPlanetToken\contracts\Uniswap\SafeMath.sol
FN:6,add
FN:10,sub
FN:14,mul
FNF:3
FNH:0
FNDA:0,add
FNDA:0,sub
FNDA:0,mul
DA:7,0
DA:11,0
DA:15,0
LF:3
LH:0
BRDA:7,1,0,0
BRDA:7,1,1,0
BRDA:11,2,0,0
BRDA:11,2,1,0
BRDA:15,3,0,0
BRDA:15,3,1,0
BRF:6
BRH:0
end_of_record
TN:
SF:D:\Fiverr\onPlanetToken\contracts\Uniswap\UniswapV2FactoryClone.sol
FN:9,constructor
FNF:1
FNH:0
FNDA:0,constructor
LF:0
LH:0
BRF:0
BRH:0
end_of_record
TN:
SF:D:\Fiverr\onPlanetToken\contracts\Uniswap\UniswapV2PairClone.sol
FNF:0
FNH:0
LF:0
LH:0
BRF:0
BRH:0
end_of_record
TN:
SF:D:\Fiverr\onPlanetToken\contracts\Uniswap\UniswapV2Router02Clone.sol
FN:10,constructor
FNF:1
FNH:0
FNDA:0,constructor
LF:0
LH:0
BRF:0
BRH:0
end_of_record
TN:
SF:D:\Fiverr\onPlanetToken\contracts\Uniswap\WETH9.sol
FN:34,deposit
FN:38,withdraw
FN:45,totalSupply
FN:49,approve
FN:55,transfer
FN:59,transferFrom
FNF:6
FNH:4
FNDA:12,deposit
FNDA:2,withdraw
FNDA:0,totalSupply
FNDA:0,approve
FNDA:17,transfer
FNDA:17,transferFrom
DA:35,12
DA:36,12
DA:39,2
DA:40,2
DA:41,2
DA:42,2
DA:46,0
DA:50,0
DA:51,0
DA:52,0
DA:56,17
DA:63,17
DA:65,17
DA:66,0
DA:67,0
DA:70,17
DA:71,17
DA:73,17
DA:75,17
LF:19
LH:13
BRDA:39,1,0,2
BRDA:39,1,1,0
BRDA:63,2,0,17
BRDA:63,2,1,0
BRDA:65,3,0,0
BRDA:65,3,1,17
BRDA:66,4,0,0
BRDA:66,4,1,0
BRF:8
BRH:3
end_of_record
