TN:
SF:D:\Fiverr\onPlanetToken\contracts\Context.sol
FN:6,_msgSender
FN:10,_msgData
FNF:2
FNH:1
FNDA:258,_msgSender
FNDA:0,_msgData
DA:7,258
DA:11,0
DA:12,0
LF:3
LH:1
BRF:0
BRH:0
end_of_record
TN:
SF:D:\Fiverr\onPlanetToken\contracts\IERC20.sol
FNF:0
FNH:0
LF:0
LH:0
BRF:0
BRH:0
end_of_record
TN:
SF:D:\Fiverr\onPlanetToken\contracts\onPlanet.sol
FN:190,lockTheSwap
FN:199,tokenCheck
FN:208,constructor
FN:256,totalSupply
FN:260,name
FN:264,symbol
FN:268,decimals
FN:272,allowance
FN:276,approve
FN:281,transferFrom
FN:287,increaseAllowance
FN:292,decreaseAllowance
FN:297,_approve
FN:307,manualBuyback
FN:329,buyBackTokens
FN:339,swapTokens
FN:375,setBuybackUpperLimit
FN:391,setBuybackTriggerTokenLimit
FN:406,setBuybackMinAvailability
FN:419,setBuyBackEnabled
FN:424,setTradingEnabled
FN:450,isTradingEnabled
FN:456,inTradingStartCoolDown
FN:475,maxTxCooldownAmount
FN:479,inTokenCheck
FN:483,inSwapAndLiquify
FN:487,setReflectionOn
FN:491,transferBalance
FN:498,transfer
FN:503,_transfer
FN:616,_recordPotentialLiquidityAddTransaction
FN:641,_clearTransferIfNeeded
FN:655,swapTokensForEth
FN:679,swapETHForTokensNoFee
FN:702,swapTokensForTokens
FN:728,validateDuringTradingCoolDown
FN:749,_validateIfLiquidityAdd
FN:778,isExcludedFromReward
FN:782,totalFees
FN:786,buyBackUpperLimitAmount
FN:790,reflectionFromToken
FN:801,tokenFromReflection
FN:807,excludeFromReward
FN:816,includeInReward
FN:830,_tokenTransfer
FN:851,_transferStandard
FN:860,_transferToExcluded
FN:870,_transferFromExcluded
FN:880,_transferBothExcluded
FN:891,_reflectFee
FN:896,_getValues
FN:902,_getTValues
FN:909,_getRValues
FN:917,_getRate
FN:922,_getCurrentSupply
FN:934,_takeLiquidity
FN:942,calculateTaxFee
FN:948,calculateLiquidityFee
FN:954,removeAllFee
FN:962,restoreAllFee
FN:972,setMultiFee
FN:978,setBotAddress
FN:982,isExcludedFromFee
FN:986,excludeFromFee
FN:990,includeInFee
FN:994,setDefaultInFeePercent
FN:1000,setDefaultOutFeePercent
FN:1014,setMultiFeeOn
FN:1018,setMaxSellCount
FN:1022,setMaxTxAmount
FN:1026,setNumTokensSellToAddToLiquidity
FN:1031,setMarketingAddress
FN:1038,setDeveloperAddress
FN:1045,setSwapAndLiquifyEnabled
FN:1050,setEthBuyback
FN:1055,setReflectionEnabled
FN:1076,setBuyBackTokenAddress
FN:1082,updateStakingAddress
FN:1087,_onPlanetEcosystemContractAdd
FN:1095,onPlanetEcosystemContractRemove
FN:1114,transferToAddressETH
FN:1118,balanceOf
FN:1138,_balanceOf
FNF:83
FNH:43
FNDA:0,lockTheSwap
FNDA:1,tokenCheck
FNDA:60,constructor
FNDA:1,totalSupply
FNDA:1,name
FNDA:1,symbol
FNDA:1,decimals
FNDA:0,allowance
FNDA:2,approve
FNDA:2,transferFrom
FNDA:0,increaseAllowance
FNDA:0,decreaseAllowance
FNDA:4,_approve
FNDA:0,manualBuyback
FNDA:0,buyBackTokens
FNDA:0,swapTokens
FNDA:0,setBuybackUpperLimit
FNDA:0,setBuybackTriggerTokenLimit
FNDA:0,setBuybackMinAvailability
FNDA:2,setBuyBackEnabled
FNDA:2,setTradingEnabled
FNDA:18,isTradingEnabled
FNDA:11,inTradingStartCoolDown
FNDA:3,maxTxCooldownAmount
FNDA:7,inTokenCheck
FNDA:20,inSwapAndLiquify
FNDA:0,setReflectionOn
FNDA:0,transferBalance
FNDA:5,transfer
FNDA:7,_transfer
FNDA:1,_recordPotentialLiquidityAddTransaction
FNDA:4,_clearTransferIfNeeded
FNDA:0,swapTokensForEth
FNDA:0,swapETHForTokensNoFee
FNDA:0,swapTokensForTokens
FNDA:1,validateDuringTradingCoolDown
FNDA:1,_validateIfLiquidityAdd
FNDA:0,isExcludedFromReward
FNDA:1,totalFees
FNDA:0,buyBackUpperLimitAmount
FNDA:2,reflectionFromToken
FNDA:11,tokenFromReflection
FNDA:0,excludeFromReward
FNDA:0,includeInReward
FNDA:5,_tokenTransfer
FNDA:3,_transferStandard
FNDA:2,_transferToExcluded
FNDA:0,_transferFromExcluded
FNDA:0,_transferBothExcluded
FNDA:5,_reflectFee
FNDA:7,_getValues
FNDA:7,_getTValues
FNDA:7,_getRValues
FNDA:23,_getRate
FNDA:23,_getCurrentSupply
FNDA:5,_takeLiquidity
FNDA:7,calculateTaxFee
FNDA:7,calculateLiquidityFee
FNDA:4,removeAllFee
FNDA:5,restoreAllFee
FNDA:0,setMultiFee
FNDA:0,setBotAddress
FNDA:2,isExcludedFromFee
FNDA:0,excludeFromFee
FNDA:0,includeInFee
FNDA:0,setDefaultInFeePercent
FNDA:0,setDefaultOutFeePercent
FNDA:0,setMultiFeeOn
FNDA:0,setMaxSellCount
FNDA:0,setMaxTxAmount
FNDA:0,setNumTokensSellToAddToLiquidity
FNDA:0,setMarketingAddress
FNDA:0,setDeveloperAddress
FNDA:2,setSwapAndLiquifyEnabled
FNDA:0,setEthBuyback
FNDA:0,setReflectionEnabled
FNDA:0,setBuyBackTokenAddress
FNDA:0,updateStakingAddress
FNDA:0,_onPlanetEcosystemContractAdd
FNDA:0,onPlanetEcosystemContractRemove
FNDA:0,transferToAddressETH
FNDA:10,balanceOf
FNDA:10,_balanceOf
DA:191,0
DA:192,0
DA:193,0
DA:196,0
DA:200,1
DA:201,1
DA:202,1
DA:205,1
DA:214,60
DA:215,60
DA:216,60
DA:217,60
DA:218,60
DA:220,60
DA:221,60
DA:223,60
DA:224,60
DA:233,60
DA:236,60
DA:238,60
DA:239,60
DA:241,60
DA:242,60
DA:244,60
DA:245,60
DA:247,60
DA:248,60
DA:250,60
DA:251,60
DA:253,60
DA:257,1
DA:261,1
DA:265,1
DA:269,1
DA:273,0
DA:277,2
DA:278,2
DA:282,2
DA:283,2
DA:284,2
DA:288,0
DA:289,0
DA:293,0
DA:294,0
DA:298,4
DA:299,4
DA:301,4
DA:302,4
DA:309,0
DA:311,0
DA:313,0
DA:314,0
DA:320,0
DA:330,0
DA:331,0
DA:340,0
DA:341,0
DA:343,0
DA:344,0
DA:345,0
DA:350,0
DA:352,0
DA:353,0
DA:354,0
DA:357,0
DA:358,0
DA:364,0
DA:366,0
DA:367,0
DA:368,0
DA:378,0
DA:379,0
DA:381,0
DA:383,0
DA:385,0
DA:386,0
DA:393,0
DA:394,0
DA:396,0
DA:397,0
DA:398,0
DA:408,0
DA:410,0
DA:411,0
DA:413,0
DA:415,0
DA:416,0
DA:420,2
DA:421,2
DA:425,2
DA:426,2
DA:427,2
DA:430,2
DA:433,2
DA:434,2
DA:435,2
DA:437,2
DA:439,2
DA:440,2
DA:443,2
DA:444,2
DA:447,2
DA:453,18
DA:458,11
DA:459,5
DA:462,6
DA:476,3
DA:480,7
DA:484,20
DA:488,0
DA:492,0
DA:493,0
DA:494,0
DA:495,0
DA:499,5
DA:500,3
DA:508,7
DA:509,7
DA:510,7
DA:511,7
DA:512,7
DA:514,7
DA:515,7
DA:518,7
DA:520,6
DA:521,6
DA:523,5
DA:524,5
DA:525,1
DA:528,5
DA:529,5
DA:532,5
DA:533,2
DA:534,0
DA:535,0
DA:538,2
DA:541,0
DA:542,0
DA:545,0
DA:546,0
DA:547,0
DA:548,0
DA:549,0
DA:555,5
DA:556,2
DA:557,2
DA:558,1
DA:559,1
DA:560,1
DA:563,2
DA:564,2
DA:565,2
DA:567,2
DA:568,2
DA:569,2
DA:572,2
DA:573,2
DA:576,2
DA:578,2
DA:579,0
DA:585,5
DA:586,0
DA:588,0
DA:589,0
DA:590,0
DA:593,5
DA:596,5
DA:597,4
DA:603,5
DA:605,4
DA:608,1
DA:611,5
DA:617,1
DA:618,1
DA:619,1
DA:621,0
DA:624,1
DA:625,1
DA:627,0
DA:629,1
DA:632,1
DA:643,4
DA:645,0
DA:661,0
DA:662,0
DA:663,0
DA:665,0
DA:668,0
DA:676,0
DA:685,0
DA:686,0
DA:687,0
DA:690,0
DA:699,0
DA:709,0
DA:710,0
DA:711,0
DA:712,0
DA:714,0
DA:717,0
DA:725,0
DA:729,1
DA:730,1
DA:733,1
DA:734,0
DA:735,0
DA:736,0
DA:738,1
DA:739,1
DA:740,1
DA:743,1
DA:745,1
DA:755,1
DA:756,1
DA:758,1
DA:760,1
DA:762,0
DA:766,1
DA:768,1
DA:770,1
DA:773,1
DA:779,0
DA:783,1
DA:787,0
DA:791,2
DA:792,2
DA:793,1
DA:794,1
DA:796,1
DA:797,1
DA:802,11
DA:803,11
DA:804,11
DA:808,0
DA:809,0
DA:810,0
DA:812,0
DA:813,0
DA:817,0
DA:818,0
DA:819,0
DA:820,0
DA:821,0
DA:822,0
DA:823,0
DA:824,0
DA:825,0
DA:831,5
DA:832,4
DA:834,5
DA:835,0
DA:837,2
DA:839,0
DA:841,3
DA:844,5
DA:845,3
DA:846,3
DA:848,5
DA:852,3
DA:853,3
DA:854,3
DA:855,3
DA:856,3
DA:857,3
DA:861,2
DA:862,2
DA:863,2
DA:864,2
DA:865,2
DA:866,2
DA:867,2
DA:871,0
DA:872,0
DA:873,0
DA:874,0
DA:875,0
DA:876,0
DA:877,0
DA:881,0
DA:882,0
DA:883,0
DA:884,0
DA:885,0
DA:886,0
DA:887,0
DA:888,0
DA:892,5
DA:893,5
DA:897,7
DA:898,7
DA:899,7
DA:903,7
DA:904,7
DA:905,7
DA:906,7
DA:910,7
DA:911,7
DA:912,7
DA:913,7
DA:914,7
DA:918,23
DA:919,23
DA:923,23
DA:924,23
DA:925,23
DA:926,23
DA:927,23
DA:928,23
DA:930,23
DA:931,23
DA:935,5
DA:936,5
DA:937,5
DA:938,5
DA:939,0
DA:943,7
DA:949,7
DA:955,4
DA:957,2
DA:958,2
DA:959,2
DA:963,5
DA:964,5
DA:966,0
DA:968,5
DA:969,5
DA:973,0
DA:974,0
DA:975,0
DA:979,0
DA:983,2
DA:987,0
DA:991,0
DA:995,0
DA:996,0
DA:997,0
DA:1001,0
DA:1002,0
DA:1003,0
DA:1015,0
DA:1019,0
DA:1023,0
DA:1027,0
DA:1028,0
DA:1032,0
DA:1033,0
DA:1035,0
DA:1039,0
DA:1040,0
DA:1042,0
DA:1046,2
DA:1047,2
DA:1051,0
DA:1052,0
DA:1056,0
DA:1058,0
DA:1060,0
DA:1061,0
DA:1062,0
DA:1063,0
DA:1066,0
DA:1067,0
DA:1068,0
DA:1070,0
DA:1071,0
DA:1077,0
DA:1078,0
DA:1079,0
DA:1083,0
DA:1084,0
DA:1088,0
DA:1089,0
DA:1091,0
DA:1092,0
DA:1096,0
DA:1101,0
DA:1103,0
DA:1104,0
DA:1105,0
DA:1106,0
DA:1107,0
DA:1111,0
DA:1115,0
DA:1119,10
DA:1120,10
DA:1122,10
DA:1129,1
DA:1132,9
DA:1133,7
DA:1135,2
DA:1139,10
LF:391
LH:210
BRDA:191,1,0,0
BRDA:191,1,1,0
BRDA:200,2,0,1
BRDA:200,2,1,0
BRDA:298,3,0,4
BRDA:298,3,1,0
BRDA:299,4,0,4
BRDA:299,4,1,0
BRDA:309,5,0,0
BRDA:309,5,1,0
BRDA:313,6,0,0
BRDA:313,6,1,0
BRDA:330,7,0,0
BRDA:330,7,1,0
BRDA:343,8,0,0
BRDA:343,8,1,0
BRDA:352,9,0,0
BRDA:352,9,1,0
BRDA:366,10,0,0
BRDA:366,10,1,0
BRDA:378,11,0,0
BRDA:378,11,1,0
BRDA:379,12,0,0
BRDA:379,12,1,0
BRDA:381,13,0,0
BRDA:381,13,1,0
BRDA:393,14,0,0
BRDA:393,14,1,0
BRDA:394,15,0,0
BRDA:394,15,1,0
BRDA:410,16,0,0
BRDA:410,16,1,0
BRDA:411,17,0,0
BRDA:411,17,1,0
BRDA:413,18,0,0
BRDA:413,18,1,0
BRDA:425,19,0,2
BRDA:425,19,1,0
BRDA:426,20,0,2
BRDA:426,20,1,0
BRDA:427,21,0,2
BRDA:427,21,1,0
BRDA:430,22,0,2
BRDA:430,22,1,0
BRDA:458,23,0,5
BRDA:458,23,1,6
BRDA:492,24,0,0
BRDA:492,24,1,0
BRDA:493,25,0,0
BRDA:493,25,1,0
BRDA:494,26,0,0
BRDA:494,26,1,0
BRDA:508,27,0,7
BRDA:508,27,1,0
BRDA:509,28,0,7
BRDA:509,28,1,0
BRDA:510,29,0,7
BRDA:510,29,1,0
BRDA:511,30,0,7
BRDA:511,30,1,0
BRDA:512,31,0,7
BRDA:512,31,1,0
BRDA:518,32,0,6
BRDA:518,32,1,1
BRDA:521,33,0,5
BRDA:521,33,1,1
BRDA:524,34,0,1
BRDA:524,34,1,4
BRDA:532,35,0,2
BRDA:532,35,1,3
BRDA:533,36,0,0
BRDA:533,36,1,2
BRDA:538,37,0,0
BRDA:538,37,1,2
BRDA:541,38,0,0
BRDA:541,38,1,0
BRDA:545,39,0,0
BRDA:545,39,1,0
BRDA:555,40,0,2
BRDA:555,40,1,3
BRDA:557,41,0,1
BRDA:557,41,1,1
BRDA:559,42,0,0
BRDA:559,42,1,1
BRDA:567,43,0,2
BRDA:567,43,1,0
BRDA:568,44,0,2
BRDA:568,44,1,0
BRDA:572,45,0,2
BRDA:572,45,1,0
BRDA:578,46,0,0
BRDA:578,46,1,2
BRDA:585,47,0,0
BRDA:585,47,1,5
BRDA:596,48,0,4
BRDA:596,48,1,1
BRDA:603,49,0,4
BRDA:603,49,1,1
BRDA:606,50,0,1
BRDA:606,50,1,0
BRDA:619,51,0,0
BRDA:619,51,1,1
BRDA:625,52,0,0
BRDA:625,52,1,1
BRDA:643,53,0,0
BRDA:643,53,1,4
BRDA:733,54,0,0
BRDA:733,54,1,1
BRDA:737,55,0,1
BRDA:737,55,1,0
BRDA:743,56,0,1
BRDA:743,56,1,0
BRDA:745,57,0,1
BRDA:745,57,1,0
BRDA:756,58,0,1
BRDA:756,58,1,0
BRDA:760,59,0,0
BRDA:760,59,1,1
BRDA:766,60,0,0
BRDA:766,60,1,1
BRDA:770,61,0,1
BRDA:770,61,1,0
BRDA:773,62,0,0
BRDA:773,62,1,1
BRDA:791,63,0,2
BRDA:791,63,1,0
BRDA:792,64,0,1
BRDA:792,64,1,1
BRDA:802,65,0,11
BRDA:802,65,1,0
BRDA:808,66,0,0
BRDA:808,66,1,0
BRDA:809,67,0,0
BRDA:809,67,1,0
BRDA:817,68,0,0
BRDA:817,68,1,0
BRDA:819,69,0,0
BRDA:819,69,1,0
BRDA:831,70,0,4
BRDA:831,70,1,1
BRDA:834,71,0,0
BRDA:834,71,1,5
BRDA:836,72,0,2
BRDA:836,72,1,3
BRDA:838,73,0,0
BRDA:838,73,1,3
BRDA:844,74,0,3
BRDA:844,74,1,2
BRDA:926,75,0,0
BRDA:926,75,1,23
BRDA:930,76,0,0
BRDA:930,76,1,23
BRDA:938,77,0,0
BRDA:938,77,1,5
BRDA:955,78,0,2
BRDA:955,78,1,2
BRDA:963,79,0,5
BRDA:963,79,1,0
BRDA:1027,80,0,0
BRDA:1027,80,1,0
BRDA:1032,81,0,0
BRDA:1032,81,1,0
BRDA:1033,82,0,0
BRDA:1033,82,1,0
BRDA:1039,83,0,0
BRDA:1039,83,1,0
BRDA:1040,84,0,0
BRDA:1040,84,1,0
BRDA:1058,85,0,0
BRDA:1058,85,1,0
BRDA:1067,86,0,0
BRDA:1067,86,1,0
BRDA:1077,87,0,0
BRDA:1077,87,1,0
BRDA:1078,88,0,0
BRDA:1078,88,1,0
BRDA:1096,89,0,0
BRDA:1096,89,1,0
BRDA:1104,90,0,0
BRDA:1104,90,1,0
BRDA:1122,91,0,1
BRDA:1122,91,1,9
BRDA:1132,92,0,7
BRDA:1132,92,1,2
BRF:184
BRH:73
end_of_record
TN:
SF:D:\Fiverr\onPlanetToken\contracts\Ownable.sol
FN:16,onlyOwner
FN:21,onlyBuybackOwner
FN:29,constructor
FN:36,transferOwnership
FN:49,transferBuybackOwnership
FN:60,owner
FN:64,buybackOwner
FNF:7
FNH:5
FNDA:4,onlyOwner
FNDA:2,onlyBuybackOwner
FNDA:60,constructor
FNDA:0,transferOwnership
FNDA:0,transferBuybackOwnership
FNDA:188,owner
FNDA:1,buybackOwner
DA:17,4
DA:18,4
DA:22,2
DA:26,2
DA:30,60
DA:31,60
DA:32,60
DA:33,60
DA:37,0
DA:42,0
DA:43,0
DA:51,0
DA:56,0
DA:57,0
DA:61,188
DA:65,1
LF:16
LH:10
BRDA:17,1,0,4
BRDA:17,1,1,0
BRDA:22,2,0,2
BRDA:22,2,1,0
BRDA:37,3,0,0
BRDA:37,3,1,0
BRDA:51,4,0,0
BRDA:51,4,1,0
BRF:8
BRH:2
end_of_record
TN:
SF:D:\Fiverr\onPlanetToken\contracts\PairHelper.sol
FN:13,token0
FN:17,token1
FN:21,token
FN:38,isContract
FNF:4
FNH:3
FNDA:0,token0
FNDA:2,token1
FNDA:2,token
FNDA:2,isContract
DA:14,0
DA:18,2
DA:27,2
DA:29,2
DA:31,2
DA:32,2
DA:35,0
DA:42,2
DA:43,2
DA:45,2
DA:49,2
LF:11
LH:9
BRDA:27,1,0,0
BRDA:27,1,1,2
BRDA:31,2,0,2
BRDA:31,2,1,0
BRF:4
BRH:2
end_of_record
TN:
SF:D:\Fiverr\onPlanetToken\contracts\SafeMath.sol
FN:7,add
FN:14,sub
FN:18,sub
FN:25,mul
FN:37,div
FN:41,div
FN:49,mod
FN:53,mod
FNF:8
FNH:6
FNDA:20,add
FNDA:84,sub
FNDA:86,sub
FNDA:40,mul
FNDA:135,div
FNDA:135,div
FNDA:0,mod
FNDA:0,mod
DA:8,20
DA:9,20
DA:11,20
DA:15,84
DA:19,86
DA:20,86
DA:22,86
DA:26,40
DA:27,16
DA:30,24
DA:31,24
DA:33,24
DA:38,135
DA:42,135
DA:43,135
DA:46,135
DA:50,0
DA:54,0
DA:55,0
LF:19
LH:16
BRDA:9,1,0,20
BRDA:9,1,1,0
BRDA:19,2,0,86
BRDA:19,2,1,0
BRDA:26,3,0,16
BRDA:26,3,1,24
BRDA:31,4,0,24
BRDA:31,4,1,0
BRDA:42,5,0,135
BRDA:42,5,1,0
BRDA:54,6,0,0
BRDA:54,6,1,0
BRF:12
BRH:6
end_of_record
TN:
SF:D:\Fiverr\onPlanetToken\contracts\Uniswap.sol
FNF:0
FNH:0
LF:0
LH:0
BRF:0
BRH:0
end_of_record
TN:
SF:D:\Fiverr\onPlanetToken\contracts\Uniswap\BEP20.sol
FN:8,constructor
FNF:1
FNH:1
FNDA:60,constructor
LF:0
LH:0
BRF:0
BRH:0
end_of_record
TN:
SF:D:\Fiverr\onPlanetToken\contracts\Uniswap\SafeMath.sol
FN:6,add
FN:10,sub
FN:14,mul
FNF:3
FNH:0
FNDA:0,add
FNDA:0,sub
FNDA:0,mul
DA:7,0
DA:11,0
DA:15,0
LF:3
LH:0
BRDA:7,1,0,0
BRDA:7,1,1,0
BRDA:11,2,0,0
BRDA:11,2,1,0
BRDA:15,3,0,0
BRDA:15,3,1,0
BRF:6
BRH:0
end_of_record
TN:
SF:D:\Fiverr\onPlanetToken\contracts\Uniswap\UniswapV2FactoryClone.sol
FN:9,constructor
FNF:1
FNH:0
FNDA:0,constructor
LF:0
LH:0
BRF:0
BRH:0
end_of_record
TN:
SF:D:\Fiverr\onPlanetToken\contracts\Uniswap\UniswapV2PairClone.sol
FNF:0
FNH:0
LF:0
LH:0
BRF:0
BRH:0
end_of_record
TN:
SF:D:\Fiverr\onPlanetToken\contracts\Uniswap\UniswapV2Router02Clone.sol
FN:10,constructor
FNF:1
FNH:0
FNDA:0,constructor
LF:0
LH:0
BRF:0
BRH:0
end_of_record
TN:
SF:D:\Fiverr\onPlanetToken\contracts\Uniswap\WETH9.sol
FN:34,deposit
FN:38,withdraw
FN:45,totalSupply
FN:49,approve
FN:55,transfer
FN:59,transferFrom
FNF:6
FNH:3
FNDA:3,deposit
FNDA:0,withdraw
FNDA:0,totalSupply
FNDA:0,approve
FNDA:3,transfer
FNDA:3,transferFrom
DA:35,3
DA:36,3
DA:39,0
DA:40,0
DA:41,0
DA:42,0
DA:46,0
DA:50,0
DA:51,0
DA:52,0
DA:56,3
DA:63,3
DA:65,3
DA:66,0
DA:67,0
DA:70,3
DA:71,3
DA:73,3
DA:75,3
LF:19
LH:9
BRDA:39,1,0,0
BRDA:39,1,1,0
BRDA:63,2,0,3
BRDA:63,2,1,0
BRDA:65,3,0,0
BRDA:65,3,1,3
BRDA:66,4,0,0
BRDA:66,4,1,0
BRF:8
BRH:2
end_of_record
